[2025-09-28T23:00:55.667+0000] {local_task_job_runner.py:120} INFO - ::group::Pre task execution logs
[2025-09-28T23:00:55.686+0000] {taskinstance.py:2076} INFO - Dependencies all met for dep_context=non-requeueable deps ti=<TaskInstance: minio_to_snowflake.download_minio scheduled__2025-09-28T22:59:00+00:00 [queued]>
[2025-09-28T23:00:55.691+0000] {taskinstance.py:2076} INFO - Dependencies all met for dep_context=requeueable deps ti=<TaskInstance: minio_to_snowflake.download_minio scheduled__2025-09-28T22:59:00+00:00 [queued]>
[2025-09-28T23:00:55.691+0000] {taskinstance.py:2306} INFO - Starting attempt 1 of 2
[2025-09-28T23:00:55.700+0000] {taskinstance.py:2330} INFO - Executing <Task(PythonOperator): download_minio> on 2025-09-28 22:59:00+00:00
[2025-09-28T23:00:55.706+0000] {standard_task_runner.py:90} INFO - Running: ['***', 'tasks', 'run', 'minio_to_snowflake', 'download_minio', 'scheduled__2025-09-28T22:59:00+00:00', '--job-id', '132', '--raw', '--subdir', 'DAGS_FOLDER/minio_snowflake.py', '--cfg-path', '/tmp/tmpblaj4w_4']
[2025-09-28T23:00:55.708+0000] {standard_task_runner.py:91} INFO - Job 132: Subtask download_minio
[2025-09-28T23:00:55.709+0000] {logging_mixin.py:188} WARNING - /home/***/.local/lib/python3.12/site-packages/***/task/task_runner/standard_task_runner.py:62 DeprecationWarning: This process (pid=83204) is multi-threaded, use of fork() may lead to deadlocks in the child.
[2025-09-28T23:00:55.709+0000] {standard_task_runner.py:64} INFO - Started process 83222 to run task
[2025-09-28T23:00:55.740+0000] {task_command.py:426} INFO - Running <TaskInstance: minio_to_snowflake.download_minio scheduled__2025-09-28T22:59:00+00:00 [running]> on host f6f7016991e5
[2025-09-28T23:00:55.797+0000] {taskinstance.py:2648} INFO - Exporting env vars: AIRFLOW_CTX_DAG_OWNER='***' AIRFLOW_CTX_DAG_ID='minio_to_snowflake' AIRFLOW_CTX_TASK_ID='download_minio' AIRFLOW_CTX_EXECUTION_DATE='2025-09-28T22:59:00+00:00' AIRFLOW_CTX_TRY_NUMBER='1' AIRFLOW_CTX_DAG_RUN_ID='scheduled__2025-09-28T22:59:00+00:00'
[2025-09-28T23:00:55.798+0000] {taskinstance.py:430} INFO - ::endgroup::
[2025-09-28T23:00:56.062+0000] {logging_mixin.py:188} INFO - Downloaded AAPL/1758414067.json -> /tmp/minio_downloads/1758414067.json
[2025-09-28T23:00:56.066+0000] {logging_mixin.py:188} INFO - Downloaded AAPL/1758414075.json -> /tmp/minio_downloads/1758414075.json
[2025-09-28T23:00:56.070+0000] {logging_mixin.py:188} INFO - Downloaded AAPL/1758414083.json -> /tmp/minio_downloads/1758414083.json
[2025-09-28T23:00:56.074+0000] {logging_mixin.py:188} INFO - Downloaded AAPL/1758414091.json -> /tmp/minio_downloads/1758414091.json
[2025-09-28T23:00:56.078+0000] {logging_mixin.py:188} INFO - Downloaded AAPL/1758414099.json -> /tmp/minio_downloads/1758414099.json
[2025-09-28T23:00:56.082+0000] {logging_mixin.py:188} INFO - Downloaded AAPL/1758414107.json -> /tmp/minio_downloads/1758414107.json
[2025-09-28T23:00:56.086+0000] {logging_mixin.py:188} INFO - Downloaded AAPL/1758414115.json -> /tmp/minio_downloads/1758414115.json
[2025-09-28T23:00:56.091+0000] {logging_mixin.py:188} INFO - Downloaded AAPL/1758414123.json -> /tmp/minio_downloads/1758414123.json
[2025-09-28T23:00:56.095+0000] {logging_mixin.py:188} INFO - Downloaded AAPL/1758414131.json -> /tmp/minio_downloads/1758414131.json
[2025-09-28T23:00:56.099+0000] {logging_mixin.py:188} INFO - Downloaded AAPL/1758414139.json -> /tmp/minio_downloads/1758414139.json
[2025-09-28T23:00:56.103+0000] {logging_mixin.py:188} INFO - Downloaded AAPL/1758414147.json -> /tmp/minio_downloads/1758414147.json
[2025-09-28T23:00:56.107+0000] {logging_mixin.py:188} INFO - Downloaded AAPL/1758414155.json -> /tmp/minio_downloads/1758414155.json
[2025-09-28T23:00:56.111+0000] {logging_mixin.py:188} INFO - Downloaded AAPL/1758414163.json -> /tmp/minio_downloads/1758414163.json
[2025-09-28T23:00:56.115+0000] {logging_mixin.py:188} INFO - Downloaded AAPL/1758414171.json -> /tmp/minio_downloads/1758414171.json
[2025-09-28T23:00:56.119+0000] {logging_mixin.py:188} INFO - Downloaded AAPL/1758414179.json -> /tmp/minio_downloads/1758414179.json
[2025-09-28T23:00:56.123+0000] {logging_mixin.py:188} INFO - Downloaded AAPL/1758414187.json -> /tmp/minio_downloads/1758414187.json
[2025-09-28T23:00:56.127+0000] {logging_mixin.py:188} INFO - Downloaded AAPL/1758414195.json -> /tmp/minio_downloads/1758414195.json
[2025-09-28T23:00:56.131+0000] {logging_mixin.py:188} INFO - Downloaded AAPL/1758414203.json -> /tmp/minio_downloads/1758414203.json
[2025-09-28T23:00:56.135+0000] {logging_mixin.py:188} INFO - Downloaded AAPL/1758414211.json -> /tmp/minio_downloads/1758414211.json
[2025-09-28T23:00:56.139+0000] {logging_mixin.py:188} INFO - Downloaded AAPL/1758414219.json -> /tmp/minio_downloads/1758414219.json
[2025-09-28T23:00:56.143+0000] {logging_mixin.py:188} INFO - Downloaded AAPL/1758414227.json -> /tmp/minio_downloads/1758414227.json
[2025-09-28T23:00:56.148+0000] {logging_mixin.py:188} INFO - Downloaded AAPL/1758414235.json -> /tmp/minio_downloads/1758414235.json
[2025-09-28T23:00:56.152+0000] {logging_mixin.py:188} INFO - Downloaded AAPL/1758414242.json -> /tmp/minio_downloads/1758414242.json
[2025-09-28T23:00:56.155+0000] {logging_mixin.py:188} INFO - Downloaded AAPL/1758414250.json -> /tmp/minio_downloads/1758414250.json
[2025-09-28T23:00:56.159+0000] {logging_mixin.py:188} INFO - Downloaded AAPL/1758757217.json -> /tmp/minio_downloads/1758757217.json
[2025-09-28T23:00:56.163+0000] {logging_mixin.py:188} INFO - Downloaded AAPL/1758757225.json -> /tmp/minio_downloads/1758757225.json
[2025-09-28T23:00:56.168+0000] {logging_mixin.py:188} INFO - Downloaded AAPL/1758757233.json -> /tmp/minio_downloads/1758757233.json
[2025-09-28T23:00:56.172+0000] {logging_mixin.py:188} INFO - Downloaded AAPL/1758757241.json -> /tmp/minio_downloads/1758757241.json
[2025-09-28T23:00:56.176+0000] {logging_mixin.py:188} INFO - Downloaded AAPL/1758757250.json -> /tmp/minio_downloads/1758757250.json
[2025-09-28T23:00:56.180+0000] {logging_mixin.py:188} INFO - Downloaded AAPL/1758757258.json -> /tmp/minio_downloads/1758757258.json
[2025-09-28T23:00:56.184+0000] {logging_mixin.py:188} INFO - Downloaded AAPL/1758757266.json -> /tmp/minio_downloads/1758757266.json
[2025-09-28T23:00:56.188+0000] {logging_mixin.py:188} INFO - Downloaded AAPL/1758757274.json -> /tmp/minio_downloads/1758757274.json
[2025-09-28T23:00:56.192+0000] {logging_mixin.py:188} INFO - Downloaded AAPL/1758757282.json -> /tmp/minio_downloads/1758757282.json
[2025-09-28T23:00:56.196+0000] {logging_mixin.py:188} INFO - Downloaded AAPL/1758757290.json -> /tmp/minio_downloads/1758757290.json
[2025-09-28T23:00:56.200+0000] {logging_mixin.py:188} INFO - Downloaded AAPL/1758757298.json -> /tmp/minio_downloads/1758757298.json
[2025-09-28T23:00:56.204+0000] {logging_mixin.py:188} INFO - Downloaded AAPL/1758757306.json -> /tmp/minio_downloads/1758757306.json
[2025-09-28T23:00:56.208+0000] {logging_mixin.py:188} INFO - Downloaded AAPL/1758757314.json -> /tmp/minio_downloads/1758757314.json
[2025-09-28T23:00:56.212+0000] {logging_mixin.py:188} INFO - Downloaded AAPL/1758757322.json -> /tmp/minio_downloads/1758757322.json
[2025-09-28T23:00:56.216+0000] {logging_mixin.py:188} INFO - Downloaded AAPL/1758757331.json -> /tmp/minio_downloads/1758757331.json
[2025-09-28T23:00:56.220+0000] {logging_mixin.py:188} INFO - Downloaded AAPL/1758757339.json -> /tmp/minio_downloads/1758757339.json
[2025-09-28T23:00:56.224+0000] {logging_mixin.py:188} INFO - Downloaded AAPL/1758757347.json -> /tmp/minio_downloads/1758757347.json
[2025-09-28T23:00:56.228+0000] {logging_mixin.py:188} INFO - Downloaded AAPL/1758757355.json -> /tmp/minio_downloads/1758757355.json
[2025-09-28T23:00:56.232+0000] {logging_mixin.py:188} INFO - Downloaded AAPL/1758757363.json -> /tmp/minio_downloads/1758757363.json
[2025-09-28T23:00:56.236+0000] {logging_mixin.py:188} INFO - Downloaded AAPL/1758757371.json -> /tmp/minio_downloads/1758757371.json
[2025-09-28T23:00:56.241+0000] {logging_mixin.py:188} INFO - Downloaded AAPL/1758757379.json -> /tmp/minio_downloads/1758757379.json
[2025-09-28T23:00:56.245+0000] {logging_mixin.py:188} INFO - Downloaded AAPL/1758757387.json -> /tmp/minio_downloads/1758757387.json
[2025-09-28T23:00:56.249+0000] {logging_mixin.py:188} INFO - Downloaded AAPL/1758757395.json -> /tmp/minio_downloads/1758757395.json
[2025-09-28T23:00:56.253+0000] {logging_mixin.py:188} INFO - Downloaded AAPL/1758757403.json -> /tmp/minio_downloads/1758757403.json
[2025-09-28T23:00:56.257+0000] {logging_mixin.py:188} INFO - Downloaded AAPL/1758757411.json -> /tmp/minio_downloads/1758757411.json
[2025-09-28T23:00:56.261+0000] {logging_mixin.py:188} INFO - Downloaded AAPL/1758757420.json -> /tmp/minio_downloads/1758757420.json
[2025-09-28T23:00:56.266+0000] {logging_mixin.py:188} INFO - Downloaded AAPL/1758757428.json -> /tmp/minio_downloads/1758757428.json
[2025-09-28T23:00:56.270+0000] {logging_mixin.py:188} INFO - Downloaded AAPL/1758757436.json -> /tmp/minio_downloads/1758757436.json
[2025-09-28T23:00:56.274+0000] {logging_mixin.py:188} INFO - Downloaded AAPL/1758757444.json -> /tmp/minio_downloads/1758757444.json
[2025-09-28T23:00:56.278+0000] {logging_mixin.py:188} INFO - Downloaded AAPL/1758757452.json -> /tmp/minio_downloads/1758757452.json
[2025-09-28T23:00:56.282+0000] {logging_mixin.py:188} INFO - Downloaded AAPL/1758757460.json -> /tmp/minio_downloads/1758757460.json
[2025-09-28T23:00:56.286+0000] {logging_mixin.py:188} INFO - Downloaded AAPL/1758757468.json -> /tmp/minio_downloads/1758757468.json
[2025-09-28T23:00:56.290+0000] {logging_mixin.py:188} INFO - Downloaded AAPL/1758757476.json -> /tmp/minio_downloads/1758757476.json
[2025-09-28T23:00:56.294+0000] {logging_mixin.py:188} INFO - Downloaded AAPL/1758757484.json -> /tmp/minio_downloads/1758757484.json
[2025-09-28T23:00:56.298+0000] {logging_mixin.py:188} INFO - Downloaded AAPL/1758757492.json -> /tmp/minio_downloads/1758757492.json
[2025-09-28T23:00:56.303+0000] {logging_mixin.py:188} INFO - Downloaded AAPL/1758757500.json -> /tmp/minio_downloads/1758757500.json
[2025-09-28T23:00:56.307+0000] {logging_mixin.py:188} INFO - Downloaded AAPL/1758757509.json -> /tmp/minio_downloads/1758757509.json
[2025-09-28T23:00:56.311+0000] {logging_mixin.py:188} INFO - Downloaded AAPL/1758757517.json -> /tmp/minio_downloads/1758757517.json
[2025-09-28T23:00:56.315+0000] {logging_mixin.py:188} INFO - Downloaded AAPL/1758757525.json -> /tmp/minio_downloads/1758757525.json
[2025-09-28T23:00:56.319+0000] {logging_mixin.py:188} INFO - Downloaded AAPL/1758757533.json -> /tmp/minio_downloads/1758757533.json
[2025-09-28T23:00:56.323+0000] {logging_mixin.py:188} INFO - Downloaded AAPL/1758757541.json -> /tmp/minio_downloads/1758757541.json
[2025-09-28T23:00:56.327+0000] {logging_mixin.py:188} INFO - Downloaded AAPL/1758757549.json -> /tmp/minio_downloads/1758757549.json
[2025-09-28T23:00:56.331+0000] {logging_mixin.py:188} INFO - Downloaded AAPL/1758757557.json -> /tmp/minio_downloads/1758757557.json
[2025-09-28T23:00:56.335+0000] {logging_mixin.py:188} INFO - Downloaded AAPL/1758757565.json -> /tmp/minio_downloads/1758757565.json
[2025-09-28T23:00:56.339+0000] {logging_mixin.py:188} INFO - Downloaded AAPL/1758757573.json -> /tmp/minio_downloads/1758757573.json
[2025-09-28T23:00:56.343+0000] {logging_mixin.py:188} INFO - Downloaded AAPL/1758757581.json -> /tmp/minio_downloads/1758757581.json
[2025-09-28T23:00:56.347+0000] {logging_mixin.py:188} INFO - Downloaded AAPL/1758757589.json -> /tmp/minio_downloads/1758757589.json
[2025-09-28T23:00:56.351+0000] {logging_mixin.py:188} INFO - Downloaded AAPL/1758757598.json -> /tmp/minio_downloads/1758757598.json
[2025-09-28T23:00:56.355+0000] {logging_mixin.py:188} INFO - Downloaded AAPL/1758757606.json -> /tmp/minio_downloads/1758757606.json
[2025-09-28T23:00:56.359+0000] {logging_mixin.py:188} INFO - Downloaded AAPL/1758757614.json -> /tmp/minio_downloads/1758757614.json
[2025-09-28T23:00:56.364+0000] {logging_mixin.py:188} INFO - Downloaded AAPL/1758757622.json -> /tmp/minio_downloads/1758757622.json
[2025-09-28T23:00:56.368+0000] {logging_mixin.py:188} INFO - Downloaded AAPL/1758757630.json -> /tmp/minio_downloads/1758757630.json
[2025-09-28T23:00:56.372+0000] {logging_mixin.py:188} INFO - Downloaded AAPL/1758757638.json -> /tmp/minio_downloads/1758757638.json
[2025-09-28T23:00:56.376+0000] {logging_mixin.py:188} INFO - Downloaded AAPL/1758757646.json -> /tmp/minio_downloads/1758757646.json
[2025-09-28T23:00:56.379+0000] {logging_mixin.py:188} INFO - Downloaded AAPL/1758757654.json -> /tmp/minio_downloads/1758757654.json
[2025-09-28T23:00:56.383+0000] {logging_mixin.py:188} INFO - Downloaded AAPL/1758757662.json -> /tmp/minio_downloads/1758757662.json
[2025-09-28T23:00:56.387+0000] {logging_mixin.py:188} INFO - Downloaded AAPL/1758757671.json -> /tmp/minio_downloads/1758757671.json
[2025-09-28T23:00:56.391+0000] {logging_mixin.py:188} INFO - Downloaded AMZN/1758414069.json -> /tmp/minio_downloads/1758414069.json
[2025-09-28T23:00:56.395+0000] {logging_mixin.py:188} INFO - Downloaded AMZN/1758414077.json -> /tmp/minio_downloads/1758414077.json
[2025-09-28T23:00:56.399+0000] {logging_mixin.py:188} INFO - Downloaded AMZN/1758414085.json -> /tmp/minio_downloads/1758414085.json
[2025-09-28T23:00:56.403+0000] {logging_mixin.py:188} INFO - Downloaded AMZN/1758414093.json -> /tmp/minio_downloads/1758414093.json
[2025-09-28T23:00:56.407+0000] {logging_mixin.py:188} INFO - Downloaded AMZN/1758414101.json -> /tmp/minio_downloads/1758414101.json
[2025-09-28T23:00:56.412+0000] {logging_mixin.py:188} INFO - Downloaded AMZN/1758414109.json -> /tmp/minio_downloads/1758414109.json
[2025-09-28T23:00:56.416+0000] {logging_mixin.py:188} INFO - Downloaded AMZN/1758414117.json -> /tmp/minio_downloads/1758414117.json
[2025-09-28T23:00:56.420+0000] {logging_mixin.py:188} INFO - Downloaded AMZN/1758414125.json -> /tmp/minio_downloads/1758414125.json
[2025-09-28T23:00:56.424+0000] {logging_mixin.py:188} INFO - Downloaded AMZN/1758414133.json -> /tmp/minio_downloads/1758414133.json
[2025-09-28T23:00:56.428+0000] {logging_mixin.py:188} INFO - Downloaded AMZN/1758414141.json -> /tmp/minio_downloads/1758414141.json
[2025-09-28T23:00:56.432+0000] {logging_mixin.py:188} INFO - Downloaded AMZN/1758414149.json -> /tmp/minio_downloads/1758414149.json
[2025-09-28T23:00:56.436+0000] {logging_mixin.py:188} INFO - Downloaded AMZN/1758414157.json -> /tmp/minio_downloads/1758414157.json
[2025-09-28T23:00:56.440+0000] {logging_mixin.py:188} INFO - Downloaded AMZN/1758414165.json -> /tmp/minio_downloads/1758414165.json
[2025-09-28T23:00:56.444+0000] {logging_mixin.py:188} INFO - Downloaded AMZN/1758414173.json -> /tmp/minio_downloads/1758414173.json
[2025-09-28T23:00:56.448+0000] {logging_mixin.py:188} INFO - Downloaded AMZN/1758414180.json -> /tmp/minio_downloads/1758414180.json
[2025-09-28T23:00:56.452+0000] {logging_mixin.py:188} INFO - Downloaded AMZN/1758414188.json -> /tmp/minio_downloads/1758414188.json
[2025-09-28T23:00:56.456+0000] {logging_mixin.py:188} INFO - Downloaded AMZN/1758414196.json -> /tmp/minio_downloads/1758414196.json
[2025-09-28T23:00:56.460+0000] {logging_mixin.py:188} INFO - Downloaded AMZN/1758414204.json -> /tmp/minio_downloads/1758414204.json
[2025-09-28T23:00:56.464+0000] {logging_mixin.py:188} INFO - Downloaded AMZN/1758414212.json -> /tmp/minio_downloads/1758414212.json
[2025-09-28T23:00:56.468+0000] {logging_mixin.py:188} INFO - Downloaded AMZN/1758414220.json -> /tmp/minio_downloads/1758414220.json
[2025-09-28T23:00:56.472+0000] {logging_mixin.py:188} INFO - Downloaded AMZN/1758414228.json -> /tmp/minio_downloads/1758414228.json
[2025-09-28T23:00:56.476+0000] {logging_mixin.py:188} INFO - Downloaded AMZN/1758414236.json -> /tmp/minio_downloads/1758414236.json
[2025-09-28T23:00:56.480+0000] {logging_mixin.py:188} INFO - Downloaded AMZN/1758414244.json -> /tmp/minio_downloads/1758414244.json
[2025-09-28T23:00:56.484+0000] {logging_mixin.py:188} INFO - Downloaded AMZN/1758414252.json -> /tmp/minio_downloads/1758414252.json
[2025-09-28T23:00:56.488+0000] {logging_mixin.py:188} INFO - Downloaded AMZN/1758757219.json -> /tmp/minio_downloads/1758757219.json
[2025-09-28T23:00:56.492+0000] {logging_mixin.py:188} INFO - Downloaded AMZN/1758757227.json -> /tmp/minio_downloads/1758757227.json
[2025-09-28T23:00:56.496+0000] {logging_mixin.py:188} INFO - Downloaded AMZN/1758757235.json -> /tmp/minio_downloads/1758757235.json
[2025-09-28T23:00:56.500+0000] {logging_mixin.py:188} INFO - Downloaded AMZN/1758757243.json -> /tmp/minio_downloads/1758757243.json
[2025-09-28T23:00:56.504+0000] {logging_mixin.py:188} INFO - Downloaded AMZN/1758757251.json -> /tmp/minio_downloads/1758757251.json
[2025-09-28T23:00:56.508+0000] {logging_mixin.py:188} INFO - Downloaded AMZN/1758757259.json -> /tmp/minio_downloads/1758757259.json
[2025-09-28T23:00:56.512+0000] {logging_mixin.py:188} INFO - Downloaded AMZN/1758757267.json -> /tmp/minio_downloads/1758757267.json
[2025-09-28T23:00:56.516+0000] {logging_mixin.py:188} INFO - Downloaded AMZN/1758757275.json -> /tmp/minio_downloads/1758757275.json
[2025-09-28T23:00:56.520+0000] {logging_mixin.py:188} INFO - Downloaded AMZN/1758757283.json -> /tmp/minio_downloads/1758757283.json
[2025-09-28T23:00:56.524+0000] {logging_mixin.py:188} INFO - Downloaded AMZN/1758757292.json -> /tmp/minio_downloads/1758757292.json
[2025-09-28T23:00:56.529+0000] {logging_mixin.py:188} INFO - Downloaded AMZN/1758757300.json -> /tmp/minio_downloads/1758757300.json
[2025-09-28T23:00:56.532+0000] {logging_mixin.py:188} INFO - Downloaded AMZN/1758757308.json -> /tmp/minio_downloads/1758757308.json
[2025-09-28T23:00:56.536+0000] {logging_mixin.py:188} INFO - Downloaded AMZN/1758757316.json -> /tmp/minio_downloads/1758757316.json
[2025-09-28T23:00:56.541+0000] {logging_mixin.py:188} INFO - Downloaded AMZN/1758757324.json -> /tmp/minio_downloads/1758757324.json
[2025-09-28T23:00:56.545+0000] {logging_mixin.py:188} INFO - Downloaded AMZN/1758757332.json -> /tmp/minio_downloads/1758757332.json
[2025-09-28T23:00:56.549+0000] {logging_mixin.py:188} INFO - Downloaded AMZN/1758757340.json -> /tmp/minio_downloads/1758757340.json
[2025-09-28T23:00:56.553+0000] {logging_mixin.py:188} INFO - Downloaded AMZN/1758757349.json -> /tmp/minio_downloads/1758757349.json
[2025-09-28T23:00:56.557+0000] {logging_mixin.py:188} INFO - Downloaded AMZN/1758757357.json -> /tmp/minio_downloads/1758757357.json
[2025-09-28T23:00:56.561+0000] {logging_mixin.py:188} INFO - Downloaded AMZN/1758757365.json -> /tmp/minio_downloads/1758757365.json
[2025-09-28T23:00:56.565+0000] {logging_mixin.py:188} INFO - Downloaded AMZN/1758757373.json -> /tmp/minio_downloads/1758757373.json
[2025-09-28T23:00:56.569+0000] {logging_mixin.py:188} INFO - Downloaded AMZN/1758757381.json -> /tmp/minio_downloads/1758757381.json
[2025-09-28T23:00:56.573+0000] {logging_mixin.py:188} INFO - Downloaded AMZN/1758757389.json -> /tmp/minio_downloads/1758757389.json
[2025-09-28T23:00:56.577+0000] {logging_mixin.py:188} INFO - Downloaded AMZN/1758757397.json -> /tmp/minio_downloads/1758757397.json
[2025-09-28T23:00:56.581+0000] {logging_mixin.py:188} INFO - Downloaded AMZN/1758757405.json -> /tmp/minio_downloads/1758757405.json
[2025-09-28T23:00:56.585+0000] {logging_mixin.py:188} INFO - Downloaded AMZN/1758757413.json -> /tmp/minio_downloads/1758757413.json
[2025-09-28T23:00:56.589+0000] {logging_mixin.py:188} INFO - Downloaded AMZN/1758757421.json -> /tmp/minio_downloads/1758757421.json
[2025-09-28T23:00:56.593+0000] {logging_mixin.py:188} INFO - Downloaded AMZN/1758757429.json -> /tmp/minio_downloads/1758757429.json
[2025-09-28T23:00:56.597+0000] {logging_mixin.py:188} INFO - Downloaded AMZN/1758757437.json -> /tmp/minio_downloads/1758757437.json
[2025-09-28T23:00:56.602+0000] {logging_mixin.py:188} INFO - Downloaded AMZN/1758757446.json -> /tmp/minio_downloads/1758757446.json
[2025-09-28T23:00:56.606+0000] {logging_mixin.py:188} INFO - Downloaded AMZN/1758757454.json -> /tmp/minio_downloads/1758757454.json
[2025-09-28T23:00:56.610+0000] {logging_mixin.py:188} INFO - Downloaded AMZN/1758757462.json -> /tmp/minio_downloads/1758757462.json
[2025-09-28T23:00:56.614+0000] {logging_mixin.py:188} INFO - Downloaded AMZN/1758757470.json -> /tmp/minio_downloads/1758757470.json
[2025-09-28T23:00:56.618+0000] {logging_mixin.py:188} INFO - Downloaded AMZN/1758757478.json -> /tmp/minio_downloads/1758757478.json
[2025-09-28T23:00:56.622+0000] {logging_mixin.py:188} INFO - Downloaded AMZN/1758757486.json -> /tmp/minio_downloads/1758757486.json
[2025-09-28T23:00:56.626+0000] {logging_mixin.py:188} INFO - Downloaded AMZN/1758757494.json -> /tmp/minio_downloads/1758757494.json
[2025-09-28T23:00:56.630+0000] {logging_mixin.py:188} INFO - Downloaded AMZN/1758757502.json -> /tmp/minio_downloads/1758757502.json
[2025-09-28T23:00:56.634+0000] {logging_mixin.py:188} INFO - Downloaded AMZN/1758757510.json -> /tmp/minio_downloads/1758757510.json
[2025-09-28T23:00:56.638+0000] {logging_mixin.py:188} INFO - Downloaded AMZN/1758757518.json -> /tmp/minio_downloads/1758757518.json
[2025-09-28T23:00:56.643+0000] {logging_mixin.py:188} INFO - Downloaded AMZN/1758757526.json -> /tmp/minio_downloads/1758757526.json
[2025-09-28T23:00:56.647+0000] {logging_mixin.py:188} INFO - Downloaded AMZN/1758757535.json -> /tmp/minio_downloads/1758757535.json
[2025-09-28T23:00:56.651+0000] {logging_mixin.py:188} INFO - Downloaded AMZN/1758757543.json -> /tmp/minio_downloads/1758757543.json
[2025-09-28T23:00:56.655+0000] {logging_mixin.py:188} INFO - Downloaded AMZN/1758757551.json -> /tmp/minio_downloads/1758757551.json
[2025-09-28T23:00:56.659+0000] {logging_mixin.py:188} INFO - Downloaded AMZN/1758757559.json -> /tmp/minio_downloads/1758757559.json
[2025-09-28T23:00:56.663+0000] {logging_mixin.py:188} INFO - Downloaded AMZN/1758757567.json -> /tmp/minio_downloads/1758757567.json
[2025-09-28T23:00:56.667+0000] {logging_mixin.py:188} INFO - Downloaded AMZN/1758757575.json -> /tmp/minio_downloads/1758757575.json
[2025-09-28T23:00:56.671+0000] {logging_mixin.py:188} INFO - Downloaded AMZN/1758757583.json -> /tmp/minio_downloads/1758757583.json
[2025-09-28T23:00:56.675+0000] {logging_mixin.py:188} INFO - Downloaded AMZN/1758757591.json -> /tmp/minio_downloads/1758757591.json
[2025-09-28T23:00:56.679+0000] {logging_mixin.py:188} INFO - Downloaded AMZN/1758757599.json -> /tmp/minio_downloads/1758757599.json
[2025-09-28T23:00:56.683+0000] {logging_mixin.py:188} INFO - Downloaded AMZN/1758757607.json -> /tmp/minio_downloads/1758757607.json
[2025-09-28T23:00:56.687+0000] {logging_mixin.py:188} INFO - Downloaded AMZN/1758757615.json -> /tmp/minio_downloads/1758757615.json
[2025-09-28T23:00:56.691+0000] {logging_mixin.py:188} INFO - Downloaded AMZN/1758757624.json -> /tmp/minio_downloads/1758757624.json
[2025-09-28T23:00:56.695+0000] {logging_mixin.py:188} INFO - Downloaded AMZN/1758757632.json -> /tmp/minio_downloads/1758757632.json
[2025-09-28T23:00:56.699+0000] {logging_mixin.py:188} INFO - Downloaded AMZN/1758757640.json -> /tmp/minio_downloads/1758757640.json
[2025-09-28T23:00:56.703+0000] {logging_mixin.py:188} INFO - Downloaded AMZN/1758757648.json -> /tmp/minio_downloads/1758757648.json
[2025-09-28T23:00:56.707+0000] {logging_mixin.py:188} INFO - Downloaded AMZN/1758757656.json -> /tmp/minio_downloads/1758757656.json
[2025-09-28T23:00:56.711+0000] {logging_mixin.py:188} INFO - Downloaded AMZN/1758757664.json -> /tmp/minio_downloads/1758757664.json
[2025-09-28T23:00:56.715+0000] {logging_mixin.py:188} INFO - Downloaded AMZN/1758757672.json -> /tmp/minio_downloads/1758757672.json
[2025-09-28T23:00:56.719+0000] {logging_mixin.py:188} INFO - Downloaded GOOGL/1758414068.json -> /tmp/minio_downloads/1758414068.json
[2025-09-28T23:00:56.723+0000] {logging_mixin.py:188} INFO - Downloaded GOOGL/1758414076.json -> /tmp/minio_downloads/1758414076.json
[2025-09-28T23:00:56.728+0000] {logging_mixin.py:188} INFO - Downloaded GOOGL/1758414084.json -> /tmp/minio_downloads/1758414084.json
[2025-09-28T23:00:56.732+0000] {logging_mixin.py:188} INFO - Downloaded GOOGL/1758414093.json -> /tmp/minio_downloads/1758414093.json
[2025-09-28T23:00:56.736+0000] {logging_mixin.py:188} INFO - Downloaded GOOGL/1758414101.json -> /tmp/minio_downloads/1758414101.json
[2025-09-28T23:00:56.740+0000] {logging_mixin.py:188} INFO - Downloaded GOOGL/1758414108.json -> /tmp/minio_downloads/1758414108.json
[2025-09-28T23:00:56.744+0000] {logging_mixin.py:188} INFO - Downloaded GOOGL/1758414116.json -> /tmp/minio_downloads/1758414116.json
[2025-09-28T23:00:56.748+0000] {logging_mixin.py:188} INFO - Downloaded GOOGL/1758414124.json -> /tmp/minio_downloads/1758414124.json
[2025-09-28T23:00:56.752+0000] {logging_mixin.py:188} INFO - Downloaded GOOGL/1758414132.json -> /tmp/minio_downloads/1758414132.json
[2025-09-28T23:00:56.756+0000] {logging_mixin.py:188} INFO - Downloaded GOOGL/1758414140.json -> /tmp/minio_downloads/1758414140.json
[2025-09-28T23:00:56.760+0000] {logging_mixin.py:188} INFO - Downloaded GOOGL/1758414148.json -> /tmp/minio_downloads/1758414148.json
[2025-09-28T23:00:56.765+0000] {logging_mixin.py:188} INFO - Downloaded GOOGL/1758414156.json -> /tmp/minio_downloads/1758414156.json
[2025-09-28T23:00:56.769+0000] {logging_mixin.py:188} INFO - Downloaded GOOGL/1758414164.json -> /tmp/minio_downloads/1758414164.json
[2025-09-28T23:00:56.772+0000] {logging_mixin.py:188} INFO - Downloaded GOOGL/1758414172.json -> /tmp/minio_downloads/1758414172.json
[2025-09-28T23:00:56.777+0000] {logging_mixin.py:188} INFO - Downloaded GOOGL/1758414180.json -> /tmp/minio_downloads/1758414180.json
[2025-09-28T23:00:56.781+0000] {logging_mixin.py:188} INFO - Downloaded GOOGL/1758414188.json -> /tmp/minio_downloads/1758414188.json
[2025-09-28T23:00:56.785+0000] {logging_mixin.py:188} INFO - Downloaded GOOGL/1758414196.json -> /tmp/minio_downloads/1758414196.json
[2025-09-28T23:00:56.789+0000] {logging_mixin.py:188} INFO - Downloaded GOOGL/1758414204.json -> /tmp/minio_downloads/1758414204.json
[2025-09-28T23:00:56.793+0000] {logging_mixin.py:188} INFO - Downloaded GOOGL/1758414212.json -> /tmp/minio_downloads/1758414212.json
[2025-09-28T23:00:56.797+0000] {logging_mixin.py:188} INFO - Downloaded GOOGL/1758414220.json -> /tmp/minio_downloads/1758414220.json
[2025-09-28T23:00:56.801+0000] {logging_mixin.py:188} INFO - Downloaded GOOGL/1758414228.json -> /tmp/minio_downloads/1758414228.json
[2025-09-28T23:00:56.805+0000] {logging_mixin.py:188} INFO - Downloaded GOOGL/1758414236.json -> /tmp/minio_downloads/1758414236.json
[2025-09-28T23:00:56.809+0000] {logging_mixin.py:188} INFO - Downloaded GOOGL/1758414244.json -> /tmp/minio_downloads/1758414244.json
[2025-09-28T23:00:56.813+0000] {logging_mixin.py:188} INFO - Downloaded GOOGL/1758414252.json -> /tmp/minio_downloads/1758414252.json
[2025-09-28T23:00:56.817+0000] {logging_mixin.py:188} INFO - Downloaded GOOGL/1758757218.json -> /tmp/minio_downloads/1758757218.json
[2025-09-28T23:00:56.821+0000] {logging_mixin.py:188} INFO - Downloaded GOOGL/1758757226.json -> /tmp/minio_downloads/1758757226.json
[2025-09-28T23:00:56.825+0000] {logging_mixin.py:188} INFO - Downloaded GOOGL/1758757235.json -> /tmp/minio_downloads/1758757235.json
[2025-09-28T23:00:56.830+0000] {logging_mixin.py:188} INFO - Downloaded GOOGL/1758757243.json -> /tmp/minio_downloads/1758757243.json
[2025-09-28T23:00:56.834+0000] {logging_mixin.py:188} INFO - Downloaded GOOGL/1758757251.json -> /tmp/minio_downloads/1758757251.json
[2025-09-28T23:00:56.837+0000] {logging_mixin.py:188} INFO - Downloaded GOOGL/1758757259.json -> /tmp/minio_downloads/1758757259.json
[2025-09-28T23:00:56.841+0000] {logging_mixin.py:188} INFO - Downloaded GOOGL/1758757267.json -> /tmp/minio_downloads/1758757267.json
[2025-09-28T23:00:56.846+0000] {logging_mixin.py:188} INFO - Downloaded GOOGL/1758757275.json -> /tmp/minio_downloads/1758757275.json
[2025-09-28T23:00:56.850+0000] {logging_mixin.py:188} INFO - Downloaded GOOGL/1758757283.json -> /tmp/minio_downloads/1758757283.json
[2025-09-28T23:00:56.854+0000] {logging_mixin.py:188} INFO - Downloaded GOOGL/1758757291.json -> /tmp/minio_downloads/1758757291.json
[2025-09-28T23:00:56.858+0000] {logging_mixin.py:188} INFO - Downloaded GOOGL/1758757299.json -> /tmp/minio_downloads/1758757299.json
[2025-09-28T23:00:56.862+0000] {logging_mixin.py:188} INFO - Downloaded GOOGL/1758757308.json -> /tmp/minio_downloads/1758757308.json
[2025-09-28T23:00:56.866+0000] {logging_mixin.py:188} INFO - Downloaded GOOGL/1758757316.json -> /tmp/minio_downloads/1758757316.json
[2025-09-28T23:00:56.869+0000] {logging_mixin.py:188} INFO - Downloaded GOOGL/1758757324.json -> /tmp/minio_downloads/1758757324.json
[2025-09-28T23:00:56.873+0000] {logging_mixin.py:188} INFO - Downloaded GOOGL/1758757332.json -> /tmp/minio_downloads/1758757332.json
[2025-09-28T23:00:56.878+0000] {logging_mixin.py:188} INFO - Downloaded GOOGL/1758757340.json -> /tmp/minio_downloads/1758757340.json
[2025-09-28T23:00:56.882+0000] {logging_mixin.py:188} INFO - Downloaded GOOGL/1758757348.json -> /tmp/minio_downloads/1758757348.json
[2025-09-28T23:00:56.886+0000] {logging_mixin.py:188} INFO - Downloaded GOOGL/1758757356.json -> /tmp/minio_downloads/1758757356.json
[2025-09-28T23:00:56.890+0000] {logging_mixin.py:188} INFO - Downloaded GOOGL/1758757364.json -> /tmp/minio_downloads/1758757364.json
[2025-09-28T23:00:56.894+0000] {logging_mixin.py:188} INFO - Downloaded GOOGL/1758757372.json -> /tmp/minio_downloads/1758757372.json
[2025-09-28T23:00:56.898+0000] {logging_mixin.py:188} INFO - Downloaded GOOGL/1758757380.json -> /tmp/minio_downloads/1758757380.json
[2025-09-28T23:00:56.902+0000] {logging_mixin.py:188} INFO - Downloaded GOOGL/1758757388.json -> /tmp/minio_downloads/1758757388.json
[2025-09-28T23:00:56.906+0000] {logging_mixin.py:188} INFO - Downloaded GOOGL/1758757397.json -> /tmp/minio_downloads/1758757397.json
[2025-09-28T23:00:56.910+0000] {logging_mixin.py:188} INFO - Downloaded GOOGL/1758757405.json -> /tmp/minio_downloads/1758757405.json
[2025-09-28T23:00:56.915+0000] {logging_mixin.py:188} INFO - Downloaded GOOGL/1758757413.json -> /tmp/minio_downloads/1758757413.json
[2025-09-28T23:00:56.919+0000] {logging_mixin.py:188} INFO - Downloaded GOOGL/1758757421.json -> /tmp/minio_downloads/1758757421.json
[2025-09-28T23:00:56.923+0000] {logging_mixin.py:188} INFO - Downloaded GOOGL/1758757429.json -> /tmp/minio_downloads/1758757429.json
[2025-09-28T23:00:56.927+0000] {logging_mixin.py:188} INFO - Downloaded GOOGL/1758757437.json -> /tmp/minio_downloads/1758757437.json
[2025-09-28T23:00:56.931+0000] {logging_mixin.py:188} INFO - Downloaded GOOGL/1758757445.json -> /tmp/minio_downloads/1758757445.json
[2025-09-28T23:00:56.935+0000] {logging_mixin.py:188} INFO - Downloaded GOOGL/1758757453.json -> /tmp/minio_downloads/1758757453.json
[2025-09-28T23:00:56.939+0000] {logging_mixin.py:188} INFO - Downloaded GOOGL/1758757461.json -> /tmp/minio_downloads/1758757461.json
[2025-09-28T23:00:56.943+0000] {logging_mixin.py:188} INFO - Downloaded GOOGL/1758757469.json -> /tmp/minio_downloads/1758757469.json
[2025-09-28T23:00:56.947+0000] {logging_mixin.py:188} INFO - Downloaded GOOGL/1758757478.json -> /tmp/minio_downloads/1758757478.json
[2025-09-28T23:00:56.951+0000] {logging_mixin.py:188} INFO - Downloaded GOOGL/1758757486.json -> /tmp/minio_downloads/1758757486.json
[2025-09-28T23:00:56.955+0000] {logging_mixin.py:188} INFO - Downloaded GOOGL/1758757494.json -> /tmp/minio_downloads/1758757494.json
[2025-09-28T23:00:56.960+0000] {logging_mixin.py:188} INFO - Downloaded GOOGL/1758757502.json -> /tmp/minio_downloads/1758757502.json
[2025-09-28T23:00:56.964+0000] {logging_mixin.py:188} INFO - Downloaded GOOGL/1758757510.json -> /tmp/minio_downloads/1758757510.json
[2025-09-28T23:00:56.968+0000] {logging_mixin.py:188} INFO - Downloaded GOOGL/1758757518.json -> /tmp/minio_downloads/1758757518.json
[2025-09-28T23:00:56.972+0000] {logging_mixin.py:188} INFO - Downloaded GOOGL/1758757526.json -> /tmp/minio_downloads/1758757526.json
[2025-09-28T23:00:56.976+0000] {logging_mixin.py:188} INFO - Downloaded GOOGL/1758757534.json -> /tmp/minio_downloads/1758757534.json
[2025-09-28T23:00:56.980+0000] {logging_mixin.py:188} INFO - Downloaded GOOGL/1758757542.json -> /tmp/minio_downloads/1758757542.json
[2025-09-28T23:00:56.984+0000] {logging_mixin.py:188} INFO - Downloaded GOOGL/1758757550.json -> /tmp/minio_downloads/1758757550.json
[2025-09-28T23:00:56.988+0000] {logging_mixin.py:188} INFO - Downloaded GOOGL/1758757558.json -> /tmp/minio_downloads/1758757558.json
[2025-09-28T23:00:56.992+0000] {logging_mixin.py:188} INFO - Downloaded GOOGL/1758757566.json -> /tmp/minio_downloads/1758757566.json
[2025-09-28T23:00:56.996+0000] {logging_mixin.py:188} INFO - Downloaded GOOGL/1758757575.json -> /tmp/minio_downloads/1758757575.json
[2025-09-28T23:00:57.000+0000] {logging_mixin.py:188} INFO - Downloaded GOOGL/1758757583.json -> /tmp/minio_downloads/1758757583.json
[2025-09-28T23:00:57.004+0000] {logging_mixin.py:188} INFO - Downloaded GOOGL/1758757591.json -> /tmp/minio_downloads/1758757591.json
[2025-09-28T23:00:57.008+0000] {logging_mixin.py:188} INFO - Downloaded GOOGL/1758757599.json -> /tmp/minio_downloads/1758757599.json
[2025-09-28T23:00:57.012+0000] {logging_mixin.py:188} INFO - Downloaded GOOGL/1758757607.json -> /tmp/minio_downloads/1758757607.json
[2025-09-28T23:00:57.017+0000] {logging_mixin.py:188} INFO - Downloaded GOOGL/1758757615.json -> /tmp/minio_downloads/1758757615.json
[2025-09-28T23:00:57.021+0000] {logging_mixin.py:188} INFO - Downloaded GOOGL/1758757623.json -> /tmp/minio_downloads/1758757623.json
[2025-09-28T23:00:57.025+0000] {logging_mixin.py:188} INFO - Downloaded GOOGL/1758757631.json -> /tmp/minio_downloads/1758757631.json
[2025-09-28T23:00:57.030+0000] {logging_mixin.py:188} INFO - Downloaded GOOGL/1758757639.json -> /tmp/minio_downloads/1758757639.json
[2025-09-28T23:00:57.035+0000] {logging_mixin.py:188} INFO - Downloaded GOOGL/1758757647.json -> /tmp/minio_downloads/1758757647.json
[2025-09-28T23:00:57.039+0000] {logging_mixin.py:188} INFO - Downloaded GOOGL/1758757656.json -> /tmp/minio_downloads/1758757656.json
[2025-09-28T23:00:57.044+0000] {logging_mixin.py:188} INFO - Downloaded GOOGL/1758757664.json -> /tmp/minio_downloads/1758757664.json
[2025-09-28T23:00:57.048+0000] {logging_mixin.py:188} INFO - Downloaded GOOGL/1758757672.json -> /tmp/minio_downloads/1758757672.json
[2025-09-28T23:00:57.052+0000] {logging_mixin.py:188} INFO - Downloaded MSFT/1758414068.json -> /tmp/minio_downloads/1758414068.json
[2025-09-28T23:00:57.056+0000] {logging_mixin.py:188} INFO - Downloaded MSFT/1758414076.json -> /tmp/minio_downloads/1758414076.json
[2025-09-28T23:00:57.060+0000] {logging_mixin.py:188} INFO - Downloaded MSFT/1758414084.json -> /tmp/minio_downloads/1758414084.json
[2025-09-28T23:00:57.065+0000] {logging_mixin.py:188} INFO - Downloaded MSFT/1758414092.json -> /tmp/minio_downloads/1758414092.json
[2025-09-28T23:00:57.069+0000] {logging_mixin.py:188} INFO - Downloaded MSFT/1758414100.json -> /tmp/minio_downloads/1758414100.json
[2025-09-28T23:00:57.073+0000] {logging_mixin.py:188} INFO - Downloaded MSFT/1758414108.json -> /tmp/minio_downloads/1758414108.json
[2025-09-28T23:00:57.077+0000] {logging_mixin.py:188} INFO - Downloaded MSFT/1758414116.json -> /tmp/minio_downloads/1758414116.json
[2025-09-28T23:00:57.081+0000] {logging_mixin.py:188} INFO - Downloaded MSFT/1758414124.json -> /tmp/minio_downloads/1758414124.json
[2025-09-28T23:00:57.085+0000] {logging_mixin.py:188} INFO - Downloaded MSFT/1758414132.json -> /tmp/minio_downloads/1758414132.json
[2025-09-28T23:00:57.089+0000] {logging_mixin.py:188} INFO - Downloaded MSFT/1758414139.json -> /tmp/minio_downloads/1758414139.json
[2025-09-28T23:00:57.093+0000] {logging_mixin.py:188} INFO - Downloaded MSFT/1758414147.json -> /tmp/minio_downloads/1758414147.json
[2025-09-28T23:00:57.097+0000] {logging_mixin.py:188} INFO - Downloaded MSFT/1758414155.json -> /tmp/minio_downloads/1758414155.json
[2025-09-28T23:00:57.101+0000] {logging_mixin.py:188} INFO - Downloaded MSFT/1758414163.json -> /tmp/minio_downloads/1758414163.json
[2025-09-28T23:00:57.105+0000] {logging_mixin.py:188} INFO - Downloaded MSFT/1758414171.json -> /tmp/minio_downloads/1758414171.json
[2025-09-28T23:00:57.109+0000] {logging_mixin.py:188} INFO - Downloaded MSFT/1758414179.json -> /tmp/minio_downloads/1758414179.json
[2025-09-28T23:00:57.114+0000] {logging_mixin.py:188} INFO - Downloaded MSFT/1758414187.json -> /tmp/minio_downloads/1758414187.json
[2025-09-28T23:00:57.118+0000] {logging_mixin.py:188} INFO - Downloaded MSFT/1758414195.json -> /tmp/minio_downloads/1758414195.json
[2025-09-28T23:00:57.122+0000] {logging_mixin.py:188} INFO - Downloaded MSFT/1758414203.json -> /tmp/minio_downloads/1758414203.json
[2025-09-28T23:00:57.126+0000] {logging_mixin.py:188} INFO - Downloaded MSFT/1758414211.json -> /tmp/minio_downloads/1758414211.json
[2025-09-28T23:00:57.130+0000] {logging_mixin.py:188} INFO - Downloaded MSFT/1758414219.json -> /tmp/minio_downloads/1758414219.json
[2025-09-28T23:00:57.134+0000] {logging_mixin.py:188} INFO - Downloaded MSFT/1758414227.json -> /tmp/minio_downloads/1758414227.json
[2025-09-28T23:00:57.139+0000] {logging_mixin.py:188} INFO - Downloaded MSFT/1758414235.json -> /tmp/minio_downloads/1758414235.json
[2025-09-28T23:00:57.143+0000] {logging_mixin.py:188} INFO - Downloaded MSFT/1758414243.json -> /tmp/minio_downloads/1758414243.json
[2025-09-28T23:00:57.148+0000] {logging_mixin.py:188} INFO - Downloaded MSFT/1758414251.json -> /tmp/minio_downloads/1758414251.json
[2025-09-28T23:00:57.152+0000] {logging_mixin.py:188} INFO - Downloaded MSFT/1758757217.json -> /tmp/minio_downloads/1758757217.json
[2025-09-28T23:00:57.156+0000] {logging_mixin.py:188} INFO - Downloaded MSFT/1758757225.json -> /tmp/minio_downloads/1758757225.json
[2025-09-28T23:00:57.160+0000] {logging_mixin.py:188} INFO - Downloaded MSFT/1758757234.json -> /tmp/minio_downloads/1758757234.json
[2025-09-28T23:00:57.164+0000] {logging_mixin.py:188} INFO - Downloaded MSFT/1758757242.json -> /tmp/minio_downloads/1758757242.json
[2025-09-28T23:00:57.168+0000] {logging_mixin.py:188} INFO - Downloaded MSFT/1758757250.json -> /tmp/minio_downloads/1758757250.json
[2025-09-28T23:00:57.172+0000] {logging_mixin.py:188} INFO - Downloaded MSFT/1758757258.json -> /tmp/minio_downloads/1758757258.json
[2025-09-28T23:00:57.177+0000] {logging_mixin.py:188} INFO - Downloaded MSFT/1758757266.json -> /tmp/minio_downloads/1758757266.json
[2025-09-28T23:00:57.182+0000] {logging_mixin.py:188} INFO - Downloaded MSFT/1758757274.json -> /tmp/minio_downloads/1758757274.json
[2025-09-28T23:00:57.186+0000] {logging_mixin.py:188} INFO - Downloaded MSFT/1758757282.json -> /tmp/minio_downloads/1758757282.json
[2025-09-28T23:00:57.190+0000] {logging_mixin.py:188} INFO - Downloaded MSFT/1758757290.json -> /tmp/minio_downloads/1758757290.json
[2025-09-28T23:00:57.195+0000] {logging_mixin.py:188} INFO - Downloaded MSFT/1758757299.json -> /tmp/minio_downloads/1758757299.json
[2025-09-28T23:00:57.199+0000] {logging_mixin.py:188} INFO - Downloaded MSFT/1758757307.json -> /tmp/minio_downloads/1758757307.json
[2025-09-28T23:00:57.203+0000] {logging_mixin.py:188} INFO - Downloaded MSFT/1758757315.json -> /tmp/minio_downloads/1758757315.json
[2025-09-28T23:00:57.208+0000] {logging_mixin.py:188} INFO - Downloaded MSFT/1758757323.json -> /tmp/minio_downloads/1758757323.json
[2025-09-28T23:00:57.212+0000] {logging_mixin.py:188} INFO - Downloaded MSFT/1758757331.json -> /tmp/minio_downloads/1758757331.json
[2025-09-28T23:00:57.217+0000] {logging_mixin.py:188} INFO - Downloaded MSFT/1758757339.json -> /tmp/minio_downloads/1758757339.json
[2025-09-28T23:00:57.222+0000] {logging_mixin.py:188} INFO - Downloaded MSFT/1758757347.json -> /tmp/minio_downloads/1758757347.json
[2025-09-28T23:00:57.227+0000] {logging_mixin.py:188} INFO - Downloaded MSFT/1758757355.json -> /tmp/minio_downloads/1758757355.json
[2025-09-28T23:00:57.232+0000] {logging_mixin.py:188} INFO - Downloaded MSFT/1758757363.json -> /tmp/minio_downloads/1758757363.json
[2025-09-28T23:00:57.237+0000] {logging_mixin.py:188} INFO - Downloaded MSFT/1758757371.json -> /tmp/minio_downloads/1758757371.json
[2025-09-28T23:00:57.244+0000] {logging_mixin.py:188} INFO - Downloaded MSFT/1758757379.json -> /tmp/minio_downloads/1758757379.json
[2025-09-28T23:00:57.249+0000] {logging_mixin.py:188} INFO - Downloaded MSFT/1758757387.json -> /tmp/minio_downloads/1758757387.json
[2025-09-28T23:00:57.254+0000] {logging_mixin.py:188} INFO - Downloaded MSFT/1758757396.json -> /tmp/minio_downloads/1758757396.json
[2025-09-28T23:00:57.259+0000] {logging_mixin.py:188} INFO - Downloaded MSFT/1758757404.json -> /tmp/minio_downloads/1758757404.json
[2025-09-28T23:00:57.264+0000] {logging_mixin.py:188} INFO - Downloaded MSFT/1758757412.json -> /tmp/minio_downloads/1758757412.json
[2025-09-28T23:00:57.268+0000] {logging_mixin.py:188} INFO - Downloaded MSFT/1758757420.json -> /tmp/minio_downloads/1758757420.json
[2025-09-28T23:00:57.272+0000] {logging_mixin.py:188} INFO - Downloaded MSFT/1758757428.json -> /tmp/minio_downloads/1758757428.json
[2025-09-28T23:00:57.277+0000] {logging_mixin.py:188} INFO - Downloaded MSFT/1758757436.json -> /tmp/minio_downloads/1758757436.json
[2025-09-28T23:00:57.282+0000] {logging_mixin.py:188} INFO - Downloaded MSFT/1758757444.json -> /tmp/minio_downloads/1758757444.json
[2025-09-28T23:00:57.286+0000] {logging_mixin.py:188} INFO - Downloaded MSFT/1758757452.json -> /tmp/minio_downloads/1758757452.json
[2025-09-28T23:00:57.290+0000] {logging_mixin.py:188} INFO - Downloaded MSFT/1758757460.json -> /tmp/minio_downloads/1758757460.json
[2025-09-28T23:00:57.295+0000] {logging_mixin.py:188} INFO - Downloaded MSFT/1758757469.json -> /tmp/minio_downloads/1758757469.json
[2025-09-28T23:00:57.299+0000] {logging_mixin.py:188} INFO - Downloaded MSFT/1758757477.json -> /tmp/minio_downloads/1758757477.json
[2025-09-28T23:00:57.303+0000] {logging_mixin.py:188} INFO - Downloaded MSFT/1758757485.json -> /tmp/minio_downloads/1758757485.json
[2025-09-28T23:00:57.308+0000] {logging_mixin.py:188} INFO - Downloaded MSFT/1758757493.json -> /tmp/minio_downloads/1758757493.json
[2025-09-28T23:00:57.312+0000] {logging_mixin.py:188} INFO - Downloaded MSFT/1758757501.json -> /tmp/minio_downloads/1758757501.json
[2025-09-28T23:00:57.316+0000] {logging_mixin.py:188} INFO - Downloaded MSFT/1758757509.json -> /tmp/minio_downloads/1758757509.json
[2025-09-28T23:00:57.320+0000] {logging_mixin.py:188} INFO - Downloaded MSFT/1758757517.json -> /tmp/minio_downloads/1758757517.json
[2025-09-28T23:00:57.324+0000] {logging_mixin.py:188} INFO - Downloaded MSFT/1758757525.json -> /tmp/minio_downloads/1758757525.json
[2025-09-28T23:00:57.328+0000] {logging_mixin.py:188} INFO - Downloaded MSFT/1758757533.json -> /tmp/minio_downloads/1758757533.json
[2025-09-28T23:00:57.332+0000] {logging_mixin.py:188} INFO - Downloaded MSFT/1758757541.json -> /tmp/minio_downloads/1758757541.json
[2025-09-28T23:00:57.336+0000] {logging_mixin.py:188} INFO - Downloaded MSFT/1758757549.json -> /tmp/minio_downloads/1758757549.json
[2025-09-28T23:00:57.340+0000] {logging_mixin.py:188} INFO - Downloaded MSFT/1758757558.json -> /tmp/minio_downloads/1758757558.json
[2025-09-28T23:00:57.344+0000] {logging_mixin.py:188} INFO - Downloaded MSFT/1758757566.json -> /tmp/minio_downloads/1758757566.json
[2025-09-28T23:00:57.348+0000] {logging_mixin.py:188} INFO - Downloaded MSFT/1758757574.json -> /tmp/minio_downloads/1758757574.json
[2025-09-28T23:00:57.352+0000] {logging_mixin.py:188} INFO - Downloaded MSFT/1758757582.json -> /tmp/minio_downloads/1758757582.json
[2025-09-28T23:00:57.356+0000] {logging_mixin.py:188} INFO - Downloaded MSFT/1758757590.json -> /tmp/minio_downloads/1758757590.json
[2025-09-28T23:00:57.360+0000] {logging_mixin.py:188} INFO - Downloaded MSFT/1758757598.json -> /tmp/minio_downloads/1758757598.json
[2025-09-28T23:00:57.364+0000] {logging_mixin.py:188} INFO - Downloaded MSFT/1758757606.json -> /tmp/minio_downloads/1758757606.json
[2025-09-28T23:00:57.368+0000] {logging_mixin.py:188} INFO - Downloaded MSFT/1758757614.json -> /tmp/minio_downloads/1758757614.json
[2025-09-28T23:00:57.372+0000] {logging_mixin.py:188} INFO - Downloaded MSFT/1758757622.json -> /tmp/minio_downloads/1758757622.json
[2025-09-28T23:00:57.376+0000] {logging_mixin.py:188} INFO - Downloaded MSFT/1758757630.json -> /tmp/minio_downloads/1758757630.json
[2025-09-28T23:00:57.380+0000] {logging_mixin.py:188} INFO - Downloaded MSFT/1758757638.json -> /tmp/minio_downloads/1758757638.json
[2025-09-28T23:00:57.384+0000] {logging_mixin.py:188} INFO - Downloaded MSFT/1758757647.json -> /tmp/minio_downloads/1758757647.json
[2025-09-28T23:00:57.388+0000] {logging_mixin.py:188} INFO - Downloaded MSFT/1758757655.json -> /tmp/minio_downloads/1758757655.json
[2025-09-28T23:00:57.392+0000] {logging_mixin.py:188} INFO - Downloaded MSFT/1758757663.json -> /tmp/minio_downloads/1758757663.json
[2025-09-28T23:00:57.397+0000] {logging_mixin.py:188} INFO - Downloaded MSFT/1758757671.json -> /tmp/minio_downloads/1758757671.json
[2025-09-28T23:00:57.401+0000] {logging_mixin.py:188} INFO - Downloaded TSLA/1758414068.json -> /tmp/minio_downloads/1758414068.json
[2025-09-28T23:00:57.404+0000] {logging_mixin.py:188} INFO - Downloaded TSLA/1758414076.json -> /tmp/minio_downloads/1758414076.json
[2025-09-28T23:00:57.408+0000] {logging_mixin.py:188} INFO - Downloaded TSLA/1758414084.json -> /tmp/minio_downloads/1758414084.json
[2025-09-28T23:00:57.412+0000] {logging_mixin.py:188} INFO - Downloaded TSLA/1758414092.json -> /tmp/minio_downloads/1758414092.json
[2025-09-28T23:00:57.417+0000] {logging_mixin.py:188} INFO - Downloaded TSLA/1758414100.json -> /tmp/minio_downloads/1758414100.json
[2025-09-28T23:00:57.421+0000] {logging_mixin.py:188} INFO - Downloaded TSLA/1758414108.json -> /tmp/minio_downloads/1758414108.json
[2025-09-28T23:00:57.425+0000] {logging_mixin.py:188} INFO - Downloaded TSLA/1758414116.json -> /tmp/minio_downloads/1758414116.json
[2025-09-28T23:00:57.429+0000] {logging_mixin.py:188} INFO - Downloaded TSLA/1758414124.json -> /tmp/minio_downloads/1758414124.json
[2025-09-28T23:00:57.433+0000] {logging_mixin.py:188} INFO - Downloaded TSLA/1758414132.json -> /tmp/minio_downloads/1758414132.json
[2025-09-28T23:00:57.437+0000] {logging_mixin.py:188} INFO - Downloaded TSLA/1758414140.json -> /tmp/minio_downloads/1758414140.json
[2025-09-28T23:00:57.441+0000] {logging_mixin.py:188} INFO - Downloaded TSLA/1758414148.json -> /tmp/minio_downloads/1758414148.json
[2025-09-28T23:00:57.445+0000] {logging_mixin.py:188} INFO - Downloaded TSLA/1758414156.json -> /tmp/minio_downloads/1758414156.json
[2025-09-28T23:00:57.449+0000] {logging_mixin.py:188} INFO - Downloaded TSLA/1758414164.json -> /tmp/minio_downloads/1758414164.json
[2025-09-28T23:00:57.453+0000] {logging_mixin.py:188} INFO - Downloaded TSLA/1758414172.json -> /tmp/minio_downloads/1758414172.json
[2025-09-28T23:00:57.457+0000] {logging_mixin.py:188} INFO - Downloaded TSLA/1758414180.json -> /tmp/minio_downloads/1758414180.json
[2025-09-28T23:00:57.461+0000] {logging_mixin.py:188} INFO - Downloaded TSLA/1758414188.json -> /tmp/minio_downloads/1758414188.json
[2025-09-28T23:00:57.465+0000] {logging_mixin.py:188} INFO - Downloaded TSLA/1758414196.json -> /tmp/minio_downloads/1758414196.json
[2025-09-28T23:00:57.469+0000] {logging_mixin.py:188} INFO - Downloaded TSLA/1758414203.json -> /tmp/minio_downloads/1758414203.json
[2025-09-28T23:00:57.473+0000] {logging_mixin.py:188} INFO - Downloaded TSLA/1758414212.json -> /tmp/minio_downloads/1758414212.json
[2025-09-28T23:00:57.477+0000] {logging_mixin.py:188} INFO - Downloaded TSLA/1758414219.json -> /tmp/minio_downloads/1758414219.json
[2025-09-28T23:00:57.481+0000] {logging_mixin.py:188} INFO - Downloaded TSLA/1758414227.json -> /tmp/minio_downloads/1758414227.json
[2025-09-28T23:00:57.485+0000] {logging_mixin.py:188} INFO - Downloaded TSLA/1758414235.json -> /tmp/minio_downloads/1758414235.json
[2025-09-28T23:00:57.490+0000] {logging_mixin.py:188} INFO - Downloaded TSLA/1758414243.json -> /tmp/minio_downloads/1758414243.json
[2025-09-28T23:00:57.494+0000] {logging_mixin.py:188} INFO - Downloaded TSLA/1758414251.json -> /tmp/minio_downloads/1758414251.json
[2025-09-28T23:00:57.498+0000] {logging_mixin.py:188} INFO - Downloaded TSLA/1758757218.json -> /tmp/minio_downloads/1758757218.json
[2025-09-28T23:00:57.502+0000] {logging_mixin.py:188} INFO - Downloaded TSLA/1758757226.json -> /tmp/minio_downloads/1758757226.json
[2025-09-28T23:00:57.506+0000] {logging_mixin.py:188} INFO - Downloaded TSLA/1758757234.json -> /tmp/minio_downloads/1758757234.json
[2025-09-28T23:00:57.510+0000] {logging_mixin.py:188} INFO - Downloaded TSLA/1758757242.json -> /tmp/minio_downloads/1758757242.json
[2025-09-28T23:00:57.514+0000] {logging_mixin.py:188} INFO - Downloaded TSLA/1758757250.json -> /tmp/minio_downloads/1758757250.json
[2025-09-28T23:00:57.518+0000] {logging_mixin.py:188} INFO - Downloaded TSLA/1758757258.json -> /tmp/minio_downloads/1758757258.json
[2025-09-28T23:00:57.522+0000] {logging_mixin.py:188} INFO - Downloaded TSLA/1758757266.json -> /tmp/minio_downloads/1758757266.json
[2025-09-28T23:00:57.526+0000] {logging_mixin.py:188} INFO - Downloaded TSLA/1758757275.json -> /tmp/minio_downloads/1758757275.json
[2025-09-28T23:00:57.530+0000] {logging_mixin.py:188} INFO - Downloaded TSLA/1758757283.json -> /tmp/minio_downloads/1758757283.json
[2025-09-28T23:00:57.534+0000] {logging_mixin.py:188} INFO - Downloaded TSLA/1758757291.json -> /tmp/minio_downloads/1758757291.json
[2025-09-28T23:00:57.538+0000] {logging_mixin.py:188} INFO - Downloaded TSLA/1758757299.json -> /tmp/minio_downloads/1758757299.json
[2025-09-28T23:00:57.542+0000] {logging_mixin.py:188} INFO - Downloaded TSLA/1758757307.json -> /tmp/minio_downloads/1758757307.json
[2025-09-28T23:00:57.546+0000] {logging_mixin.py:188} INFO - Downloaded TSLA/1758757315.json -> /tmp/minio_downloads/1758757315.json
[2025-09-28T23:00:57.550+0000] {logging_mixin.py:188} INFO - Downloaded TSLA/1758757323.json -> /tmp/minio_downloads/1758757323.json
[2025-09-28T23:00:57.555+0000] {logging_mixin.py:188} INFO - Downloaded TSLA/1758757331.json -> /tmp/minio_downloads/1758757331.json
[2025-09-28T23:00:57.559+0000] {logging_mixin.py:188} INFO - Downloaded TSLA/1758757340.json -> /tmp/minio_downloads/1758757340.json
[2025-09-28T23:00:57.563+0000] {logging_mixin.py:188} INFO - Downloaded TSLA/1758757348.json -> /tmp/minio_downloads/1758757348.json
[2025-09-28T23:00:57.567+0000] {logging_mixin.py:188} INFO - Downloaded TSLA/1758757356.json -> /tmp/minio_downloads/1758757356.json
[2025-09-28T23:00:57.571+0000] {logging_mixin.py:188} INFO - Downloaded TSLA/1758757364.json -> /tmp/minio_downloads/1758757364.json
[2025-09-28T23:00:57.575+0000] {logging_mixin.py:188} INFO - Downloaded TSLA/1758757372.json -> /tmp/minio_downloads/1758757372.json
[2025-09-28T23:00:57.579+0000] {logging_mixin.py:188} INFO - Downloaded TSLA/1758757380.json -> /tmp/minio_downloads/1758757380.json
[2025-09-28T23:00:57.583+0000] {logging_mixin.py:188} INFO - Downloaded TSLA/1758757388.json -> /tmp/minio_downloads/1758757388.json
[2025-09-28T23:00:57.587+0000] {logging_mixin.py:188} INFO - Downloaded TSLA/1758757396.json -> /tmp/minio_downloads/1758757396.json
[2025-09-28T23:00:57.591+0000] {logging_mixin.py:188} INFO - Downloaded TSLA/1758757404.json -> /tmp/minio_downloads/1758757404.json
[2025-09-28T23:00:57.595+0000] {logging_mixin.py:188} INFO - Downloaded TSLA/1758757412.json -> /tmp/minio_downloads/1758757412.json
[2025-09-28T23:00:57.599+0000] {logging_mixin.py:188} INFO - Downloaded TSLA/1758757420.json -> /tmp/minio_downloads/1758757420.json
[2025-09-28T23:00:57.603+0000] {logging_mixin.py:188} INFO - Downloaded TSLA/1758757429.json -> /tmp/minio_downloads/1758757429.json
[2025-09-28T23:00:57.607+0000] {logging_mixin.py:188} INFO - Downloaded TSLA/1758757437.json -> /tmp/minio_downloads/1758757437.json
[2025-09-28T23:00:57.611+0000] {logging_mixin.py:188} INFO - Downloaded TSLA/1758757445.json -> /tmp/minio_downloads/1758757445.json
[2025-09-28T23:00:57.615+0000] {logging_mixin.py:188} INFO - Downloaded TSLA/1758757453.json -> /tmp/minio_downloads/1758757453.json
[2025-09-28T23:00:57.619+0000] {logging_mixin.py:188} INFO - Downloaded TSLA/1758757461.json -> /tmp/minio_downloads/1758757461.json
[2025-09-28T23:00:57.623+0000] {logging_mixin.py:188} INFO - Downloaded TSLA/1758757469.json -> /tmp/minio_downloads/1758757469.json
[2025-09-28T23:00:57.627+0000] {logging_mixin.py:188} INFO - Downloaded TSLA/1758757477.json -> /tmp/minio_downloads/1758757477.json
[2025-09-28T23:00:57.631+0000] {logging_mixin.py:188} INFO - Downloaded TSLA/1758757485.json -> /tmp/minio_downloads/1758757485.json
[2025-09-28T23:00:57.635+0000] {logging_mixin.py:188} INFO - Downloaded TSLA/1758757493.json -> /tmp/minio_downloads/1758757493.json
[2025-09-28T23:00:57.639+0000] {logging_mixin.py:188} INFO - Downloaded TSLA/1758757501.json -> /tmp/minio_downloads/1758757501.json
[2025-09-28T23:00:57.643+0000] {logging_mixin.py:188} INFO - Downloaded TSLA/1758757509.json -> /tmp/minio_downloads/1758757509.json
[2025-09-28T23:00:57.648+0000] {logging_mixin.py:188} INFO - Downloaded TSLA/1758757518.json -> /tmp/minio_downloads/1758757518.json
[2025-09-28T23:00:57.652+0000] {logging_mixin.py:188} INFO - Downloaded TSLA/1758757526.json -> /tmp/minio_downloads/1758757526.json
[2025-09-28T23:00:57.656+0000] {logging_mixin.py:188} INFO - Downloaded TSLA/1758757534.json -> /tmp/minio_downloads/1758757534.json
[2025-09-28T23:00:57.660+0000] {logging_mixin.py:188} INFO - Downloaded TSLA/1758757542.json -> /tmp/minio_downloads/1758757542.json
[2025-09-28T23:00:57.664+0000] {logging_mixin.py:188} INFO - Downloaded TSLA/1758757550.json -> /tmp/minio_downloads/1758757550.json
[2025-09-28T23:00:57.668+0000] {logging_mixin.py:188} INFO - Downloaded TSLA/1758757558.json -> /tmp/minio_downloads/1758757558.json
[2025-09-28T23:00:57.672+0000] {logging_mixin.py:188} INFO - Downloaded TSLA/1758757566.json -> /tmp/minio_downloads/1758757566.json
[2025-09-28T23:00:57.676+0000] {logging_mixin.py:188} INFO - Downloaded TSLA/1758757574.json -> /tmp/minio_downloads/1758757574.json
[2025-09-28T23:00:57.680+0000] {logging_mixin.py:188} INFO - Downloaded TSLA/1758757582.json -> /tmp/minio_downloads/1758757582.json
[2025-09-28T23:00:57.684+0000] {logging_mixin.py:188} INFO - Downloaded TSLA/1758757590.json -> /tmp/minio_downloads/1758757590.json
[2025-09-28T23:00:57.688+0000] {logging_mixin.py:188} INFO - Downloaded TSLA/1758757598.json -> /tmp/minio_downloads/1758757598.json
[2025-09-28T23:00:57.692+0000] {logging_mixin.py:188} INFO - Downloaded TSLA/1758757606.json -> /tmp/minio_downloads/1758757606.json
[2025-09-28T23:00:57.696+0000] {logging_mixin.py:188} INFO - Downloaded TSLA/1758757615.json -> /tmp/minio_downloads/1758757615.json
[2025-09-28T23:00:57.700+0000] {logging_mixin.py:188} INFO - Downloaded TSLA/1758757623.json -> /tmp/minio_downloads/1758757623.json
[2025-09-28T23:00:57.704+0000] {logging_mixin.py:188} INFO - Downloaded TSLA/1758757631.json -> /tmp/minio_downloads/1758757631.json
[2025-09-28T23:00:57.708+0000] {logging_mixin.py:188} INFO - Downloaded TSLA/1758757639.json -> /tmp/minio_downloads/1758757639.json
[2025-09-28T23:00:57.713+0000] {logging_mixin.py:188} INFO - Downloaded TSLA/1758757647.json -> /tmp/minio_downloads/1758757647.json
[2025-09-28T23:00:57.717+0000] {logging_mixin.py:188} INFO - Downloaded TSLA/1758757655.json -> /tmp/minio_downloads/1758757655.json
[2025-09-28T23:00:57.721+0000] {logging_mixin.py:188} INFO - Downloaded TSLA/1758757663.json -> /tmp/minio_downloads/1758757663.json
[2025-09-28T23:00:57.725+0000] {logging_mixin.py:188} INFO - Downloaded TSLA/1758757671.json -> /tmp/minio_downloads/1758757671.json
[2025-09-28T23:00:57.726+0000] {python.py:237} INFO - Done. Returned value was: ['/tmp/minio_downloads/1758414067.json', '/tmp/minio_downloads/1758414075.json', '/tmp/minio_downloads/1758414083.json', '/tmp/minio_downloads/1758414091.json', '/tmp/minio_downloads/1758414099.json', '/tmp/minio_downloads/1758414107.json', '/tmp/minio_downloads/1758414115.json', '/tmp/minio_downloads/1758414123.json', '/tmp/minio_downloads/1758414131.json', '/tmp/minio_downloads/1758414139.json', '/tmp/minio_downloads/1758414147.json', '/tmp/minio_downloads/1758414155.json', '/tmp/minio_downloads/1758414163.json', '/tmp/minio_downloads/1758414171.json', '/tmp/minio_downloads/1758414179.json', '/tmp/minio_downloads/1758414187.json', '/tmp/minio_downloads/1758414195.json', '/tmp/minio_downloads/1758414203.json', '/tmp/minio_downloads/1758414211.json', '/tmp/minio_downloads/1758414219.json', '/tmp/minio_downloads/1758414227.json', '/tmp/minio_downloads/1758414235.json', '/tmp/minio_downloads/1758414242.json', '/tmp/minio_downloads/1758414250.json', '/tmp/minio_downloads/1758757217.json', '/tmp/minio_downloads/1758757225.json', '/tmp/minio_downloads/1758757233.json', '/tmp/minio_downloads/1758757241.json', '/tmp/minio_downloads/1758757250.json', '/tmp/minio_downloads/1758757258.json', '/tmp/minio_downloads/1758757266.json', '/tmp/minio_downloads/1758757274.json', '/tmp/minio_downloads/1758757282.json', '/tmp/minio_downloads/1758757290.json', '/tmp/minio_downloads/1758757298.json', '/tmp/minio_downloads/1758757306.json', '/tmp/minio_downloads/1758757314.json', '/tmp/minio_downloads/1758757322.json', '/tmp/minio_downloads/1758757331.json', '/tmp/minio_downloads/1758757339.json', '/tmp/minio_downloads/1758757347.json', '/tmp/minio_downloads/1758757355.json', '/tmp/minio_downloads/1758757363.json', '/tmp/minio_downloads/1758757371.json', '/tmp/minio_downloads/1758757379.json', '/tmp/minio_downloads/1758757387.json', '/tmp/minio_downloads/1758757395.json', '/tmp/minio_downloads/1758757403.json', '/tmp/minio_downloads/1758757411.json', '/tmp/minio_downloads/1758757420.json', '/tmp/minio_downloads/1758757428.json', '/tmp/minio_downloads/1758757436.json', '/tmp/minio_downloads/1758757444.json', '/tmp/minio_downloads/1758757452.json', '/tmp/minio_downloads/1758757460.json', '/tmp/minio_downloads/1758757468.json', '/tmp/minio_downloads/1758757476.json', '/tmp/minio_downloads/1758757484.json', '/tmp/minio_downloads/1758757492.json', '/tmp/minio_downloads/1758757500.json', '/tmp/minio_downloads/1758757509.json', '/tmp/minio_downloads/1758757517.json', '/tmp/minio_downloads/1758757525.json', '/tmp/minio_downloads/1758757533.json', '/tmp/minio_downloads/1758757541.json', '/tmp/minio_downloads/1758757549.json', '/tmp/minio_downloads/1758757557.json', '/tmp/minio_downloads/1758757565.json', '/tmp/minio_downloads/1758757573.json', '/tmp/minio_downloads/1758757581.json', '/tmp/minio_downloads/1758757589.json', '/tmp/minio_downloads/1758757598.json', '/tmp/minio_downloads/1758757606.json', '/tmp/minio_downloads/1758757614.json', '/tmp/minio_downloads/1758757622.json', '/tmp/minio_downloads/1758757630.json', '/tmp/minio_downloads/1758757638.json', '/tmp/minio_downloads/1758757646.json', '/tmp/minio_downloads/1758757654.json', '/tmp/minio_downloads/1758757662.json', '/tmp/minio_downloads/1758757671.json', '/tmp/minio_downloads/1758414069.json', '/tmp/minio_downloads/1758414077.json', '/tmp/minio_downloads/1758414085.json', '/tmp/minio_downloads/1758414093.json', '/tmp/minio_downloads/1758414101.json', '/tmp/minio_downloads/1758414109.json', '/tmp/minio_downloads/1758414117.json', '/tmp/minio_downloads/1758414125.json', '/tmp/minio_downloads/1758414133.json', '/tmp/minio_downloads/1758414141.json', '/tmp/minio_downloads/1758414149.json', '/tmp/minio_downloads/1758414157.json', '/tmp/minio_downloads/1758414165.json', '/tmp/minio_downloads/1758414173.json', '/tmp/minio_downloads/1758414180.json', '/tmp/minio_downloads/1758414188.json', '/tmp/minio_downloads/1758414196.json', '/tmp/minio_downloads/1758414204.json', '/tmp/minio_downloads/1758414212.json', '/tmp/minio_downloads/1758414220.json', '/tmp/minio_downloads/1758414228.json', '/tmp/minio_downloads/1758414236.json', '/tmp/minio_downloads/1758414244.json', '/tmp/minio_downloads/1758414252.json', '/tmp/minio_downloads/1758757219.json', '/tmp/minio_downloads/1758757227.json', '/tmp/minio_downloads/1758757235.json', '/tmp/minio_downloads/1758757243.json', '/tmp/minio_downloads/1758757251.json', '/tmp/minio_downloads/1758757259.json', '/tmp/minio_downloads/1758757267.json', '/tmp/minio_downloads/1758757275.json', '/tmp/minio_downloads/1758757283.json', '/tmp/minio_downloads/1758757292.json', '/tmp/minio_downloads/1758757300.json', '/tmp/minio_downloads/1758757308.json', '/tmp/minio_downloads/1758757316.json', '/tmp/minio_downloads/1758757324.json', '/tmp/minio_downloads/1758757332.json', '/tmp/minio_downloads/1758757340.json', '/tmp/minio_downloads/1758757349.json', '/tmp/minio_downloads/1758757357.json', '/tmp/minio_downloads/1758757365.json', '/tmp/minio_downloads/1758757373.json', '/tmp/minio_downloads/1758757381.json', '/tmp/minio_downloads/1758757389.json', '/tmp/minio_downloads/1758757397.json', '/tmp/minio_downloads/1758757405.json', '/tmp/minio_downloads/1758757413.json', '/tmp/minio_downloads/1758757421.json', '/tmp/minio_downloads/1758757429.json', '/tmp/minio_downloads/1758757437.json', '/tmp/minio_downloads/1758757446.json', '/tmp/minio_downloads/1758757454.json', '/tmp/minio_downloads/1758757462.json', '/tmp/minio_downloads/1758757470.json', '/tmp/minio_downloads/1758757478.json', '/tmp/minio_downloads/1758757486.json', '/tmp/minio_downloads/1758757494.json', '/tmp/minio_downloads/1758757502.json', '/tmp/minio_downloads/1758757510.json', '/tmp/minio_downloads/1758757518.json', '/tmp/minio_downloads/1758757526.json', '/tmp/minio_downloads/1758757535.json', '/tmp/minio_downloads/1758757543.json', '/tmp/minio_downloads/1758757551.json', '/tmp/minio_downloads/1758757559.json', '/tmp/minio_downloads/1758757567.json', '/tmp/minio_downloads/1758757575.json', '/tmp/minio_downloads/1758757583.json', '/tmp/minio_downloads/1758757591.json', '/tmp/minio_downloads/1758757599.json', '/tmp/minio_downloads/1758757607.json', '/tmp/minio_downloads/1758757615.json', '/tmp/minio_downloads/1758757624.json', '/tmp/minio_downloads/1758757632.json', '/tmp/minio_downloads/1758757640.json', '/tmp/minio_downloads/1758757648.json', '/tmp/minio_downloads/1758757656.json', '/tmp/minio_downloads/1758757664.json', '/tmp/minio_downloads/1758757672.json', '/tmp/minio_downloads/1758414068.json', '/tmp/minio_downloads/1758414076.json', '/tmp/minio_downloads/1758414084.json', '/tmp/minio_downloads/1758414093.json', '/tmp/minio_downloads/1758414101.json', '/tmp/minio_downloads/1758414108.json', '/tmp/minio_downloads/1758414116.json', '/tmp/minio_downloads/1758414124.json', '/tmp/minio_downloads/1758414132.json', '/tmp/minio_downloads/1758414140.json', '/tmp/minio_downloads/1758414148.json', '/tmp/minio_downloads/1758414156.json', '/tmp/minio_downloads/1758414164.json', '/tmp/minio_downloads/1758414172.json', '/tmp/minio_downloads/1758414180.json', '/tmp/minio_downloads/1758414188.json', '/tmp/minio_downloads/1758414196.json', '/tmp/minio_downloads/1758414204.json', '/tmp/minio_downloads/1758414212.json', '/tmp/minio_downloads/1758414220.json', '/tmp/minio_downloads/1758414228.json', '/tmp/minio_downloads/1758414236.json', '/tmp/minio_downloads/1758414244.json', '/tmp/minio_downloads/1758414252.json', '/tmp/minio_downloads/1758757218.json', '/tmp/minio_downloads/1758757226.json', '/tmp/minio_downloads/1758757235.json', '/tmp/minio_downloads/1758757243.json', '/tmp/minio_downloads/1758757251.json', '/tmp/minio_downloads/1758757259.json', '/tmp/minio_downloads/1758757267.json', '/tmp/minio_downloads/1758757275.json', '/tmp/minio_downloads/1758757283.json', '/tmp/minio_downloads/1758757291.json', '/tmp/minio_downloads/1758757299.json', '/tmp/minio_downloads/1758757308.json', '/tmp/minio_downloads/1758757316.json', '/tmp/minio_downloads/1758757324.json', '/tmp/minio_downloads/1758757332.json', '/tmp/minio_downloads/1758757340.json', '/tmp/minio_downloads/1758757348.json', '/tmp/minio_downloads/1758757356.json', '/tmp/minio_downloads/1758757364.json', '/tmp/minio_downloads/1758757372.json', '/tmp/minio_downloads/1758757380.json', '/tmp/minio_downloads/1758757388.json', '/tmp/minio_downloads/1758757397.json', '/tmp/minio_downloads/1758757405.json', '/tmp/minio_downloads/1758757413.json', '/tmp/minio_downloads/1758757421.json', '/tmp/minio_downloads/1758757429.json', '/tmp/minio_downloads/1758757437.json', '/tmp/minio_downloads/1758757445.json', '/tmp/minio_downloads/1758757453.json', '/tmp/minio_downloads/1758757461.json', '/tmp/minio_downloads/1758757469.json', '/tmp/minio_downloads/1758757478.json', '/tmp/minio_downloads/1758757486.json', '/tmp/minio_downloads/1758757494.json', '/tmp/minio_downloads/1758757502.json', '/tmp/minio_downloads/1758757510.json', '/tmp/minio_downloads/1758757518.json', '/tmp/minio_downloads/1758757526.json', '/tmp/minio_downloads/1758757534.json', '/tmp/minio_downloads/1758757542.json', '/tmp/minio_downloads/1758757550.json', '/tmp/minio_downloads/1758757558.json', '/tmp/minio_downloads/1758757566.json', '/tmp/minio_downloads/1758757575.json', '/tmp/minio_downloads/1758757583.json', '/tmp/minio_downloads/1758757591.json', '/tmp/minio_downloads/1758757599.json', '/tmp/minio_downloads/1758757607.json', '/tmp/minio_downloads/1758757615.json', '/tmp/minio_downloads/1758757623.json', '/tmp/minio_downloads/1758757631.json', '/tmp/minio_downloads/1758757639.json', '/tmp/minio_downloads/1758757647.json', '/tmp/minio_downloads/1758757656.json', '/tmp/minio_downloads/1758757664.json', '/tmp/minio_downloads/1758757672.json', '/tmp/minio_downloads/1758414068.json', '/tmp/minio_downloads/1758414076.json', '/tmp/minio_downloads/1758414084.json', '/tmp/minio_downloads/1758414092.json', '/tmp/minio_downloads/1758414100.json', '/tmp/minio_downloads/1758414108.json', '/tmp/minio_downloads/1758414116.json', '/tmp/minio_downloads/1758414124.json', '/tmp/minio_downloads/1758414132.json', '/tmp/minio_downloads/1758414139.json', '/tmp/minio_downloads/1758414147.json', '/tmp/minio_downloads/1758414155.json', '/tmp/minio_downloads/1758414163.json', '/tmp/minio_downloads/1758414171.json', '/tmp/minio_downloads/1758414179.json', '/tmp/minio_downloads/1758414187.json', '/tmp/minio_downloads/1758414195.json', '/tmp/minio_downloads/1758414203.json', '/tmp/minio_downloads/1758414211.json', '/tmp/minio_downloads/1758414219.json', '/tmp/minio_downloads/1758414227.json', '/tmp/minio_downloads/1758414235.json', '/tmp/minio_downloads/1758414243.json', '/tmp/minio_downloads/1758414251.json', '/tmp/minio_downloads/1758757217.json', '/tmp/minio_downloads/1758757225.json', '/tmp/minio_downloads/1758757234.json', '/tmp/minio_downloads/1758757242.json', '/tmp/minio_downloads/1758757250.json', '/tmp/minio_downloads/1758757258.json', '/tmp/minio_downloads/1758757266.json', '/tmp/minio_downloads/1758757274.json', '/tmp/minio_downloads/1758757282.json', '/tmp/minio_downloads/1758757290.json', '/tmp/minio_downloads/1758757299.json', '/tmp/minio_downloads/1758757307.json', '/tmp/minio_downloads/1758757315.json', '/tmp/minio_downloads/1758757323.json', '/tmp/minio_downloads/1758757331.json', '/tmp/minio_downloads/1758757339.json', '/tmp/minio_downloads/1758757347.json', '/tmp/minio_downloads/1758757355.json', '/tmp/minio_downloads/1758757363.json', '/tmp/minio_downloads/1758757371.json', '/tmp/minio_downloads/1758757379.json', '/tmp/minio_downloads/1758757387.json', '/tmp/minio_downloads/1758757396.json', '/tmp/minio_downloads/1758757404.json', '/tmp/minio_downloads/1758757412.json', '/tmp/minio_downloads/1758757420.json', '/tmp/minio_downloads/1758757428.json', '/tmp/minio_downloads/1758757436.json', '/tmp/minio_downloads/1758757444.json', '/tmp/minio_downloads/1758757452.json', '/tmp/minio_downloads/1758757460.json', '/tmp/minio_downloads/1758757469.json', '/tmp/minio_downloads/1758757477.json', '/tmp/minio_downloads/1758757485.json', '/tmp/minio_downloads/1758757493.json', '/tmp/minio_downloads/1758757501.json', '/tmp/minio_downloads/1758757509.json', '/tmp/minio_downloads/1758757517.json', '/tmp/minio_downloads/1758757525.json', '/tmp/minio_downloads/1758757533.json', '/tmp/minio_downloads/1758757541.json', '/tmp/minio_downloads/1758757549.json', '/tmp/minio_downloads/1758757558.json', '/tmp/minio_downloads/1758757566.json', '/tmp/minio_downloads/1758757574.json', '/tmp/minio_downloads/1758757582.json', '/tmp/minio_downloads/1758757590.json', '/tmp/minio_downloads/1758757598.json', '/tmp/minio_downloads/1758757606.json', '/tmp/minio_downloads/1758757614.json', '/tmp/minio_downloads/1758757622.json', '/tmp/minio_downloads/1758757630.json', '/tmp/minio_downloads/1758757638.json', '/tmp/minio_downloads/1758757647.json', '/tmp/minio_downloads/1758757655.json', '/tmp/minio_downloads/1758757663.json', '/tmp/minio_downloads/1758757671.json', '/tmp/minio_downloads/1758414068.json', '/tmp/minio_downloads/1758414076.json', '/tmp/minio_downloads/1758414084.json', '/tmp/minio_downloads/1758414092.json', '/tmp/minio_downloads/1758414100.json', '/tmp/minio_downloads/1758414108.json', '/tmp/minio_downloads/1758414116.json', '/tmp/minio_downloads/1758414124.json', '/tmp/minio_downloads/1758414132.json', '/tmp/minio_downloads/1758414140.json', '/tmp/minio_downloads/1758414148.json', '/tmp/minio_downloads/1758414156.json', '/tmp/minio_downloads/1758414164.json', '/tmp/minio_downloads/1758414172.json', '/tmp/minio_downloads/1758414180.json', '/tmp/minio_downloads/1758414188.json', '/tmp/minio_downloads/1758414196.json', '/tmp/minio_downloads/1758414203.json', '/tmp/minio_downloads/1758414212.json', '/tmp/minio_downloads/1758414219.json', '/tmp/minio_downloads/1758414227.json', '/tmp/minio_downloads/1758414235.json', '/tmp/minio_downloads/1758414243.json', '/tmp/minio_downloads/1758414251.json', '/tmp/minio_downloads/1758757218.json', '/tmp/minio_downloads/1758757226.json', '/tmp/minio_downloads/1758757234.json', '/tmp/minio_downloads/1758757242.json', '/tmp/minio_downloads/1758757250.json', '/tmp/minio_downloads/1758757258.json', '/tmp/minio_downloads/1758757266.json', '/tmp/minio_downloads/1758757275.json', '/tmp/minio_downloads/1758757283.json', '/tmp/minio_downloads/1758757291.json', '/tmp/minio_downloads/1758757299.json', '/tmp/minio_downloads/1758757307.json', '/tmp/minio_downloads/1758757315.json', '/tmp/minio_downloads/1758757323.json', '/tmp/minio_downloads/1758757331.json', '/tmp/minio_downloads/1758757340.json', '/tmp/minio_downloads/1758757348.json', '/tmp/minio_downloads/1758757356.json', '/tmp/minio_downloads/1758757364.json', '/tmp/minio_downloads/1758757372.json', '/tmp/minio_downloads/1758757380.json', '/tmp/minio_downloads/1758757388.json', '/tmp/minio_downloads/1758757396.json', '/tmp/minio_downloads/1758757404.json', '/tmp/minio_downloads/1758757412.json', '/tmp/minio_downloads/1758757420.json', '/tmp/minio_downloads/1758757429.json', '/tmp/minio_downloads/1758757437.json', '/tmp/minio_downloads/1758757445.json', '/tmp/minio_downloads/1758757453.json', '/tmp/minio_downloads/1758757461.json', '/tmp/minio_downloads/1758757469.json', '/tmp/minio_downloads/1758757477.json', '/tmp/minio_downloads/1758757485.json', '/tmp/minio_downloads/1758757493.json', '/tmp/minio_downloads/1758757501.json', '/tmp/minio_downloads/1758757509.json', '/tmp/minio_downloads/1758757518.json', '/tmp/minio_downloads/1758757526.json', '/tmp/minio_downloads/1758757534.json', '/tmp/minio_downloads/1758757542.json', '/tmp/minio_downloads/1758757550.json', '/tmp/minio_downloads/1758757558.json', '/tmp/minio_downloads/1758757566.json', '/tmp/minio_downloads/1758757574.json', '/tmp/minio_downloads/1758757582.json', '/tmp/minio_downloads/1758757590.json', '/tmp/minio_downloads/1758757598.json', '/tmp/minio_downloads/1758757606.json', '/tmp/minio_downloads/1758757615.json', '/tmp/minio_downloads/1758757623.json', '/tmp/minio_downloads/1758757631.json', '/tmp/minio_downloads/1758757639.json', '/tmp/minio_downloads/1758757647.json', '/tmp/minio_downloads/1758757655.json', '/tmp/minio_downloads/1758757663.json', '/tmp/minio_downloads/1758757671.json']
[2025-09-28T23:00:57.727+0000] {taskinstance.py:441} INFO - ::group::Post task execution logs
[2025-09-28T23:00:57.744+0000] {taskinstance.py:1206} INFO - Marking task as SUCCESS. dag_id=minio_to_snowflake, task_id=download_minio, run_id=scheduled__2025-09-28T22:59:00+00:00, execution_date=20250928T225900, start_date=20250928T230055, end_date=20250928T230057
[2025-09-28T23:00:57.767+0000] {local_task_job_runner.py:243} INFO - Task exited with return code 0
[2025-09-28T23:00:57.781+0000] {taskinstance.py:3503} INFO - 1 downstream tasks scheduled from follow-on schedule check
[2025-09-28T23:00:57.783+0000] {local_task_job_runner.py:222} INFO - ::endgroup::
