[2025-09-28T23:05:38.999+0000] {local_task_job_runner.py:120} INFO - ::group::Pre task execution logs
[2025-09-28T23:05:39.019+0000] {taskinstance.py:2076} INFO - Dependencies all met for dep_context=non-requeueable deps ti=<TaskInstance: minio_to_snowflake.download_minio scheduled__2025-09-28T23:04:00+00:00 [queued]>
[2025-09-28T23:05:39.023+0000] {taskinstance.py:2076} INFO - Dependencies all met for dep_context=requeueable deps ti=<TaskInstance: minio_to_snowflake.download_minio scheduled__2025-09-28T23:04:00+00:00 [queued]>
[2025-09-28T23:05:39.024+0000] {taskinstance.py:2306} INFO - Starting attempt 1 of 2
[2025-09-28T23:05:39.032+0000] {taskinstance.py:2330} INFO - Executing <Task(PythonOperator): download_minio> on 2025-09-28 23:04:00+00:00
[2025-09-28T23:05:39.038+0000] {standard_task_runner.py:90} INFO - Running: ['***', 'tasks', 'run', 'minio_to_snowflake', 'download_minio', 'scheduled__2025-09-28T23:04:00+00:00', '--job-id', '140', '--raw', '--subdir', 'DAGS_FOLDER/minio_snowflake.py', '--cfg-path', '/tmp/tmph1y8rg3v']
[2025-09-28T23:05:39.040+0000] {standard_task_runner.py:91} INFO - Job 140: Subtask download_minio
[2025-09-28T23:05:39.041+0000] {logging_mixin.py:188} WARNING - /home/***/.local/lib/python3.12/site-packages/***/task/task_runner/standard_task_runner.py:62 DeprecationWarning: This process (pid=88243) is multi-threaded, use of fork() may lead to deadlocks in the child.
[2025-09-28T23:05:39.041+0000] {standard_task_runner.py:64} INFO - Started process 88261 to run task
[2025-09-28T23:05:39.072+0000] {task_command.py:426} INFO - Running <TaskInstance: minio_to_snowflake.download_minio scheduled__2025-09-28T23:04:00+00:00 [running]> on host f6f7016991e5
[2025-09-28T23:05:39.130+0000] {taskinstance.py:2648} INFO - Exporting env vars: AIRFLOW_CTX_DAG_OWNER='***' AIRFLOW_CTX_DAG_ID='minio_to_snowflake' AIRFLOW_CTX_TASK_ID='download_minio' AIRFLOW_CTX_EXECUTION_DATE='2025-09-28T23:04:00+00:00' AIRFLOW_CTX_TRY_NUMBER='1' AIRFLOW_CTX_DAG_RUN_ID='scheduled__2025-09-28T23:04:00+00:00'
[2025-09-28T23:05:39.131+0000] {taskinstance.py:430} INFO - ::endgroup::
[2025-09-28T23:05:39.410+0000] {logging_mixin.py:188} INFO - Downloaded AAPL/1758414067.json -> /tmp/minio_downloads/1758414067.json
[2025-09-28T23:05:39.415+0000] {logging_mixin.py:188} INFO - Downloaded AAPL/1758414075.json -> /tmp/minio_downloads/1758414075.json
[2025-09-28T23:05:39.419+0000] {logging_mixin.py:188} INFO - Downloaded AAPL/1758414083.json -> /tmp/minio_downloads/1758414083.json
[2025-09-28T23:05:39.423+0000] {logging_mixin.py:188} INFO - Downloaded AAPL/1758414091.json -> /tmp/minio_downloads/1758414091.json
[2025-09-28T23:05:39.427+0000] {logging_mixin.py:188} INFO - Downloaded AAPL/1758414099.json -> /tmp/minio_downloads/1758414099.json
[2025-09-28T23:05:39.431+0000] {logging_mixin.py:188} INFO - Downloaded AAPL/1758414107.json -> /tmp/minio_downloads/1758414107.json
[2025-09-28T23:05:39.436+0000] {logging_mixin.py:188} INFO - Downloaded AAPL/1758414115.json -> /tmp/minio_downloads/1758414115.json
[2025-09-28T23:05:39.440+0000] {logging_mixin.py:188} INFO - Downloaded AAPL/1758414123.json -> /tmp/minio_downloads/1758414123.json
[2025-09-28T23:05:39.443+0000] {logging_mixin.py:188} INFO - Downloaded AAPL/1758414131.json -> /tmp/minio_downloads/1758414131.json
[2025-09-28T23:05:39.448+0000] {logging_mixin.py:188} INFO - Downloaded AAPL/1758414139.json -> /tmp/minio_downloads/1758414139.json
[2025-09-28T23:05:39.452+0000] {logging_mixin.py:188} INFO - Downloaded AAPL/1758414147.json -> /tmp/minio_downloads/1758414147.json
[2025-09-28T23:05:39.456+0000] {logging_mixin.py:188} INFO - Downloaded AAPL/1758414155.json -> /tmp/minio_downloads/1758414155.json
[2025-09-28T23:05:39.459+0000] {logging_mixin.py:188} INFO - Downloaded AAPL/1758414163.json -> /tmp/minio_downloads/1758414163.json
[2025-09-28T23:05:39.464+0000] {logging_mixin.py:188} INFO - Downloaded AAPL/1758414171.json -> /tmp/minio_downloads/1758414171.json
[2025-09-28T23:05:39.468+0000] {logging_mixin.py:188} INFO - Downloaded AAPL/1758414179.json -> /tmp/minio_downloads/1758414179.json
[2025-09-28T23:05:39.472+0000] {logging_mixin.py:188} INFO - Downloaded AAPL/1758414187.json -> /tmp/minio_downloads/1758414187.json
[2025-09-28T23:05:39.477+0000] {logging_mixin.py:188} INFO - Downloaded AAPL/1758414195.json -> /tmp/minio_downloads/1758414195.json
[2025-09-28T23:05:39.482+0000] {logging_mixin.py:188} INFO - Downloaded AAPL/1758414203.json -> /tmp/minio_downloads/1758414203.json
[2025-09-28T23:05:39.486+0000] {logging_mixin.py:188} INFO - Downloaded AAPL/1758414211.json -> /tmp/minio_downloads/1758414211.json
[2025-09-28T23:05:39.490+0000] {logging_mixin.py:188} INFO - Downloaded AAPL/1758414219.json -> /tmp/minio_downloads/1758414219.json
[2025-09-28T23:05:39.494+0000] {logging_mixin.py:188} INFO - Downloaded AAPL/1758414227.json -> /tmp/minio_downloads/1758414227.json
[2025-09-28T23:05:39.499+0000] {logging_mixin.py:188} INFO - Downloaded AAPL/1758414235.json -> /tmp/minio_downloads/1758414235.json
[2025-09-28T23:05:39.503+0000] {logging_mixin.py:188} INFO - Downloaded AAPL/1758414242.json -> /tmp/minio_downloads/1758414242.json
[2025-09-28T23:05:39.507+0000] {logging_mixin.py:188} INFO - Downloaded AAPL/1758414250.json -> /tmp/minio_downloads/1758414250.json
[2025-09-28T23:05:39.511+0000] {logging_mixin.py:188} INFO - Downloaded AAPL/1758757217.json -> /tmp/minio_downloads/1758757217.json
[2025-09-28T23:05:39.515+0000] {logging_mixin.py:188} INFO - Downloaded AAPL/1758757225.json -> /tmp/minio_downloads/1758757225.json
[2025-09-28T23:05:39.519+0000] {logging_mixin.py:188} INFO - Downloaded AAPL/1758757233.json -> /tmp/minio_downloads/1758757233.json
[2025-09-28T23:05:39.523+0000] {logging_mixin.py:188} INFO - Downloaded AAPL/1758757241.json -> /tmp/minio_downloads/1758757241.json
[2025-09-28T23:05:39.527+0000] {logging_mixin.py:188} INFO - Downloaded AAPL/1758757250.json -> /tmp/minio_downloads/1758757250.json
[2025-09-28T23:05:39.531+0000] {logging_mixin.py:188} INFO - Downloaded AAPL/1758757258.json -> /tmp/minio_downloads/1758757258.json
[2025-09-28T23:05:39.536+0000] {logging_mixin.py:188} INFO - Downloaded AAPL/1758757266.json -> /tmp/minio_downloads/1758757266.json
[2025-09-28T23:05:39.540+0000] {logging_mixin.py:188} INFO - Downloaded AAPL/1758757274.json -> /tmp/minio_downloads/1758757274.json
[2025-09-28T23:05:39.544+0000] {logging_mixin.py:188} INFO - Downloaded AAPL/1758757282.json -> /tmp/minio_downloads/1758757282.json
[2025-09-28T23:05:39.549+0000] {logging_mixin.py:188} INFO - Downloaded AAPL/1758757290.json -> /tmp/minio_downloads/1758757290.json
[2025-09-28T23:05:39.553+0000] {logging_mixin.py:188} INFO - Downloaded AAPL/1758757298.json -> /tmp/minio_downloads/1758757298.json
[2025-09-28T23:05:39.558+0000] {logging_mixin.py:188} INFO - Downloaded AAPL/1758757306.json -> /tmp/minio_downloads/1758757306.json
[2025-09-28T23:05:39.562+0000] {logging_mixin.py:188} INFO - Downloaded AAPL/1758757314.json -> /tmp/minio_downloads/1758757314.json
[2025-09-28T23:05:39.566+0000] {logging_mixin.py:188} INFO - Downloaded AAPL/1758757322.json -> /tmp/minio_downloads/1758757322.json
[2025-09-28T23:05:39.571+0000] {logging_mixin.py:188} INFO - Downloaded AAPL/1758757331.json -> /tmp/minio_downloads/1758757331.json
[2025-09-28T23:05:39.575+0000] {logging_mixin.py:188} INFO - Downloaded AAPL/1758757339.json -> /tmp/minio_downloads/1758757339.json
[2025-09-28T23:05:39.580+0000] {logging_mixin.py:188} INFO - Downloaded AAPL/1758757347.json -> /tmp/minio_downloads/1758757347.json
[2025-09-28T23:05:39.585+0000] {logging_mixin.py:188} INFO - Downloaded AAPL/1758757355.json -> /tmp/minio_downloads/1758757355.json
[2025-09-28T23:05:39.589+0000] {logging_mixin.py:188} INFO - Downloaded AAPL/1758757363.json -> /tmp/minio_downloads/1758757363.json
[2025-09-28T23:05:39.594+0000] {logging_mixin.py:188} INFO - Downloaded AAPL/1758757371.json -> /tmp/minio_downloads/1758757371.json
[2025-09-28T23:05:39.598+0000] {logging_mixin.py:188} INFO - Downloaded AAPL/1758757379.json -> /tmp/minio_downloads/1758757379.json
[2025-09-28T23:05:39.602+0000] {logging_mixin.py:188} INFO - Downloaded AAPL/1758757387.json -> /tmp/minio_downloads/1758757387.json
[2025-09-28T23:05:39.607+0000] {logging_mixin.py:188} INFO - Downloaded AAPL/1758757395.json -> /tmp/minio_downloads/1758757395.json
[2025-09-28T23:05:39.611+0000] {logging_mixin.py:188} INFO - Downloaded AAPL/1758757403.json -> /tmp/minio_downloads/1758757403.json
[2025-09-28T23:05:39.615+0000] {logging_mixin.py:188} INFO - Downloaded AAPL/1758757411.json -> /tmp/minio_downloads/1758757411.json
[2025-09-28T23:05:39.619+0000] {logging_mixin.py:188} INFO - Downloaded AAPL/1758757420.json -> /tmp/minio_downloads/1758757420.json
[2025-09-28T23:05:39.623+0000] {logging_mixin.py:188} INFO - Downloaded AAPL/1758757428.json -> /tmp/minio_downloads/1758757428.json
[2025-09-28T23:05:39.627+0000] {logging_mixin.py:188} INFO - Downloaded AAPL/1758757436.json -> /tmp/minio_downloads/1758757436.json
[2025-09-28T23:05:39.631+0000] {logging_mixin.py:188} INFO - Downloaded AAPL/1758757444.json -> /tmp/minio_downloads/1758757444.json
[2025-09-28T23:05:39.635+0000] {logging_mixin.py:188} INFO - Downloaded AAPL/1758757452.json -> /tmp/minio_downloads/1758757452.json
[2025-09-28T23:05:39.639+0000] {logging_mixin.py:188} INFO - Downloaded AAPL/1758757460.json -> /tmp/minio_downloads/1758757460.json
[2025-09-28T23:05:39.643+0000] {logging_mixin.py:188} INFO - Downloaded AAPL/1758757468.json -> /tmp/minio_downloads/1758757468.json
[2025-09-28T23:05:39.647+0000] {logging_mixin.py:188} INFO - Downloaded AAPL/1758757476.json -> /tmp/minio_downloads/1758757476.json
[2025-09-28T23:05:39.652+0000] {logging_mixin.py:188} INFO - Downloaded AAPL/1758757484.json -> /tmp/minio_downloads/1758757484.json
[2025-09-28T23:05:39.656+0000] {logging_mixin.py:188} INFO - Downloaded AAPL/1758757492.json -> /tmp/minio_downloads/1758757492.json
[2025-09-28T23:05:39.660+0000] {logging_mixin.py:188} INFO - Downloaded AAPL/1758757500.json -> /tmp/minio_downloads/1758757500.json
[2025-09-28T23:05:39.664+0000] {logging_mixin.py:188} INFO - Downloaded AAPL/1758757509.json -> /tmp/minio_downloads/1758757509.json
[2025-09-28T23:05:39.668+0000] {logging_mixin.py:188} INFO - Downloaded AAPL/1758757517.json -> /tmp/minio_downloads/1758757517.json
[2025-09-28T23:05:39.672+0000] {logging_mixin.py:188} INFO - Downloaded AAPL/1758757525.json -> /tmp/minio_downloads/1758757525.json
[2025-09-28T23:05:39.676+0000] {logging_mixin.py:188} INFO - Downloaded AAPL/1758757533.json -> /tmp/minio_downloads/1758757533.json
[2025-09-28T23:05:39.680+0000] {logging_mixin.py:188} INFO - Downloaded AAPL/1758757541.json -> /tmp/minio_downloads/1758757541.json
[2025-09-28T23:05:39.684+0000] {logging_mixin.py:188} INFO - Downloaded AAPL/1758757549.json -> /tmp/minio_downloads/1758757549.json
[2025-09-28T23:05:39.688+0000] {logging_mixin.py:188} INFO - Downloaded AAPL/1758757557.json -> /tmp/minio_downloads/1758757557.json
[2025-09-28T23:05:39.692+0000] {logging_mixin.py:188} INFO - Downloaded AAPL/1758757565.json -> /tmp/minio_downloads/1758757565.json
[2025-09-28T23:05:39.696+0000] {logging_mixin.py:188} INFO - Downloaded AAPL/1758757573.json -> /tmp/minio_downloads/1758757573.json
[2025-09-28T23:05:39.701+0000] {logging_mixin.py:188} INFO - Downloaded AAPL/1758757581.json -> /tmp/minio_downloads/1758757581.json
[2025-09-28T23:05:39.705+0000] {logging_mixin.py:188} INFO - Downloaded AAPL/1758757589.json -> /tmp/minio_downloads/1758757589.json
[2025-09-28T23:05:39.709+0000] {logging_mixin.py:188} INFO - Downloaded AAPL/1758757598.json -> /tmp/minio_downloads/1758757598.json
[2025-09-28T23:05:39.713+0000] {logging_mixin.py:188} INFO - Downloaded AAPL/1758757606.json -> /tmp/minio_downloads/1758757606.json
[2025-09-28T23:05:39.717+0000] {logging_mixin.py:188} INFO - Downloaded AAPL/1758757614.json -> /tmp/minio_downloads/1758757614.json
[2025-09-28T23:05:39.722+0000] {logging_mixin.py:188} INFO - Downloaded AAPL/1758757622.json -> /tmp/minio_downloads/1758757622.json
[2025-09-28T23:05:39.726+0000] {logging_mixin.py:188} INFO - Downloaded AAPL/1758757630.json -> /tmp/minio_downloads/1758757630.json
[2025-09-28T23:05:39.730+0000] {logging_mixin.py:188} INFO - Downloaded AAPL/1758757638.json -> /tmp/minio_downloads/1758757638.json
[2025-09-28T23:05:39.734+0000] {logging_mixin.py:188} INFO - Downloaded AAPL/1758757646.json -> /tmp/minio_downloads/1758757646.json
[2025-09-28T23:05:39.738+0000] {logging_mixin.py:188} INFO - Downloaded AAPL/1758757654.json -> /tmp/minio_downloads/1758757654.json
[2025-09-28T23:05:39.742+0000] {logging_mixin.py:188} INFO - Downloaded AAPL/1758757662.json -> /tmp/minio_downloads/1758757662.json
[2025-09-28T23:05:39.747+0000] {logging_mixin.py:188} INFO - Downloaded AAPL/1758757671.json -> /tmp/minio_downloads/1758757671.json
[2025-09-28T23:05:39.751+0000] {logging_mixin.py:188} INFO - Downloaded AMZN/1758414069.json -> /tmp/minio_downloads/1758414069.json
[2025-09-28T23:05:39.755+0000] {logging_mixin.py:188} INFO - Downloaded AMZN/1758414077.json -> /tmp/minio_downloads/1758414077.json
[2025-09-28T23:05:39.759+0000] {logging_mixin.py:188} INFO - Downloaded AMZN/1758414085.json -> /tmp/minio_downloads/1758414085.json
[2025-09-28T23:05:39.763+0000] {logging_mixin.py:188} INFO - Downloaded AMZN/1758414093.json -> /tmp/minio_downloads/1758414093.json
[2025-09-28T23:05:39.768+0000] {logging_mixin.py:188} INFO - Downloaded AMZN/1758414101.json -> /tmp/minio_downloads/1758414101.json
[2025-09-28T23:05:39.772+0000] {logging_mixin.py:188} INFO - Downloaded AMZN/1758414109.json -> /tmp/minio_downloads/1758414109.json
[2025-09-28T23:05:39.776+0000] {logging_mixin.py:188} INFO - Downloaded AMZN/1758414117.json -> /tmp/minio_downloads/1758414117.json
[2025-09-28T23:05:39.780+0000] {logging_mixin.py:188} INFO - Downloaded AMZN/1758414125.json -> /tmp/minio_downloads/1758414125.json
[2025-09-28T23:05:39.784+0000] {logging_mixin.py:188} INFO - Downloaded AMZN/1758414133.json -> /tmp/minio_downloads/1758414133.json
[2025-09-28T23:05:39.788+0000] {logging_mixin.py:188} INFO - Downloaded AMZN/1758414141.json -> /tmp/minio_downloads/1758414141.json
[2025-09-28T23:05:39.792+0000] {logging_mixin.py:188} INFO - Downloaded AMZN/1758414149.json -> /tmp/minio_downloads/1758414149.json
[2025-09-28T23:05:39.796+0000] {logging_mixin.py:188} INFO - Downloaded AMZN/1758414157.json -> /tmp/minio_downloads/1758414157.json
[2025-09-28T23:05:39.800+0000] {logging_mixin.py:188} INFO - Downloaded AMZN/1758414165.json -> /tmp/minio_downloads/1758414165.json
[2025-09-28T23:05:39.805+0000] {logging_mixin.py:188} INFO - Downloaded AMZN/1758414173.json -> /tmp/minio_downloads/1758414173.json
[2025-09-28T23:05:39.809+0000] {logging_mixin.py:188} INFO - Downloaded AMZN/1758414180.json -> /tmp/minio_downloads/1758414180.json
[2025-09-28T23:05:39.813+0000] {logging_mixin.py:188} INFO - Downloaded AMZN/1758414188.json -> /tmp/minio_downloads/1758414188.json
[2025-09-28T23:05:39.817+0000] {logging_mixin.py:188} INFO - Downloaded AMZN/1758414196.json -> /tmp/minio_downloads/1758414196.json
[2025-09-28T23:05:39.821+0000] {logging_mixin.py:188} INFO - Downloaded AMZN/1758414204.json -> /tmp/minio_downloads/1758414204.json
[2025-09-28T23:05:39.825+0000] {logging_mixin.py:188} INFO - Downloaded AMZN/1758414212.json -> /tmp/minio_downloads/1758414212.json
[2025-09-28T23:05:39.829+0000] {logging_mixin.py:188} INFO - Downloaded AMZN/1758414220.json -> /tmp/minio_downloads/1758414220.json
[2025-09-28T23:05:39.833+0000] {logging_mixin.py:188} INFO - Downloaded AMZN/1758414228.json -> /tmp/minio_downloads/1758414228.json
[2025-09-28T23:05:39.837+0000] {logging_mixin.py:188} INFO - Downloaded AMZN/1758414236.json -> /tmp/minio_downloads/1758414236.json
[2025-09-28T23:05:39.841+0000] {logging_mixin.py:188} INFO - Downloaded AMZN/1758414244.json -> /tmp/minio_downloads/1758414244.json
[2025-09-28T23:05:39.845+0000] {logging_mixin.py:188} INFO - Downloaded AMZN/1758414252.json -> /tmp/minio_downloads/1758414252.json
[2025-09-28T23:05:39.850+0000] {logging_mixin.py:188} INFO - Downloaded AMZN/1758757219.json -> /tmp/minio_downloads/1758757219.json
[2025-09-28T23:05:39.854+0000] {logging_mixin.py:188} INFO - Downloaded AMZN/1758757227.json -> /tmp/minio_downloads/1758757227.json
[2025-09-28T23:05:39.858+0000] {logging_mixin.py:188} INFO - Downloaded AMZN/1758757235.json -> /tmp/minio_downloads/1758757235.json
[2025-09-28T23:05:39.862+0000] {logging_mixin.py:188} INFO - Downloaded AMZN/1758757243.json -> /tmp/minio_downloads/1758757243.json
[2025-09-28T23:05:39.866+0000] {logging_mixin.py:188} INFO - Downloaded AMZN/1758757251.json -> /tmp/minio_downloads/1758757251.json
[2025-09-28T23:05:39.870+0000] {logging_mixin.py:188} INFO - Downloaded AMZN/1758757259.json -> /tmp/minio_downloads/1758757259.json
[2025-09-28T23:05:39.874+0000] {logging_mixin.py:188} INFO - Downloaded AMZN/1758757267.json -> /tmp/minio_downloads/1758757267.json
[2025-09-28T23:05:39.878+0000] {logging_mixin.py:188} INFO - Downloaded AMZN/1758757275.json -> /tmp/minio_downloads/1758757275.json
[2025-09-28T23:05:39.882+0000] {logging_mixin.py:188} INFO - Downloaded AMZN/1758757283.json -> /tmp/minio_downloads/1758757283.json
[2025-09-28T23:05:39.887+0000] {logging_mixin.py:188} INFO - Downloaded AMZN/1758757292.json -> /tmp/minio_downloads/1758757292.json
[2025-09-28T23:05:39.891+0000] {logging_mixin.py:188} INFO - Downloaded AMZN/1758757300.json -> /tmp/minio_downloads/1758757300.json
[2025-09-28T23:05:39.895+0000] {logging_mixin.py:188} INFO - Downloaded AMZN/1758757308.json -> /tmp/minio_downloads/1758757308.json
[2025-09-28T23:05:39.899+0000] {logging_mixin.py:188} INFO - Downloaded AMZN/1758757316.json -> /tmp/minio_downloads/1758757316.json
[2025-09-28T23:05:39.903+0000] {logging_mixin.py:188} INFO - Downloaded AMZN/1758757324.json -> /tmp/minio_downloads/1758757324.json
[2025-09-28T23:05:39.907+0000] {logging_mixin.py:188} INFO - Downloaded AMZN/1758757332.json -> /tmp/minio_downloads/1758757332.json
[2025-09-28T23:05:39.911+0000] {logging_mixin.py:188} INFO - Downloaded AMZN/1758757340.json -> /tmp/minio_downloads/1758757340.json
[2025-09-28T23:05:39.915+0000] {logging_mixin.py:188} INFO - Downloaded AMZN/1758757349.json -> /tmp/minio_downloads/1758757349.json
[2025-09-28T23:05:39.919+0000] {logging_mixin.py:188} INFO - Downloaded AMZN/1758757357.json -> /tmp/minio_downloads/1758757357.json
[2025-09-28T23:05:39.924+0000] {logging_mixin.py:188} INFO - Downloaded AMZN/1758757365.json -> /tmp/minio_downloads/1758757365.json
[2025-09-28T23:05:39.928+0000] {logging_mixin.py:188} INFO - Downloaded AMZN/1758757373.json -> /tmp/minio_downloads/1758757373.json
[2025-09-28T23:05:39.932+0000] {logging_mixin.py:188} INFO - Downloaded AMZN/1758757381.json -> /tmp/minio_downloads/1758757381.json
[2025-09-28T23:05:39.936+0000] {logging_mixin.py:188} INFO - Downloaded AMZN/1758757389.json -> /tmp/minio_downloads/1758757389.json
[2025-09-28T23:05:39.940+0000] {logging_mixin.py:188} INFO - Downloaded AMZN/1758757397.json -> /tmp/minio_downloads/1758757397.json
[2025-09-28T23:05:39.944+0000] {logging_mixin.py:188} INFO - Downloaded AMZN/1758757405.json -> /tmp/minio_downloads/1758757405.json
[2025-09-28T23:05:39.948+0000] {logging_mixin.py:188} INFO - Downloaded AMZN/1758757413.json -> /tmp/minio_downloads/1758757413.json
[2025-09-28T23:05:39.952+0000] {logging_mixin.py:188} INFO - Downloaded AMZN/1758757421.json -> /tmp/minio_downloads/1758757421.json
[2025-09-28T23:05:39.956+0000] {logging_mixin.py:188} INFO - Downloaded AMZN/1758757429.json -> /tmp/minio_downloads/1758757429.json
[2025-09-28T23:05:39.960+0000] {logging_mixin.py:188} INFO - Downloaded AMZN/1758757437.json -> /tmp/minio_downloads/1758757437.json
[2025-09-28T23:05:39.964+0000] {logging_mixin.py:188} INFO - Downloaded AMZN/1758757446.json -> /tmp/minio_downloads/1758757446.json
[2025-09-28T23:05:39.968+0000] {logging_mixin.py:188} INFO - Downloaded AMZN/1758757454.json -> /tmp/minio_downloads/1758757454.json
[2025-09-28T23:05:39.973+0000] {logging_mixin.py:188} INFO - Downloaded AMZN/1758757462.json -> /tmp/minio_downloads/1758757462.json
[2025-09-28T23:05:39.977+0000] {logging_mixin.py:188} INFO - Downloaded AMZN/1758757470.json -> /tmp/minio_downloads/1758757470.json
[2025-09-28T23:05:39.981+0000] {logging_mixin.py:188} INFO - Downloaded AMZN/1758757478.json -> /tmp/minio_downloads/1758757478.json
[2025-09-28T23:05:39.987+0000] {logging_mixin.py:188} INFO - Downloaded AMZN/1758757486.json -> /tmp/minio_downloads/1758757486.json
[2025-09-28T23:05:39.992+0000] {logging_mixin.py:188} INFO - Downloaded AMZN/1758757494.json -> /tmp/minio_downloads/1758757494.json
[2025-09-28T23:05:39.996+0000] {logging_mixin.py:188} INFO - Downloaded AMZN/1758757502.json -> /tmp/minio_downloads/1758757502.json
[2025-09-28T23:05:40.000+0000] {logging_mixin.py:188} INFO - Downloaded AMZN/1758757510.json -> /tmp/minio_downloads/1758757510.json
[2025-09-28T23:05:40.004+0000] {logging_mixin.py:188} INFO - Downloaded AMZN/1758757518.json -> /tmp/minio_downloads/1758757518.json
[2025-09-28T23:05:40.008+0000] {logging_mixin.py:188} INFO - Downloaded AMZN/1758757526.json -> /tmp/minio_downloads/1758757526.json
[2025-09-28T23:05:40.013+0000] {logging_mixin.py:188} INFO - Downloaded AMZN/1758757535.json -> /tmp/minio_downloads/1758757535.json
[2025-09-28T23:05:40.017+0000] {logging_mixin.py:188} INFO - Downloaded AMZN/1758757543.json -> /tmp/minio_downloads/1758757543.json
[2025-09-28T23:05:40.021+0000] {logging_mixin.py:188} INFO - Downloaded AMZN/1758757551.json -> /tmp/minio_downloads/1758757551.json
[2025-09-28T23:05:40.025+0000] {logging_mixin.py:188} INFO - Downloaded AMZN/1758757559.json -> /tmp/minio_downloads/1758757559.json
[2025-09-28T23:05:40.030+0000] {logging_mixin.py:188} INFO - Downloaded AMZN/1758757567.json -> /tmp/minio_downloads/1758757567.json
[2025-09-28T23:05:40.034+0000] {logging_mixin.py:188} INFO - Downloaded AMZN/1758757575.json -> /tmp/minio_downloads/1758757575.json
[2025-09-28T23:05:40.038+0000] {logging_mixin.py:188} INFO - Downloaded AMZN/1758757583.json -> /tmp/minio_downloads/1758757583.json
[2025-09-28T23:05:40.042+0000] {logging_mixin.py:188} INFO - Downloaded AMZN/1758757591.json -> /tmp/minio_downloads/1758757591.json
[2025-09-28T23:05:40.046+0000] {logging_mixin.py:188} INFO - Downloaded AMZN/1758757599.json -> /tmp/minio_downloads/1758757599.json
[2025-09-28T23:05:40.050+0000] {logging_mixin.py:188} INFO - Downloaded AMZN/1758757607.json -> /tmp/minio_downloads/1758757607.json
[2025-09-28T23:05:40.054+0000] {logging_mixin.py:188} INFO - Downloaded AMZN/1758757615.json -> /tmp/minio_downloads/1758757615.json
[2025-09-28T23:05:40.058+0000] {logging_mixin.py:188} INFO - Downloaded AMZN/1758757624.json -> /tmp/minio_downloads/1758757624.json
[2025-09-28T23:05:40.062+0000] {logging_mixin.py:188} INFO - Downloaded AMZN/1758757632.json -> /tmp/minio_downloads/1758757632.json
[2025-09-28T23:05:40.066+0000] {logging_mixin.py:188} INFO - Downloaded AMZN/1758757640.json -> /tmp/minio_downloads/1758757640.json
[2025-09-28T23:05:40.070+0000] {logging_mixin.py:188} INFO - Downloaded AMZN/1758757648.json -> /tmp/minio_downloads/1758757648.json
[2025-09-28T23:05:40.074+0000] {logging_mixin.py:188} INFO - Downloaded AMZN/1758757656.json -> /tmp/minio_downloads/1758757656.json
[2025-09-28T23:05:40.078+0000] {logging_mixin.py:188} INFO - Downloaded AMZN/1758757664.json -> /tmp/minio_downloads/1758757664.json
[2025-09-28T23:05:40.082+0000] {logging_mixin.py:188} INFO - Downloaded AMZN/1758757672.json -> /tmp/minio_downloads/1758757672.json
[2025-09-28T23:05:40.087+0000] {logging_mixin.py:188} INFO - Downloaded GOOGL/1758414068.json -> /tmp/minio_downloads/1758414068.json
[2025-09-28T23:05:40.091+0000] {logging_mixin.py:188} INFO - Downloaded GOOGL/1758414076.json -> /tmp/minio_downloads/1758414076.json
[2025-09-28T23:05:40.095+0000] {logging_mixin.py:188} INFO - Downloaded GOOGL/1758414084.json -> /tmp/minio_downloads/1758414084.json
[2025-09-28T23:05:40.099+0000] {logging_mixin.py:188} INFO - Downloaded GOOGL/1758414093.json -> /tmp/minio_downloads/1758414093.json
[2025-09-28T23:05:40.103+0000] {logging_mixin.py:188} INFO - Downloaded GOOGL/1758414101.json -> /tmp/minio_downloads/1758414101.json
[2025-09-28T23:05:40.108+0000] {logging_mixin.py:188} INFO - Downloaded GOOGL/1758414108.json -> /tmp/minio_downloads/1758414108.json
[2025-09-28T23:05:40.111+0000] {logging_mixin.py:188} INFO - Downloaded GOOGL/1758414116.json -> /tmp/minio_downloads/1758414116.json
[2025-09-28T23:05:40.116+0000] {logging_mixin.py:188} INFO - Downloaded GOOGL/1758414124.json -> /tmp/minio_downloads/1758414124.json
[2025-09-28T23:05:40.120+0000] {logging_mixin.py:188} INFO - Downloaded GOOGL/1758414132.json -> /tmp/minio_downloads/1758414132.json
[2025-09-28T23:05:40.124+0000] {logging_mixin.py:188} INFO - Downloaded GOOGL/1758414140.json -> /tmp/minio_downloads/1758414140.json
[2025-09-28T23:05:40.128+0000] {logging_mixin.py:188} INFO - Downloaded GOOGL/1758414148.json -> /tmp/minio_downloads/1758414148.json
[2025-09-28T23:05:40.132+0000] {logging_mixin.py:188} INFO - Downloaded GOOGL/1758414156.json -> /tmp/minio_downloads/1758414156.json
[2025-09-28T23:05:40.136+0000] {logging_mixin.py:188} INFO - Downloaded GOOGL/1758414164.json -> /tmp/minio_downloads/1758414164.json
[2025-09-28T23:05:40.140+0000] {logging_mixin.py:188} INFO - Downloaded GOOGL/1758414172.json -> /tmp/minio_downloads/1758414172.json
[2025-09-28T23:05:40.144+0000] {logging_mixin.py:188} INFO - Downloaded GOOGL/1758414180.json -> /tmp/minio_downloads/1758414180.json
[2025-09-28T23:05:40.148+0000] {logging_mixin.py:188} INFO - Downloaded GOOGL/1758414188.json -> /tmp/minio_downloads/1758414188.json
[2025-09-28T23:05:40.152+0000] {logging_mixin.py:188} INFO - Downloaded GOOGL/1758414196.json -> /tmp/minio_downloads/1758414196.json
[2025-09-28T23:05:40.157+0000] {logging_mixin.py:188} INFO - Downloaded GOOGL/1758414204.json -> /tmp/minio_downloads/1758414204.json
[2025-09-28T23:05:40.161+0000] {logging_mixin.py:188} INFO - Downloaded GOOGL/1758414212.json -> /tmp/minio_downloads/1758414212.json
[2025-09-28T23:05:40.165+0000] {logging_mixin.py:188} INFO - Downloaded GOOGL/1758414220.json -> /tmp/minio_downloads/1758414220.json
[2025-09-28T23:05:40.169+0000] {logging_mixin.py:188} INFO - Downloaded GOOGL/1758414228.json -> /tmp/minio_downloads/1758414228.json
[2025-09-28T23:05:40.173+0000] {logging_mixin.py:188} INFO - Downloaded GOOGL/1758414236.json -> /tmp/minio_downloads/1758414236.json
[2025-09-28T23:05:40.177+0000] {logging_mixin.py:188} INFO - Downloaded GOOGL/1758414244.json -> /tmp/minio_downloads/1758414244.json
[2025-09-28T23:05:40.181+0000] {logging_mixin.py:188} INFO - Downloaded GOOGL/1758414252.json -> /tmp/minio_downloads/1758414252.json
[2025-09-28T23:05:40.185+0000] {logging_mixin.py:188} INFO - Downloaded GOOGL/1758757218.json -> /tmp/minio_downloads/1758757218.json
[2025-09-28T23:05:40.189+0000] {logging_mixin.py:188} INFO - Downloaded GOOGL/1758757226.json -> /tmp/minio_downloads/1758757226.json
[2025-09-28T23:05:40.193+0000] {logging_mixin.py:188} INFO - Downloaded GOOGL/1758757235.json -> /tmp/minio_downloads/1758757235.json
[2025-09-28T23:05:40.197+0000] {logging_mixin.py:188} INFO - Downloaded GOOGL/1758757243.json -> /tmp/minio_downloads/1758757243.json
[2025-09-28T23:05:40.202+0000] {logging_mixin.py:188} INFO - Downloaded GOOGL/1758757251.json -> /tmp/minio_downloads/1758757251.json
[2025-09-28T23:05:40.206+0000] {logging_mixin.py:188} INFO - Downloaded GOOGL/1758757259.json -> /tmp/minio_downloads/1758757259.json
[2025-09-28T23:05:40.210+0000] {logging_mixin.py:188} INFO - Downloaded GOOGL/1758757267.json -> /tmp/minio_downloads/1758757267.json
[2025-09-28T23:05:40.214+0000] {logging_mixin.py:188} INFO - Downloaded GOOGL/1758757275.json -> /tmp/minio_downloads/1758757275.json
[2025-09-28T23:05:40.218+0000] {logging_mixin.py:188} INFO - Downloaded GOOGL/1758757283.json -> /tmp/minio_downloads/1758757283.json
[2025-09-28T23:05:40.222+0000] {logging_mixin.py:188} INFO - Downloaded GOOGL/1758757291.json -> /tmp/minio_downloads/1758757291.json
[2025-09-28T23:05:40.226+0000] {logging_mixin.py:188} INFO - Downloaded GOOGL/1758757299.json -> /tmp/minio_downloads/1758757299.json
[2025-09-28T23:05:40.231+0000] {logging_mixin.py:188} INFO - Downloaded GOOGL/1758757308.json -> /tmp/minio_downloads/1758757308.json
[2025-09-28T23:05:40.235+0000] {logging_mixin.py:188} INFO - Downloaded GOOGL/1758757316.json -> /tmp/minio_downloads/1758757316.json
[2025-09-28T23:05:40.239+0000] {logging_mixin.py:188} INFO - Downloaded GOOGL/1758757324.json -> /tmp/minio_downloads/1758757324.json
[2025-09-28T23:05:40.243+0000] {logging_mixin.py:188} INFO - Downloaded GOOGL/1758757332.json -> /tmp/minio_downloads/1758757332.json
[2025-09-28T23:05:40.248+0000] {logging_mixin.py:188} INFO - Downloaded GOOGL/1758757340.json -> /tmp/minio_downloads/1758757340.json
[2025-09-28T23:05:40.252+0000] {logging_mixin.py:188} INFO - Downloaded GOOGL/1758757348.json -> /tmp/minio_downloads/1758757348.json
[2025-09-28T23:05:40.256+0000] {logging_mixin.py:188} INFO - Downloaded GOOGL/1758757356.json -> /tmp/minio_downloads/1758757356.json
[2025-09-28T23:05:40.260+0000] {logging_mixin.py:188} INFO - Downloaded GOOGL/1758757364.json -> /tmp/minio_downloads/1758757364.json
[2025-09-28T23:05:40.264+0000] {logging_mixin.py:188} INFO - Downloaded GOOGL/1758757372.json -> /tmp/minio_downloads/1758757372.json
[2025-09-28T23:05:40.268+0000] {logging_mixin.py:188} INFO - Downloaded GOOGL/1758757380.json -> /tmp/minio_downloads/1758757380.json
[2025-09-28T23:05:40.272+0000] {logging_mixin.py:188} INFO - Downloaded GOOGL/1758757388.json -> /tmp/minio_downloads/1758757388.json
[2025-09-28T23:05:40.276+0000] {logging_mixin.py:188} INFO - Downloaded GOOGL/1758757397.json -> /tmp/minio_downloads/1758757397.json
[2025-09-28T23:05:40.281+0000] {logging_mixin.py:188} INFO - Downloaded GOOGL/1758757405.json -> /tmp/minio_downloads/1758757405.json
[2025-09-28T23:05:40.285+0000] {logging_mixin.py:188} INFO - Downloaded GOOGL/1758757413.json -> /tmp/minio_downloads/1758757413.json
[2025-09-28T23:05:40.289+0000] {logging_mixin.py:188} INFO - Downloaded GOOGL/1758757421.json -> /tmp/minio_downloads/1758757421.json
[2025-09-28T23:05:40.293+0000] {logging_mixin.py:188} INFO - Downloaded GOOGL/1758757429.json -> /tmp/minio_downloads/1758757429.json
[2025-09-28T23:05:40.297+0000] {logging_mixin.py:188} INFO - Downloaded GOOGL/1758757437.json -> /tmp/minio_downloads/1758757437.json
[2025-09-28T23:05:40.301+0000] {logging_mixin.py:188} INFO - Downloaded GOOGL/1758757445.json -> /tmp/minio_downloads/1758757445.json
[2025-09-28T23:05:40.305+0000] {logging_mixin.py:188} INFO - Downloaded GOOGL/1758757453.json -> /tmp/minio_downloads/1758757453.json
[2025-09-28T23:05:40.310+0000] {logging_mixin.py:188} INFO - Downloaded GOOGL/1758757461.json -> /tmp/minio_downloads/1758757461.json
[2025-09-28T23:05:40.314+0000] {logging_mixin.py:188} INFO - Downloaded GOOGL/1758757469.json -> /tmp/minio_downloads/1758757469.json
[2025-09-28T23:05:40.318+0000] {logging_mixin.py:188} INFO - Downloaded GOOGL/1758757478.json -> /tmp/minio_downloads/1758757478.json
[2025-09-28T23:05:40.322+0000] {logging_mixin.py:188} INFO - Downloaded GOOGL/1758757486.json -> /tmp/minio_downloads/1758757486.json
[2025-09-28T23:05:40.327+0000] {logging_mixin.py:188} INFO - Downloaded GOOGL/1758757494.json -> /tmp/minio_downloads/1758757494.json
[2025-09-28T23:05:40.331+0000] {logging_mixin.py:188} INFO - Downloaded GOOGL/1758757502.json -> /tmp/minio_downloads/1758757502.json
[2025-09-28T23:05:40.335+0000] {logging_mixin.py:188} INFO - Downloaded GOOGL/1758757510.json -> /tmp/minio_downloads/1758757510.json
[2025-09-28T23:05:40.339+0000] {logging_mixin.py:188} INFO - Downloaded GOOGL/1758757518.json -> /tmp/minio_downloads/1758757518.json
[2025-09-28T23:05:40.343+0000] {logging_mixin.py:188} INFO - Downloaded GOOGL/1758757526.json -> /tmp/minio_downloads/1758757526.json
[2025-09-28T23:05:40.347+0000] {logging_mixin.py:188} INFO - Downloaded GOOGL/1758757534.json -> /tmp/minio_downloads/1758757534.json
[2025-09-28T23:05:40.351+0000] {logging_mixin.py:188} INFO - Downloaded GOOGL/1758757542.json -> /tmp/minio_downloads/1758757542.json
[2025-09-28T23:05:40.355+0000] {logging_mixin.py:188} INFO - Downloaded GOOGL/1758757550.json -> /tmp/minio_downloads/1758757550.json
[2025-09-28T23:05:40.359+0000] {logging_mixin.py:188} INFO - Downloaded GOOGL/1758757558.json -> /tmp/minio_downloads/1758757558.json
[2025-09-28T23:05:40.364+0000] {logging_mixin.py:188} INFO - Downloaded GOOGL/1758757566.json -> /tmp/minio_downloads/1758757566.json
[2025-09-28T23:05:40.368+0000] {logging_mixin.py:188} INFO - Downloaded GOOGL/1758757575.json -> /tmp/minio_downloads/1758757575.json
[2025-09-28T23:05:40.372+0000] {logging_mixin.py:188} INFO - Downloaded GOOGL/1758757583.json -> /tmp/minio_downloads/1758757583.json
[2025-09-28T23:05:40.376+0000] {logging_mixin.py:188} INFO - Downloaded GOOGL/1758757591.json -> /tmp/minio_downloads/1758757591.json
[2025-09-28T23:05:40.380+0000] {logging_mixin.py:188} INFO - Downloaded GOOGL/1758757599.json -> /tmp/minio_downloads/1758757599.json
[2025-09-28T23:05:40.385+0000] {logging_mixin.py:188} INFO - Downloaded GOOGL/1758757607.json -> /tmp/minio_downloads/1758757607.json
[2025-09-28T23:05:40.389+0000] {logging_mixin.py:188} INFO - Downloaded GOOGL/1758757615.json -> /tmp/minio_downloads/1758757615.json
[2025-09-28T23:05:40.393+0000] {logging_mixin.py:188} INFO - Downloaded GOOGL/1758757623.json -> /tmp/minio_downloads/1758757623.json
[2025-09-28T23:05:40.397+0000] {logging_mixin.py:188} INFO - Downloaded GOOGL/1758757631.json -> /tmp/minio_downloads/1758757631.json
[2025-09-28T23:05:40.401+0000] {logging_mixin.py:188} INFO - Downloaded GOOGL/1758757639.json -> /tmp/minio_downloads/1758757639.json
[2025-09-28T23:05:40.405+0000] {logging_mixin.py:188} INFO - Downloaded GOOGL/1758757647.json -> /tmp/minio_downloads/1758757647.json
[2025-09-28T23:05:40.409+0000] {logging_mixin.py:188} INFO - Downloaded GOOGL/1758757656.json -> /tmp/minio_downloads/1758757656.json
[2025-09-28T23:05:40.413+0000] {logging_mixin.py:188} INFO - Downloaded GOOGL/1758757664.json -> /tmp/minio_downloads/1758757664.json
[2025-09-28T23:05:40.418+0000] {logging_mixin.py:188} INFO - Downloaded GOOGL/1758757672.json -> /tmp/minio_downloads/1758757672.json
[2025-09-28T23:05:40.422+0000] {logging_mixin.py:188} INFO - Downloaded MSFT/1758414068.json -> /tmp/minio_downloads/1758414068.json
[2025-09-28T23:05:40.426+0000] {logging_mixin.py:188} INFO - Downloaded MSFT/1758414076.json -> /tmp/minio_downloads/1758414076.json
[2025-09-28T23:05:40.430+0000] {logging_mixin.py:188} INFO - Downloaded MSFT/1758414084.json -> /tmp/minio_downloads/1758414084.json
[2025-09-28T23:05:40.435+0000] {logging_mixin.py:188} INFO - Downloaded MSFT/1758414092.json -> /tmp/minio_downloads/1758414092.json
[2025-09-28T23:05:40.439+0000] {logging_mixin.py:188} INFO - Downloaded MSFT/1758414100.json -> /tmp/minio_downloads/1758414100.json
[2025-09-28T23:05:40.443+0000] {logging_mixin.py:188} INFO - Downloaded MSFT/1758414108.json -> /tmp/minio_downloads/1758414108.json
[2025-09-28T23:05:40.447+0000] {logging_mixin.py:188} INFO - Downloaded MSFT/1758414116.json -> /tmp/minio_downloads/1758414116.json
[2025-09-28T23:05:40.451+0000] {logging_mixin.py:188} INFO - Downloaded MSFT/1758414124.json -> /tmp/minio_downloads/1758414124.json
[2025-09-28T23:05:40.455+0000] {logging_mixin.py:188} INFO - Downloaded MSFT/1758414132.json -> /tmp/minio_downloads/1758414132.json
[2025-09-28T23:05:40.459+0000] {logging_mixin.py:188} INFO - Downloaded MSFT/1758414139.json -> /tmp/minio_downloads/1758414139.json
[2025-09-28T23:05:40.463+0000] {logging_mixin.py:188} INFO - Downloaded MSFT/1758414147.json -> /tmp/minio_downloads/1758414147.json
[2025-09-28T23:05:40.468+0000] {logging_mixin.py:188} INFO - Downloaded MSFT/1758414155.json -> /tmp/minio_downloads/1758414155.json
[2025-09-28T23:05:40.472+0000] {logging_mixin.py:188} INFO - Downloaded MSFT/1758414163.json -> /tmp/minio_downloads/1758414163.json
[2025-09-28T23:05:40.476+0000] {logging_mixin.py:188} INFO - Downloaded MSFT/1758414171.json -> /tmp/minio_downloads/1758414171.json
[2025-09-28T23:05:40.481+0000] {logging_mixin.py:188} INFO - Downloaded MSFT/1758414179.json -> /tmp/minio_downloads/1758414179.json
[2025-09-28T23:05:40.489+0000] {logging_mixin.py:188} INFO - Downloaded MSFT/1758414187.json -> /tmp/minio_downloads/1758414187.json
[2025-09-28T23:05:40.494+0000] {logging_mixin.py:188} INFO - Downloaded MSFT/1758414195.json -> /tmp/minio_downloads/1758414195.json
[2025-09-28T23:05:40.499+0000] {logging_mixin.py:188} INFO - Downloaded MSFT/1758414203.json -> /tmp/minio_downloads/1758414203.json
[2025-09-28T23:05:40.504+0000] {logging_mixin.py:188} INFO - Downloaded MSFT/1758414211.json -> /tmp/minio_downloads/1758414211.json
[2025-09-28T23:05:40.508+0000] {logging_mixin.py:188} INFO - Downloaded MSFT/1758414219.json -> /tmp/minio_downloads/1758414219.json
[2025-09-28T23:05:40.512+0000] {logging_mixin.py:188} INFO - Downloaded MSFT/1758414227.json -> /tmp/minio_downloads/1758414227.json
[2025-09-28T23:05:40.516+0000] {logging_mixin.py:188} INFO - Downloaded MSFT/1758414235.json -> /tmp/minio_downloads/1758414235.json
[2025-09-28T23:05:40.520+0000] {logging_mixin.py:188} INFO - Downloaded MSFT/1758414243.json -> /tmp/minio_downloads/1758414243.json
[2025-09-28T23:05:40.524+0000] {logging_mixin.py:188} INFO - Downloaded MSFT/1758414251.json -> /tmp/minio_downloads/1758414251.json
[2025-09-28T23:05:40.528+0000] {logging_mixin.py:188} INFO - Downloaded MSFT/1758757217.json -> /tmp/minio_downloads/1758757217.json
[2025-09-28T23:05:40.533+0000] {logging_mixin.py:188} INFO - Downloaded MSFT/1758757225.json -> /tmp/minio_downloads/1758757225.json
[2025-09-28T23:05:40.537+0000] {logging_mixin.py:188} INFO - Downloaded MSFT/1758757234.json -> /tmp/minio_downloads/1758757234.json
[2025-09-28T23:05:40.541+0000] {logging_mixin.py:188} INFO - Downloaded MSFT/1758757242.json -> /tmp/minio_downloads/1758757242.json
[2025-09-28T23:05:40.545+0000] {logging_mixin.py:188} INFO - Downloaded MSFT/1758757250.json -> /tmp/minio_downloads/1758757250.json
[2025-09-28T23:05:40.549+0000] {logging_mixin.py:188} INFO - Downloaded MSFT/1758757258.json -> /tmp/minio_downloads/1758757258.json
[2025-09-28T23:05:40.553+0000] {logging_mixin.py:188} INFO - Downloaded MSFT/1758757266.json -> /tmp/minio_downloads/1758757266.json
[2025-09-28T23:05:40.558+0000] {logging_mixin.py:188} INFO - Downloaded MSFT/1758757274.json -> /tmp/minio_downloads/1758757274.json
[2025-09-28T23:05:40.562+0000] {logging_mixin.py:188} INFO - Downloaded MSFT/1758757282.json -> /tmp/minio_downloads/1758757282.json
[2025-09-28T23:05:40.566+0000] {logging_mixin.py:188} INFO - Downloaded MSFT/1758757290.json -> /tmp/minio_downloads/1758757290.json
[2025-09-28T23:05:40.571+0000] {logging_mixin.py:188} INFO - Downloaded MSFT/1758757299.json -> /tmp/minio_downloads/1758757299.json
[2025-09-28T23:05:40.575+0000] {logging_mixin.py:188} INFO - Downloaded MSFT/1758757307.json -> /tmp/minio_downloads/1758757307.json
[2025-09-28T23:05:40.579+0000] {logging_mixin.py:188} INFO - Downloaded MSFT/1758757315.json -> /tmp/minio_downloads/1758757315.json
[2025-09-28T23:05:40.583+0000] {logging_mixin.py:188} INFO - Downloaded MSFT/1758757323.json -> /tmp/minio_downloads/1758757323.json
[2025-09-28T23:05:40.587+0000] {logging_mixin.py:188} INFO - Downloaded MSFT/1758757331.json -> /tmp/minio_downloads/1758757331.json
[2025-09-28T23:05:40.591+0000] {logging_mixin.py:188} INFO - Downloaded MSFT/1758757339.json -> /tmp/minio_downloads/1758757339.json
[2025-09-28T23:05:40.596+0000] {logging_mixin.py:188} INFO - Downloaded MSFT/1758757347.json -> /tmp/minio_downloads/1758757347.json
[2025-09-28T23:05:40.600+0000] {logging_mixin.py:188} INFO - Downloaded MSFT/1758757355.json -> /tmp/minio_downloads/1758757355.json
[2025-09-28T23:05:40.604+0000] {logging_mixin.py:188} INFO - Downloaded MSFT/1758757363.json -> /tmp/minio_downloads/1758757363.json
[2025-09-28T23:05:40.608+0000] {logging_mixin.py:188} INFO - Downloaded MSFT/1758757371.json -> /tmp/minio_downloads/1758757371.json
[2025-09-28T23:05:40.612+0000] {logging_mixin.py:188} INFO - Downloaded MSFT/1758757379.json -> /tmp/minio_downloads/1758757379.json
[2025-09-28T23:05:40.616+0000] {logging_mixin.py:188} INFO - Downloaded MSFT/1758757387.json -> /tmp/minio_downloads/1758757387.json
[2025-09-28T23:05:40.621+0000] {logging_mixin.py:188} INFO - Downloaded MSFT/1758757396.json -> /tmp/minio_downloads/1758757396.json
[2025-09-28T23:05:40.625+0000] {logging_mixin.py:188} INFO - Downloaded MSFT/1758757404.json -> /tmp/minio_downloads/1758757404.json
[2025-09-28T23:05:40.629+0000] {logging_mixin.py:188} INFO - Downloaded MSFT/1758757412.json -> /tmp/minio_downloads/1758757412.json
[2025-09-28T23:05:40.633+0000] {logging_mixin.py:188} INFO - Downloaded MSFT/1758757420.json -> /tmp/minio_downloads/1758757420.json
[2025-09-28T23:05:40.637+0000] {logging_mixin.py:188} INFO - Downloaded MSFT/1758757428.json -> /tmp/minio_downloads/1758757428.json
[2025-09-28T23:05:40.641+0000] {logging_mixin.py:188} INFO - Downloaded MSFT/1758757436.json -> /tmp/minio_downloads/1758757436.json
[2025-09-28T23:05:40.645+0000] {logging_mixin.py:188} INFO - Downloaded MSFT/1758757444.json -> /tmp/minio_downloads/1758757444.json
[2025-09-28T23:05:40.649+0000] {logging_mixin.py:188} INFO - Downloaded MSFT/1758757452.json -> /tmp/minio_downloads/1758757452.json
[2025-09-28T23:05:40.653+0000] {logging_mixin.py:188} INFO - Downloaded MSFT/1758757460.json -> /tmp/minio_downloads/1758757460.json
[2025-09-28T23:05:40.657+0000] {logging_mixin.py:188} INFO - Downloaded MSFT/1758757469.json -> /tmp/minio_downloads/1758757469.json
[2025-09-28T23:05:40.662+0000] {logging_mixin.py:188} INFO - Downloaded MSFT/1758757477.json -> /tmp/minio_downloads/1758757477.json
[2025-09-28T23:05:40.666+0000] {logging_mixin.py:188} INFO - Downloaded MSFT/1758757485.json -> /tmp/minio_downloads/1758757485.json
[2025-09-28T23:05:40.670+0000] {logging_mixin.py:188} INFO - Downloaded MSFT/1758757493.json -> /tmp/minio_downloads/1758757493.json
[2025-09-28T23:05:40.674+0000] {logging_mixin.py:188} INFO - Downloaded MSFT/1758757501.json -> /tmp/minio_downloads/1758757501.json
[2025-09-28T23:05:40.678+0000] {logging_mixin.py:188} INFO - Downloaded MSFT/1758757509.json -> /tmp/minio_downloads/1758757509.json
[2025-09-28T23:05:40.683+0000] {logging_mixin.py:188} INFO - Downloaded MSFT/1758757517.json -> /tmp/minio_downloads/1758757517.json
[2025-09-28T23:05:40.687+0000] {logging_mixin.py:188} INFO - Downloaded MSFT/1758757525.json -> /tmp/minio_downloads/1758757525.json
[2025-09-28T23:05:40.691+0000] {logging_mixin.py:188} INFO - Downloaded MSFT/1758757533.json -> /tmp/minio_downloads/1758757533.json
[2025-09-28T23:05:40.696+0000] {logging_mixin.py:188} INFO - Downloaded MSFT/1758757541.json -> /tmp/minio_downloads/1758757541.json
[2025-09-28T23:05:40.700+0000] {logging_mixin.py:188} INFO - Downloaded MSFT/1758757549.json -> /tmp/minio_downloads/1758757549.json
[2025-09-28T23:05:40.704+0000] {logging_mixin.py:188} INFO - Downloaded MSFT/1758757558.json -> /tmp/minio_downloads/1758757558.json
[2025-09-28T23:05:40.708+0000] {logging_mixin.py:188} INFO - Downloaded MSFT/1758757566.json -> /tmp/minio_downloads/1758757566.json
[2025-09-28T23:05:40.712+0000] {logging_mixin.py:188} INFO - Downloaded MSFT/1758757574.json -> /tmp/minio_downloads/1758757574.json
[2025-09-28T23:05:40.717+0000] {logging_mixin.py:188} INFO - Downloaded MSFT/1758757582.json -> /tmp/minio_downloads/1758757582.json
[2025-09-28T23:05:40.721+0000] {logging_mixin.py:188} INFO - Downloaded MSFT/1758757590.json -> /tmp/minio_downloads/1758757590.json
[2025-09-28T23:05:40.725+0000] {logging_mixin.py:188} INFO - Downloaded MSFT/1758757598.json -> /tmp/minio_downloads/1758757598.json
[2025-09-28T23:05:40.729+0000] {logging_mixin.py:188} INFO - Downloaded MSFT/1758757606.json -> /tmp/minio_downloads/1758757606.json
[2025-09-28T23:05:40.733+0000] {logging_mixin.py:188} INFO - Downloaded MSFT/1758757614.json -> /tmp/minio_downloads/1758757614.json
[2025-09-28T23:05:40.737+0000] {logging_mixin.py:188} INFO - Downloaded MSFT/1758757622.json -> /tmp/minio_downloads/1758757622.json
[2025-09-28T23:05:40.742+0000] {logging_mixin.py:188} INFO - Downloaded MSFT/1758757630.json -> /tmp/minio_downloads/1758757630.json
[2025-09-28T23:05:40.746+0000] {logging_mixin.py:188} INFO - Downloaded MSFT/1758757638.json -> /tmp/minio_downloads/1758757638.json
[2025-09-28T23:05:40.750+0000] {logging_mixin.py:188} INFO - Downloaded MSFT/1758757647.json -> /tmp/minio_downloads/1758757647.json
[2025-09-28T23:05:40.754+0000] {logging_mixin.py:188} INFO - Downloaded MSFT/1758757655.json -> /tmp/minio_downloads/1758757655.json
[2025-09-28T23:05:40.758+0000] {logging_mixin.py:188} INFO - Downloaded MSFT/1758757663.json -> /tmp/minio_downloads/1758757663.json
[2025-09-28T23:05:40.762+0000] {logging_mixin.py:188} INFO - Downloaded MSFT/1758757671.json -> /tmp/minio_downloads/1758757671.json
[2025-09-28T23:05:40.767+0000] {logging_mixin.py:188} INFO - Downloaded TSLA/1758414068.json -> /tmp/minio_downloads/1758414068.json
[2025-09-28T23:05:40.771+0000] {logging_mixin.py:188} INFO - Downloaded TSLA/1758414076.json -> /tmp/minio_downloads/1758414076.json
[2025-09-28T23:05:40.775+0000] {logging_mixin.py:188} INFO - Downloaded TSLA/1758414084.json -> /tmp/minio_downloads/1758414084.json
[2025-09-28T23:05:40.779+0000] {logging_mixin.py:188} INFO - Downloaded TSLA/1758414092.json -> /tmp/minio_downloads/1758414092.json
[2025-09-28T23:05:40.783+0000] {logging_mixin.py:188} INFO - Downloaded TSLA/1758414100.json -> /tmp/minio_downloads/1758414100.json
[2025-09-28T23:05:40.787+0000] {logging_mixin.py:188} INFO - Downloaded TSLA/1758414108.json -> /tmp/minio_downloads/1758414108.json
[2025-09-28T23:05:40.791+0000] {logging_mixin.py:188} INFO - Downloaded TSLA/1758414116.json -> /tmp/minio_downloads/1758414116.json
[2025-09-28T23:05:40.795+0000] {logging_mixin.py:188} INFO - Downloaded TSLA/1758414124.json -> /tmp/minio_downloads/1758414124.json
[2025-09-28T23:05:40.800+0000] {logging_mixin.py:188} INFO - Downloaded TSLA/1758414132.json -> /tmp/minio_downloads/1758414132.json
[2025-09-28T23:05:40.804+0000] {logging_mixin.py:188} INFO - Downloaded TSLA/1758414140.json -> /tmp/minio_downloads/1758414140.json
[2025-09-28T23:05:40.808+0000] {logging_mixin.py:188} INFO - Downloaded TSLA/1758414148.json -> /tmp/minio_downloads/1758414148.json
[2025-09-28T23:05:40.812+0000] {logging_mixin.py:188} INFO - Downloaded TSLA/1758414156.json -> /tmp/minio_downloads/1758414156.json
[2025-09-28T23:05:40.816+0000] {logging_mixin.py:188} INFO - Downloaded TSLA/1758414164.json -> /tmp/minio_downloads/1758414164.json
[2025-09-28T23:05:40.821+0000] {logging_mixin.py:188} INFO - Downloaded TSLA/1758414172.json -> /tmp/minio_downloads/1758414172.json
[2025-09-28T23:05:40.825+0000] {logging_mixin.py:188} INFO - Downloaded TSLA/1758414180.json -> /tmp/minio_downloads/1758414180.json
[2025-09-28T23:05:40.829+0000] {logging_mixin.py:188} INFO - Downloaded TSLA/1758414188.json -> /tmp/minio_downloads/1758414188.json
[2025-09-28T23:05:40.833+0000] {logging_mixin.py:188} INFO - Downloaded TSLA/1758414196.json -> /tmp/minio_downloads/1758414196.json
[2025-09-28T23:05:40.837+0000] {logging_mixin.py:188} INFO - Downloaded TSLA/1758414203.json -> /tmp/minio_downloads/1758414203.json
[2025-09-28T23:05:40.842+0000] {logging_mixin.py:188} INFO - Downloaded TSLA/1758414212.json -> /tmp/minio_downloads/1758414212.json
[2025-09-28T23:05:40.846+0000] {logging_mixin.py:188} INFO - Downloaded TSLA/1758414219.json -> /tmp/minio_downloads/1758414219.json
[2025-09-28T23:05:40.850+0000] {logging_mixin.py:188} INFO - Downloaded TSLA/1758414227.json -> /tmp/minio_downloads/1758414227.json
[2025-09-28T23:05:40.854+0000] {logging_mixin.py:188} INFO - Downloaded TSLA/1758414235.json -> /tmp/minio_downloads/1758414235.json
[2025-09-28T23:05:40.858+0000] {logging_mixin.py:188} INFO - Downloaded TSLA/1758414243.json -> /tmp/minio_downloads/1758414243.json
[2025-09-28T23:05:40.862+0000] {logging_mixin.py:188} INFO - Downloaded TSLA/1758414251.json -> /tmp/minio_downloads/1758414251.json
[2025-09-28T23:05:40.867+0000] {logging_mixin.py:188} INFO - Downloaded TSLA/1758757218.json -> /tmp/minio_downloads/1758757218.json
[2025-09-28T23:05:40.871+0000] {logging_mixin.py:188} INFO - Downloaded TSLA/1758757226.json -> /tmp/minio_downloads/1758757226.json
[2025-09-28T23:05:40.875+0000] {logging_mixin.py:188} INFO - Downloaded TSLA/1758757234.json -> /tmp/minio_downloads/1758757234.json
[2025-09-28T23:05:40.879+0000] {logging_mixin.py:188} INFO - Downloaded TSLA/1758757242.json -> /tmp/minio_downloads/1758757242.json
[2025-09-28T23:05:40.883+0000] {logging_mixin.py:188} INFO - Downloaded TSLA/1758757250.json -> /tmp/minio_downloads/1758757250.json
[2025-09-28T23:05:40.887+0000] {logging_mixin.py:188} INFO - Downloaded TSLA/1758757258.json -> /tmp/minio_downloads/1758757258.json
[2025-09-28T23:05:40.892+0000] {logging_mixin.py:188} INFO - Downloaded TSLA/1758757266.json -> /tmp/minio_downloads/1758757266.json
[2025-09-28T23:05:40.896+0000] {logging_mixin.py:188} INFO - Downloaded TSLA/1758757275.json -> /tmp/minio_downloads/1758757275.json
[2025-09-28T23:05:40.900+0000] {logging_mixin.py:188} INFO - Downloaded TSLA/1758757283.json -> /tmp/minio_downloads/1758757283.json
[2025-09-28T23:05:40.904+0000] {logging_mixin.py:188} INFO - Downloaded TSLA/1758757291.json -> /tmp/minio_downloads/1758757291.json
[2025-09-28T23:05:40.908+0000] {logging_mixin.py:188} INFO - Downloaded TSLA/1758757299.json -> /tmp/minio_downloads/1758757299.json
[2025-09-28T23:05:40.913+0000] {logging_mixin.py:188} INFO - Downloaded TSLA/1758757307.json -> /tmp/minio_downloads/1758757307.json
[2025-09-28T23:05:40.917+0000] {logging_mixin.py:188} INFO - Downloaded TSLA/1758757315.json -> /tmp/minio_downloads/1758757315.json
[2025-09-28T23:05:40.921+0000] {logging_mixin.py:188} INFO - Downloaded TSLA/1758757323.json -> /tmp/minio_downloads/1758757323.json
[2025-09-28T23:05:40.925+0000] {logging_mixin.py:188} INFO - Downloaded TSLA/1758757331.json -> /tmp/minio_downloads/1758757331.json
[2025-09-28T23:05:40.930+0000] {logging_mixin.py:188} INFO - Downloaded TSLA/1758757340.json -> /tmp/minio_downloads/1758757340.json
[2025-09-28T23:05:40.934+0000] {logging_mixin.py:188} INFO - Downloaded TSLA/1758757348.json -> /tmp/minio_downloads/1758757348.json
[2025-09-28T23:05:40.938+0000] {logging_mixin.py:188} INFO - Downloaded TSLA/1758757356.json -> /tmp/minio_downloads/1758757356.json
[2025-09-28T23:05:40.942+0000] {logging_mixin.py:188} INFO - Downloaded TSLA/1758757364.json -> /tmp/minio_downloads/1758757364.json
[2025-09-28T23:05:40.946+0000] {logging_mixin.py:188} INFO - Downloaded TSLA/1758757372.json -> /tmp/minio_downloads/1758757372.json
[2025-09-28T23:05:40.951+0000] {logging_mixin.py:188} INFO - Downloaded TSLA/1758757380.json -> /tmp/minio_downloads/1758757380.json
[2025-09-28T23:05:40.955+0000] {logging_mixin.py:188} INFO - Downloaded TSLA/1758757388.json -> /tmp/minio_downloads/1758757388.json
[2025-09-28T23:05:40.959+0000] {logging_mixin.py:188} INFO - Downloaded TSLA/1758757396.json -> /tmp/minio_downloads/1758757396.json
[2025-09-28T23:05:40.963+0000] {logging_mixin.py:188} INFO - Downloaded TSLA/1758757404.json -> /tmp/minio_downloads/1758757404.json
[2025-09-28T23:05:40.967+0000] {logging_mixin.py:188} INFO - Downloaded TSLA/1758757412.json -> /tmp/minio_downloads/1758757412.json
[2025-09-28T23:05:40.971+0000] {logging_mixin.py:188} INFO - Downloaded TSLA/1758757420.json -> /tmp/minio_downloads/1758757420.json
[2025-09-28T23:05:40.975+0000] {logging_mixin.py:188} INFO - Downloaded TSLA/1758757429.json -> /tmp/minio_downloads/1758757429.json
[2025-09-28T23:05:40.979+0000] {logging_mixin.py:188} INFO - Downloaded TSLA/1758757437.json -> /tmp/minio_downloads/1758757437.json
[2025-09-28T23:05:40.984+0000] {logging_mixin.py:188} INFO - Downloaded TSLA/1758757445.json -> /tmp/minio_downloads/1758757445.json
[2025-09-28T23:05:40.988+0000] {logging_mixin.py:188} INFO - Downloaded TSLA/1758757453.json -> /tmp/minio_downloads/1758757453.json
[2025-09-28T23:05:40.992+0000] {logging_mixin.py:188} INFO - Downloaded TSLA/1758757461.json -> /tmp/minio_downloads/1758757461.json
[2025-09-28T23:05:40.996+0000] {logging_mixin.py:188} INFO - Downloaded TSLA/1758757469.json -> /tmp/minio_downloads/1758757469.json
[2025-09-28T23:05:41.000+0000] {logging_mixin.py:188} INFO - Downloaded TSLA/1758757477.json -> /tmp/minio_downloads/1758757477.json
[2025-09-28T23:05:41.005+0000] {logging_mixin.py:188} INFO - Downloaded TSLA/1758757485.json -> /tmp/minio_downloads/1758757485.json
[2025-09-28T23:05:41.010+0000] {logging_mixin.py:188} INFO - Downloaded TSLA/1758757493.json -> /tmp/minio_downloads/1758757493.json
[2025-09-28T23:05:41.015+0000] {logging_mixin.py:188} INFO - Downloaded TSLA/1758757501.json -> /tmp/minio_downloads/1758757501.json
[2025-09-28T23:05:41.021+0000] {logging_mixin.py:188} INFO - Downloaded TSLA/1758757509.json -> /tmp/minio_downloads/1758757509.json
[2025-09-28T23:05:41.026+0000] {logging_mixin.py:188} INFO - Downloaded TSLA/1758757518.json -> /tmp/minio_downloads/1758757518.json
[2025-09-28T23:05:41.031+0000] {logging_mixin.py:188} INFO - Downloaded TSLA/1758757526.json -> /tmp/minio_downloads/1758757526.json
[2025-09-28T23:05:41.036+0000] {logging_mixin.py:188} INFO - Downloaded TSLA/1758757534.json -> /tmp/minio_downloads/1758757534.json
[2025-09-28T23:05:41.041+0000] {logging_mixin.py:188} INFO - Downloaded TSLA/1758757542.json -> /tmp/minio_downloads/1758757542.json
[2025-09-28T23:05:41.045+0000] {logging_mixin.py:188} INFO - Downloaded TSLA/1758757550.json -> /tmp/minio_downloads/1758757550.json
[2025-09-28T23:05:41.050+0000] {logging_mixin.py:188} INFO - Downloaded TSLA/1758757558.json -> /tmp/minio_downloads/1758757558.json
[2025-09-28T23:05:41.055+0000] {logging_mixin.py:188} INFO - Downloaded TSLA/1758757566.json -> /tmp/minio_downloads/1758757566.json
[2025-09-28T23:05:41.060+0000] {logging_mixin.py:188} INFO - Downloaded TSLA/1758757574.json -> /tmp/minio_downloads/1758757574.json
[2025-09-28T23:05:41.065+0000] {logging_mixin.py:188} INFO - Downloaded TSLA/1758757582.json -> /tmp/minio_downloads/1758757582.json
[2025-09-28T23:05:41.070+0000] {logging_mixin.py:188} INFO - Downloaded TSLA/1758757590.json -> /tmp/minio_downloads/1758757590.json
[2025-09-28T23:05:41.075+0000] {logging_mixin.py:188} INFO - Downloaded TSLA/1758757598.json -> /tmp/minio_downloads/1758757598.json
[2025-09-28T23:05:41.079+0000] {logging_mixin.py:188} INFO - Downloaded TSLA/1758757606.json -> /tmp/minio_downloads/1758757606.json
[2025-09-28T23:05:41.084+0000] {logging_mixin.py:188} INFO - Downloaded TSLA/1758757615.json -> /tmp/minio_downloads/1758757615.json
[2025-09-28T23:05:41.089+0000] {logging_mixin.py:188} INFO - Downloaded TSLA/1758757623.json -> /tmp/minio_downloads/1758757623.json
[2025-09-28T23:05:41.094+0000] {logging_mixin.py:188} INFO - Downloaded TSLA/1758757631.json -> /tmp/minio_downloads/1758757631.json
[2025-09-28T23:05:41.099+0000] {logging_mixin.py:188} INFO - Downloaded TSLA/1758757639.json -> /tmp/minio_downloads/1758757639.json
[2025-09-28T23:05:41.103+0000] {logging_mixin.py:188} INFO - Downloaded TSLA/1758757647.json -> /tmp/minio_downloads/1758757647.json
[2025-09-28T23:05:41.107+0000] {logging_mixin.py:188} INFO - Downloaded TSLA/1758757655.json -> /tmp/minio_downloads/1758757655.json
[2025-09-28T23:05:41.112+0000] {logging_mixin.py:188} INFO - Downloaded TSLA/1758757663.json -> /tmp/minio_downloads/1758757663.json
[2025-09-28T23:05:41.116+0000] {logging_mixin.py:188} INFO - Downloaded TSLA/1758757671.json -> /tmp/minio_downloads/1758757671.json
[2025-09-28T23:05:41.117+0000] {python.py:237} INFO - Done. Returned value was: ['/tmp/minio_downloads/1758414067.json', '/tmp/minio_downloads/1758414075.json', '/tmp/minio_downloads/1758414083.json', '/tmp/minio_downloads/1758414091.json', '/tmp/minio_downloads/1758414099.json', '/tmp/minio_downloads/1758414107.json', '/tmp/minio_downloads/1758414115.json', '/tmp/minio_downloads/1758414123.json', '/tmp/minio_downloads/1758414131.json', '/tmp/minio_downloads/1758414139.json', '/tmp/minio_downloads/1758414147.json', '/tmp/minio_downloads/1758414155.json', '/tmp/minio_downloads/1758414163.json', '/tmp/minio_downloads/1758414171.json', '/tmp/minio_downloads/1758414179.json', '/tmp/minio_downloads/1758414187.json', '/tmp/minio_downloads/1758414195.json', '/tmp/minio_downloads/1758414203.json', '/tmp/minio_downloads/1758414211.json', '/tmp/minio_downloads/1758414219.json', '/tmp/minio_downloads/1758414227.json', '/tmp/minio_downloads/1758414235.json', '/tmp/minio_downloads/1758414242.json', '/tmp/minio_downloads/1758414250.json', '/tmp/minio_downloads/1758757217.json', '/tmp/minio_downloads/1758757225.json', '/tmp/minio_downloads/1758757233.json', '/tmp/minio_downloads/1758757241.json', '/tmp/minio_downloads/1758757250.json', '/tmp/minio_downloads/1758757258.json', '/tmp/minio_downloads/1758757266.json', '/tmp/minio_downloads/1758757274.json', '/tmp/minio_downloads/1758757282.json', '/tmp/minio_downloads/1758757290.json', '/tmp/minio_downloads/1758757298.json', '/tmp/minio_downloads/1758757306.json', '/tmp/minio_downloads/1758757314.json', '/tmp/minio_downloads/1758757322.json', '/tmp/minio_downloads/1758757331.json', '/tmp/minio_downloads/1758757339.json', '/tmp/minio_downloads/1758757347.json', '/tmp/minio_downloads/1758757355.json', '/tmp/minio_downloads/1758757363.json', '/tmp/minio_downloads/1758757371.json', '/tmp/minio_downloads/1758757379.json', '/tmp/minio_downloads/1758757387.json', '/tmp/minio_downloads/1758757395.json', '/tmp/minio_downloads/1758757403.json', '/tmp/minio_downloads/1758757411.json', '/tmp/minio_downloads/1758757420.json', '/tmp/minio_downloads/1758757428.json', '/tmp/minio_downloads/1758757436.json', '/tmp/minio_downloads/1758757444.json', '/tmp/minio_downloads/1758757452.json', '/tmp/minio_downloads/1758757460.json', '/tmp/minio_downloads/1758757468.json', '/tmp/minio_downloads/1758757476.json', '/tmp/minio_downloads/1758757484.json', '/tmp/minio_downloads/1758757492.json', '/tmp/minio_downloads/1758757500.json', '/tmp/minio_downloads/1758757509.json', '/tmp/minio_downloads/1758757517.json', '/tmp/minio_downloads/1758757525.json', '/tmp/minio_downloads/1758757533.json', '/tmp/minio_downloads/1758757541.json', '/tmp/minio_downloads/1758757549.json', '/tmp/minio_downloads/1758757557.json', '/tmp/minio_downloads/1758757565.json', '/tmp/minio_downloads/1758757573.json', '/tmp/minio_downloads/1758757581.json', '/tmp/minio_downloads/1758757589.json', '/tmp/minio_downloads/1758757598.json', '/tmp/minio_downloads/1758757606.json', '/tmp/minio_downloads/1758757614.json', '/tmp/minio_downloads/1758757622.json', '/tmp/minio_downloads/1758757630.json', '/tmp/minio_downloads/1758757638.json', '/tmp/minio_downloads/1758757646.json', '/tmp/minio_downloads/1758757654.json', '/tmp/minio_downloads/1758757662.json', '/tmp/minio_downloads/1758757671.json', '/tmp/minio_downloads/1758414069.json', '/tmp/minio_downloads/1758414077.json', '/tmp/minio_downloads/1758414085.json', '/tmp/minio_downloads/1758414093.json', '/tmp/minio_downloads/1758414101.json', '/tmp/minio_downloads/1758414109.json', '/tmp/minio_downloads/1758414117.json', '/tmp/minio_downloads/1758414125.json', '/tmp/minio_downloads/1758414133.json', '/tmp/minio_downloads/1758414141.json', '/tmp/minio_downloads/1758414149.json', '/tmp/minio_downloads/1758414157.json', '/tmp/minio_downloads/1758414165.json', '/tmp/minio_downloads/1758414173.json', '/tmp/minio_downloads/1758414180.json', '/tmp/minio_downloads/1758414188.json', '/tmp/minio_downloads/1758414196.json', '/tmp/minio_downloads/1758414204.json', '/tmp/minio_downloads/1758414212.json', '/tmp/minio_downloads/1758414220.json', '/tmp/minio_downloads/1758414228.json', '/tmp/minio_downloads/1758414236.json', '/tmp/minio_downloads/1758414244.json', '/tmp/minio_downloads/1758414252.json', '/tmp/minio_downloads/1758757219.json', '/tmp/minio_downloads/1758757227.json', '/tmp/minio_downloads/1758757235.json', '/tmp/minio_downloads/1758757243.json', '/tmp/minio_downloads/1758757251.json', '/tmp/minio_downloads/1758757259.json', '/tmp/minio_downloads/1758757267.json', '/tmp/minio_downloads/1758757275.json', '/tmp/minio_downloads/1758757283.json', '/tmp/minio_downloads/1758757292.json', '/tmp/minio_downloads/1758757300.json', '/tmp/minio_downloads/1758757308.json', '/tmp/minio_downloads/1758757316.json', '/tmp/minio_downloads/1758757324.json', '/tmp/minio_downloads/1758757332.json', '/tmp/minio_downloads/1758757340.json', '/tmp/minio_downloads/1758757349.json', '/tmp/minio_downloads/1758757357.json', '/tmp/minio_downloads/1758757365.json', '/tmp/minio_downloads/1758757373.json', '/tmp/minio_downloads/1758757381.json', '/tmp/minio_downloads/1758757389.json', '/tmp/minio_downloads/1758757397.json', '/tmp/minio_downloads/1758757405.json', '/tmp/minio_downloads/1758757413.json', '/tmp/minio_downloads/1758757421.json', '/tmp/minio_downloads/1758757429.json', '/tmp/minio_downloads/1758757437.json', '/tmp/minio_downloads/1758757446.json', '/tmp/minio_downloads/1758757454.json', '/tmp/minio_downloads/1758757462.json', '/tmp/minio_downloads/1758757470.json', '/tmp/minio_downloads/1758757478.json', '/tmp/minio_downloads/1758757486.json', '/tmp/minio_downloads/1758757494.json', '/tmp/minio_downloads/1758757502.json', '/tmp/minio_downloads/1758757510.json', '/tmp/minio_downloads/1758757518.json', '/tmp/minio_downloads/1758757526.json', '/tmp/minio_downloads/1758757535.json', '/tmp/minio_downloads/1758757543.json', '/tmp/minio_downloads/1758757551.json', '/tmp/minio_downloads/1758757559.json', '/tmp/minio_downloads/1758757567.json', '/tmp/minio_downloads/1758757575.json', '/tmp/minio_downloads/1758757583.json', '/tmp/minio_downloads/1758757591.json', '/tmp/minio_downloads/1758757599.json', '/tmp/minio_downloads/1758757607.json', '/tmp/minio_downloads/1758757615.json', '/tmp/minio_downloads/1758757624.json', '/tmp/minio_downloads/1758757632.json', '/tmp/minio_downloads/1758757640.json', '/tmp/minio_downloads/1758757648.json', '/tmp/minio_downloads/1758757656.json', '/tmp/minio_downloads/1758757664.json', '/tmp/minio_downloads/1758757672.json', '/tmp/minio_downloads/1758414068.json', '/tmp/minio_downloads/1758414076.json', '/tmp/minio_downloads/1758414084.json', '/tmp/minio_downloads/1758414093.json', '/tmp/minio_downloads/1758414101.json', '/tmp/minio_downloads/1758414108.json', '/tmp/minio_downloads/1758414116.json', '/tmp/minio_downloads/1758414124.json', '/tmp/minio_downloads/1758414132.json', '/tmp/minio_downloads/1758414140.json', '/tmp/minio_downloads/1758414148.json', '/tmp/minio_downloads/1758414156.json', '/tmp/minio_downloads/1758414164.json', '/tmp/minio_downloads/1758414172.json', '/tmp/minio_downloads/1758414180.json', '/tmp/minio_downloads/1758414188.json', '/tmp/minio_downloads/1758414196.json', '/tmp/minio_downloads/1758414204.json', '/tmp/minio_downloads/1758414212.json', '/tmp/minio_downloads/1758414220.json', '/tmp/minio_downloads/1758414228.json', '/tmp/minio_downloads/1758414236.json', '/tmp/minio_downloads/1758414244.json', '/tmp/minio_downloads/1758414252.json', '/tmp/minio_downloads/1758757218.json', '/tmp/minio_downloads/1758757226.json', '/tmp/minio_downloads/1758757235.json', '/tmp/minio_downloads/1758757243.json', '/tmp/minio_downloads/1758757251.json', '/tmp/minio_downloads/1758757259.json', '/tmp/minio_downloads/1758757267.json', '/tmp/minio_downloads/1758757275.json', '/tmp/minio_downloads/1758757283.json', '/tmp/minio_downloads/1758757291.json', '/tmp/minio_downloads/1758757299.json', '/tmp/minio_downloads/1758757308.json', '/tmp/minio_downloads/1758757316.json', '/tmp/minio_downloads/1758757324.json', '/tmp/minio_downloads/1758757332.json', '/tmp/minio_downloads/1758757340.json', '/tmp/minio_downloads/1758757348.json', '/tmp/minio_downloads/1758757356.json', '/tmp/minio_downloads/1758757364.json', '/tmp/minio_downloads/1758757372.json', '/tmp/minio_downloads/1758757380.json', '/tmp/minio_downloads/1758757388.json', '/tmp/minio_downloads/1758757397.json', '/tmp/minio_downloads/1758757405.json', '/tmp/minio_downloads/1758757413.json', '/tmp/minio_downloads/1758757421.json', '/tmp/minio_downloads/1758757429.json', '/tmp/minio_downloads/1758757437.json', '/tmp/minio_downloads/1758757445.json', '/tmp/minio_downloads/1758757453.json', '/tmp/minio_downloads/1758757461.json', '/tmp/minio_downloads/1758757469.json', '/tmp/minio_downloads/1758757478.json', '/tmp/minio_downloads/1758757486.json', '/tmp/minio_downloads/1758757494.json', '/tmp/minio_downloads/1758757502.json', '/tmp/minio_downloads/1758757510.json', '/tmp/minio_downloads/1758757518.json', '/tmp/minio_downloads/1758757526.json', '/tmp/minio_downloads/1758757534.json', '/tmp/minio_downloads/1758757542.json', '/tmp/minio_downloads/1758757550.json', '/tmp/minio_downloads/1758757558.json', '/tmp/minio_downloads/1758757566.json', '/tmp/minio_downloads/1758757575.json', '/tmp/minio_downloads/1758757583.json', '/tmp/minio_downloads/1758757591.json', '/tmp/minio_downloads/1758757599.json', '/tmp/minio_downloads/1758757607.json', '/tmp/minio_downloads/1758757615.json', '/tmp/minio_downloads/1758757623.json', '/tmp/minio_downloads/1758757631.json', '/tmp/minio_downloads/1758757639.json', '/tmp/minio_downloads/1758757647.json', '/tmp/minio_downloads/1758757656.json', '/tmp/minio_downloads/1758757664.json', '/tmp/minio_downloads/1758757672.json', '/tmp/minio_downloads/1758414068.json', '/tmp/minio_downloads/1758414076.json', '/tmp/minio_downloads/1758414084.json', '/tmp/minio_downloads/1758414092.json', '/tmp/minio_downloads/1758414100.json', '/tmp/minio_downloads/1758414108.json', '/tmp/minio_downloads/1758414116.json', '/tmp/minio_downloads/1758414124.json', '/tmp/minio_downloads/1758414132.json', '/tmp/minio_downloads/1758414139.json', '/tmp/minio_downloads/1758414147.json', '/tmp/minio_downloads/1758414155.json', '/tmp/minio_downloads/1758414163.json', '/tmp/minio_downloads/1758414171.json', '/tmp/minio_downloads/1758414179.json', '/tmp/minio_downloads/1758414187.json', '/tmp/minio_downloads/1758414195.json', '/tmp/minio_downloads/1758414203.json', '/tmp/minio_downloads/1758414211.json', '/tmp/minio_downloads/1758414219.json', '/tmp/minio_downloads/1758414227.json', '/tmp/minio_downloads/1758414235.json', '/tmp/minio_downloads/1758414243.json', '/tmp/minio_downloads/1758414251.json', '/tmp/minio_downloads/1758757217.json', '/tmp/minio_downloads/1758757225.json', '/tmp/minio_downloads/1758757234.json', '/tmp/minio_downloads/1758757242.json', '/tmp/minio_downloads/1758757250.json', '/tmp/minio_downloads/1758757258.json', '/tmp/minio_downloads/1758757266.json', '/tmp/minio_downloads/1758757274.json', '/tmp/minio_downloads/1758757282.json', '/tmp/minio_downloads/1758757290.json', '/tmp/minio_downloads/1758757299.json', '/tmp/minio_downloads/1758757307.json', '/tmp/minio_downloads/1758757315.json', '/tmp/minio_downloads/1758757323.json', '/tmp/minio_downloads/1758757331.json', '/tmp/minio_downloads/1758757339.json', '/tmp/minio_downloads/1758757347.json', '/tmp/minio_downloads/1758757355.json', '/tmp/minio_downloads/1758757363.json', '/tmp/minio_downloads/1758757371.json', '/tmp/minio_downloads/1758757379.json', '/tmp/minio_downloads/1758757387.json', '/tmp/minio_downloads/1758757396.json', '/tmp/minio_downloads/1758757404.json', '/tmp/minio_downloads/1758757412.json', '/tmp/minio_downloads/1758757420.json', '/tmp/minio_downloads/1758757428.json', '/tmp/minio_downloads/1758757436.json', '/tmp/minio_downloads/1758757444.json', '/tmp/minio_downloads/1758757452.json', '/tmp/minio_downloads/1758757460.json', '/tmp/minio_downloads/1758757469.json', '/tmp/minio_downloads/1758757477.json', '/tmp/minio_downloads/1758757485.json', '/tmp/minio_downloads/1758757493.json', '/tmp/minio_downloads/1758757501.json', '/tmp/minio_downloads/1758757509.json', '/tmp/minio_downloads/1758757517.json', '/tmp/minio_downloads/1758757525.json', '/tmp/minio_downloads/1758757533.json', '/tmp/minio_downloads/1758757541.json', '/tmp/minio_downloads/1758757549.json', '/tmp/minio_downloads/1758757558.json', '/tmp/minio_downloads/1758757566.json', '/tmp/minio_downloads/1758757574.json', '/tmp/minio_downloads/1758757582.json', '/tmp/minio_downloads/1758757590.json', '/tmp/minio_downloads/1758757598.json', '/tmp/minio_downloads/1758757606.json', '/tmp/minio_downloads/1758757614.json', '/tmp/minio_downloads/1758757622.json', '/tmp/minio_downloads/1758757630.json', '/tmp/minio_downloads/1758757638.json', '/tmp/minio_downloads/1758757647.json', '/tmp/minio_downloads/1758757655.json', '/tmp/minio_downloads/1758757663.json', '/tmp/minio_downloads/1758757671.json', '/tmp/minio_downloads/1758414068.json', '/tmp/minio_downloads/1758414076.json', '/tmp/minio_downloads/1758414084.json', '/tmp/minio_downloads/1758414092.json', '/tmp/minio_downloads/1758414100.json', '/tmp/minio_downloads/1758414108.json', '/tmp/minio_downloads/1758414116.json', '/tmp/minio_downloads/1758414124.json', '/tmp/minio_downloads/1758414132.json', '/tmp/minio_downloads/1758414140.json', '/tmp/minio_downloads/1758414148.json', '/tmp/minio_downloads/1758414156.json', '/tmp/minio_downloads/1758414164.json', '/tmp/minio_downloads/1758414172.json', '/tmp/minio_downloads/1758414180.json', '/tmp/minio_downloads/1758414188.json', '/tmp/minio_downloads/1758414196.json', '/tmp/minio_downloads/1758414203.json', '/tmp/minio_downloads/1758414212.json', '/tmp/minio_downloads/1758414219.json', '/tmp/minio_downloads/1758414227.json', '/tmp/minio_downloads/1758414235.json', '/tmp/minio_downloads/1758414243.json', '/tmp/minio_downloads/1758414251.json', '/tmp/minio_downloads/1758757218.json', '/tmp/minio_downloads/1758757226.json', '/tmp/minio_downloads/1758757234.json', '/tmp/minio_downloads/1758757242.json', '/tmp/minio_downloads/1758757250.json', '/tmp/minio_downloads/1758757258.json', '/tmp/minio_downloads/1758757266.json', '/tmp/minio_downloads/1758757275.json', '/tmp/minio_downloads/1758757283.json', '/tmp/minio_downloads/1758757291.json', '/tmp/minio_downloads/1758757299.json', '/tmp/minio_downloads/1758757307.json', '/tmp/minio_downloads/1758757315.json', '/tmp/minio_downloads/1758757323.json', '/tmp/minio_downloads/1758757331.json', '/tmp/minio_downloads/1758757340.json', '/tmp/minio_downloads/1758757348.json', '/tmp/minio_downloads/1758757356.json', '/tmp/minio_downloads/1758757364.json', '/tmp/minio_downloads/1758757372.json', '/tmp/minio_downloads/1758757380.json', '/tmp/minio_downloads/1758757388.json', '/tmp/minio_downloads/1758757396.json', '/tmp/minio_downloads/1758757404.json', '/tmp/minio_downloads/1758757412.json', '/tmp/minio_downloads/1758757420.json', '/tmp/minio_downloads/1758757429.json', '/tmp/minio_downloads/1758757437.json', '/tmp/minio_downloads/1758757445.json', '/tmp/minio_downloads/1758757453.json', '/tmp/minio_downloads/1758757461.json', '/tmp/minio_downloads/1758757469.json', '/tmp/minio_downloads/1758757477.json', '/tmp/minio_downloads/1758757485.json', '/tmp/minio_downloads/1758757493.json', '/tmp/minio_downloads/1758757501.json', '/tmp/minio_downloads/1758757509.json', '/tmp/minio_downloads/1758757518.json', '/tmp/minio_downloads/1758757526.json', '/tmp/minio_downloads/1758757534.json', '/tmp/minio_downloads/1758757542.json', '/tmp/minio_downloads/1758757550.json', '/tmp/minio_downloads/1758757558.json', '/tmp/minio_downloads/1758757566.json', '/tmp/minio_downloads/1758757574.json', '/tmp/minio_downloads/1758757582.json', '/tmp/minio_downloads/1758757590.json', '/tmp/minio_downloads/1758757598.json', '/tmp/minio_downloads/1758757606.json', '/tmp/minio_downloads/1758757615.json', '/tmp/minio_downloads/1758757623.json', '/tmp/minio_downloads/1758757631.json', '/tmp/minio_downloads/1758757639.json', '/tmp/minio_downloads/1758757647.json', '/tmp/minio_downloads/1758757655.json', '/tmp/minio_downloads/1758757663.json', '/tmp/minio_downloads/1758757671.json']
[2025-09-28T23:05:41.120+0000] {taskinstance.py:441} INFO - ::group::Post task execution logs
[2025-09-28T23:05:41.243+0000] {taskinstance.py:1206} INFO - Marking task as SUCCESS. dag_id=minio_to_snowflake, task_id=download_minio, run_id=scheduled__2025-09-28T23:04:00+00:00, execution_date=20250928T230400, start_date=20250928T230539, end_date=20250928T230541
[2025-09-28T23:05:41.299+0000] {local_task_job_runner.py:243} INFO - Task exited with return code 0
[2025-09-28T23:05:41.313+0000] {taskinstance.py:3503} INFO - 1 downstream tasks scheduled from follow-on schedule check
[2025-09-28T23:05:41.315+0000] {local_task_job_runner.py:222} INFO - ::endgroup::
