[2025-09-28T22:52:49.990+0000] {local_task_job_runner.py:120} INFO - ::group::Pre task execution logs
[2025-09-28T22:52:50.009+0000] {taskinstance.py:2076} INFO - Dependencies all met for dep_context=non-requeueable deps ti=<TaskInstance: minio_to_snowflake.download_minio scheduled__2025-09-28T22:51:00+00:00 [queued]>
[2025-09-28T22:52:50.014+0000] {taskinstance.py:2076} INFO - Dependencies all met for dep_context=requeueable deps ti=<TaskInstance: minio_to_snowflake.download_minio scheduled__2025-09-28T22:51:00+00:00 [queued]>
[2025-09-28T22:52:50.014+0000] {taskinstance.py:2306} INFO - Starting attempt 1 of 2
[2025-09-28T22:52:50.025+0000] {taskinstance.py:2330} INFO - Executing <Task(PythonOperator): download_minio> on 2025-09-28 22:51:00+00:00
[2025-09-28T22:52:50.031+0000] {standard_task_runner.py:90} INFO - Running: ['***', 'tasks', 'run', 'minio_to_snowflake', 'download_minio', 'scheduled__2025-09-28T22:51:00+00:00', '--job-id', '118', '--raw', '--subdir', 'DAGS_FOLDER/minio_snowflake.py', '--cfg-path', '/tmp/tmpao3anxfd']
[2025-09-28T22:52:50.033+0000] {standard_task_runner.py:91} INFO - Job 118: Subtask download_minio
[2025-09-28T22:52:50.033+0000] {logging_mixin.py:188} WARNING - /home/***/.local/lib/python3.12/site-packages/***/task/task_runner/standard_task_runner.py:62 DeprecationWarning: This process (pid=74385) is multi-threaded, use of fork() may lead to deadlocks in the child.
[2025-09-28T22:52:50.034+0000] {standard_task_runner.py:64} INFO - Started process 74403 to run task
[2025-09-28T22:52:50.064+0000] {task_command.py:426} INFO - Running <TaskInstance: minio_to_snowflake.download_minio scheduled__2025-09-28T22:51:00+00:00 [running]> on host f6f7016991e5
[2025-09-28T22:52:50.120+0000] {taskinstance.py:2648} INFO - Exporting env vars: AIRFLOW_CTX_DAG_OWNER='***' AIRFLOW_CTX_DAG_ID='minio_to_snowflake' AIRFLOW_CTX_TASK_ID='download_minio' AIRFLOW_CTX_EXECUTION_DATE='2025-09-28T22:51:00+00:00' AIRFLOW_CTX_TRY_NUMBER='1' AIRFLOW_CTX_DAG_RUN_ID='scheduled__2025-09-28T22:51:00+00:00'
[2025-09-28T22:52:50.121+0000] {taskinstance.py:430} INFO - ::endgroup::
[2025-09-28T22:52:50.387+0000] {logging_mixin.py:188} INFO - Downloaded AAPL/1758414067.json -> /tmp/minio_downloads/1758414067.json
[2025-09-28T22:52:50.391+0000] {logging_mixin.py:188} INFO - Downloaded AAPL/1758414075.json -> /tmp/minio_downloads/1758414075.json
[2025-09-28T22:52:50.395+0000] {logging_mixin.py:188} INFO - Downloaded AAPL/1758414083.json -> /tmp/minio_downloads/1758414083.json
[2025-09-28T22:52:50.400+0000] {logging_mixin.py:188} INFO - Downloaded AAPL/1758414091.json -> /tmp/minio_downloads/1758414091.json
[2025-09-28T22:52:50.404+0000] {logging_mixin.py:188} INFO - Downloaded AAPL/1758414099.json -> /tmp/minio_downloads/1758414099.json
[2025-09-28T22:52:50.408+0000] {logging_mixin.py:188} INFO - Downloaded AAPL/1758414107.json -> /tmp/minio_downloads/1758414107.json
[2025-09-28T22:52:50.412+0000] {logging_mixin.py:188} INFO - Downloaded AAPL/1758414115.json -> /tmp/minio_downloads/1758414115.json
[2025-09-28T22:52:50.416+0000] {logging_mixin.py:188} INFO - Downloaded AAPL/1758414123.json -> /tmp/minio_downloads/1758414123.json
[2025-09-28T22:52:50.420+0000] {logging_mixin.py:188} INFO - Downloaded AAPL/1758414131.json -> /tmp/minio_downloads/1758414131.json
[2025-09-28T22:52:50.424+0000] {logging_mixin.py:188} INFO - Downloaded AAPL/1758414139.json -> /tmp/minio_downloads/1758414139.json
[2025-09-28T22:52:50.428+0000] {logging_mixin.py:188} INFO - Downloaded AAPL/1758414147.json -> /tmp/minio_downloads/1758414147.json
[2025-09-28T22:52:50.432+0000] {logging_mixin.py:188} INFO - Downloaded AAPL/1758414155.json -> /tmp/minio_downloads/1758414155.json
[2025-09-28T22:52:50.436+0000] {logging_mixin.py:188} INFO - Downloaded AAPL/1758414163.json -> /tmp/minio_downloads/1758414163.json
[2025-09-28T22:52:50.440+0000] {logging_mixin.py:188} INFO - Downloaded AAPL/1758414171.json -> /tmp/minio_downloads/1758414171.json
[2025-09-28T22:52:50.444+0000] {logging_mixin.py:188} INFO - Downloaded AAPL/1758414179.json -> /tmp/minio_downloads/1758414179.json
[2025-09-28T22:52:50.448+0000] {logging_mixin.py:188} INFO - Downloaded AAPL/1758414187.json -> /tmp/minio_downloads/1758414187.json
[2025-09-28T22:52:50.452+0000] {logging_mixin.py:188} INFO - Downloaded AAPL/1758414195.json -> /tmp/minio_downloads/1758414195.json
[2025-09-28T22:52:50.456+0000] {logging_mixin.py:188} INFO - Downloaded AAPL/1758414203.json -> /tmp/minio_downloads/1758414203.json
[2025-09-28T22:52:50.460+0000] {logging_mixin.py:188} INFO - Downloaded AAPL/1758414211.json -> /tmp/minio_downloads/1758414211.json
[2025-09-28T22:52:50.464+0000] {logging_mixin.py:188} INFO - Downloaded AAPL/1758414219.json -> /tmp/minio_downloads/1758414219.json
[2025-09-28T22:52:50.468+0000] {logging_mixin.py:188} INFO - Downloaded AAPL/1758414227.json -> /tmp/minio_downloads/1758414227.json
[2025-09-28T22:52:50.472+0000] {logging_mixin.py:188} INFO - Downloaded AAPL/1758414235.json -> /tmp/minio_downloads/1758414235.json
[2025-09-28T22:52:50.477+0000] {logging_mixin.py:188} INFO - Downloaded AAPL/1758414242.json -> /tmp/minio_downloads/1758414242.json
[2025-09-28T22:52:50.481+0000] {logging_mixin.py:188} INFO - Downloaded AAPL/1758414250.json -> /tmp/minio_downloads/1758414250.json
[2025-09-28T22:52:50.487+0000] {logging_mixin.py:188} INFO - Downloaded AAPL/1758757217.json -> /tmp/minio_downloads/1758757217.json
[2025-09-28T22:52:50.492+0000] {logging_mixin.py:188} INFO - Downloaded AAPL/1758757225.json -> /tmp/minio_downloads/1758757225.json
[2025-09-28T22:52:50.496+0000] {logging_mixin.py:188} INFO - Downloaded AAPL/1758757233.json -> /tmp/minio_downloads/1758757233.json
[2025-09-28T22:52:50.501+0000] {logging_mixin.py:188} INFO - Downloaded AAPL/1758757241.json -> /tmp/minio_downloads/1758757241.json
[2025-09-28T22:52:50.507+0000] {logging_mixin.py:188} INFO - Downloaded AAPL/1758757250.json -> /tmp/minio_downloads/1758757250.json
[2025-09-28T22:52:50.512+0000] {logging_mixin.py:188} INFO - Downloaded AAPL/1758757258.json -> /tmp/minio_downloads/1758757258.json
[2025-09-28T22:52:50.517+0000] {logging_mixin.py:188} INFO - Downloaded AAPL/1758757266.json -> /tmp/minio_downloads/1758757266.json
[2025-09-28T22:52:50.522+0000] {logging_mixin.py:188} INFO - Downloaded AAPL/1758757274.json -> /tmp/minio_downloads/1758757274.json
[2025-09-28T22:52:50.526+0000] {logging_mixin.py:188} INFO - Downloaded AAPL/1758757282.json -> /tmp/minio_downloads/1758757282.json
[2025-09-28T22:52:50.530+0000] {logging_mixin.py:188} INFO - Downloaded AAPL/1758757290.json -> /tmp/minio_downloads/1758757290.json
[2025-09-28T22:52:50.535+0000] {logging_mixin.py:188} INFO - Downloaded AAPL/1758757298.json -> /tmp/minio_downloads/1758757298.json
[2025-09-28T22:52:50.539+0000] {logging_mixin.py:188} INFO - Downloaded AAPL/1758757306.json -> /tmp/minio_downloads/1758757306.json
[2025-09-28T22:52:50.544+0000] {logging_mixin.py:188} INFO - Downloaded AAPL/1758757314.json -> /tmp/minio_downloads/1758757314.json
[2025-09-28T22:52:50.548+0000] {logging_mixin.py:188} INFO - Downloaded AAPL/1758757322.json -> /tmp/minio_downloads/1758757322.json
[2025-09-28T22:52:50.553+0000] {logging_mixin.py:188} INFO - Downloaded AAPL/1758757331.json -> /tmp/minio_downloads/1758757331.json
[2025-09-28T22:52:50.558+0000] {logging_mixin.py:188} INFO - Downloaded AAPL/1758757339.json -> /tmp/minio_downloads/1758757339.json
[2025-09-28T22:52:50.562+0000] {logging_mixin.py:188} INFO - Downloaded AAPL/1758757347.json -> /tmp/minio_downloads/1758757347.json
[2025-09-28T22:52:50.566+0000] {logging_mixin.py:188} INFO - Downloaded AAPL/1758757355.json -> /tmp/minio_downloads/1758757355.json
[2025-09-28T22:52:50.571+0000] {logging_mixin.py:188} INFO - Downloaded AAPL/1758757363.json -> /tmp/minio_downloads/1758757363.json
[2025-09-28T22:52:50.575+0000] {logging_mixin.py:188} INFO - Downloaded AAPL/1758757371.json -> /tmp/minio_downloads/1758757371.json
[2025-09-28T22:52:50.580+0000] {logging_mixin.py:188} INFO - Downloaded AAPL/1758757379.json -> /tmp/minio_downloads/1758757379.json
[2025-09-28T22:52:50.584+0000] {logging_mixin.py:188} INFO - Downloaded AAPL/1758757387.json -> /tmp/minio_downloads/1758757387.json
[2025-09-28T22:52:50.588+0000] {logging_mixin.py:188} INFO - Downloaded AAPL/1758757395.json -> /tmp/minio_downloads/1758757395.json
[2025-09-28T22:52:50.592+0000] {logging_mixin.py:188} INFO - Downloaded AAPL/1758757403.json -> /tmp/minio_downloads/1758757403.json
[2025-09-28T22:52:50.596+0000] {logging_mixin.py:188} INFO - Downloaded AAPL/1758757411.json -> /tmp/minio_downloads/1758757411.json
[2025-09-28T22:52:50.600+0000] {logging_mixin.py:188} INFO - Downloaded AAPL/1758757420.json -> /tmp/minio_downloads/1758757420.json
[2025-09-28T22:52:50.604+0000] {logging_mixin.py:188} INFO - Downloaded AAPL/1758757428.json -> /tmp/minio_downloads/1758757428.json
[2025-09-28T22:52:50.608+0000] {logging_mixin.py:188} INFO - Downloaded AAPL/1758757436.json -> /tmp/minio_downloads/1758757436.json
[2025-09-28T22:52:50.612+0000] {logging_mixin.py:188} INFO - Downloaded AAPL/1758757444.json -> /tmp/minio_downloads/1758757444.json
[2025-09-28T22:52:50.616+0000] {logging_mixin.py:188} INFO - Downloaded AAPL/1758757452.json -> /tmp/minio_downloads/1758757452.json
[2025-09-28T22:52:50.620+0000] {logging_mixin.py:188} INFO - Downloaded AAPL/1758757460.json -> /tmp/minio_downloads/1758757460.json
[2025-09-28T22:52:50.624+0000] {logging_mixin.py:188} INFO - Downloaded AAPL/1758757468.json -> /tmp/minio_downloads/1758757468.json
[2025-09-28T22:52:50.629+0000] {logging_mixin.py:188} INFO - Downloaded AAPL/1758757476.json -> /tmp/minio_downloads/1758757476.json
[2025-09-28T22:52:50.634+0000] {logging_mixin.py:188} INFO - Downloaded AAPL/1758757484.json -> /tmp/minio_downloads/1758757484.json
[2025-09-28T22:52:50.640+0000] {logging_mixin.py:188} INFO - Downloaded AAPL/1758757492.json -> /tmp/minio_downloads/1758757492.json
[2025-09-28T22:52:50.644+0000] {logging_mixin.py:188} INFO - Downloaded AAPL/1758757500.json -> /tmp/minio_downloads/1758757500.json
[2025-09-28T22:52:50.649+0000] {logging_mixin.py:188} INFO - Downloaded AAPL/1758757509.json -> /tmp/minio_downloads/1758757509.json
[2025-09-28T22:52:50.653+0000] {logging_mixin.py:188} INFO - Downloaded AAPL/1758757517.json -> /tmp/minio_downloads/1758757517.json
[2025-09-28T22:52:50.657+0000] {logging_mixin.py:188} INFO - Downloaded AAPL/1758757525.json -> /tmp/minio_downloads/1758757525.json
[2025-09-28T22:52:50.661+0000] {logging_mixin.py:188} INFO - Downloaded AAPL/1758757533.json -> /tmp/minio_downloads/1758757533.json
[2025-09-28T22:52:50.665+0000] {logging_mixin.py:188} INFO - Downloaded AAPL/1758757541.json -> /tmp/minio_downloads/1758757541.json
[2025-09-28T22:52:50.669+0000] {logging_mixin.py:188} INFO - Downloaded AAPL/1758757549.json -> /tmp/minio_downloads/1758757549.json
[2025-09-28T22:52:50.673+0000] {logging_mixin.py:188} INFO - Downloaded AAPL/1758757557.json -> /tmp/minio_downloads/1758757557.json
[2025-09-28T22:52:50.677+0000] {logging_mixin.py:188} INFO - Downloaded AAPL/1758757565.json -> /tmp/minio_downloads/1758757565.json
[2025-09-28T22:52:50.681+0000] {logging_mixin.py:188} INFO - Downloaded AAPL/1758757573.json -> /tmp/minio_downloads/1758757573.json
[2025-09-28T22:52:50.685+0000] {logging_mixin.py:188} INFO - Downloaded AAPL/1758757581.json -> /tmp/minio_downloads/1758757581.json
[2025-09-28T22:52:50.689+0000] {logging_mixin.py:188} INFO - Downloaded AAPL/1758757589.json -> /tmp/minio_downloads/1758757589.json
[2025-09-28T22:52:50.693+0000] {logging_mixin.py:188} INFO - Downloaded AAPL/1758757598.json -> /tmp/minio_downloads/1758757598.json
[2025-09-28T22:52:50.697+0000] {logging_mixin.py:188} INFO - Downloaded AAPL/1758757606.json -> /tmp/minio_downloads/1758757606.json
[2025-09-28T22:52:50.701+0000] {logging_mixin.py:188} INFO - Downloaded AAPL/1758757614.json -> /tmp/minio_downloads/1758757614.json
[2025-09-28T22:52:50.705+0000] {logging_mixin.py:188} INFO - Downloaded AAPL/1758757622.json -> /tmp/minio_downloads/1758757622.json
[2025-09-28T22:52:50.709+0000] {logging_mixin.py:188} INFO - Downloaded AAPL/1758757630.json -> /tmp/minio_downloads/1758757630.json
[2025-09-28T22:52:50.713+0000] {logging_mixin.py:188} INFO - Downloaded AAPL/1758757638.json -> /tmp/minio_downloads/1758757638.json
[2025-09-28T22:52:50.717+0000] {logging_mixin.py:188} INFO - Downloaded AAPL/1758757646.json -> /tmp/minio_downloads/1758757646.json
[2025-09-28T22:52:50.721+0000] {logging_mixin.py:188} INFO - Downloaded AAPL/1758757654.json -> /tmp/minio_downloads/1758757654.json
[2025-09-28T22:52:50.725+0000] {logging_mixin.py:188} INFO - Downloaded AAPL/1758757662.json -> /tmp/minio_downloads/1758757662.json
[2025-09-28T22:52:50.729+0000] {logging_mixin.py:188} INFO - Downloaded AAPL/1758757671.json -> /tmp/minio_downloads/1758757671.json
[2025-09-28T22:52:50.733+0000] {logging_mixin.py:188} INFO - Downloaded AMZN/1758414069.json -> /tmp/minio_downloads/1758414069.json
[2025-09-28T22:52:50.737+0000] {logging_mixin.py:188} INFO - Downloaded AMZN/1758414077.json -> /tmp/minio_downloads/1758414077.json
[2025-09-28T22:52:50.741+0000] {logging_mixin.py:188} INFO - Downloaded AMZN/1758414085.json -> /tmp/minio_downloads/1758414085.json
[2025-09-28T22:52:50.745+0000] {logging_mixin.py:188} INFO - Downloaded AMZN/1758414093.json -> /tmp/minio_downloads/1758414093.json
[2025-09-28T22:52:50.749+0000] {logging_mixin.py:188} INFO - Downloaded AMZN/1758414101.json -> /tmp/minio_downloads/1758414101.json
[2025-09-28T22:52:50.753+0000] {logging_mixin.py:188} INFO - Downloaded AMZN/1758414109.json -> /tmp/minio_downloads/1758414109.json
[2025-09-28T22:52:50.757+0000] {logging_mixin.py:188} INFO - Downloaded AMZN/1758414117.json -> /tmp/minio_downloads/1758414117.json
[2025-09-28T22:52:50.761+0000] {logging_mixin.py:188} INFO - Downloaded AMZN/1758414125.json -> /tmp/minio_downloads/1758414125.json
[2025-09-28T22:52:50.765+0000] {logging_mixin.py:188} INFO - Downloaded AMZN/1758414133.json -> /tmp/minio_downloads/1758414133.json
[2025-09-28T22:52:50.769+0000] {logging_mixin.py:188} INFO - Downloaded AMZN/1758414141.json -> /tmp/minio_downloads/1758414141.json
[2025-09-28T22:52:50.773+0000] {logging_mixin.py:188} INFO - Downloaded AMZN/1758414149.json -> /tmp/minio_downloads/1758414149.json
[2025-09-28T22:52:50.777+0000] {logging_mixin.py:188} INFO - Downloaded AMZN/1758414157.json -> /tmp/minio_downloads/1758414157.json
[2025-09-28T22:52:50.781+0000] {logging_mixin.py:188} INFO - Downloaded AMZN/1758414165.json -> /tmp/minio_downloads/1758414165.json
[2025-09-28T22:52:50.785+0000] {logging_mixin.py:188} INFO - Downloaded AMZN/1758414173.json -> /tmp/minio_downloads/1758414173.json
[2025-09-28T22:52:50.789+0000] {logging_mixin.py:188} INFO - Downloaded AMZN/1758414180.json -> /tmp/minio_downloads/1758414180.json
[2025-09-28T22:52:50.793+0000] {logging_mixin.py:188} INFO - Downloaded AMZN/1758414188.json -> /tmp/minio_downloads/1758414188.json
[2025-09-28T22:52:50.797+0000] {logging_mixin.py:188} INFO - Downloaded AMZN/1758414196.json -> /tmp/minio_downloads/1758414196.json
[2025-09-28T22:52:50.801+0000] {logging_mixin.py:188} INFO - Downloaded AMZN/1758414204.json -> /tmp/minio_downloads/1758414204.json
[2025-09-28T22:52:50.805+0000] {logging_mixin.py:188} INFO - Downloaded AMZN/1758414212.json -> /tmp/minio_downloads/1758414212.json
[2025-09-28T22:52:50.809+0000] {logging_mixin.py:188} INFO - Downloaded AMZN/1758414220.json -> /tmp/minio_downloads/1758414220.json
[2025-09-28T22:52:50.813+0000] {logging_mixin.py:188} INFO - Downloaded AMZN/1758414228.json -> /tmp/minio_downloads/1758414228.json
[2025-09-28T22:52:50.816+0000] {logging_mixin.py:188} INFO - Downloaded AMZN/1758414236.json -> /tmp/minio_downloads/1758414236.json
[2025-09-28T22:52:50.820+0000] {logging_mixin.py:188} INFO - Downloaded AMZN/1758414244.json -> /tmp/minio_downloads/1758414244.json
[2025-09-28T22:52:50.824+0000] {logging_mixin.py:188} INFO - Downloaded AMZN/1758414252.json -> /tmp/minio_downloads/1758414252.json
[2025-09-28T22:52:50.828+0000] {logging_mixin.py:188} INFO - Downloaded AMZN/1758757219.json -> /tmp/minio_downloads/1758757219.json
[2025-09-28T22:52:50.832+0000] {logging_mixin.py:188} INFO - Downloaded AMZN/1758757227.json -> /tmp/minio_downloads/1758757227.json
[2025-09-28T22:52:50.836+0000] {logging_mixin.py:188} INFO - Downloaded AMZN/1758757235.json -> /tmp/minio_downloads/1758757235.json
[2025-09-28T22:52:50.840+0000] {logging_mixin.py:188} INFO - Downloaded AMZN/1758757243.json -> /tmp/minio_downloads/1758757243.json
[2025-09-28T22:52:50.844+0000] {logging_mixin.py:188} INFO - Downloaded AMZN/1758757251.json -> /tmp/minio_downloads/1758757251.json
[2025-09-28T22:52:50.848+0000] {logging_mixin.py:188} INFO - Downloaded AMZN/1758757259.json -> /tmp/minio_downloads/1758757259.json
[2025-09-28T22:52:50.852+0000] {logging_mixin.py:188} INFO - Downloaded AMZN/1758757267.json -> /tmp/minio_downloads/1758757267.json
[2025-09-28T22:52:50.856+0000] {logging_mixin.py:188} INFO - Downloaded AMZN/1758757275.json -> /tmp/minio_downloads/1758757275.json
[2025-09-28T22:52:50.860+0000] {logging_mixin.py:188} INFO - Downloaded AMZN/1758757283.json -> /tmp/minio_downloads/1758757283.json
[2025-09-28T22:52:50.864+0000] {logging_mixin.py:188} INFO - Downloaded AMZN/1758757292.json -> /tmp/minio_downloads/1758757292.json
[2025-09-28T22:52:50.868+0000] {logging_mixin.py:188} INFO - Downloaded AMZN/1758757300.json -> /tmp/minio_downloads/1758757300.json
[2025-09-28T22:52:50.872+0000] {logging_mixin.py:188} INFO - Downloaded AMZN/1758757308.json -> /tmp/minio_downloads/1758757308.json
[2025-09-28T22:52:50.876+0000] {logging_mixin.py:188} INFO - Downloaded AMZN/1758757316.json -> /tmp/minio_downloads/1758757316.json
[2025-09-28T22:52:50.881+0000] {logging_mixin.py:188} INFO - Downloaded AMZN/1758757324.json -> /tmp/minio_downloads/1758757324.json
[2025-09-28T22:52:50.885+0000] {logging_mixin.py:188} INFO - Downloaded AMZN/1758757332.json -> /tmp/minio_downloads/1758757332.json
[2025-09-28T22:52:50.889+0000] {logging_mixin.py:188} INFO - Downloaded AMZN/1758757340.json -> /tmp/minio_downloads/1758757340.json
[2025-09-28T22:52:50.893+0000] {logging_mixin.py:188} INFO - Downloaded AMZN/1758757349.json -> /tmp/minio_downloads/1758757349.json
[2025-09-28T22:52:50.897+0000] {logging_mixin.py:188} INFO - Downloaded AMZN/1758757357.json -> /tmp/minio_downloads/1758757357.json
[2025-09-28T22:52:50.901+0000] {logging_mixin.py:188} INFO - Downloaded AMZN/1758757365.json -> /tmp/minio_downloads/1758757365.json
[2025-09-28T22:52:50.905+0000] {logging_mixin.py:188} INFO - Downloaded AMZN/1758757373.json -> /tmp/minio_downloads/1758757373.json
[2025-09-28T22:52:50.909+0000] {logging_mixin.py:188} INFO - Downloaded AMZN/1758757381.json -> /tmp/minio_downloads/1758757381.json
[2025-09-28T22:52:50.913+0000] {logging_mixin.py:188} INFO - Downloaded AMZN/1758757389.json -> /tmp/minio_downloads/1758757389.json
[2025-09-28T22:52:50.919+0000] {logging_mixin.py:188} INFO - Downloaded AMZN/1758757397.json -> /tmp/minio_downloads/1758757397.json
[2025-09-28T22:52:50.923+0000] {logging_mixin.py:188} INFO - Downloaded AMZN/1758757405.json -> /tmp/minio_downloads/1758757405.json
[2025-09-28T22:52:50.927+0000] {logging_mixin.py:188} INFO - Downloaded AMZN/1758757413.json -> /tmp/minio_downloads/1758757413.json
[2025-09-28T22:52:50.931+0000] {logging_mixin.py:188} INFO - Downloaded AMZN/1758757421.json -> /tmp/minio_downloads/1758757421.json
[2025-09-28T22:52:50.936+0000] {logging_mixin.py:188} INFO - Downloaded AMZN/1758757429.json -> /tmp/minio_downloads/1758757429.json
[2025-09-28T22:52:50.940+0000] {logging_mixin.py:188} INFO - Downloaded AMZN/1758757437.json -> /tmp/minio_downloads/1758757437.json
[2025-09-28T22:52:50.944+0000] {logging_mixin.py:188} INFO - Downloaded AMZN/1758757446.json -> /tmp/minio_downloads/1758757446.json
[2025-09-28T22:52:50.948+0000] {logging_mixin.py:188} INFO - Downloaded AMZN/1758757454.json -> /tmp/minio_downloads/1758757454.json
[2025-09-28T22:52:50.953+0000] {logging_mixin.py:188} INFO - Downloaded AMZN/1758757462.json -> /tmp/minio_downloads/1758757462.json
[2025-09-28T22:52:50.957+0000] {logging_mixin.py:188} INFO - Downloaded AMZN/1758757470.json -> /tmp/minio_downloads/1758757470.json
[2025-09-28T22:52:50.961+0000] {logging_mixin.py:188} INFO - Downloaded AMZN/1758757478.json -> /tmp/minio_downloads/1758757478.json
[2025-09-28T22:52:50.966+0000] {logging_mixin.py:188} INFO - Downloaded AMZN/1758757486.json -> /tmp/minio_downloads/1758757486.json
[2025-09-28T22:52:50.970+0000] {logging_mixin.py:188} INFO - Downloaded AMZN/1758757494.json -> /tmp/minio_downloads/1758757494.json
[2025-09-28T22:52:50.974+0000] {logging_mixin.py:188} INFO - Downloaded AMZN/1758757502.json -> /tmp/minio_downloads/1758757502.json
[2025-09-28T22:52:50.978+0000] {logging_mixin.py:188} INFO - Downloaded AMZN/1758757510.json -> /tmp/minio_downloads/1758757510.json
[2025-09-28T22:52:50.982+0000] {logging_mixin.py:188} INFO - Downloaded AMZN/1758757518.json -> /tmp/minio_downloads/1758757518.json
[2025-09-28T22:52:50.987+0000] {logging_mixin.py:188} INFO - Downloaded AMZN/1758757526.json -> /tmp/minio_downloads/1758757526.json
[2025-09-28T22:52:50.991+0000] {logging_mixin.py:188} INFO - Downloaded AMZN/1758757535.json -> /tmp/minio_downloads/1758757535.json
[2025-09-28T22:52:50.995+0000] {logging_mixin.py:188} INFO - Downloaded AMZN/1758757543.json -> /tmp/minio_downloads/1758757543.json
[2025-09-28T22:52:50.999+0000] {logging_mixin.py:188} INFO - Downloaded AMZN/1758757551.json -> /tmp/minio_downloads/1758757551.json
[2025-09-28T22:52:51.003+0000] {logging_mixin.py:188} INFO - Downloaded AMZN/1758757559.json -> /tmp/minio_downloads/1758757559.json
[2025-09-28T22:52:51.007+0000] {logging_mixin.py:188} INFO - Downloaded AMZN/1758757567.json -> /tmp/minio_downloads/1758757567.json
[2025-09-28T22:52:51.011+0000] {logging_mixin.py:188} INFO - Downloaded AMZN/1758757575.json -> /tmp/minio_downloads/1758757575.json
[2025-09-28T22:52:51.015+0000] {logging_mixin.py:188} INFO - Downloaded AMZN/1758757583.json -> /tmp/minio_downloads/1758757583.json
[2025-09-28T22:52:51.019+0000] {logging_mixin.py:188} INFO - Downloaded AMZN/1758757591.json -> /tmp/minio_downloads/1758757591.json
[2025-09-28T22:52:51.023+0000] {logging_mixin.py:188} INFO - Downloaded AMZN/1758757599.json -> /tmp/minio_downloads/1758757599.json
[2025-09-28T22:52:51.027+0000] {logging_mixin.py:188} INFO - Downloaded AMZN/1758757607.json -> /tmp/minio_downloads/1758757607.json
[2025-09-28T22:52:51.031+0000] {logging_mixin.py:188} INFO - Downloaded AMZN/1758757615.json -> /tmp/minio_downloads/1758757615.json
[2025-09-28T22:52:51.036+0000] {logging_mixin.py:188} INFO - Downloaded AMZN/1758757624.json -> /tmp/minio_downloads/1758757624.json
[2025-09-28T22:52:51.040+0000] {logging_mixin.py:188} INFO - Downloaded AMZN/1758757632.json -> /tmp/minio_downloads/1758757632.json
[2025-09-28T22:52:51.044+0000] {logging_mixin.py:188} INFO - Downloaded AMZN/1758757640.json -> /tmp/minio_downloads/1758757640.json
[2025-09-28T22:52:51.048+0000] {logging_mixin.py:188} INFO - Downloaded AMZN/1758757648.json -> /tmp/minio_downloads/1758757648.json
[2025-09-28T22:52:51.052+0000] {logging_mixin.py:188} INFO - Downloaded AMZN/1758757656.json -> /tmp/minio_downloads/1758757656.json
[2025-09-28T22:52:51.055+0000] {logging_mixin.py:188} INFO - Downloaded AMZN/1758757664.json -> /tmp/minio_downloads/1758757664.json
[2025-09-28T22:52:51.059+0000] {logging_mixin.py:188} INFO - Downloaded AMZN/1758757672.json -> /tmp/minio_downloads/1758757672.json
[2025-09-28T22:52:51.063+0000] {logging_mixin.py:188} INFO - Downloaded GOOGL/1758414068.json -> /tmp/minio_downloads/1758414068.json
[2025-09-28T22:52:51.068+0000] {logging_mixin.py:188} INFO - Downloaded GOOGL/1758414076.json -> /tmp/minio_downloads/1758414076.json
[2025-09-28T22:52:51.072+0000] {logging_mixin.py:188} INFO - Downloaded GOOGL/1758414084.json -> /tmp/minio_downloads/1758414084.json
[2025-09-28T22:52:51.075+0000] {logging_mixin.py:188} INFO - Downloaded GOOGL/1758414093.json -> /tmp/minio_downloads/1758414093.json
[2025-09-28T22:52:51.079+0000] {logging_mixin.py:188} INFO - Downloaded GOOGL/1758414101.json -> /tmp/minio_downloads/1758414101.json
[2025-09-28T22:52:51.083+0000] {logging_mixin.py:188} INFO - Downloaded GOOGL/1758414108.json -> /tmp/minio_downloads/1758414108.json
[2025-09-28T22:52:51.088+0000] {logging_mixin.py:188} INFO - Downloaded GOOGL/1758414116.json -> /tmp/minio_downloads/1758414116.json
[2025-09-28T22:52:51.091+0000] {logging_mixin.py:188} INFO - Downloaded GOOGL/1758414124.json -> /tmp/minio_downloads/1758414124.json
[2025-09-28T22:52:51.096+0000] {logging_mixin.py:188} INFO - Downloaded GOOGL/1758414132.json -> /tmp/minio_downloads/1758414132.json
[2025-09-28T22:52:51.100+0000] {logging_mixin.py:188} INFO - Downloaded GOOGL/1758414140.json -> /tmp/minio_downloads/1758414140.json
[2025-09-28T22:52:51.104+0000] {logging_mixin.py:188} INFO - Downloaded GOOGL/1758414148.json -> /tmp/minio_downloads/1758414148.json
[2025-09-28T22:52:51.108+0000] {logging_mixin.py:188} INFO - Downloaded GOOGL/1758414156.json -> /tmp/minio_downloads/1758414156.json
[2025-09-28T22:52:51.112+0000] {logging_mixin.py:188} INFO - Downloaded GOOGL/1758414164.json -> /tmp/minio_downloads/1758414164.json
[2025-09-28T22:52:51.116+0000] {logging_mixin.py:188} INFO - Downloaded GOOGL/1758414172.json -> /tmp/minio_downloads/1758414172.json
[2025-09-28T22:52:51.120+0000] {logging_mixin.py:188} INFO - Downloaded GOOGL/1758414180.json -> /tmp/minio_downloads/1758414180.json
[2025-09-28T22:52:51.124+0000] {logging_mixin.py:188} INFO - Downloaded GOOGL/1758414188.json -> /tmp/minio_downloads/1758414188.json
[2025-09-28T22:52:51.128+0000] {logging_mixin.py:188} INFO - Downloaded GOOGL/1758414196.json -> /tmp/minio_downloads/1758414196.json
[2025-09-28T22:52:51.132+0000] {logging_mixin.py:188} INFO - Downloaded GOOGL/1758414204.json -> /tmp/minio_downloads/1758414204.json
[2025-09-28T22:52:51.136+0000] {logging_mixin.py:188} INFO - Downloaded GOOGL/1758414212.json -> /tmp/minio_downloads/1758414212.json
[2025-09-28T22:52:51.140+0000] {logging_mixin.py:188} INFO - Downloaded GOOGL/1758414220.json -> /tmp/minio_downloads/1758414220.json
[2025-09-28T22:52:51.143+0000] {logging_mixin.py:188} INFO - Downloaded GOOGL/1758414228.json -> /tmp/minio_downloads/1758414228.json
[2025-09-28T22:52:51.147+0000] {logging_mixin.py:188} INFO - Downloaded GOOGL/1758414236.json -> /tmp/minio_downloads/1758414236.json
[2025-09-28T22:52:51.152+0000] {logging_mixin.py:188} INFO - Downloaded GOOGL/1758414244.json -> /tmp/minio_downloads/1758414244.json
[2025-09-28T22:52:51.155+0000] {logging_mixin.py:188} INFO - Downloaded GOOGL/1758414252.json -> /tmp/minio_downloads/1758414252.json
[2025-09-28T22:52:51.160+0000] {logging_mixin.py:188} INFO - Downloaded GOOGL/1758757218.json -> /tmp/minio_downloads/1758757218.json
[2025-09-28T22:52:51.163+0000] {logging_mixin.py:188} INFO - Downloaded GOOGL/1758757226.json -> /tmp/minio_downloads/1758757226.json
[2025-09-28T22:52:51.167+0000] {logging_mixin.py:188} INFO - Downloaded GOOGL/1758757235.json -> /tmp/minio_downloads/1758757235.json
[2025-09-28T22:52:51.171+0000] {logging_mixin.py:188} INFO - Downloaded GOOGL/1758757243.json -> /tmp/minio_downloads/1758757243.json
[2025-09-28T22:52:51.175+0000] {logging_mixin.py:188} INFO - Downloaded GOOGL/1758757251.json -> /tmp/minio_downloads/1758757251.json
[2025-09-28T22:52:51.179+0000] {logging_mixin.py:188} INFO - Downloaded GOOGL/1758757259.json -> /tmp/minio_downloads/1758757259.json
[2025-09-28T22:52:51.183+0000] {logging_mixin.py:188} INFO - Downloaded GOOGL/1758757267.json -> /tmp/minio_downloads/1758757267.json
[2025-09-28T22:52:51.187+0000] {logging_mixin.py:188} INFO - Downloaded GOOGL/1758757275.json -> /tmp/minio_downloads/1758757275.json
[2025-09-28T22:52:51.192+0000] {logging_mixin.py:188} INFO - Downloaded GOOGL/1758757283.json -> /tmp/minio_downloads/1758757283.json
[2025-09-28T22:52:51.195+0000] {logging_mixin.py:188} INFO - Downloaded GOOGL/1758757291.json -> /tmp/minio_downloads/1758757291.json
[2025-09-28T22:52:51.199+0000] {logging_mixin.py:188} INFO - Downloaded GOOGL/1758757299.json -> /tmp/minio_downloads/1758757299.json
[2025-09-28T22:52:51.204+0000] {logging_mixin.py:188} INFO - Downloaded GOOGL/1758757308.json -> /tmp/minio_downloads/1758757308.json
[2025-09-28T22:52:51.208+0000] {logging_mixin.py:188} INFO - Downloaded GOOGL/1758757316.json -> /tmp/minio_downloads/1758757316.json
[2025-09-28T22:52:51.212+0000] {logging_mixin.py:188} INFO - Downloaded GOOGL/1758757324.json -> /tmp/minio_downloads/1758757324.json
[2025-09-28T22:52:51.216+0000] {logging_mixin.py:188} INFO - Downloaded GOOGL/1758757332.json -> /tmp/minio_downloads/1758757332.json
[2025-09-28T22:52:51.220+0000] {logging_mixin.py:188} INFO - Downloaded GOOGL/1758757340.json -> /tmp/minio_downloads/1758757340.json
[2025-09-28T22:52:51.224+0000] {logging_mixin.py:188} INFO - Downloaded GOOGL/1758757348.json -> /tmp/minio_downloads/1758757348.json
[2025-09-28T22:52:51.227+0000] {logging_mixin.py:188} INFO - Downloaded GOOGL/1758757356.json -> /tmp/minio_downloads/1758757356.json
[2025-09-28T22:52:51.231+0000] {logging_mixin.py:188} INFO - Downloaded GOOGL/1758757364.json -> /tmp/minio_downloads/1758757364.json
[2025-09-28T22:52:51.235+0000] {logging_mixin.py:188} INFO - Downloaded GOOGL/1758757372.json -> /tmp/minio_downloads/1758757372.json
[2025-09-28T22:52:51.240+0000] {logging_mixin.py:188} INFO - Downloaded GOOGL/1758757380.json -> /tmp/minio_downloads/1758757380.json
[2025-09-28T22:52:51.243+0000] {logging_mixin.py:188} INFO - Downloaded GOOGL/1758757388.json -> /tmp/minio_downloads/1758757388.json
[2025-09-28T22:52:51.247+0000] {logging_mixin.py:188} INFO - Downloaded GOOGL/1758757397.json -> /tmp/minio_downloads/1758757397.json
[2025-09-28T22:52:51.251+0000] {logging_mixin.py:188} INFO - Downloaded GOOGL/1758757405.json -> /tmp/minio_downloads/1758757405.json
[2025-09-28T22:52:51.255+0000] {logging_mixin.py:188} INFO - Downloaded GOOGL/1758757413.json -> /tmp/minio_downloads/1758757413.json
[2025-09-28T22:52:51.259+0000] {logging_mixin.py:188} INFO - Downloaded GOOGL/1758757421.json -> /tmp/minio_downloads/1758757421.json
[2025-09-28T22:52:51.263+0000] {logging_mixin.py:188} INFO - Downloaded GOOGL/1758757429.json -> /tmp/minio_downloads/1758757429.json
[2025-09-28T22:52:51.268+0000] {logging_mixin.py:188} INFO - Downloaded GOOGL/1758757437.json -> /tmp/minio_downloads/1758757437.json
[2025-09-28T22:52:51.272+0000] {logging_mixin.py:188} INFO - Downloaded GOOGL/1758757445.json -> /tmp/minio_downloads/1758757445.json
[2025-09-28T22:52:51.276+0000] {logging_mixin.py:188} INFO - Downloaded GOOGL/1758757453.json -> /tmp/minio_downloads/1758757453.json
[2025-09-28T22:52:51.280+0000] {logging_mixin.py:188} INFO - Downloaded GOOGL/1758757461.json -> /tmp/minio_downloads/1758757461.json
[2025-09-28T22:52:51.284+0000] {logging_mixin.py:188} INFO - Downloaded GOOGL/1758757469.json -> /tmp/minio_downloads/1758757469.json
[2025-09-28T22:52:51.288+0000] {logging_mixin.py:188} INFO - Downloaded GOOGL/1758757478.json -> /tmp/minio_downloads/1758757478.json
[2025-09-28T22:52:51.292+0000] {logging_mixin.py:188} INFO - Downloaded GOOGL/1758757486.json -> /tmp/minio_downloads/1758757486.json
[2025-09-28T22:52:51.296+0000] {logging_mixin.py:188} INFO - Downloaded GOOGL/1758757494.json -> /tmp/minio_downloads/1758757494.json
[2025-09-28T22:52:51.300+0000] {logging_mixin.py:188} INFO - Downloaded GOOGL/1758757502.json -> /tmp/minio_downloads/1758757502.json
[2025-09-28T22:52:51.304+0000] {logging_mixin.py:188} INFO - Downloaded GOOGL/1758757510.json -> /tmp/minio_downloads/1758757510.json
[2025-09-28T22:52:51.308+0000] {logging_mixin.py:188} INFO - Downloaded GOOGL/1758757518.json -> /tmp/minio_downloads/1758757518.json
[2025-09-28T22:52:51.312+0000] {logging_mixin.py:188} INFO - Downloaded GOOGL/1758757526.json -> /tmp/minio_downloads/1758757526.json
[2025-09-28T22:52:51.316+0000] {logging_mixin.py:188} INFO - Downloaded GOOGL/1758757534.json -> /tmp/minio_downloads/1758757534.json
[2025-09-28T22:52:51.320+0000] {logging_mixin.py:188} INFO - Downloaded GOOGL/1758757542.json -> /tmp/minio_downloads/1758757542.json
[2025-09-28T22:52:51.324+0000] {logging_mixin.py:188} INFO - Downloaded GOOGL/1758757550.json -> /tmp/minio_downloads/1758757550.json
[2025-09-28T22:52:51.328+0000] {logging_mixin.py:188} INFO - Downloaded GOOGL/1758757558.json -> /tmp/minio_downloads/1758757558.json
[2025-09-28T22:52:51.332+0000] {logging_mixin.py:188} INFO - Downloaded GOOGL/1758757566.json -> /tmp/minio_downloads/1758757566.json
[2025-09-28T22:52:51.337+0000] {logging_mixin.py:188} INFO - Downloaded GOOGL/1758757575.json -> /tmp/minio_downloads/1758757575.json
[2025-09-28T22:52:51.341+0000] {logging_mixin.py:188} INFO - Downloaded GOOGL/1758757583.json -> /tmp/minio_downloads/1758757583.json
[2025-09-28T22:52:51.345+0000] {logging_mixin.py:188} INFO - Downloaded GOOGL/1758757591.json -> /tmp/minio_downloads/1758757591.json
[2025-09-28T22:52:51.349+0000] {logging_mixin.py:188} INFO - Downloaded GOOGL/1758757599.json -> /tmp/minio_downloads/1758757599.json
[2025-09-28T22:52:51.354+0000] {logging_mixin.py:188} INFO - Downloaded GOOGL/1758757607.json -> /tmp/minio_downloads/1758757607.json
[2025-09-28T22:52:51.358+0000] {logging_mixin.py:188} INFO - Downloaded GOOGL/1758757615.json -> /tmp/minio_downloads/1758757615.json
[2025-09-28T22:52:51.362+0000] {logging_mixin.py:188} INFO - Downloaded GOOGL/1758757623.json -> /tmp/minio_downloads/1758757623.json
[2025-09-28T22:52:51.366+0000] {logging_mixin.py:188} INFO - Downloaded GOOGL/1758757631.json -> /tmp/minio_downloads/1758757631.json
[2025-09-28T22:52:51.370+0000] {logging_mixin.py:188} INFO - Downloaded GOOGL/1758757639.json -> /tmp/minio_downloads/1758757639.json
[2025-09-28T22:52:51.375+0000] {logging_mixin.py:188} INFO - Downloaded GOOGL/1758757647.json -> /tmp/minio_downloads/1758757647.json
[2025-09-28T22:52:51.379+0000] {logging_mixin.py:188} INFO - Downloaded GOOGL/1758757656.json -> /tmp/minio_downloads/1758757656.json
[2025-09-28T22:52:51.383+0000] {logging_mixin.py:188} INFO - Downloaded GOOGL/1758757664.json -> /tmp/minio_downloads/1758757664.json
[2025-09-28T22:52:51.389+0000] {logging_mixin.py:188} INFO - Downloaded GOOGL/1758757672.json -> /tmp/minio_downloads/1758757672.json
[2025-09-28T22:52:51.394+0000] {logging_mixin.py:188} INFO - Downloaded MSFT/1758414068.json -> /tmp/minio_downloads/1758414068.json
[2025-09-28T22:52:51.401+0000] {logging_mixin.py:188} INFO - Downloaded MSFT/1758414076.json -> /tmp/minio_downloads/1758414076.json
[2025-09-28T22:52:51.405+0000] {logging_mixin.py:188} INFO - Downloaded MSFT/1758414084.json -> /tmp/minio_downloads/1758414084.json
[2025-09-28T22:52:51.409+0000] {logging_mixin.py:188} INFO - Downloaded MSFT/1758414092.json -> /tmp/minio_downloads/1758414092.json
[2025-09-28T22:52:51.413+0000] {logging_mixin.py:188} INFO - Downloaded MSFT/1758414100.json -> /tmp/minio_downloads/1758414100.json
[2025-09-28T22:52:51.417+0000] {logging_mixin.py:188} INFO - Downloaded MSFT/1758414108.json -> /tmp/minio_downloads/1758414108.json
[2025-09-28T22:52:51.421+0000] {logging_mixin.py:188} INFO - Downloaded MSFT/1758414116.json -> /tmp/minio_downloads/1758414116.json
[2025-09-28T22:52:51.425+0000] {logging_mixin.py:188} INFO - Downloaded MSFT/1758414124.json -> /tmp/minio_downloads/1758414124.json
[2025-09-28T22:52:51.429+0000] {logging_mixin.py:188} INFO - Downloaded MSFT/1758414132.json -> /tmp/minio_downloads/1758414132.json
[2025-09-28T22:52:51.433+0000] {logging_mixin.py:188} INFO - Downloaded MSFT/1758414139.json -> /tmp/minio_downloads/1758414139.json
[2025-09-28T22:52:51.437+0000] {logging_mixin.py:188} INFO - Downloaded MSFT/1758414147.json -> /tmp/minio_downloads/1758414147.json
[2025-09-28T22:52:51.441+0000] {logging_mixin.py:188} INFO - Downloaded MSFT/1758414155.json -> /tmp/minio_downloads/1758414155.json
[2025-09-28T22:52:51.445+0000] {logging_mixin.py:188} INFO - Downloaded MSFT/1758414163.json -> /tmp/minio_downloads/1758414163.json
[2025-09-28T22:52:51.449+0000] {logging_mixin.py:188} INFO - Downloaded MSFT/1758414171.json -> /tmp/minio_downloads/1758414171.json
[2025-09-28T22:52:51.453+0000] {logging_mixin.py:188} INFO - Downloaded MSFT/1758414179.json -> /tmp/minio_downloads/1758414179.json
[2025-09-28T22:52:51.457+0000] {logging_mixin.py:188} INFO - Downloaded MSFT/1758414187.json -> /tmp/minio_downloads/1758414187.json
[2025-09-28T22:52:51.461+0000] {logging_mixin.py:188} INFO - Downloaded MSFT/1758414195.json -> /tmp/minio_downloads/1758414195.json
[2025-09-28T22:52:51.465+0000] {logging_mixin.py:188} INFO - Downloaded MSFT/1758414203.json -> /tmp/minio_downloads/1758414203.json
[2025-09-28T22:52:51.469+0000] {logging_mixin.py:188} INFO - Downloaded MSFT/1758414211.json -> /tmp/minio_downloads/1758414211.json
[2025-09-28T22:52:51.473+0000] {logging_mixin.py:188} INFO - Downloaded MSFT/1758414219.json -> /tmp/minio_downloads/1758414219.json
[2025-09-28T22:52:51.477+0000] {logging_mixin.py:188} INFO - Downloaded MSFT/1758414227.json -> /tmp/minio_downloads/1758414227.json
[2025-09-28T22:52:51.481+0000] {logging_mixin.py:188} INFO - Downloaded MSFT/1758414235.json -> /tmp/minio_downloads/1758414235.json
[2025-09-28T22:52:51.485+0000] {logging_mixin.py:188} INFO - Downloaded MSFT/1758414243.json -> /tmp/minio_downloads/1758414243.json
[2025-09-28T22:52:51.489+0000] {logging_mixin.py:188} INFO - Downloaded MSFT/1758414251.json -> /tmp/minio_downloads/1758414251.json
[2025-09-28T22:52:51.493+0000] {logging_mixin.py:188} INFO - Downloaded MSFT/1758757217.json -> /tmp/minio_downloads/1758757217.json
[2025-09-28T22:52:51.497+0000] {logging_mixin.py:188} INFO - Downloaded MSFT/1758757225.json -> /tmp/minio_downloads/1758757225.json
[2025-09-28T22:52:51.501+0000] {logging_mixin.py:188} INFO - Downloaded MSFT/1758757234.json -> /tmp/minio_downloads/1758757234.json
[2025-09-28T22:52:51.505+0000] {logging_mixin.py:188} INFO - Downloaded MSFT/1758757242.json -> /tmp/minio_downloads/1758757242.json
[2025-09-28T22:52:51.509+0000] {logging_mixin.py:188} INFO - Downloaded MSFT/1758757250.json -> /tmp/minio_downloads/1758757250.json
[2025-09-28T22:52:51.513+0000] {logging_mixin.py:188} INFO - Downloaded MSFT/1758757258.json -> /tmp/minio_downloads/1758757258.json
[2025-09-28T22:52:51.516+0000] {logging_mixin.py:188} INFO - Downloaded MSFT/1758757266.json -> /tmp/minio_downloads/1758757266.json
[2025-09-28T22:52:51.521+0000] {logging_mixin.py:188} INFO - Downloaded MSFT/1758757274.json -> /tmp/minio_downloads/1758757274.json
[2025-09-28T22:52:51.525+0000] {logging_mixin.py:188} INFO - Downloaded MSFT/1758757282.json -> /tmp/minio_downloads/1758757282.json
[2025-09-28T22:52:51.528+0000] {logging_mixin.py:188} INFO - Downloaded MSFT/1758757290.json -> /tmp/minio_downloads/1758757290.json
[2025-09-28T22:52:51.532+0000] {logging_mixin.py:188} INFO - Downloaded MSFT/1758757299.json -> /tmp/minio_downloads/1758757299.json
[2025-09-28T22:52:51.536+0000] {logging_mixin.py:188} INFO - Downloaded MSFT/1758757307.json -> /tmp/minio_downloads/1758757307.json
[2025-09-28T22:52:51.540+0000] {logging_mixin.py:188} INFO - Downloaded MSFT/1758757315.json -> /tmp/minio_downloads/1758757315.json
[2025-09-28T22:52:51.544+0000] {logging_mixin.py:188} INFO - Downloaded MSFT/1758757323.json -> /tmp/minio_downloads/1758757323.json
[2025-09-28T22:52:51.548+0000] {logging_mixin.py:188} INFO - Downloaded MSFT/1758757331.json -> /tmp/minio_downloads/1758757331.json
[2025-09-28T22:52:51.553+0000] {logging_mixin.py:188} INFO - Downloaded MSFT/1758757339.json -> /tmp/minio_downloads/1758757339.json
[2025-09-28T22:52:51.556+0000] {logging_mixin.py:188} INFO - Downloaded MSFT/1758757347.json -> /tmp/minio_downloads/1758757347.json
[2025-09-28T22:52:51.561+0000] {logging_mixin.py:188} INFO - Downloaded MSFT/1758757355.json -> /tmp/minio_downloads/1758757355.json
[2025-09-28T22:52:51.564+0000] {logging_mixin.py:188} INFO - Downloaded MSFT/1758757363.json -> /tmp/minio_downloads/1758757363.json
[2025-09-28T22:52:51.568+0000] {logging_mixin.py:188} INFO - Downloaded MSFT/1758757371.json -> /tmp/minio_downloads/1758757371.json
[2025-09-28T22:52:51.572+0000] {logging_mixin.py:188} INFO - Downloaded MSFT/1758757379.json -> /tmp/minio_downloads/1758757379.json
[2025-09-28T22:52:51.576+0000] {logging_mixin.py:188} INFO - Downloaded MSFT/1758757387.json -> /tmp/minio_downloads/1758757387.json
[2025-09-28T22:52:51.580+0000] {logging_mixin.py:188} INFO - Downloaded MSFT/1758757396.json -> /tmp/minio_downloads/1758757396.json
[2025-09-28T22:52:51.584+0000] {logging_mixin.py:188} INFO - Downloaded MSFT/1758757404.json -> /tmp/minio_downloads/1758757404.json
[2025-09-28T22:52:51.588+0000] {logging_mixin.py:188} INFO - Downloaded MSFT/1758757412.json -> /tmp/minio_downloads/1758757412.json
[2025-09-28T22:52:51.592+0000] {logging_mixin.py:188} INFO - Downloaded MSFT/1758757420.json -> /tmp/minio_downloads/1758757420.json
[2025-09-28T22:52:51.596+0000] {logging_mixin.py:188} INFO - Downloaded MSFT/1758757428.json -> /tmp/minio_downloads/1758757428.json
[2025-09-28T22:52:51.600+0000] {logging_mixin.py:188} INFO - Downloaded MSFT/1758757436.json -> /tmp/minio_downloads/1758757436.json
[2025-09-28T22:52:51.604+0000] {logging_mixin.py:188} INFO - Downloaded MSFT/1758757444.json -> /tmp/minio_downloads/1758757444.json
[2025-09-28T22:52:51.608+0000] {logging_mixin.py:188} INFO - Downloaded MSFT/1758757452.json -> /tmp/minio_downloads/1758757452.json
[2025-09-28T22:52:51.612+0000] {logging_mixin.py:188} INFO - Downloaded MSFT/1758757460.json -> /tmp/minio_downloads/1758757460.json
[2025-09-28T22:52:51.616+0000] {logging_mixin.py:188} INFO - Downloaded MSFT/1758757469.json -> /tmp/minio_downloads/1758757469.json
[2025-09-28T22:52:51.621+0000] {logging_mixin.py:188} INFO - Downloaded MSFT/1758757477.json -> /tmp/minio_downloads/1758757477.json
[2025-09-28T22:52:51.625+0000] {logging_mixin.py:188} INFO - Downloaded MSFT/1758757485.json -> /tmp/minio_downloads/1758757485.json
[2025-09-28T22:52:51.629+0000] {logging_mixin.py:188} INFO - Downloaded MSFT/1758757493.json -> /tmp/minio_downloads/1758757493.json
[2025-09-28T22:52:51.633+0000] {logging_mixin.py:188} INFO - Downloaded MSFT/1758757501.json -> /tmp/minio_downloads/1758757501.json
[2025-09-28T22:52:51.637+0000] {logging_mixin.py:188} INFO - Downloaded MSFT/1758757509.json -> /tmp/minio_downloads/1758757509.json
[2025-09-28T22:52:51.641+0000] {logging_mixin.py:188} INFO - Downloaded MSFT/1758757517.json -> /tmp/minio_downloads/1758757517.json
[2025-09-28T22:52:51.645+0000] {logging_mixin.py:188} INFO - Downloaded MSFT/1758757525.json -> /tmp/minio_downloads/1758757525.json
[2025-09-28T22:52:51.649+0000] {logging_mixin.py:188} INFO - Downloaded MSFT/1758757533.json -> /tmp/minio_downloads/1758757533.json
[2025-09-28T22:52:51.653+0000] {logging_mixin.py:188} INFO - Downloaded MSFT/1758757541.json -> /tmp/minio_downloads/1758757541.json
[2025-09-28T22:52:51.657+0000] {logging_mixin.py:188} INFO - Downloaded MSFT/1758757549.json -> /tmp/minio_downloads/1758757549.json
[2025-09-28T22:52:51.661+0000] {logging_mixin.py:188} INFO - Downloaded MSFT/1758757558.json -> /tmp/minio_downloads/1758757558.json
[2025-09-28T22:52:51.665+0000] {logging_mixin.py:188} INFO - Downloaded MSFT/1758757566.json -> /tmp/minio_downloads/1758757566.json
[2025-09-28T22:52:51.669+0000] {logging_mixin.py:188} INFO - Downloaded MSFT/1758757574.json -> /tmp/minio_downloads/1758757574.json
[2025-09-28T22:52:51.673+0000] {logging_mixin.py:188} INFO - Downloaded MSFT/1758757582.json -> /tmp/minio_downloads/1758757582.json
[2025-09-28T22:52:51.677+0000] {logging_mixin.py:188} INFO - Downloaded MSFT/1758757590.json -> /tmp/minio_downloads/1758757590.json
[2025-09-28T22:52:51.682+0000] {logging_mixin.py:188} INFO - Downloaded MSFT/1758757598.json -> /tmp/minio_downloads/1758757598.json
[2025-09-28T22:52:51.686+0000] {logging_mixin.py:188} INFO - Downloaded MSFT/1758757606.json -> /tmp/minio_downloads/1758757606.json
[2025-09-28T22:52:51.690+0000] {logging_mixin.py:188} INFO - Downloaded MSFT/1758757614.json -> /tmp/minio_downloads/1758757614.json
[2025-09-28T22:52:51.694+0000] {logging_mixin.py:188} INFO - Downloaded MSFT/1758757622.json -> /tmp/minio_downloads/1758757622.json
[2025-09-28T22:52:51.698+0000] {logging_mixin.py:188} INFO - Downloaded MSFT/1758757630.json -> /tmp/minio_downloads/1758757630.json
[2025-09-28T22:52:51.702+0000] {logging_mixin.py:188} INFO - Downloaded MSFT/1758757638.json -> /tmp/minio_downloads/1758757638.json
[2025-09-28T22:52:51.706+0000] {logging_mixin.py:188} INFO - Downloaded MSFT/1758757647.json -> /tmp/minio_downloads/1758757647.json
[2025-09-28T22:52:51.710+0000] {logging_mixin.py:188} INFO - Downloaded MSFT/1758757655.json -> /tmp/minio_downloads/1758757655.json
[2025-09-28T22:52:51.714+0000] {logging_mixin.py:188} INFO - Downloaded MSFT/1758757663.json -> /tmp/minio_downloads/1758757663.json
[2025-09-28T22:52:51.718+0000] {logging_mixin.py:188} INFO - Downloaded MSFT/1758757671.json -> /tmp/minio_downloads/1758757671.json
[2025-09-28T22:52:51.722+0000] {logging_mixin.py:188} INFO - Downloaded TSLA/1758414068.json -> /tmp/minio_downloads/1758414068.json
[2025-09-28T22:52:51.727+0000] {logging_mixin.py:188} INFO - Downloaded TSLA/1758414076.json -> /tmp/minio_downloads/1758414076.json
[2025-09-28T22:52:51.731+0000] {logging_mixin.py:188} INFO - Downloaded TSLA/1758414084.json -> /tmp/minio_downloads/1758414084.json
[2025-09-28T22:52:51.735+0000] {logging_mixin.py:188} INFO - Downloaded TSLA/1758414092.json -> /tmp/minio_downloads/1758414092.json
[2025-09-28T22:52:51.739+0000] {logging_mixin.py:188} INFO - Downloaded TSLA/1758414100.json -> /tmp/minio_downloads/1758414100.json
[2025-09-28T22:52:51.743+0000] {logging_mixin.py:188} INFO - Downloaded TSLA/1758414108.json -> /tmp/minio_downloads/1758414108.json
[2025-09-28T22:52:51.747+0000] {logging_mixin.py:188} INFO - Downloaded TSLA/1758414116.json -> /tmp/minio_downloads/1758414116.json
[2025-09-28T22:52:51.752+0000] {logging_mixin.py:188} INFO - Downloaded TSLA/1758414124.json -> /tmp/minio_downloads/1758414124.json
[2025-09-28T22:52:51.756+0000] {logging_mixin.py:188} INFO - Downloaded TSLA/1758414132.json -> /tmp/minio_downloads/1758414132.json
[2025-09-28T22:52:51.761+0000] {logging_mixin.py:188} INFO - Downloaded TSLA/1758414140.json -> /tmp/minio_downloads/1758414140.json
[2025-09-28T22:52:51.765+0000] {logging_mixin.py:188} INFO - Downloaded TSLA/1758414148.json -> /tmp/minio_downloads/1758414148.json
[2025-09-28T22:52:51.770+0000] {logging_mixin.py:188} INFO - Downloaded TSLA/1758414156.json -> /tmp/minio_downloads/1758414156.json
[2025-09-28T22:52:51.775+0000] {logging_mixin.py:188} INFO - Downloaded TSLA/1758414164.json -> /tmp/minio_downloads/1758414164.json
[2025-09-28T22:52:51.779+0000] {logging_mixin.py:188} INFO - Downloaded TSLA/1758414172.json -> /tmp/minio_downloads/1758414172.json
[2025-09-28T22:52:51.783+0000] {logging_mixin.py:188} INFO - Downloaded TSLA/1758414180.json -> /tmp/minio_downloads/1758414180.json
[2025-09-28T22:52:51.787+0000] {logging_mixin.py:188} INFO - Downloaded TSLA/1758414188.json -> /tmp/minio_downloads/1758414188.json
[2025-09-28T22:52:51.791+0000] {logging_mixin.py:188} INFO - Downloaded TSLA/1758414196.json -> /tmp/minio_downloads/1758414196.json
[2025-09-28T22:52:51.795+0000] {logging_mixin.py:188} INFO - Downloaded TSLA/1758414203.json -> /tmp/minio_downloads/1758414203.json
[2025-09-28T22:52:51.799+0000] {logging_mixin.py:188} INFO - Downloaded TSLA/1758414212.json -> /tmp/minio_downloads/1758414212.json
[2025-09-28T22:52:51.803+0000] {logging_mixin.py:188} INFO - Downloaded TSLA/1758414219.json -> /tmp/minio_downloads/1758414219.json
[2025-09-28T22:52:51.807+0000] {logging_mixin.py:188} INFO - Downloaded TSLA/1758414227.json -> /tmp/minio_downloads/1758414227.json
[2025-09-28T22:52:51.811+0000] {logging_mixin.py:188} INFO - Downloaded TSLA/1758414235.json -> /tmp/minio_downloads/1758414235.json
[2025-09-28T22:52:51.815+0000] {logging_mixin.py:188} INFO - Downloaded TSLA/1758414243.json -> /tmp/minio_downloads/1758414243.json
[2025-09-28T22:52:51.820+0000] {logging_mixin.py:188} INFO - Downloaded TSLA/1758414251.json -> /tmp/minio_downloads/1758414251.json
[2025-09-28T22:52:51.824+0000] {logging_mixin.py:188} INFO - Downloaded TSLA/1758757218.json -> /tmp/minio_downloads/1758757218.json
[2025-09-28T22:52:51.828+0000] {logging_mixin.py:188} INFO - Downloaded TSLA/1758757226.json -> /tmp/minio_downloads/1758757226.json
[2025-09-28T22:52:51.831+0000] {logging_mixin.py:188} INFO - Downloaded TSLA/1758757234.json -> /tmp/minio_downloads/1758757234.json
[2025-09-28T22:52:51.836+0000] {logging_mixin.py:188} INFO - Downloaded TSLA/1758757242.json -> /tmp/minio_downloads/1758757242.json
[2025-09-28T22:52:51.839+0000] {logging_mixin.py:188} INFO - Downloaded TSLA/1758757250.json -> /tmp/minio_downloads/1758757250.json
[2025-09-28T22:52:51.843+0000] {logging_mixin.py:188} INFO - Downloaded TSLA/1758757258.json -> /tmp/minio_downloads/1758757258.json
[2025-09-28T22:52:51.848+0000] {logging_mixin.py:188} INFO - Downloaded TSLA/1758757266.json -> /tmp/minio_downloads/1758757266.json
[2025-09-28T22:52:51.852+0000] {logging_mixin.py:188} INFO - Downloaded TSLA/1758757275.json -> /tmp/minio_downloads/1758757275.json
[2025-09-28T22:52:51.856+0000] {logging_mixin.py:188} INFO - Downloaded TSLA/1758757283.json -> /tmp/minio_downloads/1758757283.json
[2025-09-28T22:52:51.860+0000] {logging_mixin.py:188} INFO - Downloaded TSLA/1758757291.json -> /tmp/minio_downloads/1758757291.json
[2025-09-28T22:52:51.863+0000] {logging_mixin.py:188} INFO - Downloaded TSLA/1758757299.json -> /tmp/minio_downloads/1758757299.json
[2025-09-28T22:52:51.867+0000] {logging_mixin.py:188} INFO - Downloaded TSLA/1758757307.json -> /tmp/minio_downloads/1758757307.json
[2025-09-28T22:52:51.871+0000] {logging_mixin.py:188} INFO - Downloaded TSLA/1758757315.json -> /tmp/minio_downloads/1758757315.json
[2025-09-28T22:52:51.875+0000] {logging_mixin.py:188} INFO - Downloaded TSLA/1758757323.json -> /tmp/minio_downloads/1758757323.json
[2025-09-28T22:52:51.879+0000] {logging_mixin.py:188} INFO - Downloaded TSLA/1758757331.json -> /tmp/minio_downloads/1758757331.json
[2025-09-28T22:52:51.883+0000] {logging_mixin.py:188} INFO - Downloaded TSLA/1758757340.json -> /tmp/minio_downloads/1758757340.json
[2025-09-28T22:52:51.887+0000] {logging_mixin.py:188} INFO - Downloaded TSLA/1758757348.json -> /tmp/minio_downloads/1758757348.json
[2025-09-28T22:52:51.891+0000] {logging_mixin.py:188} INFO - Downloaded TSLA/1758757356.json -> /tmp/minio_downloads/1758757356.json
[2025-09-28T22:52:51.895+0000] {logging_mixin.py:188} INFO - Downloaded TSLA/1758757364.json -> /tmp/minio_downloads/1758757364.json
[2025-09-28T22:52:51.899+0000] {logging_mixin.py:188} INFO - Downloaded TSLA/1758757372.json -> /tmp/minio_downloads/1758757372.json
[2025-09-28T22:52:51.903+0000] {logging_mixin.py:188} INFO - Downloaded TSLA/1758757380.json -> /tmp/minio_downloads/1758757380.json
[2025-09-28T22:52:51.907+0000] {logging_mixin.py:188} INFO - Downloaded TSLA/1758757388.json -> /tmp/minio_downloads/1758757388.json
[2025-09-28T22:52:51.911+0000] {logging_mixin.py:188} INFO - Downloaded TSLA/1758757396.json -> /tmp/minio_downloads/1758757396.json
[2025-09-28T22:52:51.915+0000] {logging_mixin.py:188} INFO - Downloaded TSLA/1758757404.json -> /tmp/minio_downloads/1758757404.json
[2025-09-28T22:52:51.919+0000] {logging_mixin.py:188} INFO - Downloaded TSLA/1758757412.json -> /tmp/minio_downloads/1758757412.json
[2025-09-28T22:52:51.923+0000] {logging_mixin.py:188} INFO - Downloaded TSLA/1758757420.json -> /tmp/minio_downloads/1758757420.json
[2025-09-28T22:52:51.927+0000] {logging_mixin.py:188} INFO - Downloaded TSLA/1758757429.json -> /tmp/minio_downloads/1758757429.json
[2025-09-28T22:52:51.931+0000] {logging_mixin.py:188} INFO - Downloaded TSLA/1758757437.json -> /tmp/minio_downloads/1758757437.json
[2025-09-28T22:52:51.935+0000] {logging_mixin.py:188} INFO - Downloaded TSLA/1758757445.json -> /tmp/minio_downloads/1758757445.json
[2025-09-28T22:52:51.939+0000] {logging_mixin.py:188} INFO - Downloaded TSLA/1758757453.json -> /tmp/minio_downloads/1758757453.json
[2025-09-28T22:52:51.943+0000] {logging_mixin.py:188} INFO - Downloaded TSLA/1758757461.json -> /tmp/minio_downloads/1758757461.json
[2025-09-28T22:52:51.947+0000] {logging_mixin.py:188} INFO - Downloaded TSLA/1758757469.json -> /tmp/minio_downloads/1758757469.json
[2025-09-28T22:52:51.951+0000] {logging_mixin.py:188} INFO - Downloaded TSLA/1758757477.json -> /tmp/minio_downloads/1758757477.json
[2025-09-28T22:52:51.956+0000] {logging_mixin.py:188} INFO - Downloaded TSLA/1758757485.json -> /tmp/minio_downloads/1758757485.json
[2025-09-28T22:52:51.960+0000] {logging_mixin.py:188} INFO - Downloaded TSLA/1758757493.json -> /tmp/minio_downloads/1758757493.json
[2025-09-28T22:52:51.964+0000] {logging_mixin.py:188} INFO - Downloaded TSLA/1758757501.json -> /tmp/minio_downloads/1758757501.json
[2025-09-28T22:52:51.969+0000] {logging_mixin.py:188} INFO - Downloaded TSLA/1758757509.json -> /tmp/minio_downloads/1758757509.json
[2025-09-28T22:52:51.973+0000] {logging_mixin.py:188} INFO - Downloaded TSLA/1758757518.json -> /tmp/minio_downloads/1758757518.json
[2025-09-28T22:52:51.977+0000] {logging_mixin.py:188} INFO - Downloaded TSLA/1758757526.json -> /tmp/minio_downloads/1758757526.json
[2025-09-28T22:52:51.981+0000] {logging_mixin.py:188} INFO - Downloaded TSLA/1758757534.json -> /tmp/minio_downloads/1758757534.json
[2025-09-28T22:52:51.985+0000] {logging_mixin.py:188} INFO - Downloaded TSLA/1758757542.json -> /tmp/minio_downloads/1758757542.json
[2025-09-28T22:52:51.989+0000] {logging_mixin.py:188} INFO - Downloaded TSLA/1758757550.json -> /tmp/minio_downloads/1758757550.json
[2025-09-28T22:52:51.993+0000] {logging_mixin.py:188} INFO - Downloaded TSLA/1758757558.json -> /tmp/minio_downloads/1758757558.json
[2025-09-28T22:52:51.997+0000] {logging_mixin.py:188} INFO - Downloaded TSLA/1758757566.json -> /tmp/minio_downloads/1758757566.json
[2025-09-28T22:52:52.001+0000] {logging_mixin.py:188} INFO - Downloaded TSLA/1758757574.json -> /tmp/minio_downloads/1758757574.json
[2025-09-28T22:52:52.005+0000] {logging_mixin.py:188} INFO - Downloaded TSLA/1758757582.json -> /tmp/minio_downloads/1758757582.json
[2025-09-28T22:52:52.010+0000] {logging_mixin.py:188} INFO - Downloaded TSLA/1758757590.json -> /tmp/minio_downloads/1758757590.json
[2025-09-28T22:52:52.014+0000] {logging_mixin.py:188} INFO - Downloaded TSLA/1758757598.json -> /tmp/minio_downloads/1758757598.json
[2025-09-28T22:52:52.018+0000] {logging_mixin.py:188} INFO - Downloaded TSLA/1758757606.json -> /tmp/minio_downloads/1758757606.json
[2025-09-28T22:52:52.022+0000] {logging_mixin.py:188} INFO - Downloaded TSLA/1758757615.json -> /tmp/minio_downloads/1758757615.json
[2025-09-28T22:52:52.026+0000] {logging_mixin.py:188} INFO - Downloaded TSLA/1758757623.json -> /tmp/minio_downloads/1758757623.json
[2025-09-28T22:52:52.031+0000] {logging_mixin.py:188} INFO - Downloaded TSLA/1758757631.json -> /tmp/minio_downloads/1758757631.json
[2025-09-28T22:52:52.035+0000] {logging_mixin.py:188} INFO - Downloaded TSLA/1758757639.json -> /tmp/minio_downloads/1758757639.json
[2025-09-28T22:52:52.039+0000] {logging_mixin.py:188} INFO - Downloaded TSLA/1758757647.json -> /tmp/minio_downloads/1758757647.json
[2025-09-28T22:52:52.043+0000] {logging_mixin.py:188} INFO - Downloaded TSLA/1758757655.json -> /tmp/minio_downloads/1758757655.json
[2025-09-28T22:52:52.047+0000] {logging_mixin.py:188} INFO - Downloaded TSLA/1758757663.json -> /tmp/minio_downloads/1758757663.json
[2025-09-28T22:52:52.051+0000] {logging_mixin.py:188} INFO - Downloaded TSLA/1758757671.json -> /tmp/minio_downloads/1758757671.json
[2025-09-28T22:52:52.052+0000] {python.py:237} INFO - Done. Returned value was: ['/tmp/minio_downloads/1758414067.json', '/tmp/minio_downloads/1758414075.json', '/tmp/minio_downloads/1758414083.json', '/tmp/minio_downloads/1758414091.json', '/tmp/minio_downloads/1758414099.json', '/tmp/minio_downloads/1758414107.json', '/tmp/minio_downloads/1758414115.json', '/tmp/minio_downloads/1758414123.json', '/tmp/minio_downloads/1758414131.json', '/tmp/minio_downloads/1758414139.json', '/tmp/minio_downloads/1758414147.json', '/tmp/minio_downloads/1758414155.json', '/tmp/minio_downloads/1758414163.json', '/tmp/minio_downloads/1758414171.json', '/tmp/minio_downloads/1758414179.json', '/tmp/minio_downloads/1758414187.json', '/tmp/minio_downloads/1758414195.json', '/tmp/minio_downloads/1758414203.json', '/tmp/minio_downloads/1758414211.json', '/tmp/minio_downloads/1758414219.json', '/tmp/minio_downloads/1758414227.json', '/tmp/minio_downloads/1758414235.json', '/tmp/minio_downloads/1758414242.json', '/tmp/minio_downloads/1758414250.json', '/tmp/minio_downloads/1758757217.json', '/tmp/minio_downloads/1758757225.json', '/tmp/minio_downloads/1758757233.json', '/tmp/minio_downloads/1758757241.json', '/tmp/minio_downloads/1758757250.json', '/tmp/minio_downloads/1758757258.json', '/tmp/minio_downloads/1758757266.json', '/tmp/minio_downloads/1758757274.json', '/tmp/minio_downloads/1758757282.json', '/tmp/minio_downloads/1758757290.json', '/tmp/minio_downloads/1758757298.json', '/tmp/minio_downloads/1758757306.json', '/tmp/minio_downloads/1758757314.json', '/tmp/minio_downloads/1758757322.json', '/tmp/minio_downloads/1758757331.json', '/tmp/minio_downloads/1758757339.json', '/tmp/minio_downloads/1758757347.json', '/tmp/minio_downloads/1758757355.json', '/tmp/minio_downloads/1758757363.json', '/tmp/minio_downloads/1758757371.json', '/tmp/minio_downloads/1758757379.json', '/tmp/minio_downloads/1758757387.json', '/tmp/minio_downloads/1758757395.json', '/tmp/minio_downloads/1758757403.json', '/tmp/minio_downloads/1758757411.json', '/tmp/minio_downloads/1758757420.json', '/tmp/minio_downloads/1758757428.json', '/tmp/minio_downloads/1758757436.json', '/tmp/minio_downloads/1758757444.json', '/tmp/minio_downloads/1758757452.json', '/tmp/minio_downloads/1758757460.json', '/tmp/minio_downloads/1758757468.json', '/tmp/minio_downloads/1758757476.json', '/tmp/minio_downloads/1758757484.json', '/tmp/minio_downloads/1758757492.json', '/tmp/minio_downloads/1758757500.json', '/tmp/minio_downloads/1758757509.json', '/tmp/minio_downloads/1758757517.json', '/tmp/minio_downloads/1758757525.json', '/tmp/minio_downloads/1758757533.json', '/tmp/minio_downloads/1758757541.json', '/tmp/minio_downloads/1758757549.json', '/tmp/minio_downloads/1758757557.json', '/tmp/minio_downloads/1758757565.json', '/tmp/minio_downloads/1758757573.json', '/tmp/minio_downloads/1758757581.json', '/tmp/minio_downloads/1758757589.json', '/tmp/minio_downloads/1758757598.json', '/tmp/minio_downloads/1758757606.json', '/tmp/minio_downloads/1758757614.json', '/tmp/minio_downloads/1758757622.json', '/tmp/minio_downloads/1758757630.json', '/tmp/minio_downloads/1758757638.json', '/tmp/minio_downloads/1758757646.json', '/tmp/minio_downloads/1758757654.json', '/tmp/minio_downloads/1758757662.json', '/tmp/minio_downloads/1758757671.json', '/tmp/minio_downloads/1758414069.json', '/tmp/minio_downloads/1758414077.json', '/tmp/minio_downloads/1758414085.json', '/tmp/minio_downloads/1758414093.json', '/tmp/minio_downloads/1758414101.json', '/tmp/minio_downloads/1758414109.json', '/tmp/minio_downloads/1758414117.json', '/tmp/minio_downloads/1758414125.json', '/tmp/minio_downloads/1758414133.json', '/tmp/minio_downloads/1758414141.json', '/tmp/minio_downloads/1758414149.json', '/tmp/minio_downloads/1758414157.json', '/tmp/minio_downloads/1758414165.json', '/tmp/minio_downloads/1758414173.json', '/tmp/minio_downloads/1758414180.json', '/tmp/minio_downloads/1758414188.json', '/tmp/minio_downloads/1758414196.json', '/tmp/minio_downloads/1758414204.json', '/tmp/minio_downloads/1758414212.json', '/tmp/minio_downloads/1758414220.json', '/tmp/minio_downloads/1758414228.json', '/tmp/minio_downloads/1758414236.json', '/tmp/minio_downloads/1758414244.json', '/tmp/minio_downloads/1758414252.json', '/tmp/minio_downloads/1758757219.json', '/tmp/minio_downloads/1758757227.json', '/tmp/minio_downloads/1758757235.json', '/tmp/minio_downloads/1758757243.json', '/tmp/minio_downloads/1758757251.json', '/tmp/minio_downloads/1758757259.json', '/tmp/minio_downloads/1758757267.json', '/tmp/minio_downloads/1758757275.json', '/tmp/minio_downloads/1758757283.json', '/tmp/minio_downloads/1758757292.json', '/tmp/minio_downloads/1758757300.json', '/tmp/minio_downloads/1758757308.json', '/tmp/minio_downloads/1758757316.json', '/tmp/minio_downloads/1758757324.json', '/tmp/minio_downloads/1758757332.json', '/tmp/minio_downloads/1758757340.json', '/tmp/minio_downloads/1758757349.json', '/tmp/minio_downloads/1758757357.json', '/tmp/minio_downloads/1758757365.json', '/tmp/minio_downloads/1758757373.json', '/tmp/minio_downloads/1758757381.json', '/tmp/minio_downloads/1758757389.json', '/tmp/minio_downloads/1758757397.json', '/tmp/minio_downloads/1758757405.json', '/tmp/minio_downloads/1758757413.json', '/tmp/minio_downloads/1758757421.json', '/tmp/minio_downloads/1758757429.json', '/tmp/minio_downloads/1758757437.json', '/tmp/minio_downloads/1758757446.json', '/tmp/minio_downloads/1758757454.json', '/tmp/minio_downloads/1758757462.json', '/tmp/minio_downloads/1758757470.json', '/tmp/minio_downloads/1758757478.json', '/tmp/minio_downloads/1758757486.json', '/tmp/minio_downloads/1758757494.json', '/tmp/minio_downloads/1758757502.json', '/tmp/minio_downloads/1758757510.json', '/tmp/minio_downloads/1758757518.json', '/tmp/minio_downloads/1758757526.json', '/tmp/minio_downloads/1758757535.json', '/tmp/minio_downloads/1758757543.json', '/tmp/minio_downloads/1758757551.json', '/tmp/minio_downloads/1758757559.json', '/tmp/minio_downloads/1758757567.json', '/tmp/minio_downloads/1758757575.json', '/tmp/minio_downloads/1758757583.json', '/tmp/minio_downloads/1758757591.json', '/tmp/minio_downloads/1758757599.json', '/tmp/minio_downloads/1758757607.json', '/tmp/minio_downloads/1758757615.json', '/tmp/minio_downloads/1758757624.json', '/tmp/minio_downloads/1758757632.json', '/tmp/minio_downloads/1758757640.json', '/tmp/minio_downloads/1758757648.json', '/tmp/minio_downloads/1758757656.json', '/tmp/minio_downloads/1758757664.json', '/tmp/minio_downloads/1758757672.json', '/tmp/minio_downloads/1758414068.json', '/tmp/minio_downloads/1758414076.json', '/tmp/minio_downloads/1758414084.json', '/tmp/minio_downloads/1758414093.json', '/tmp/minio_downloads/1758414101.json', '/tmp/minio_downloads/1758414108.json', '/tmp/minio_downloads/1758414116.json', '/tmp/minio_downloads/1758414124.json', '/tmp/minio_downloads/1758414132.json', '/tmp/minio_downloads/1758414140.json', '/tmp/minio_downloads/1758414148.json', '/tmp/minio_downloads/1758414156.json', '/tmp/minio_downloads/1758414164.json', '/tmp/minio_downloads/1758414172.json', '/tmp/minio_downloads/1758414180.json', '/tmp/minio_downloads/1758414188.json', '/tmp/minio_downloads/1758414196.json', '/tmp/minio_downloads/1758414204.json', '/tmp/minio_downloads/1758414212.json', '/tmp/minio_downloads/1758414220.json', '/tmp/minio_downloads/1758414228.json', '/tmp/minio_downloads/1758414236.json', '/tmp/minio_downloads/1758414244.json', '/tmp/minio_downloads/1758414252.json', '/tmp/minio_downloads/1758757218.json', '/tmp/minio_downloads/1758757226.json', '/tmp/minio_downloads/1758757235.json', '/tmp/minio_downloads/1758757243.json', '/tmp/minio_downloads/1758757251.json', '/tmp/minio_downloads/1758757259.json', '/tmp/minio_downloads/1758757267.json', '/tmp/minio_downloads/1758757275.json', '/tmp/minio_downloads/1758757283.json', '/tmp/minio_downloads/1758757291.json', '/tmp/minio_downloads/1758757299.json', '/tmp/minio_downloads/1758757308.json', '/tmp/minio_downloads/1758757316.json', '/tmp/minio_downloads/1758757324.json', '/tmp/minio_downloads/1758757332.json', '/tmp/minio_downloads/1758757340.json', '/tmp/minio_downloads/1758757348.json', '/tmp/minio_downloads/1758757356.json', '/tmp/minio_downloads/1758757364.json', '/tmp/minio_downloads/1758757372.json', '/tmp/minio_downloads/1758757380.json', '/tmp/minio_downloads/1758757388.json', '/tmp/minio_downloads/1758757397.json', '/tmp/minio_downloads/1758757405.json', '/tmp/minio_downloads/1758757413.json', '/tmp/minio_downloads/1758757421.json', '/tmp/minio_downloads/1758757429.json', '/tmp/minio_downloads/1758757437.json', '/tmp/minio_downloads/1758757445.json', '/tmp/minio_downloads/1758757453.json', '/tmp/minio_downloads/1758757461.json', '/tmp/minio_downloads/1758757469.json', '/tmp/minio_downloads/1758757478.json', '/tmp/minio_downloads/1758757486.json', '/tmp/minio_downloads/1758757494.json', '/tmp/minio_downloads/1758757502.json', '/tmp/minio_downloads/1758757510.json', '/tmp/minio_downloads/1758757518.json', '/tmp/minio_downloads/1758757526.json', '/tmp/minio_downloads/1758757534.json', '/tmp/minio_downloads/1758757542.json', '/tmp/minio_downloads/1758757550.json', '/tmp/minio_downloads/1758757558.json', '/tmp/minio_downloads/1758757566.json', '/tmp/minio_downloads/1758757575.json', '/tmp/minio_downloads/1758757583.json', '/tmp/minio_downloads/1758757591.json', '/tmp/minio_downloads/1758757599.json', '/tmp/minio_downloads/1758757607.json', '/tmp/minio_downloads/1758757615.json', '/tmp/minio_downloads/1758757623.json', '/tmp/minio_downloads/1758757631.json', '/tmp/minio_downloads/1758757639.json', '/tmp/minio_downloads/1758757647.json', '/tmp/minio_downloads/1758757656.json', '/tmp/minio_downloads/1758757664.json', '/tmp/minio_downloads/1758757672.json', '/tmp/minio_downloads/1758414068.json', '/tmp/minio_downloads/1758414076.json', '/tmp/minio_downloads/1758414084.json', '/tmp/minio_downloads/1758414092.json', '/tmp/minio_downloads/1758414100.json', '/tmp/minio_downloads/1758414108.json', '/tmp/minio_downloads/1758414116.json', '/tmp/minio_downloads/1758414124.json', '/tmp/minio_downloads/1758414132.json', '/tmp/minio_downloads/1758414139.json', '/tmp/minio_downloads/1758414147.json', '/tmp/minio_downloads/1758414155.json', '/tmp/minio_downloads/1758414163.json', '/tmp/minio_downloads/1758414171.json', '/tmp/minio_downloads/1758414179.json', '/tmp/minio_downloads/1758414187.json', '/tmp/minio_downloads/1758414195.json', '/tmp/minio_downloads/1758414203.json', '/tmp/minio_downloads/1758414211.json', '/tmp/minio_downloads/1758414219.json', '/tmp/minio_downloads/1758414227.json', '/tmp/minio_downloads/1758414235.json', '/tmp/minio_downloads/1758414243.json', '/tmp/minio_downloads/1758414251.json', '/tmp/minio_downloads/1758757217.json', '/tmp/minio_downloads/1758757225.json', '/tmp/minio_downloads/1758757234.json', '/tmp/minio_downloads/1758757242.json', '/tmp/minio_downloads/1758757250.json', '/tmp/minio_downloads/1758757258.json', '/tmp/minio_downloads/1758757266.json', '/tmp/minio_downloads/1758757274.json', '/tmp/minio_downloads/1758757282.json', '/tmp/minio_downloads/1758757290.json', '/tmp/minio_downloads/1758757299.json', '/tmp/minio_downloads/1758757307.json', '/tmp/minio_downloads/1758757315.json', '/tmp/minio_downloads/1758757323.json', '/tmp/minio_downloads/1758757331.json', '/tmp/minio_downloads/1758757339.json', '/tmp/minio_downloads/1758757347.json', '/tmp/minio_downloads/1758757355.json', '/tmp/minio_downloads/1758757363.json', '/tmp/minio_downloads/1758757371.json', '/tmp/minio_downloads/1758757379.json', '/tmp/minio_downloads/1758757387.json', '/tmp/minio_downloads/1758757396.json', '/tmp/minio_downloads/1758757404.json', '/tmp/minio_downloads/1758757412.json', '/tmp/minio_downloads/1758757420.json', '/tmp/minio_downloads/1758757428.json', '/tmp/minio_downloads/1758757436.json', '/tmp/minio_downloads/1758757444.json', '/tmp/minio_downloads/1758757452.json', '/tmp/minio_downloads/1758757460.json', '/tmp/minio_downloads/1758757469.json', '/tmp/minio_downloads/1758757477.json', '/tmp/minio_downloads/1758757485.json', '/tmp/minio_downloads/1758757493.json', '/tmp/minio_downloads/1758757501.json', '/tmp/minio_downloads/1758757509.json', '/tmp/minio_downloads/1758757517.json', '/tmp/minio_downloads/1758757525.json', '/tmp/minio_downloads/1758757533.json', '/tmp/minio_downloads/1758757541.json', '/tmp/minio_downloads/1758757549.json', '/tmp/minio_downloads/1758757558.json', '/tmp/minio_downloads/1758757566.json', '/tmp/minio_downloads/1758757574.json', '/tmp/minio_downloads/1758757582.json', '/tmp/minio_downloads/1758757590.json', '/tmp/minio_downloads/1758757598.json', '/tmp/minio_downloads/1758757606.json', '/tmp/minio_downloads/1758757614.json', '/tmp/minio_downloads/1758757622.json', '/tmp/minio_downloads/1758757630.json', '/tmp/minio_downloads/1758757638.json', '/tmp/minio_downloads/1758757647.json', '/tmp/minio_downloads/1758757655.json', '/tmp/minio_downloads/1758757663.json', '/tmp/minio_downloads/1758757671.json', '/tmp/minio_downloads/1758414068.json', '/tmp/minio_downloads/1758414076.json', '/tmp/minio_downloads/1758414084.json', '/tmp/minio_downloads/1758414092.json', '/tmp/minio_downloads/1758414100.json', '/tmp/minio_downloads/1758414108.json', '/tmp/minio_downloads/1758414116.json', '/tmp/minio_downloads/1758414124.json', '/tmp/minio_downloads/1758414132.json', '/tmp/minio_downloads/1758414140.json', '/tmp/minio_downloads/1758414148.json', '/tmp/minio_downloads/1758414156.json', '/tmp/minio_downloads/1758414164.json', '/tmp/minio_downloads/1758414172.json', '/tmp/minio_downloads/1758414180.json', '/tmp/minio_downloads/1758414188.json', '/tmp/minio_downloads/1758414196.json', '/tmp/minio_downloads/1758414203.json', '/tmp/minio_downloads/1758414212.json', '/tmp/minio_downloads/1758414219.json', '/tmp/minio_downloads/1758414227.json', '/tmp/minio_downloads/1758414235.json', '/tmp/minio_downloads/1758414243.json', '/tmp/minio_downloads/1758414251.json', '/tmp/minio_downloads/1758757218.json', '/tmp/minio_downloads/1758757226.json', '/tmp/minio_downloads/1758757234.json', '/tmp/minio_downloads/1758757242.json', '/tmp/minio_downloads/1758757250.json', '/tmp/minio_downloads/1758757258.json', '/tmp/minio_downloads/1758757266.json', '/tmp/minio_downloads/1758757275.json', '/tmp/minio_downloads/1758757283.json', '/tmp/minio_downloads/1758757291.json', '/tmp/minio_downloads/1758757299.json', '/tmp/minio_downloads/1758757307.json', '/tmp/minio_downloads/1758757315.json', '/tmp/minio_downloads/1758757323.json', '/tmp/minio_downloads/1758757331.json', '/tmp/minio_downloads/1758757340.json', '/tmp/minio_downloads/1758757348.json', '/tmp/minio_downloads/1758757356.json', '/tmp/minio_downloads/1758757364.json', '/tmp/minio_downloads/1758757372.json', '/tmp/minio_downloads/1758757380.json', '/tmp/minio_downloads/1758757388.json', '/tmp/minio_downloads/1758757396.json', '/tmp/minio_downloads/1758757404.json', '/tmp/minio_downloads/1758757412.json', '/tmp/minio_downloads/1758757420.json', '/tmp/minio_downloads/1758757429.json', '/tmp/minio_downloads/1758757437.json', '/tmp/minio_downloads/1758757445.json', '/tmp/minio_downloads/1758757453.json', '/tmp/minio_downloads/1758757461.json', '/tmp/minio_downloads/1758757469.json', '/tmp/minio_downloads/1758757477.json', '/tmp/minio_downloads/1758757485.json', '/tmp/minio_downloads/1758757493.json', '/tmp/minio_downloads/1758757501.json', '/tmp/minio_downloads/1758757509.json', '/tmp/minio_downloads/1758757518.json', '/tmp/minio_downloads/1758757526.json', '/tmp/minio_downloads/1758757534.json', '/tmp/minio_downloads/1758757542.json', '/tmp/minio_downloads/1758757550.json', '/tmp/minio_downloads/1758757558.json', '/tmp/minio_downloads/1758757566.json', '/tmp/minio_downloads/1758757574.json', '/tmp/minio_downloads/1758757582.json', '/tmp/minio_downloads/1758757590.json', '/tmp/minio_downloads/1758757598.json', '/tmp/minio_downloads/1758757606.json', '/tmp/minio_downloads/1758757615.json', '/tmp/minio_downloads/1758757623.json', '/tmp/minio_downloads/1758757631.json', '/tmp/minio_downloads/1758757639.json', '/tmp/minio_downloads/1758757647.json', '/tmp/minio_downloads/1758757655.json', '/tmp/minio_downloads/1758757663.json', '/tmp/minio_downloads/1758757671.json']
[2025-09-28T22:52:52.053+0000] {taskinstance.py:441} INFO - ::group::Post task execution logs
[2025-09-28T22:52:52.070+0000] {taskinstance.py:1206} INFO - Marking task as SUCCESS. dag_id=minio_to_snowflake, task_id=download_minio, run_id=scheduled__2025-09-28T22:51:00+00:00, execution_date=20250928T225100, start_date=20250928T225250, end_date=20250928T225252
[2025-09-28T22:52:52.091+0000] {local_task_job_runner.py:243} INFO - Task exited with return code 0
[2025-09-28T22:52:52.105+0000] {taskinstance.py:3503} INFO - 1 downstream tasks scheduled from follow-on schedule check
[2025-09-28T22:52:52.107+0000] {local_task_job_runner.py:222} INFO - ::endgroup::
