[2025-09-28T23:48:31.317+0000] {local_task_job_runner.py:120} INFO - ::group::Pre task execution logs
[2025-09-28T23:48:31.335+0000] {taskinstance.py:2076} INFO - Dependencies all met for dep_context=non-requeueable deps ti=<TaskInstance: minio_to_snowflake.download_minio scheduled__2025-09-28T23:47:00+00:00 [queued]>
[2025-09-28T23:48:31.340+0000] {taskinstance.py:2076} INFO - Dependencies all met for dep_context=requeueable deps ti=<TaskInstance: minio_to_snowflake.download_minio scheduled__2025-09-28T23:47:00+00:00 [queued]>
[2025-09-28T23:48:31.340+0000] {taskinstance.py:2306} INFO - Starting attempt 1 of 2
[2025-09-28T23:48:31.349+0000] {taskinstance.py:2330} INFO - Executing <Task(PythonOperator): download_minio> on 2025-09-28 23:47:00+00:00
[2025-09-28T23:48:31.355+0000] {standard_task_runner.py:90} INFO - Running: ['***', 'tasks', 'run', 'minio_to_snowflake', 'download_minio', 'scheduled__2025-09-28T23:47:00+00:00', '--job-id', '216', '--raw', '--subdir', 'DAGS_FOLDER/minio_snowflake.py', '--cfg-path', '/tmp/tmpva4gljo5']
[2025-09-28T23:48:31.356+0000] {standard_task_runner.py:91} INFO - Job 216: Subtask download_minio
[2025-09-28T23:48:31.357+0000] {logging_mixin.py:188} WARNING - /home/***/.local/lib/python3.12/site-packages/***/task/task_runner/standard_task_runner.py:62 DeprecationWarning: This process (pid=36410) is multi-threaded, use of fork() may lead to deadlocks in the child.
[2025-09-28T23:48:31.357+0000] {standard_task_runner.py:64} INFO - Started process 36428 to run task
[2025-09-28T23:48:31.388+0000] {task_command.py:426} INFO - Running <TaskInstance: minio_to_snowflake.download_minio scheduled__2025-09-28T23:47:00+00:00 [running]> on host f6f7016991e5
[2025-09-28T23:48:31.443+0000] {taskinstance.py:2648} INFO - Exporting env vars: AIRFLOW_CTX_DAG_OWNER='***' AIRFLOW_CTX_DAG_ID='minio_to_snowflake' AIRFLOW_CTX_TASK_ID='download_minio' AIRFLOW_CTX_EXECUTION_DATE='2025-09-28T23:47:00+00:00' AIRFLOW_CTX_TRY_NUMBER='1' AIRFLOW_CTX_DAG_RUN_ID='scheduled__2025-09-28T23:47:00+00:00'
[2025-09-28T23:48:31.444+0000] {taskinstance.py:430} INFO - ::endgroup::
[2025-09-28T23:48:31.689+0000] {logging_mixin.py:188} INFO - Downloaded AAPL/1758414067.json -> /tmp/minio_downloads/1758414067.json
[2025-09-28T23:48:31.694+0000] {logging_mixin.py:188} INFO - Downloaded AAPL/1758414075.json -> /tmp/minio_downloads/1758414075.json
[2025-09-28T23:48:31.698+0000] {logging_mixin.py:188} INFO - Downloaded AAPL/1758414083.json -> /tmp/minio_downloads/1758414083.json
[2025-09-28T23:48:31.702+0000] {logging_mixin.py:188} INFO - Downloaded AAPL/1758414091.json -> /tmp/minio_downloads/1758414091.json
[2025-09-28T23:48:31.707+0000] {logging_mixin.py:188} INFO - Downloaded AAPL/1758414099.json -> /tmp/minio_downloads/1758414099.json
[2025-09-28T23:48:31.711+0000] {logging_mixin.py:188} INFO - Downloaded AAPL/1758414107.json -> /tmp/minio_downloads/1758414107.json
[2025-09-28T23:48:31.715+0000] {logging_mixin.py:188} INFO - Downloaded AAPL/1758414115.json -> /tmp/minio_downloads/1758414115.json
[2025-09-28T23:48:31.719+0000] {logging_mixin.py:188} INFO - Downloaded AAPL/1758414123.json -> /tmp/minio_downloads/1758414123.json
[2025-09-28T23:48:31.723+0000] {logging_mixin.py:188} INFO - Downloaded AAPL/1758414131.json -> /tmp/minio_downloads/1758414131.json
[2025-09-28T23:48:31.727+0000] {logging_mixin.py:188} INFO - Downloaded AAPL/1758414139.json -> /tmp/minio_downloads/1758414139.json
[2025-09-28T23:48:31.730+0000] {logging_mixin.py:188} INFO - Downloaded AAPL/1758414147.json -> /tmp/minio_downloads/1758414147.json
[2025-09-28T23:48:31.734+0000] {logging_mixin.py:188} INFO - Downloaded AAPL/1758414155.json -> /tmp/minio_downloads/1758414155.json
[2025-09-28T23:48:31.739+0000] {logging_mixin.py:188} INFO - Downloaded AAPL/1758414163.json -> /tmp/minio_downloads/1758414163.json
[2025-09-28T23:48:31.743+0000] {logging_mixin.py:188} INFO - Downloaded AAPL/1758414171.json -> /tmp/minio_downloads/1758414171.json
[2025-09-28T23:48:31.747+0000] {logging_mixin.py:188} INFO - Downloaded AAPL/1758414179.json -> /tmp/minio_downloads/1758414179.json
[2025-09-28T23:48:31.751+0000] {logging_mixin.py:188} INFO - Downloaded AAPL/1758414187.json -> /tmp/minio_downloads/1758414187.json
[2025-09-28T23:48:31.755+0000] {logging_mixin.py:188} INFO - Downloaded AAPL/1758414195.json -> /tmp/minio_downloads/1758414195.json
[2025-09-28T23:48:31.759+0000] {logging_mixin.py:188} INFO - Downloaded AAPL/1758414203.json -> /tmp/minio_downloads/1758414203.json
[2025-09-28T23:48:31.763+0000] {logging_mixin.py:188} INFO - Downloaded AAPL/1758414211.json -> /tmp/minio_downloads/1758414211.json
[2025-09-28T23:48:31.767+0000] {logging_mixin.py:188} INFO - Downloaded AAPL/1758414219.json -> /tmp/minio_downloads/1758414219.json
[2025-09-28T23:48:31.771+0000] {logging_mixin.py:188} INFO - Downloaded AAPL/1758414227.json -> /tmp/minio_downloads/1758414227.json
[2025-09-28T23:48:31.775+0000] {logging_mixin.py:188} INFO - Downloaded AAPL/1758414235.json -> /tmp/minio_downloads/1758414235.json
[2025-09-28T23:48:31.779+0000] {logging_mixin.py:188} INFO - Downloaded AAPL/1758414242.json -> /tmp/minio_downloads/1758414242.json
[2025-09-28T23:48:31.783+0000] {logging_mixin.py:188} INFO - Downloaded AAPL/1758414250.json -> /tmp/minio_downloads/1758414250.json
[2025-09-28T23:48:31.787+0000] {logging_mixin.py:188} INFO - Downloaded AAPL/1758757217.json -> /tmp/minio_downloads/1758757217.json
[2025-09-28T23:48:31.791+0000] {logging_mixin.py:188} INFO - Downloaded AAPL/1758757225.json -> /tmp/minio_downloads/1758757225.json
[2025-09-28T23:48:31.795+0000] {logging_mixin.py:188} INFO - Downloaded AAPL/1758757233.json -> /tmp/minio_downloads/1758757233.json
[2025-09-28T23:48:31.799+0000] {logging_mixin.py:188} INFO - Downloaded AAPL/1758757241.json -> /tmp/minio_downloads/1758757241.json
[2025-09-28T23:48:31.803+0000] {logging_mixin.py:188} INFO - Downloaded AAPL/1758757250.json -> /tmp/minio_downloads/1758757250.json
[2025-09-28T23:48:31.807+0000] {logging_mixin.py:188} INFO - Downloaded AAPL/1758757258.json -> /tmp/minio_downloads/1758757258.json
[2025-09-28T23:48:31.811+0000] {logging_mixin.py:188} INFO - Downloaded AAPL/1758757266.json -> /tmp/minio_downloads/1758757266.json
[2025-09-28T23:48:31.815+0000] {logging_mixin.py:188} INFO - Downloaded AAPL/1758757274.json -> /tmp/minio_downloads/1758757274.json
[2025-09-28T23:48:31.819+0000] {logging_mixin.py:188} INFO - Downloaded AAPL/1758757282.json -> /tmp/minio_downloads/1758757282.json
[2025-09-28T23:48:31.823+0000] {logging_mixin.py:188} INFO - Downloaded AAPL/1758757290.json -> /tmp/minio_downloads/1758757290.json
[2025-09-28T23:48:31.827+0000] {logging_mixin.py:188} INFO - Downloaded AAPL/1758757298.json -> /tmp/minio_downloads/1758757298.json
[2025-09-28T23:48:31.831+0000] {logging_mixin.py:188} INFO - Downloaded AAPL/1758757306.json -> /tmp/minio_downloads/1758757306.json
[2025-09-28T23:48:31.835+0000] {logging_mixin.py:188} INFO - Downloaded AAPL/1758757314.json -> /tmp/minio_downloads/1758757314.json
[2025-09-28T23:48:31.839+0000] {logging_mixin.py:188} INFO - Downloaded AAPL/1758757322.json -> /tmp/minio_downloads/1758757322.json
[2025-09-28T23:48:31.843+0000] {logging_mixin.py:188} INFO - Downloaded AAPL/1758757331.json -> /tmp/minio_downloads/1758757331.json
[2025-09-28T23:48:31.847+0000] {logging_mixin.py:188} INFO - Downloaded AAPL/1758757339.json -> /tmp/minio_downloads/1758757339.json
[2025-09-28T23:48:31.850+0000] {logging_mixin.py:188} INFO - Downloaded AAPL/1758757347.json -> /tmp/minio_downloads/1758757347.json
[2025-09-28T23:48:31.854+0000] {logging_mixin.py:188} INFO - Downloaded AAPL/1758757355.json -> /tmp/minio_downloads/1758757355.json
[2025-09-28T23:48:31.858+0000] {logging_mixin.py:188} INFO - Downloaded AAPL/1758757363.json -> /tmp/minio_downloads/1758757363.json
[2025-09-28T23:48:31.862+0000] {logging_mixin.py:188} INFO - Downloaded AAPL/1758757371.json -> /tmp/minio_downloads/1758757371.json
[2025-09-28T23:48:31.866+0000] {logging_mixin.py:188} INFO - Downloaded AAPL/1758757379.json -> /tmp/minio_downloads/1758757379.json
[2025-09-28T23:48:31.870+0000] {logging_mixin.py:188} INFO - Downloaded AAPL/1758757387.json -> /tmp/minio_downloads/1758757387.json
[2025-09-28T23:48:31.874+0000] {logging_mixin.py:188} INFO - Downloaded AAPL/1758757395.json -> /tmp/minio_downloads/1758757395.json
[2025-09-28T23:48:31.878+0000] {logging_mixin.py:188} INFO - Downloaded AAPL/1758757403.json -> /tmp/minio_downloads/1758757403.json
[2025-09-28T23:48:31.882+0000] {logging_mixin.py:188} INFO - Downloaded AAPL/1758757411.json -> /tmp/minio_downloads/1758757411.json
[2025-09-28T23:48:31.885+0000] {logging_mixin.py:188} INFO - Downloaded AAPL/1758757420.json -> /tmp/minio_downloads/1758757420.json
[2025-09-28T23:48:31.890+0000] {logging_mixin.py:188} INFO - Downloaded AAPL/1758757428.json -> /tmp/minio_downloads/1758757428.json
[2025-09-28T23:48:31.894+0000] {logging_mixin.py:188} INFO - Downloaded AAPL/1758757436.json -> /tmp/minio_downloads/1758757436.json
[2025-09-28T23:48:31.898+0000] {logging_mixin.py:188} INFO - Downloaded AAPL/1758757444.json -> /tmp/minio_downloads/1758757444.json
[2025-09-28T23:48:31.902+0000] {logging_mixin.py:188} INFO - Downloaded AAPL/1758757452.json -> /tmp/minio_downloads/1758757452.json
[2025-09-28T23:48:31.906+0000] {logging_mixin.py:188} INFO - Downloaded AAPL/1758757460.json -> /tmp/minio_downloads/1758757460.json
[2025-09-28T23:48:31.910+0000] {logging_mixin.py:188} INFO - Downloaded AAPL/1758757468.json -> /tmp/minio_downloads/1758757468.json
[2025-09-28T23:48:31.914+0000] {logging_mixin.py:188} INFO - Downloaded AAPL/1758757476.json -> /tmp/minio_downloads/1758757476.json
[2025-09-28T23:48:31.918+0000] {logging_mixin.py:188} INFO - Downloaded AAPL/1758757484.json -> /tmp/minio_downloads/1758757484.json
[2025-09-28T23:48:31.922+0000] {logging_mixin.py:188} INFO - Downloaded AAPL/1758757492.json -> /tmp/minio_downloads/1758757492.json
[2025-09-28T23:48:31.926+0000] {logging_mixin.py:188} INFO - Downloaded AAPL/1758757500.json -> /tmp/minio_downloads/1758757500.json
[2025-09-28T23:48:31.930+0000] {logging_mixin.py:188} INFO - Downloaded AAPL/1758757509.json -> /tmp/minio_downloads/1758757509.json
[2025-09-28T23:48:31.934+0000] {logging_mixin.py:188} INFO - Downloaded AAPL/1758757517.json -> /tmp/minio_downloads/1758757517.json
[2025-09-28T23:48:31.938+0000] {logging_mixin.py:188} INFO - Downloaded AAPL/1758757525.json -> /tmp/minio_downloads/1758757525.json
[2025-09-28T23:48:31.942+0000] {logging_mixin.py:188} INFO - Downloaded AAPL/1758757533.json -> /tmp/minio_downloads/1758757533.json
[2025-09-28T23:48:31.945+0000] {logging_mixin.py:188} INFO - Downloaded AAPL/1758757541.json -> /tmp/minio_downloads/1758757541.json
[2025-09-28T23:48:31.950+0000] {logging_mixin.py:188} INFO - Downloaded AAPL/1758757549.json -> /tmp/minio_downloads/1758757549.json
[2025-09-28T23:48:31.954+0000] {logging_mixin.py:188} INFO - Downloaded AAPL/1758757557.json -> /tmp/minio_downloads/1758757557.json
[2025-09-28T23:48:31.958+0000] {logging_mixin.py:188} INFO - Downloaded AAPL/1758757565.json -> /tmp/minio_downloads/1758757565.json
[2025-09-28T23:48:31.962+0000] {logging_mixin.py:188} INFO - Downloaded AAPL/1758757573.json -> /tmp/minio_downloads/1758757573.json
[2025-09-28T23:48:31.965+0000] {logging_mixin.py:188} INFO - Downloaded AAPL/1758757581.json -> /tmp/minio_downloads/1758757581.json
[2025-09-28T23:48:31.970+0000] {logging_mixin.py:188} INFO - Downloaded AAPL/1758757589.json -> /tmp/minio_downloads/1758757589.json
[2025-09-28T23:48:31.975+0000] {logging_mixin.py:188} INFO - Downloaded AAPL/1758757598.json -> /tmp/minio_downloads/1758757598.json
[2025-09-28T23:48:31.979+0000] {logging_mixin.py:188} INFO - Downloaded AAPL/1758757606.json -> /tmp/minio_downloads/1758757606.json
[2025-09-28T23:48:31.984+0000] {logging_mixin.py:188} INFO - Downloaded AAPL/1758757614.json -> /tmp/minio_downloads/1758757614.json
[2025-09-28T23:48:31.988+0000] {logging_mixin.py:188} INFO - Downloaded AAPL/1758757622.json -> /tmp/minio_downloads/1758757622.json
[2025-09-28T23:48:31.992+0000] {logging_mixin.py:188} INFO - Downloaded AAPL/1758757630.json -> /tmp/minio_downloads/1758757630.json
[2025-09-28T23:48:31.996+0000] {logging_mixin.py:188} INFO - Downloaded AAPL/1758757638.json -> /tmp/minio_downloads/1758757638.json
[2025-09-28T23:48:32.000+0000] {logging_mixin.py:188} INFO - Downloaded AAPL/1758757646.json -> /tmp/minio_downloads/1758757646.json
[2025-09-28T23:48:32.004+0000] {logging_mixin.py:188} INFO - Downloaded AAPL/1758757654.json -> /tmp/minio_downloads/1758757654.json
[2025-09-28T23:48:32.008+0000] {logging_mixin.py:188} INFO - Downloaded AAPL/1758757662.json -> /tmp/minio_downloads/1758757662.json
[2025-09-28T23:48:32.012+0000] {logging_mixin.py:188} INFO - Downloaded AAPL/1758757671.json -> /tmp/minio_downloads/1758757671.json
[2025-09-28T23:48:32.015+0000] {logging_mixin.py:188} INFO - Downloaded AMZN/1758414069.json -> /tmp/minio_downloads/1758414069.json
[2025-09-28T23:48:32.019+0000] {logging_mixin.py:188} INFO - Downloaded AMZN/1758414077.json -> /tmp/minio_downloads/1758414077.json
[2025-09-28T23:48:32.023+0000] {logging_mixin.py:188} INFO - Downloaded AMZN/1758414085.json -> /tmp/minio_downloads/1758414085.json
[2025-09-28T23:48:32.028+0000] {logging_mixin.py:188} INFO - Downloaded AMZN/1758414093.json -> /tmp/minio_downloads/1758414093.json
[2025-09-28T23:48:32.032+0000] {logging_mixin.py:188} INFO - Downloaded AMZN/1758414101.json -> /tmp/minio_downloads/1758414101.json
[2025-09-28T23:48:32.036+0000] {logging_mixin.py:188} INFO - Downloaded AMZN/1758414109.json -> /tmp/minio_downloads/1758414109.json
[2025-09-28T23:48:32.040+0000] {logging_mixin.py:188} INFO - Downloaded AMZN/1758414117.json -> /tmp/minio_downloads/1758414117.json
[2025-09-28T23:48:32.044+0000] {logging_mixin.py:188} INFO - Downloaded AMZN/1758414125.json -> /tmp/minio_downloads/1758414125.json
[2025-09-28T23:48:32.048+0000] {logging_mixin.py:188} INFO - Downloaded AMZN/1758414133.json -> /tmp/minio_downloads/1758414133.json
[2025-09-28T23:48:32.052+0000] {logging_mixin.py:188} INFO - Downloaded AMZN/1758414141.json -> /tmp/minio_downloads/1758414141.json
[2025-09-28T23:48:32.056+0000] {logging_mixin.py:188} INFO - Downloaded AMZN/1758414149.json -> /tmp/minio_downloads/1758414149.json
[2025-09-28T23:48:32.060+0000] {logging_mixin.py:188} INFO - Downloaded AMZN/1758414157.json -> /tmp/minio_downloads/1758414157.json
[2025-09-28T23:48:32.065+0000] {logging_mixin.py:188} INFO - Downloaded AMZN/1758414165.json -> /tmp/minio_downloads/1758414165.json
[2025-09-28T23:48:32.069+0000] {logging_mixin.py:188} INFO - Downloaded AMZN/1758414173.json -> /tmp/minio_downloads/1758414173.json
[2025-09-28T23:48:32.073+0000] {logging_mixin.py:188} INFO - Downloaded AMZN/1758414180.json -> /tmp/minio_downloads/1758414180.json
[2025-09-28T23:48:32.077+0000] {logging_mixin.py:188} INFO - Downloaded AMZN/1758414188.json -> /tmp/minio_downloads/1758414188.json
[2025-09-28T23:48:32.080+0000] {logging_mixin.py:188} INFO - Downloaded AMZN/1758414196.json -> /tmp/minio_downloads/1758414196.json
[2025-09-28T23:48:32.085+0000] {logging_mixin.py:188} INFO - Downloaded AMZN/1758414204.json -> /tmp/minio_downloads/1758414204.json
[2025-09-28T23:48:32.089+0000] {logging_mixin.py:188} INFO - Downloaded AMZN/1758414212.json -> /tmp/minio_downloads/1758414212.json
[2025-09-28T23:48:32.093+0000] {logging_mixin.py:188} INFO - Downloaded AMZN/1758414220.json -> /tmp/minio_downloads/1758414220.json
[2025-09-28T23:48:32.097+0000] {logging_mixin.py:188} INFO - Downloaded AMZN/1758414228.json -> /tmp/minio_downloads/1758414228.json
[2025-09-28T23:48:32.100+0000] {logging_mixin.py:188} INFO - Downloaded AMZN/1758414236.json -> /tmp/minio_downloads/1758414236.json
[2025-09-28T23:48:32.104+0000] {logging_mixin.py:188} INFO - Downloaded AMZN/1758414244.json -> /tmp/minio_downloads/1758414244.json
[2025-09-28T23:48:32.108+0000] {logging_mixin.py:188} INFO - Downloaded AMZN/1758414252.json -> /tmp/minio_downloads/1758414252.json
[2025-09-28T23:48:32.112+0000] {logging_mixin.py:188} INFO - Downloaded AMZN/1758757219.json -> /tmp/minio_downloads/1758757219.json
[2025-09-28T23:48:32.116+0000] {logging_mixin.py:188} INFO - Downloaded AMZN/1758757227.json -> /tmp/minio_downloads/1758757227.json
[2025-09-28T23:48:32.120+0000] {logging_mixin.py:188} INFO - Downloaded AMZN/1758757235.json -> /tmp/minio_downloads/1758757235.json
[2025-09-28T23:48:32.124+0000] {logging_mixin.py:188} INFO - Downloaded AMZN/1758757243.json -> /tmp/minio_downloads/1758757243.json
[2025-09-28T23:48:32.128+0000] {logging_mixin.py:188} INFO - Downloaded AMZN/1758757251.json -> /tmp/minio_downloads/1758757251.json
[2025-09-28T23:48:32.131+0000] {logging_mixin.py:188} INFO - Downloaded AMZN/1758757259.json -> /tmp/minio_downloads/1758757259.json
[2025-09-28T23:48:32.135+0000] {logging_mixin.py:188} INFO - Downloaded AMZN/1758757267.json -> /tmp/minio_downloads/1758757267.json
[2025-09-28T23:48:32.140+0000] {logging_mixin.py:188} INFO - Downloaded AMZN/1758757275.json -> /tmp/minio_downloads/1758757275.json
[2025-09-28T23:48:32.144+0000] {logging_mixin.py:188} INFO - Downloaded AMZN/1758757283.json -> /tmp/minio_downloads/1758757283.json
[2025-09-28T23:48:32.148+0000] {logging_mixin.py:188} INFO - Downloaded AMZN/1758757292.json -> /tmp/minio_downloads/1758757292.json
[2025-09-28T23:48:32.151+0000] {logging_mixin.py:188} INFO - Downloaded AMZN/1758757300.json -> /tmp/minio_downloads/1758757300.json
[2025-09-28T23:48:32.155+0000] {logging_mixin.py:188} INFO - Downloaded AMZN/1758757308.json -> /tmp/minio_downloads/1758757308.json
[2025-09-28T23:48:32.159+0000] {logging_mixin.py:188} INFO - Downloaded AMZN/1758757316.json -> /tmp/minio_downloads/1758757316.json
[2025-09-28T23:48:32.163+0000] {logging_mixin.py:188} INFO - Downloaded AMZN/1758757324.json -> /tmp/minio_downloads/1758757324.json
[2025-09-28T23:48:32.167+0000] {logging_mixin.py:188} INFO - Downloaded AMZN/1758757332.json -> /tmp/minio_downloads/1758757332.json
[2025-09-28T23:48:32.171+0000] {logging_mixin.py:188} INFO - Downloaded AMZN/1758757340.json -> /tmp/minio_downloads/1758757340.json
[2025-09-28T23:48:32.175+0000] {logging_mixin.py:188} INFO - Downloaded AMZN/1758757349.json -> /tmp/minio_downloads/1758757349.json
[2025-09-28T23:48:32.179+0000] {logging_mixin.py:188} INFO - Downloaded AMZN/1758757357.json -> /tmp/minio_downloads/1758757357.json
[2025-09-28T23:48:32.183+0000] {logging_mixin.py:188} INFO - Downloaded AMZN/1758757365.json -> /tmp/minio_downloads/1758757365.json
[2025-09-28T23:48:32.187+0000] {logging_mixin.py:188} INFO - Downloaded AMZN/1758757373.json -> /tmp/minio_downloads/1758757373.json
[2025-09-28T23:48:32.191+0000] {logging_mixin.py:188} INFO - Downloaded AMZN/1758757381.json -> /tmp/minio_downloads/1758757381.json
[2025-09-28T23:48:32.195+0000] {logging_mixin.py:188} INFO - Downloaded AMZN/1758757389.json -> /tmp/minio_downloads/1758757389.json
[2025-09-28T23:48:32.199+0000] {logging_mixin.py:188} INFO - Downloaded AMZN/1758757397.json -> /tmp/minio_downloads/1758757397.json
[2025-09-28T23:48:32.203+0000] {logging_mixin.py:188} INFO - Downloaded AMZN/1758757405.json -> /tmp/minio_downloads/1758757405.json
[2025-09-28T23:48:32.207+0000] {logging_mixin.py:188} INFO - Downloaded AMZN/1758757413.json -> /tmp/minio_downloads/1758757413.json
[2025-09-28T23:48:32.211+0000] {logging_mixin.py:188} INFO - Downloaded AMZN/1758757421.json -> /tmp/minio_downloads/1758757421.json
[2025-09-28T23:48:32.215+0000] {logging_mixin.py:188} INFO - Downloaded AMZN/1758757429.json -> /tmp/minio_downloads/1758757429.json
[2025-09-28T23:48:32.219+0000] {logging_mixin.py:188} INFO - Downloaded AMZN/1758757437.json -> /tmp/minio_downloads/1758757437.json
[2025-09-28T23:48:32.223+0000] {logging_mixin.py:188} INFO - Downloaded AMZN/1758757446.json -> /tmp/minio_downloads/1758757446.json
[2025-09-28T23:48:32.227+0000] {logging_mixin.py:188} INFO - Downloaded AMZN/1758757454.json -> /tmp/minio_downloads/1758757454.json
[2025-09-28T23:48:32.231+0000] {logging_mixin.py:188} INFO - Downloaded AMZN/1758757462.json -> /tmp/minio_downloads/1758757462.json
[2025-09-28T23:48:32.235+0000] {logging_mixin.py:188} INFO - Downloaded AMZN/1758757470.json -> /tmp/minio_downloads/1758757470.json
[2025-09-28T23:48:32.238+0000] {logging_mixin.py:188} INFO - Downloaded AMZN/1758757478.json -> /tmp/minio_downloads/1758757478.json
[2025-09-28T23:48:32.242+0000] {logging_mixin.py:188} INFO - Downloaded AMZN/1758757486.json -> /tmp/minio_downloads/1758757486.json
[2025-09-28T23:48:32.246+0000] {logging_mixin.py:188} INFO - Downloaded AMZN/1758757494.json -> /tmp/minio_downloads/1758757494.json
[2025-09-28T23:48:32.250+0000] {logging_mixin.py:188} INFO - Downloaded AMZN/1758757502.json -> /tmp/minio_downloads/1758757502.json
[2025-09-28T23:48:32.254+0000] {logging_mixin.py:188} INFO - Downloaded AMZN/1758757510.json -> /tmp/minio_downloads/1758757510.json
[2025-09-28T23:48:32.258+0000] {logging_mixin.py:188} INFO - Downloaded AMZN/1758757518.json -> /tmp/minio_downloads/1758757518.json
[2025-09-28T23:48:32.262+0000] {logging_mixin.py:188} INFO - Downloaded AMZN/1758757526.json -> /tmp/minio_downloads/1758757526.json
[2025-09-28T23:48:32.266+0000] {logging_mixin.py:188} INFO - Downloaded AMZN/1758757535.json -> /tmp/minio_downloads/1758757535.json
[2025-09-28T23:48:32.270+0000] {logging_mixin.py:188} INFO - Downloaded AMZN/1758757543.json -> /tmp/minio_downloads/1758757543.json
[2025-09-28T23:48:32.275+0000] {logging_mixin.py:188} INFO - Downloaded AMZN/1758757551.json -> /tmp/minio_downloads/1758757551.json
[2025-09-28T23:48:32.279+0000] {logging_mixin.py:188} INFO - Downloaded AMZN/1758757559.json -> /tmp/minio_downloads/1758757559.json
[2025-09-28T23:48:32.283+0000] {logging_mixin.py:188} INFO - Downloaded AMZN/1758757567.json -> /tmp/minio_downloads/1758757567.json
[2025-09-28T23:48:32.287+0000] {logging_mixin.py:188} INFO - Downloaded AMZN/1758757575.json -> /tmp/minio_downloads/1758757575.json
[2025-09-28T23:48:32.291+0000] {logging_mixin.py:188} INFO - Downloaded AMZN/1758757583.json -> /tmp/minio_downloads/1758757583.json
[2025-09-28T23:48:32.294+0000] {logging_mixin.py:188} INFO - Downloaded AMZN/1758757591.json -> /tmp/minio_downloads/1758757591.json
[2025-09-28T23:48:32.298+0000] {logging_mixin.py:188} INFO - Downloaded AMZN/1758757599.json -> /tmp/minio_downloads/1758757599.json
[2025-09-28T23:48:32.302+0000] {logging_mixin.py:188} INFO - Downloaded AMZN/1758757607.json -> /tmp/minio_downloads/1758757607.json
[2025-09-28T23:48:32.307+0000] {logging_mixin.py:188} INFO - Downloaded AMZN/1758757615.json -> /tmp/minio_downloads/1758757615.json
[2025-09-28T23:48:32.311+0000] {logging_mixin.py:188} INFO - Downloaded AMZN/1758757624.json -> /tmp/minio_downloads/1758757624.json
[2025-09-28T23:48:32.315+0000] {logging_mixin.py:188} INFO - Downloaded AMZN/1758757632.json -> /tmp/minio_downloads/1758757632.json
[2025-09-28T23:48:32.318+0000] {logging_mixin.py:188} INFO - Downloaded AMZN/1758757640.json -> /tmp/minio_downloads/1758757640.json
[2025-09-28T23:48:32.322+0000] {logging_mixin.py:188} INFO - Downloaded AMZN/1758757648.json -> /tmp/minio_downloads/1758757648.json
[2025-09-28T23:48:32.327+0000] {logging_mixin.py:188} INFO - Downloaded AMZN/1758757656.json -> /tmp/minio_downloads/1758757656.json
[2025-09-28T23:48:32.330+0000] {logging_mixin.py:188} INFO - Downloaded AMZN/1758757664.json -> /tmp/minio_downloads/1758757664.json
[2025-09-28T23:48:32.334+0000] {logging_mixin.py:188} INFO - Downloaded AMZN/1758757672.json -> /tmp/minio_downloads/1758757672.json
[2025-09-28T23:48:32.338+0000] {logging_mixin.py:188} INFO - Downloaded GOOGL/1758414068.json -> /tmp/minio_downloads/1758414068.json
[2025-09-28T23:48:32.342+0000] {logging_mixin.py:188} INFO - Downloaded GOOGL/1758414076.json -> /tmp/minio_downloads/1758414076.json
[2025-09-28T23:48:32.346+0000] {logging_mixin.py:188} INFO - Downloaded GOOGL/1758414084.json -> /tmp/minio_downloads/1758414084.json
[2025-09-28T23:48:32.350+0000] {logging_mixin.py:188} INFO - Downloaded GOOGL/1758414093.json -> /tmp/minio_downloads/1758414093.json
[2025-09-28T23:48:32.354+0000] {logging_mixin.py:188} INFO - Downloaded GOOGL/1758414101.json -> /tmp/minio_downloads/1758414101.json
[2025-09-28T23:48:32.357+0000] {logging_mixin.py:188} INFO - Downloaded GOOGL/1758414108.json -> /tmp/minio_downloads/1758414108.json
[2025-09-28T23:48:32.361+0000] {logging_mixin.py:188} INFO - Downloaded GOOGL/1758414116.json -> /tmp/minio_downloads/1758414116.json
[2025-09-28T23:48:32.365+0000] {logging_mixin.py:188} INFO - Downloaded GOOGL/1758414124.json -> /tmp/minio_downloads/1758414124.json
[2025-09-28T23:48:32.369+0000] {logging_mixin.py:188} INFO - Downloaded GOOGL/1758414132.json -> /tmp/minio_downloads/1758414132.json
[2025-09-28T23:48:32.373+0000] {logging_mixin.py:188} INFO - Downloaded GOOGL/1758414140.json -> /tmp/minio_downloads/1758414140.json
[2025-09-28T23:48:32.377+0000] {logging_mixin.py:188} INFO - Downloaded GOOGL/1758414148.json -> /tmp/minio_downloads/1758414148.json
[2025-09-28T23:48:32.381+0000] {logging_mixin.py:188} INFO - Downloaded GOOGL/1758414156.json -> /tmp/minio_downloads/1758414156.json
[2025-09-28T23:48:32.385+0000] {logging_mixin.py:188} INFO - Downloaded GOOGL/1758414164.json -> /tmp/minio_downloads/1758414164.json
[2025-09-28T23:48:32.388+0000] {logging_mixin.py:188} INFO - Downloaded GOOGL/1758414172.json -> /tmp/minio_downloads/1758414172.json
[2025-09-28T23:48:32.393+0000] {logging_mixin.py:188} INFO - Downloaded GOOGL/1758414180.json -> /tmp/minio_downloads/1758414180.json
[2025-09-28T23:48:32.398+0000] {logging_mixin.py:188} INFO - Downloaded GOOGL/1758414188.json -> /tmp/minio_downloads/1758414188.json
[2025-09-28T23:48:32.402+0000] {logging_mixin.py:188} INFO - Downloaded GOOGL/1758414196.json -> /tmp/minio_downloads/1758414196.json
[2025-09-28T23:48:32.406+0000] {logging_mixin.py:188} INFO - Downloaded GOOGL/1758414204.json -> /tmp/minio_downloads/1758414204.json
[2025-09-28T23:48:32.410+0000] {logging_mixin.py:188} INFO - Downloaded GOOGL/1758414212.json -> /tmp/minio_downloads/1758414212.json
[2025-09-28T23:48:32.414+0000] {logging_mixin.py:188} INFO - Downloaded GOOGL/1758414220.json -> /tmp/minio_downloads/1758414220.json
[2025-09-28T23:48:32.418+0000] {logging_mixin.py:188} INFO - Downloaded GOOGL/1758414228.json -> /tmp/minio_downloads/1758414228.json
[2025-09-28T23:48:32.422+0000] {logging_mixin.py:188} INFO - Downloaded GOOGL/1758414236.json -> /tmp/minio_downloads/1758414236.json
[2025-09-28T23:48:32.427+0000] {logging_mixin.py:188} INFO - Downloaded GOOGL/1758414244.json -> /tmp/minio_downloads/1758414244.json
[2025-09-28T23:48:32.431+0000] {logging_mixin.py:188} INFO - Downloaded GOOGL/1758414252.json -> /tmp/minio_downloads/1758414252.json
[2025-09-28T23:48:32.435+0000] {logging_mixin.py:188} INFO - Downloaded GOOGL/1758757218.json -> /tmp/minio_downloads/1758757218.json
[2025-09-28T23:48:32.439+0000] {logging_mixin.py:188} INFO - Downloaded GOOGL/1758757226.json -> /tmp/minio_downloads/1758757226.json
[2025-09-28T23:48:32.443+0000] {logging_mixin.py:188} INFO - Downloaded GOOGL/1758757235.json -> /tmp/minio_downloads/1758757235.json
[2025-09-28T23:48:32.447+0000] {logging_mixin.py:188} INFO - Downloaded GOOGL/1758757243.json -> /tmp/minio_downloads/1758757243.json
[2025-09-28T23:48:32.451+0000] {logging_mixin.py:188} INFO - Downloaded GOOGL/1758757251.json -> /tmp/minio_downloads/1758757251.json
[2025-09-28T23:48:32.456+0000] {logging_mixin.py:188} INFO - Downloaded GOOGL/1758757259.json -> /tmp/minio_downloads/1758757259.json
[2025-09-28T23:48:32.460+0000] {logging_mixin.py:188} INFO - Downloaded GOOGL/1758757267.json -> /tmp/minio_downloads/1758757267.json
[2025-09-28T23:48:32.464+0000] {logging_mixin.py:188} INFO - Downloaded GOOGL/1758757275.json -> /tmp/minio_downloads/1758757275.json
[2025-09-28T23:48:32.468+0000] {logging_mixin.py:188} INFO - Downloaded GOOGL/1758757283.json -> /tmp/minio_downloads/1758757283.json
[2025-09-28T23:48:32.475+0000] {logging_mixin.py:188} INFO - Downloaded GOOGL/1758757291.json -> /tmp/minio_downloads/1758757291.json
[2025-09-28T23:48:32.480+0000] {logging_mixin.py:188} INFO - Downloaded GOOGL/1758757299.json -> /tmp/minio_downloads/1758757299.json
[2025-09-28T23:48:32.485+0000] {logging_mixin.py:188} INFO - Downloaded GOOGL/1758757308.json -> /tmp/minio_downloads/1758757308.json
[2025-09-28T23:48:32.490+0000] {logging_mixin.py:188} INFO - Downloaded GOOGL/1758757316.json -> /tmp/minio_downloads/1758757316.json
[2025-09-28T23:48:32.495+0000] {logging_mixin.py:188} INFO - Downloaded GOOGL/1758757324.json -> /tmp/minio_downloads/1758757324.json
[2025-09-28T23:48:32.499+0000] {logging_mixin.py:188} INFO - Downloaded GOOGL/1758757332.json -> /tmp/minio_downloads/1758757332.json
[2025-09-28T23:48:32.503+0000] {logging_mixin.py:188} INFO - Downloaded GOOGL/1758757340.json -> /tmp/minio_downloads/1758757340.json
[2025-09-28T23:48:32.507+0000] {logging_mixin.py:188} INFO - Downloaded GOOGL/1758757348.json -> /tmp/minio_downloads/1758757348.json
[2025-09-28T23:48:32.511+0000] {logging_mixin.py:188} INFO - Downloaded GOOGL/1758757356.json -> /tmp/minio_downloads/1758757356.json
[2025-09-28T23:48:32.515+0000] {logging_mixin.py:188} INFO - Downloaded GOOGL/1758757364.json -> /tmp/minio_downloads/1758757364.json
[2025-09-28T23:48:32.519+0000] {logging_mixin.py:188} INFO - Downloaded GOOGL/1758757372.json -> /tmp/minio_downloads/1758757372.json
[2025-09-28T23:48:32.523+0000] {logging_mixin.py:188} INFO - Downloaded GOOGL/1758757380.json -> /tmp/minio_downloads/1758757380.json
[2025-09-28T23:48:32.527+0000] {logging_mixin.py:188} INFO - Downloaded GOOGL/1758757388.json -> /tmp/minio_downloads/1758757388.json
[2025-09-28T23:48:32.531+0000] {logging_mixin.py:188} INFO - Downloaded GOOGL/1758757397.json -> /tmp/minio_downloads/1758757397.json
[2025-09-28T23:48:32.535+0000] {logging_mixin.py:188} INFO - Downloaded GOOGL/1758757405.json -> /tmp/minio_downloads/1758757405.json
[2025-09-28T23:48:32.539+0000] {logging_mixin.py:188} INFO - Downloaded GOOGL/1758757413.json -> /tmp/minio_downloads/1758757413.json
[2025-09-28T23:48:32.543+0000] {logging_mixin.py:188} INFO - Downloaded GOOGL/1758757421.json -> /tmp/minio_downloads/1758757421.json
[2025-09-28T23:48:32.547+0000] {logging_mixin.py:188} INFO - Downloaded GOOGL/1758757429.json -> /tmp/minio_downloads/1758757429.json
[2025-09-28T23:48:32.550+0000] {logging_mixin.py:188} INFO - Downloaded GOOGL/1758757437.json -> /tmp/minio_downloads/1758757437.json
[2025-09-28T23:48:32.555+0000] {logging_mixin.py:188} INFO - Downloaded GOOGL/1758757445.json -> /tmp/minio_downloads/1758757445.json
[2025-09-28T23:48:32.558+0000] {logging_mixin.py:188} INFO - Downloaded GOOGL/1758757453.json -> /tmp/minio_downloads/1758757453.json
[2025-09-28T23:48:32.562+0000] {logging_mixin.py:188} INFO - Downloaded GOOGL/1758757461.json -> /tmp/minio_downloads/1758757461.json
[2025-09-28T23:48:32.566+0000] {logging_mixin.py:188} INFO - Downloaded GOOGL/1758757469.json -> /tmp/minio_downloads/1758757469.json
[2025-09-28T23:48:32.570+0000] {logging_mixin.py:188} INFO - Downloaded GOOGL/1758757478.json -> /tmp/minio_downloads/1758757478.json
[2025-09-28T23:48:32.574+0000] {logging_mixin.py:188} INFO - Downloaded GOOGL/1758757486.json -> /tmp/minio_downloads/1758757486.json
[2025-09-28T23:48:32.578+0000] {logging_mixin.py:188} INFO - Downloaded GOOGL/1758757494.json -> /tmp/minio_downloads/1758757494.json
[2025-09-28T23:48:32.582+0000] {logging_mixin.py:188} INFO - Downloaded GOOGL/1758757502.json -> /tmp/minio_downloads/1758757502.json
[2025-09-28T23:48:32.586+0000] {logging_mixin.py:188} INFO - Downloaded GOOGL/1758757510.json -> /tmp/minio_downloads/1758757510.json
[2025-09-28T23:48:32.591+0000] {logging_mixin.py:188} INFO - Downloaded GOOGL/1758757518.json -> /tmp/minio_downloads/1758757518.json
[2025-09-28T23:48:32.595+0000] {logging_mixin.py:188} INFO - Downloaded GOOGL/1758757526.json -> /tmp/minio_downloads/1758757526.json
[2025-09-28T23:48:32.598+0000] {logging_mixin.py:188} INFO - Downloaded GOOGL/1758757534.json -> /tmp/minio_downloads/1758757534.json
[2025-09-28T23:48:32.603+0000] {logging_mixin.py:188} INFO - Downloaded GOOGL/1758757542.json -> /tmp/minio_downloads/1758757542.json
[2025-09-28T23:48:32.606+0000] {logging_mixin.py:188} INFO - Downloaded GOOGL/1758757550.json -> /tmp/minio_downloads/1758757550.json
[2025-09-28T23:48:32.610+0000] {logging_mixin.py:188} INFO - Downloaded GOOGL/1758757558.json -> /tmp/minio_downloads/1758757558.json
[2025-09-28T23:48:32.614+0000] {logging_mixin.py:188} INFO - Downloaded GOOGL/1758757566.json -> /tmp/minio_downloads/1758757566.json
[2025-09-28T23:48:32.618+0000] {logging_mixin.py:188} INFO - Downloaded GOOGL/1758757575.json -> /tmp/minio_downloads/1758757575.json
[2025-09-28T23:48:32.622+0000] {logging_mixin.py:188} INFO - Downloaded GOOGL/1758757583.json -> /tmp/minio_downloads/1758757583.json
[2025-09-28T23:48:32.626+0000] {logging_mixin.py:188} INFO - Downloaded GOOGL/1758757591.json -> /tmp/minio_downloads/1758757591.json
[2025-09-28T23:48:32.630+0000] {logging_mixin.py:188} INFO - Downloaded GOOGL/1758757599.json -> /tmp/minio_downloads/1758757599.json
[2025-09-28T23:48:32.634+0000] {logging_mixin.py:188} INFO - Downloaded GOOGL/1758757607.json -> /tmp/minio_downloads/1758757607.json
[2025-09-28T23:48:32.638+0000] {logging_mixin.py:188} INFO - Downloaded GOOGL/1758757615.json -> /tmp/minio_downloads/1758757615.json
[2025-09-28T23:48:32.642+0000] {logging_mixin.py:188} INFO - Downloaded GOOGL/1758757623.json -> /tmp/minio_downloads/1758757623.json
[2025-09-28T23:48:32.646+0000] {logging_mixin.py:188} INFO - Downloaded GOOGL/1758757631.json -> /tmp/minio_downloads/1758757631.json
[2025-09-28T23:48:32.650+0000] {logging_mixin.py:188} INFO - Downloaded GOOGL/1758757639.json -> /tmp/minio_downloads/1758757639.json
[2025-09-28T23:48:32.654+0000] {logging_mixin.py:188} INFO - Downloaded GOOGL/1758757647.json -> /tmp/minio_downloads/1758757647.json
[2025-09-28T23:48:32.658+0000] {logging_mixin.py:188} INFO - Downloaded GOOGL/1758757656.json -> /tmp/minio_downloads/1758757656.json
[2025-09-28T23:48:32.662+0000] {logging_mixin.py:188} INFO - Downloaded GOOGL/1758757664.json -> /tmp/minio_downloads/1758757664.json
[2025-09-28T23:48:32.666+0000] {logging_mixin.py:188} INFO - Downloaded GOOGL/1758757672.json -> /tmp/minio_downloads/1758757672.json
[2025-09-28T23:48:32.670+0000] {logging_mixin.py:188} INFO - Downloaded MSFT/1758414068.json -> /tmp/minio_downloads/1758414068.json
[2025-09-28T23:48:32.674+0000] {logging_mixin.py:188} INFO - Downloaded MSFT/1758414076.json -> /tmp/minio_downloads/1758414076.json
[2025-09-28T23:48:32.678+0000] {logging_mixin.py:188} INFO - Downloaded MSFT/1758414084.json -> /tmp/minio_downloads/1758414084.json
[2025-09-28T23:48:32.682+0000] {logging_mixin.py:188} INFO - Downloaded MSFT/1758414092.json -> /tmp/minio_downloads/1758414092.json
[2025-09-28T23:48:32.686+0000] {logging_mixin.py:188} INFO - Downloaded MSFT/1758414100.json -> /tmp/minio_downloads/1758414100.json
[2025-09-28T23:48:32.690+0000] {logging_mixin.py:188} INFO - Downloaded MSFT/1758414108.json -> /tmp/minio_downloads/1758414108.json
[2025-09-28T23:48:32.694+0000] {logging_mixin.py:188} INFO - Downloaded MSFT/1758414116.json -> /tmp/minio_downloads/1758414116.json
[2025-09-28T23:48:32.698+0000] {logging_mixin.py:188} INFO - Downloaded MSFT/1758414124.json -> /tmp/minio_downloads/1758414124.json
[2025-09-28T23:48:32.702+0000] {logging_mixin.py:188} INFO - Downloaded MSFT/1758414132.json -> /tmp/minio_downloads/1758414132.json
[2025-09-28T23:48:32.706+0000] {logging_mixin.py:188} INFO - Downloaded MSFT/1758414139.json -> /tmp/minio_downloads/1758414139.json
[2025-09-28T23:48:32.710+0000] {logging_mixin.py:188} INFO - Downloaded MSFT/1758414147.json -> /tmp/minio_downloads/1758414147.json
[2025-09-28T23:48:32.714+0000] {logging_mixin.py:188} INFO - Downloaded MSFT/1758414155.json -> /tmp/minio_downloads/1758414155.json
[2025-09-28T23:48:32.717+0000] {logging_mixin.py:188} INFO - Downloaded MSFT/1758414163.json -> /tmp/minio_downloads/1758414163.json
[2025-09-28T23:48:32.721+0000] {logging_mixin.py:188} INFO - Downloaded MSFT/1758414171.json -> /tmp/minio_downloads/1758414171.json
[2025-09-28T23:48:32.725+0000] {logging_mixin.py:188} INFO - Downloaded MSFT/1758414179.json -> /tmp/minio_downloads/1758414179.json
[2025-09-28T23:48:32.729+0000] {logging_mixin.py:188} INFO - Downloaded MSFT/1758414187.json -> /tmp/minio_downloads/1758414187.json
[2025-09-28T23:48:32.733+0000] {logging_mixin.py:188} INFO - Downloaded MSFT/1758414195.json -> /tmp/minio_downloads/1758414195.json
[2025-09-28T23:48:32.737+0000] {logging_mixin.py:188} INFO - Downloaded MSFT/1758414203.json -> /tmp/minio_downloads/1758414203.json
[2025-09-28T23:48:32.741+0000] {logging_mixin.py:188} INFO - Downloaded MSFT/1758414211.json -> /tmp/minio_downloads/1758414211.json
[2025-09-28T23:48:32.745+0000] {logging_mixin.py:188} INFO - Downloaded MSFT/1758414219.json -> /tmp/minio_downloads/1758414219.json
[2025-09-28T23:48:32.749+0000] {logging_mixin.py:188} INFO - Downloaded MSFT/1758414227.json -> /tmp/minio_downloads/1758414227.json
[2025-09-28T23:48:32.753+0000] {logging_mixin.py:188} INFO - Downloaded MSFT/1758414235.json -> /tmp/minio_downloads/1758414235.json
[2025-09-28T23:48:32.756+0000] {logging_mixin.py:188} INFO - Downloaded MSFT/1758414243.json -> /tmp/minio_downloads/1758414243.json
[2025-09-28T23:48:32.761+0000] {logging_mixin.py:188} INFO - Downloaded MSFT/1758414251.json -> /tmp/minio_downloads/1758414251.json
[2025-09-28T23:48:32.765+0000] {logging_mixin.py:188} INFO - Downloaded MSFT/1758757217.json -> /tmp/minio_downloads/1758757217.json
[2025-09-28T23:48:32.768+0000] {logging_mixin.py:188} INFO - Downloaded MSFT/1758757225.json -> /tmp/minio_downloads/1758757225.json
[2025-09-28T23:48:32.772+0000] {logging_mixin.py:188} INFO - Downloaded MSFT/1758757234.json -> /tmp/minio_downloads/1758757234.json
[2025-09-28T23:48:32.776+0000] {logging_mixin.py:188} INFO - Downloaded MSFT/1758757242.json -> /tmp/minio_downloads/1758757242.json
[2025-09-28T23:48:32.780+0000] {logging_mixin.py:188} INFO - Downloaded MSFT/1758757250.json -> /tmp/minio_downloads/1758757250.json
[2025-09-28T23:48:32.784+0000] {logging_mixin.py:188} INFO - Downloaded MSFT/1758757258.json -> /tmp/minio_downloads/1758757258.json
[2025-09-28T23:48:32.788+0000] {logging_mixin.py:188} INFO - Downloaded MSFT/1758757266.json -> /tmp/minio_downloads/1758757266.json
[2025-09-28T23:48:32.792+0000] {logging_mixin.py:188} INFO - Downloaded MSFT/1758757274.json -> /tmp/minio_downloads/1758757274.json
[2025-09-28T23:48:32.796+0000] {logging_mixin.py:188} INFO - Downloaded MSFT/1758757282.json -> /tmp/minio_downloads/1758757282.json
[2025-09-28T23:48:32.800+0000] {logging_mixin.py:188} INFO - Downloaded MSFT/1758757290.json -> /tmp/minio_downloads/1758757290.json
[2025-09-28T23:48:32.804+0000] {logging_mixin.py:188} INFO - Downloaded MSFT/1758757299.json -> /tmp/minio_downloads/1758757299.json
[2025-09-28T23:48:32.808+0000] {logging_mixin.py:188} INFO - Downloaded MSFT/1758757307.json -> /tmp/minio_downloads/1758757307.json
[2025-09-28T23:48:32.812+0000] {logging_mixin.py:188} INFO - Downloaded MSFT/1758757315.json -> /tmp/minio_downloads/1758757315.json
[2025-09-28T23:48:32.816+0000] {logging_mixin.py:188} INFO - Downloaded MSFT/1758757323.json -> /tmp/minio_downloads/1758757323.json
[2025-09-28T23:48:32.819+0000] {logging_mixin.py:188} INFO - Downloaded MSFT/1758757331.json -> /tmp/minio_downloads/1758757331.json
[2025-09-28T23:48:32.824+0000] {logging_mixin.py:188} INFO - Downloaded MSFT/1758757339.json -> /tmp/minio_downloads/1758757339.json
[2025-09-28T23:48:32.828+0000] {logging_mixin.py:188} INFO - Downloaded MSFT/1758757347.json -> /tmp/minio_downloads/1758757347.json
[2025-09-28T23:48:32.832+0000] {logging_mixin.py:188} INFO - Downloaded MSFT/1758757355.json -> /tmp/minio_downloads/1758757355.json
[2025-09-28T23:48:32.836+0000] {logging_mixin.py:188} INFO - Downloaded MSFT/1758757363.json -> /tmp/minio_downloads/1758757363.json
[2025-09-28T23:48:32.839+0000] {logging_mixin.py:188} INFO - Downloaded MSFT/1758757371.json -> /tmp/minio_downloads/1758757371.json
[2025-09-28T23:48:32.843+0000] {logging_mixin.py:188} INFO - Downloaded MSFT/1758757379.json -> /tmp/minio_downloads/1758757379.json
[2025-09-28T23:48:32.847+0000] {logging_mixin.py:188} INFO - Downloaded MSFT/1758757387.json -> /tmp/minio_downloads/1758757387.json
[2025-09-28T23:48:32.851+0000] {logging_mixin.py:188} INFO - Downloaded MSFT/1758757396.json -> /tmp/minio_downloads/1758757396.json
[2025-09-28T23:48:32.855+0000] {logging_mixin.py:188} INFO - Downloaded MSFT/1758757404.json -> /tmp/minio_downloads/1758757404.json
[2025-09-28T23:48:32.860+0000] {logging_mixin.py:188} INFO - Downloaded MSFT/1758757412.json -> /tmp/minio_downloads/1758757412.json
[2025-09-28T23:48:32.863+0000] {logging_mixin.py:188} INFO - Downloaded MSFT/1758757420.json -> /tmp/minio_downloads/1758757420.json
[2025-09-28T23:48:32.867+0000] {logging_mixin.py:188} INFO - Downloaded MSFT/1758757428.json -> /tmp/minio_downloads/1758757428.json
[2025-09-28T23:48:32.871+0000] {logging_mixin.py:188} INFO - Downloaded MSFT/1758757436.json -> /tmp/minio_downloads/1758757436.json
[2025-09-28T23:48:32.875+0000] {logging_mixin.py:188} INFO - Downloaded MSFT/1758757444.json -> /tmp/minio_downloads/1758757444.json
[2025-09-28T23:48:32.879+0000] {logging_mixin.py:188} INFO - Downloaded MSFT/1758757452.json -> /tmp/minio_downloads/1758757452.json
[2025-09-28T23:48:32.883+0000] {logging_mixin.py:188} INFO - Downloaded MSFT/1758757460.json -> /tmp/minio_downloads/1758757460.json
[2025-09-28T23:48:32.887+0000] {logging_mixin.py:188} INFO - Downloaded MSFT/1758757469.json -> /tmp/minio_downloads/1758757469.json
[2025-09-28T23:48:32.891+0000] {logging_mixin.py:188} INFO - Downloaded MSFT/1758757477.json -> /tmp/minio_downloads/1758757477.json
[2025-09-28T23:48:32.895+0000] {logging_mixin.py:188} INFO - Downloaded MSFT/1758757485.json -> /tmp/minio_downloads/1758757485.json
[2025-09-28T23:48:32.898+0000] {logging_mixin.py:188} INFO - Downloaded MSFT/1758757493.json -> /tmp/minio_downloads/1758757493.json
[2025-09-28T23:48:32.902+0000] {logging_mixin.py:188} INFO - Downloaded MSFT/1758757501.json -> /tmp/minio_downloads/1758757501.json
[2025-09-28T23:48:32.907+0000] {logging_mixin.py:188} INFO - Downloaded MSFT/1758757509.json -> /tmp/minio_downloads/1758757509.json
[2025-09-28T23:48:32.911+0000] {logging_mixin.py:188} INFO - Downloaded MSFT/1758757517.json -> /tmp/minio_downloads/1758757517.json
[2025-09-28T23:48:32.915+0000] {logging_mixin.py:188} INFO - Downloaded MSFT/1758757525.json -> /tmp/minio_downloads/1758757525.json
[2025-09-28T23:48:32.919+0000] {logging_mixin.py:188} INFO - Downloaded MSFT/1758757533.json -> /tmp/minio_downloads/1758757533.json
[2025-09-28T23:48:32.923+0000] {logging_mixin.py:188} INFO - Downloaded MSFT/1758757541.json -> /tmp/minio_downloads/1758757541.json
[2025-09-28T23:48:32.927+0000] {logging_mixin.py:188} INFO - Downloaded MSFT/1758757549.json -> /tmp/minio_downloads/1758757549.json
[2025-09-28T23:48:32.931+0000] {logging_mixin.py:188} INFO - Downloaded MSFT/1758757558.json -> /tmp/minio_downloads/1758757558.json
[2025-09-28T23:48:32.934+0000] {logging_mixin.py:188} INFO - Downloaded MSFT/1758757566.json -> /tmp/minio_downloads/1758757566.json
[2025-09-28T23:48:32.938+0000] {logging_mixin.py:188} INFO - Downloaded MSFT/1758757574.json -> /tmp/minio_downloads/1758757574.json
[2025-09-28T23:48:32.942+0000] {logging_mixin.py:188} INFO - Downloaded MSFT/1758757582.json -> /tmp/minio_downloads/1758757582.json
[2025-09-28T23:48:32.946+0000] {logging_mixin.py:188} INFO - Downloaded MSFT/1758757590.json -> /tmp/minio_downloads/1758757590.json
[2025-09-28T23:48:32.950+0000] {logging_mixin.py:188} INFO - Downloaded MSFT/1758757598.json -> /tmp/minio_downloads/1758757598.json
[2025-09-28T23:48:32.954+0000] {logging_mixin.py:188} INFO - Downloaded MSFT/1758757606.json -> /tmp/minio_downloads/1758757606.json
[2025-09-28T23:48:32.958+0000] {logging_mixin.py:188} INFO - Downloaded MSFT/1758757614.json -> /tmp/minio_downloads/1758757614.json
[2025-09-28T23:48:32.962+0000] {logging_mixin.py:188} INFO - Downloaded MSFT/1758757622.json -> /tmp/minio_downloads/1758757622.json
[2025-09-28T23:48:32.965+0000] {logging_mixin.py:188} INFO - Downloaded MSFT/1758757630.json -> /tmp/minio_downloads/1758757630.json
[2025-09-28T23:48:32.969+0000] {logging_mixin.py:188} INFO - Downloaded MSFT/1758757638.json -> /tmp/minio_downloads/1758757638.json
[2025-09-28T23:48:32.974+0000] {logging_mixin.py:188} INFO - Downloaded MSFT/1758757647.json -> /tmp/minio_downloads/1758757647.json
[2025-09-28T23:48:32.978+0000] {logging_mixin.py:188} INFO - Downloaded MSFT/1758757655.json -> /tmp/minio_downloads/1758757655.json
[2025-09-28T23:48:32.982+0000] {logging_mixin.py:188} INFO - Downloaded MSFT/1758757663.json -> /tmp/minio_downloads/1758757663.json
[2025-09-28T23:48:32.986+0000] {logging_mixin.py:188} INFO - Downloaded MSFT/1758757671.json -> /tmp/minio_downloads/1758757671.json
[2025-09-28T23:48:32.991+0000] {logging_mixin.py:188} INFO - Downloaded TSLA/1758414068.json -> /tmp/minio_downloads/1758414068.json
[2025-09-28T23:48:32.995+0000] {logging_mixin.py:188} INFO - Downloaded TSLA/1758414076.json -> /tmp/minio_downloads/1758414076.json
[2025-09-28T23:48:33.000+0000] {logging_mixin.py:188} INFO - Downloaded TSLA/1758414084.json -> /tmp/minio_downloads/1758414084.json
[2025-09-28T23:48:33.004+0000] {logging_mixin.py:188} INFO - Downloaded TSLA/1758414092.json -> /tmp/minio_downloads/1758414092.json
[2025-09-28T23:48:33.008+0000] {logging_mixin.py:188} INFO - Downloaded TSLA/1758414100.json -> /tmp/minio_downloads/1758414100.json
[2025-09-28T23:48:33.012+0000] {logging_mixin.py:188} INFO - Downloaded TSLA/1758414108.json -> /tmp/minio_downloads/1758414108.json
[2025-09-28T23:48:33.017+0000] {logging_mixin.py:188} INFO - Downloaded TSLA/1758414116.json -> /tmp/minio_downloads/1758414116.json
[2025-09-28T23:48:33.021+0000] {logging_mixin.py:188} INFO - Downloaded TSLA/1758414124.json -> /tmp/minio_downloads/1758414124.json
[2025-09-28T23:48:33.025+0000] {logging_mixin.py:188} INFO - Downloaded TSLA/1758414132.json -> /tmp/minio_downloads/1758414132.json
[2025-09-28T23:48:33.030+0000] {logging_mixin.py:188} INFO - Downloaded TSLA/1758414140.json -> /tmp/minio_downloads/1758414140.json
[2025-09-28T23:48:33.034+0000] {logging_mixin.py:188} INFO - Downloaded TSLA/1758414148.json -> /tmp/minio_downloads/1758414148.json
[2025-09-28T23:48:33.038+0000] {logging_mixin.py:188} INFO - Downloaded TSLA/1758414156.json -> /tmp/minio_downloads/1758414156.json
[2025-09-28T23:48:33.042+0000] {logging_mixin.py:188} INFO - Downloaded TSLA/1758414164.json -> /tmp/minio_downloads/1758414164.json
[2025-09-28T23:48:33.046+0000] {logging_mixin.py:188} INFO - Downloaded TSLA/1758414172.json -> /tmp/minio_downloads/1758414172.json
[2025-09-28T23:48:33.050+0000] {logging_mixin.py:188} INFO - Downloaded TSLA/1758414180.json -> /tmp/minio_downloads/1758414180.json
[2025-09-28T23:48:33.054+0000] {logging_mixin.py:188} INFO - Downloaded TSLA/1758414188.json -> /tmp/minio_downloads/1758414188.json
[2025-09-28T23:48:33.058+0000] {logging_mixin.py:188} INFO - Downloaded TSLA/1758414196.json -> /tmp/minio_downloads/1758414196.json
[2025-09-28T23:48:33.062+0000] {logging_mixin.py:188} INFO - Downloaded TSLA/1758414203.json -> /tmp/minio_downloads/1758414203.json
[2025-09-28T23:48:33.066+0000] {logging_mixin.py:188} INFO - Downloaded TSLA/1758414212.json -> /tmp/minio_downloads/1758414212.json
[2025-09-28T23:48:33.070+0000] {logging_mixin.py:188} INFO - Downloaded TSLA/1758414219.json -> /tmp/minio_downloads/1758414219.json
[2025-09-28T23:48:33.075+0000] {logging_mixin.py:188} INFO - Downloaded TSLA/1758414227.json -> /tmp/minio_downloads/1758414227.json
[2025-09-28T23:48:33.079+0000] {logging_mixin.py:188} INFO - Downloaded TSLA/1758414235.json -> /tmp/minio_downloads/1758414235.json
[2025-09-28T23:48:33.083+0000] {logging_mixin.py:188} INFO - Downloaded TSLA/1758414243.json -> /tmp/minio_downloads/1758414243.json
[2025-09-28T23:48:33.087+0000] {logging_mixin.py:188} INFO - Downloaded TSLA/1758414251.json -> /tmp/minio_downloads/1758414251.json
[2025-09-28T23:48:33.092+0000] {logging_mixin.py:188} INFO - Downloaded TSLA/1758757218.json -> /tmp/minio_downloads/1758757218.json
[2025-09-28T23:48:33.096+0000] {logging_mixin.py:188} INFO - Downloaded TSLA/1758757226.json -> /tmp/minio_downloads/1758757226.json
[2025-09-28T23:48:33.100+0000] {logging_mixin.py:188} INFO - Downloaded TSLA/1758757234.json -> /tmp/minio_downloads/1758757234.json
[2025-09-28T23:48:33.104+0000] {logging_mixin.py:188} INFO - Downloaded TSLA/1758757242.json -> /tmp/minio_downloads/1758757242.json
[2025-09-28T23:48:33.108+0000] {logging_mixin.py:188} INFO - Downloaded TSLA/1758757250.json -> /tmp/minio_downloads/1758757250.json
[2025-09-28T23:48:33.112+0000] {logging_mixin.py:188} INFO - Downloaded TSLA/1758757258.json -> /tmp/minio_downloads/1758757258.json
[2025-09-28T23:48:33.116+0000] {logging_mixin.py:188} INFO - Downloaded TSLA/1758757266.json -> /tmp/minio_downloads/1758757266.json
[2025-09-28T23:48:33.120+0000] {logging_mixin.py:188} INFO - Downloaded TSLA/1758757275.json -> /tmp/minio_downloads/1758757275.json
[2025-09-28T23:48:33.124+0000] {logging_mixin.py:188} INFO - Downloaded TSLA/1758757283.json -> /tmp/minio_downloads/1758757283.json
[2025-09-28T23:48:33.128+0000] {logging_mixin.py:188} INFO - Downloaded TSLA/1758757291.json -> /tmp/minio_downloads/1758757291.json
[2025-09-28T23:48:33.132+0000] {logging_mixin.py:188} INFO - Downloaded TSLA/1758757299.json -> /tmp/minio_downloads/1758757299.json
[2025-09-28T23:48:33.136+0000] {logging_mixin.py:188} INFO - Downloaded TSLA/1758757307.json -> /tmp/minio_downloads/1758757307.json
[2025-09-28T23:48:33.140+0000] {logging_mixin.py:188} INFO - Downloaded TSLA/1758757315.json -> /tmp/minio_downloads/1758757315.json
[2025-09-28T23:48:33.144+0000] {logging_mixin.py:188} INFO - Downloaded TSLA/1758757323.json -> /tmp/minio_downloads/1758757323.json
[2025-09-28T23:48:33.149+0000] {logging_mixin.py:188} INFO - Downloaded TSLA/1758757331.json -> /tmp/minio_downloads/1758757331.json
[2025-09-28T23:48:33.153+0000] {logging_mixin.py:188} INFO - Downloaded TSLA/1758757340.json -> /tmp/minio_downloads/1758757340.json
[2025-09-28T23:48:33.157+0000] {logging_mixin.py:188} INFO - Downloaded TSLA/1758757348.json -> /tmp/minio_downloads/1758757348.json
[2025-09-28T23:48:33.162+0000] {logging_mixin.py:188} INFO - Downloaded TSLA/1758757356.json -> /tmp/minio_downloads/1758757356.json
[2025-09-28T23:48:33.168+0000] {logging_mixin.py:188} INFO - Downloaded TSLA/1758757364.json -> /tmp/minio_downloads/1758757364.json
[2025-09-28T23:48:33.172+0000] {logging_mixin.py:188} INFO - Downloaded TSLA/1758757372.json -> /tmp/minio_downloads/1758757372.json
[2025-09-28T23:48:33.176+0000] {logging_mixin.py:188} INFO - Downloaded TSLA/1758757380.json -> /tmp/minio_downloads/1758757380.json
[2025-09-28T23:48:33.180+0000] {logging_mixin.py:188} INFO - Downloaded TSLA/1758757388.json -> /tmp/minio_downloads/1758757388.json
[2025-09-28T23:48:33.184+0000] {logging_mixin.py:188} INFO - Downloaded TSLA/1758757396.json -> /tmp/minio_downloads/1758757396.json
[2025-09-28T23:48:33.187+0000] {logging_mixin.py:188} INFO - Downloaded TSLA/1758757404.json -> /tmp/minio_downloads/1758757404.json
[2025-09-28T23:48:33.191+0000] {logging_mixin.py:188} INFO - Downloaded TSLA/1758757412.json -> /tmp/minio_downloads/1758757412.json
[2025-09-28T23:48:33.195+0000] {logging_mixin.py:188} INFO - Downloaded TSLA/1758757420.json -> /tmp/minio_downloads/1758757420.json
[2025-09-28T23:48:33.199+0000] {logging_mixin.py:188} INFO - Downloaded TSLA/1758757429.json -> /tmp/minio_downloads/1758757429.json
[2025-09-28T23:48:33.203+0000] {logging_mixin.py:188} INFO - Downloaded TSLA/1758757437.json -> /tmp/minio_downloads/1758757437.json
[2025-09-28T23:48:33.207+0000] {logging_mixin.py:188} INFO - Downloaded TSLA/1758757445.json -> /tmp/minio_downloads/1758757445.json
[2025-09-28T23:48:33.211+0000] {logging_mixin.py:188} INFO - Downloaded TSLA/1758757453.json -> /tmp/minio_downloads/1758757453.json
[2025-09-28T23:48:33.214+0000] {logging_mixin.py:188} INFO - Downloaded TSLA/1758757461.json -> /tmp/minio_downloads/1758757461.json
[2025-09-28T23:48:33.218+0000] {logging_mixin.py:188} INFO - Downloaded TSLA/1758757469.json -> /tmp/minio_downloads/1758757469.json
[2025-09-28T23:48:33.222+0000] {logging_mixin.py:188} INFO - Downloaded TSLA/1758757477.json -> /tmp/minio_downloads/1758757477.json
[2025-09-28T23:48:33.226+0000] {logging_mixin.py:188} INFO - Downloaded TSLA/1758757485.json -> /tmp/minio_downloads/1758757485.json
[2025-09-28T23:48:33.230+0000] {logging_mixin.py:188} INFO - Downloaded TSLA/1758757493.json -> /tmp/minio_downloads/1758757493.json
[2025-09-28T23:48:33.234+0000] {logging_mixin.py:188} INFO - Downloaded TSLA/1758757501.json -> /tmp/minio_downloads/1758757501.json
[2025-09-28T23:48:33.238+0000] {logging_mixin.py:188} INFO - Downloaded TSLA/1758757509.json -> /tmp/minio_downloads/1758757509.json
[2025-09-28T23:48:33.242+0000] {logging_mixin.py:188} INFO - Downloaded TSLA/1758757518.json -> /tmp/minio_downloads/1758757518.json
[2025-09-28T23:48:33.246+0000] {logging_mixin.py:188} INFO - Downloaded TSLA/1758757526.json -> /tmp/minio_downloads/1758757526.json
[2025-09-28T23:48:33.249+0000] {logging_mixin.py:188} INFO - Downloaded TSLA/1758757534.json -> /tmp/minio_downloads/1758757534.json
[2025-09-28T23:48:33.253+0000] {logging_mixin.py:188} INFO - Downloaded TSLA/1758757542.json -> /tmp/minio_downloads/1758757542.json
[2025-09-28T23:48:33.257+0000] {logging_mixin.py:188} INFO - Downloaded TSLA/1758757550.json -> /tmp/minio_downloads/1758757550.json
[2025-09-28T23:48:33.261+0000] {logging_mixin.py:188} INFO - Downloaded TSLA/1758757558.json -> /tmp/minio_downloads/1758757558.json
[2025-09-28T23:48:33.265+0000] {logging_mixin.py:188} INFO - Downloaded TSLA/1758757566.json -> /tmp/minio_downloads/1758757566.json
[2025-09-28T23:48:33.269+0000] {logging_mixin.py:188} INFO - Downloaded TSLA/1758757574.json -> /tmp/minio_downloads/1758757574.json
[2025-09-28T23:48:33.273+0000] {logging_mixin.py:188} INFO - Downloaded TSLA/1758757582.json -> /tmp/minio_downloads/1758757582.json
[2025-09-28T23:48:33.277+0000] {logging_mixin.py:188} INFO - Downloaded TSLA/1758757590.json -> /tmp/minio_downloads/1758757590.json
[2025-09-28T23:48:33.281+0000] {logging_mixin.py:188} INFO - Downloaded TSLA/1758757598.json -> /tmp/minio_downloads/1758757598.json
[2025-09-28T23:48:33.284+0000] {logging_mixin.py:188} INFO - Downloaded TSLA/1758757606.json -> /tmp/minio_downloads/1758757606.json
[2025-09-28T23:48:33.289+0000] {logging_mixin.py:188} INFO - Downloaded TSLA/1758757615.json -> /tmp/minio_downloads/1758757615.json
[2025-09-28T23:48:33.293+0000] {logging_mixin.py:188} INFO - Downloaded TSLA/1758757623.json -> /tmp/minio_downloads/1758757623.json
[2025-09-28T23:48:33.296+0000] {logging_mixin.py:188} INFO - Downloaded TSLA/1758757631.json -> /tmp/minio_downloads/1758757631.json
[2025-09-28T23:48:33.300+0000] {logging_mixin.py:188} INFO - Downloaded TSLA/1758757639.json -> /tmp/minio_downloads/1758757639.json
[2025-09-28T23:48:33.304+0000] {logging_mixin.py:188} INFO - Downloaded TSLA/1758757647.json -> /tmp/minio_downloads/1758757647.json
[2025-09-28T23:48:33.308+0000] {logging_mixin.py:188} INFO - Downloaded TSLA/1758757655.json -> /tmp/minio_downloads/1758757655.json
[2025-09-28T23:48:33.312+0000] {logging_mixin.py:188} INFO - Downloaded TSLA/1758757663.json -> /tmp/minio_downloads/1758757663.json
[2025-09-28T23:48:33.316+0000] {logging_mixin.py:188} INFO - Downloaded TSLA/1758757671.json -> /tmp/minio_downloads/1758757671.json
[2025-09-28T23:48:33.317+0000] {python.py:237} INFO - Done. Returned value was: ['/tmp/minio_downloads/1758414067.json', '/tmp/minio_downloads/1758414075.json', '/tmp/minio_downloads/1758414083.json', '/tmp/minio_downloads/1758414091.json', '/tmp/minio_downloads/1758414099.json', '/tmp/minio_downloads/1758414107.json', '/tmp/minio_downloads/1758414115.json', '/tmp/minio_downloads/1758414123.json', '/tmp/minio_downloads/1758414131.json', '/tmp/minio_downloads/1758414139.json', '/tmp/minio_downloads/1758414147.json', '/tmp/minio_downloads/1758414155.json', '/tmp/minio_downloads/1758414163.json', '/tmp/minio_downloads/1758414171.json', '/tmp/minio_downloads/1758414179.json', '/tmp/minio_downloads/1758414187.json', '/tmp/minio_downloads/1758414195.json', '/tmp/minio_downloads/1758414203.json', '/tmp/minio_downloads/1758414211.json', '/tmp/minio_downloads/1758414219.json', '/tmp/minio_downloads/1758414227.json', '/tmp/minio_downloads/1758414235.json', '/tmp/minio_downloads/1758414242.json', '/tmp/minio_downloads/1758414250.json', '/tmp/minio_downloads/1758757217.json', '/tmp/minio_downloads/1758757225.json', '/tmp/minio_downloads/1758757233.json', '/tmp/minio_downloads/1758757241.json', '/tmp/minio_downloads/1758757250.json', '/tmp/minio_downloads/1758757258.json', '/tmp/minio_downloads/1758757266.json', '/tmp/minio_downloads/1758757274.json', '/tmp/minio_downloads/1758757282.json', '/tmp/minio_downloads/1758757290.json', '/tmp/minio_downloads/1758757298.json', '/tmp/minio_downloads/1758757306.json', '/tmp/minio_downloads/1758757314.json', '/tmp/minio_downloads/1758757322.json', '/tmp/minio_downloads/1758757331.json', '/tmp/minio_downloads/1758757339.json', '/tmp/minio_downloads/1758757347.json', '/tmp/minio_downloads/1758757355.json', '/tmp/minio_downloads/1758757363.json', '/tmp/minio_downloads/1758757371.json', '/tmp/minio_downloads/1758757379.json', '/tmp/minio_downloads/1758757387.json', '/tmp/minio_downloads/1758757395.json', '/tmp/minio_downloads/1758757403.json', '/tmp/minio_downloads/1758757411.json', '/tmp/minio_downloads/1758757420.json', '/tmp/minio_downloads/1758757428.json', '/tmp/minio_downloads/1758757436.json', '/tmp/minio_downloads/1758757444.json', '/tmp/minio_downloads/1758757452.json', '/tmp/minio_downloads/1758757460.json', '/tmp/minio_downloads/1758757468.json', '/tmp/minio_downloads/1758757476.json', '/tmp/minio_downloads/1758757484.json', '/tmp/minio_downloads/1758757492.json', '/tmp/minio_downloads/1758757500.json', '/tmp/minio_downloads/1758757509.json', '/tmp/minio_downloads/1758757517.json', '/tmp/minio_downloads/1758757525.json', '/tmp/minio_downloads/1758757533.json', '/tmp/minio_downloads/1758757541.json', '/tmp/minio_downloads/1758757549.json', '/tmp/minio_downloads/1758757557.json', '/tmp/minio_downloads/1758757565.json', '/tmp/minio_downloads/1758757573.json', '/tmp/minio_downloads/1758757581.json', '/tmp/minio_downloads/1758757589.json', '/tmp/minio_downloads/1758757598.json', '/tmp/minio_downloads/1758757606.json', '/tmp/minio_downloads/1758757614.json', '/tmp/minio_downloads/1758757622.json', '/tmp/minio_downloads/1758757630.json', '/tmp/minio_downloads/1758757638.json', '/tmp/minio_downloads/1758757646.json', '/tmp/minio_downloads/1758757654.json', '/tmp/minio_downloads/1758757662.json', '/tmp/minio_downloads/1758757671.json', '/tmp/minio_downloads/1758414069.json', '/tmp/minio_downloads/1758414077.json', '/tmp/minio_downloads/1758414085.json', '/tmp/minio_downloads/1758414093.json', '/tmp/minio_downloads/1758414101.json', '/tmp/minio_downloads/1758414109.json', '/tmp/minio_downloads/1758414117.json', '/tmp/minio_downloads/1758414125.json', '/tmp/minio_downloads/1758414133.json', '/tmp/minio_downloads/1758414141.json', '/tmp/minio_downloads/1758414149.json', '/tmp/minio_downloads/1758414157.json', '/tmp/minio_downloads/1758414165.json', '/tmp/minio_downloads/1758414173.json', '/tmp/minio_downloads/1758414180.json', '/tmp/minio_downloads/1758414188.json', '/tmp/minio_downloads/1758414196.json', '/tmp/minio_downloads/1758414204.json', '/tmp/minio_downloads/1758414212.json', '/tmp/minio_downloads/1758414220.json', '/tmp/minio_downloads/1758414228.json', '/tmp/minio_downloads/1758414236.json', '/tmp/minio_downloads/1758414244.json', '/tmp/minio_downloads/1758414252.json', '/tmp/minio_downloads/1758757219.json', '/tmp/minio_downloads/1758757227.json', '/tmp/minio_downloads/1758757235.json', '/tmp/minio_downloads/1758757243.json', '/tmp/minio_downloads/1758757251.json', '/tmp/minio_downloads/1758757259.json', '/tmp/minio_downloads/1758757267.json', '/tmp/minio_downloads/1758757275.json', '/tmp/minio_downloads/1758757283.json', '/tmp/minio_downloads/1758757292.json', '/tmp/minio_downloads/1758757300.json', '/tmp/minio_downloads/1758757308.json', '/tmp/minio_downloads/1758757316.json', '/tmp/minio_downloads/1758757324.json', '/tmp/minio_downloads/1758757332.json', '/tmp/minio_downloads/1758757340.json', '/tmp/minio_downloads/1758757349.json', '/tmp/minio_downloads/1758757357.json', '/tmp/minio_downloads/1758757365.json', '/tmp/minio_downloads/1758757373.json', '/tmp/minio_downloads/1758757381.json', '/tmp/minio_downloads/1758757389.json', '/tmp/minio_downloads/1758757397.json', '/tmp/minio_downloads/1758757405.json', '/tmp/minio_downloads/1758757413.json', '/tmp/minio_downloads/1758757421.json', '/tmp/minio_downloads/1758757429.json', '/tmp/minio_downloads/1758757437.json', '/tmp/minio_downloads/1758757446.json', '/tmp/minio_downloads/1758757454.json', '/tmp/minio_downloads/1758757462.json', '/tmp/minio_downloads/1758757470.json', '/tmp/minio_downloads/1758757478.json', '/tmp/minio_downloads/1758757486.json', '/tmp/minio_downloads/1758757494.json', '/tmp/minio_downloads/1758757502.json', '/tmp/minio_downloads/1758757510.json', '/tmp/minio_downloads/1758757518.json', '/tmp/minio_downloads/1758757526.json', '/tmp/minio_downloads/1758757535.json', '/tmp/minio_downloads/1758757543.json', '/tmp/minio_downloads/1758757551.json', '/tmp/minio_downloads/1758757559.json', '/tmp/minio_downloads/1758757567.json', '/tmp/minio_downloads/1758757575.json', '/tmp/minio_downloads/1758757583.json', '/tmp/minio_downloads/1758757591.json', '/tmp/minio_downloads/1758757599.json', '/tmp/minio_downloads/1758757607.json', '/tmp/minio_downloads/1758757615.json', '/tmp/minio_downloads/1758757624.json', '/tmp/minio_downloads/1758757632.json', '/tmp/minio_downloads/1758757640.json', '/tmp/minio_downloads/1758757648.json', '/tmp/minio_downloads/1758757656.json', '/tmp/minio_downloads/1758757664.json', '/tmp/minio_downloads/1758757672.json', '/tmp/minio_downloads/1758414068.json', '/tmp/minio_downloads/1758414076.json', '/tmp/minio_downloads/1758414084.json', '/tmp/minio_downloads/1758414093.json', '/tmp/minio_downloads/1758414101.json', '/tmp/minio_downloads/1758414108.json', '/tmp/minio_downloads/1758414116.json', '/tmp/minio_downloads/1758414124.json', '/tmp/minio_downloads/1758414132.json', '/tmp/minio_downloads/1758414140.json', '/tmp/minio_downloads/1758414148.json', '/tmp/minio_downloads/1758414156.json', '/tmp/minio_downloads/1758414164.json', '/tmp/minio_downloads/1758414172.json', '/tmp/minio_downloads/1758414180.json', '/tmp/minio_downloads/1758414188.json', '/tmp/minio_downloads/1758414196.json', '/tmp/minio_downloads/1758414204.json', '/tmp/minio_downloads/1758414212.json', '/tmp/minio_downloads/1758414220.json', '/tmp/minio_downloads/1758414228.json', '/tmp/minio_downloads/1758414236.json', '/tmp/minio_downloads/1758414244.json', '/tmp/minio_downloads/1758414252.json', '/tmp/minio_downloads/1758757218.json', '/tmp/minio_downloads/1758757226.json', '/tmp/minio_downloads/1758757235.json', '/tmp/minio_downloads/1758757243.json', '/tmp/minio_downloads/1758757251.json', '/tmp/minio_downloads/1758757259.json', '/tmp/minio_downloads/1758757267.json', '/tmp/minio_downloads/1758757275.json', '/tmp/minio_downloads/1758757283.json', '/tmp/minio_downloads/1758757291.json', '/tmp/minio_downloads/1758757299.json', '/tmp/minio_downloads/1758757308.json', '/tmp/minio_downloads/1758757316.json', '/tmp/minio_downloads/1758757324.json', '/tmp/minio_downloads/1758757332.json', '/tmp/minio_downloads/1758757340.json', '/tmp/minio_downloads/1758757348.json', '/tmp/minio_downloads/1758757356.json', '/tmp/minio_downloads/1758757364.json', '/tmp/minio_downloads/1758757372.json', '/tmp/minio_downloads/1758757380.json', '/tmp/minio_downloads/1758757388.json', '/tmp/minio_downloads/1758757397.json', '/tmp/minio_downloads/1758757405.json', '/tmp/minio_downloads/1758757413.json', '/tmp/minio_downloads/1758757421.json', '/tmp/minio_downloads/1758757429.json', '/tmp/minio_downloads/1758757437.json', '/tmp/minio_downloads/1758757445.json', '/tmp/minio_downloads/1758757453.json', '/tmp/minio_downloads/1758757461.json', '/tmp/minio_downloads/1758757469.json', '/tmp/minio_downloads/1758757478.json', '/tmp/minio_downloads/1758757486.json', '/tmp/minio_downloads/1758757494.json', '/tmp/minio_downloads/1758757502.json', '/tmp/minio_downloads/1758757510.json', '/tmp/minio_downloads/1758757518.json', '/tmp/minio_downloads/1758757526.json', '/tmp/minio_downloads/1758757534.json', '/tmp/minio_downloads/1758757542.json', '/tmp/minio_downloads/1758757550.json', '/tmp/minio_downloads/1758757558.json', '/tmp/minio_downloads/1758757566.json', '/tmp/minio_downloads/1758757575.json', '/tmp/minio_downloads/1758757583.json', '/tmp/minio_downloads/1758757591.json', '/tmp/minio_downloads/1758757599.json', '/tmp/minio_downloads/1758757607.json', '/tmp/minio_downloads/1758757615.json', '/tmp/minio_downloads/1758757623.json', '/tmp/minio_downloads/1758757631.json', '/tmp/minio_downloads/1758757639.json', '/tmp/minio_downloads/1758757647.json', '/tmp/minio_downloads/1758757656.json', '/tmp/minio_downloads/1758757664.json', '/tmp/minio_downloads/1758757672.json', '/tmp/minio_downloads/1758414068.json', '/tmp/minio_downloads/1758414076.json', '/tmp/minio_downloads/1758414084.json', '/tmp/minio_downloads/1758414092.json', '/tmp/minio_downloads/1758414100.json', '/tmp/minio_downloads/1758414108.json', '/tmp/minio_downloads/1758414116.json', '/tmp/minio_downloads/1758414124.json', '/tmp/minio_downloads/1758414132.json', '/tmp/minio_downloads/1758414139.json', '/tmp/minio_downloads/1758414147.json', '/tmp/minio_downloads/1758414155.json', '/tmp/minio_downloads/1758414163.json', '/tmp/minio_downloads/1758414171.json', '/tmp/minio_downloads/1758414179.json', '/tmp/minio_downloads/1758414187.json', '/tmp/minio_downloads/1758414195.json', '/tmp/minio_downloads/1758414203.json', '/tmp/minio_downloads/1758414211.json', '/tmp/minio_downloads/1758414219.json', '/tmp/minio_downloads/1758414227.json', '/tmp/minio_downloads/1758414235.json', '/tmp/minio_downloads/1758414243.json', '/tmp/minio_downloads/1758414251.json', '/tmp/minio_downloads/1758757217.json', '/tmp/minio_downloads/1758757225.json', '/tmp/minio_downloads/1758757234.json', '/tmp/minio_downloads/1758757242.json', '/tmp/minio_downloads/1758757250.json', '/tmp/minio_downloads/1758757258.json', '/tmp/minio_downloads/1758757266.json', '/tmp/minio_downloads/1758757274.json', '/tmp/minio_downloads/1758757282.json', '/tmp/minio_downloads/1758757290.json', '/tmp/minio_downloads/1758757299.json', '/tmp/minio_downloads/1758757307.json', '/tmp/minio_downloads/1758757315.json', '/tmp/minio_downloads/1758757323.json', '/tmp/minio_downloads/1758757331.json', '/tmp/minio_downloads/1758757339.json', '/tmp/minio_downloads/1758757347.json', '/tmp/minio_downloads/1758757355.json', '/tmp/minio_downloads/1758757363.json', '/tmp/minio_downloads/1758757371.json', '/tmp/minio_downloads/1758757379.json', '/tmp/minio_downloads/1758757387.json', '/tmp/minio_downloads/1758757396.json', '/tmp/minio_downloads/1758757404.json', '/tmp/minio_downloads/1758757412.json', '/tmp/minio_downloads/1758757420.json', '/tmp/minio_downloads/1758757428.json', '/tmp/minio_downloads/1758757436.json', '/tmp/minio_downloads/1758757444.json', '/tmp/minio_downloads/1758757452.json', '/tmp/minio_downloads/1758757460.json', '/tmp/minio_downloads/1758757469.json', '/tmp/minio_downloads/1758757477.json', '/tmp/minio_downloads/1758757485.json', '/tmp/minio_downloads/1758757493.json', '/tmp/minio_downloads/1758757501.json', '/tmp/minio_downloads/1758757509.json', '/tmp/minio_downloads/1758757517.json', '/tmp/minio_downloads/1758757525.json', '/tmp/minio_downloads/1758757533.json', '/tmp/minio_downloads/1758757541.json', '/tmp/minio_downloads/1758757549.json', '/tmp/minio_downloads/1758757558.json', '/tmp/minio_downloads/1758757566.json', '/tmp/minio_downloads/1758757574.json', '/tmp/minio_downloads/1758757582.json', '/tmp/minio_downloads/1758757590.json', '/tmp/minio_downloads/1758757598.json', '/tmp/minio_downloads/1758757606.json', '/tmp/minio_downloads/1758757614.json', '/tmp/minio_downloads/1758757622.json', '/tmp/minio_downloads/1758757630.json', '/tmp/minio_downloads/1758757638.json', '/tmp/minio_downloads/1758757647.json', '/tmp/minio_downloads/1758757655.json', '/tmp/minio_downloads/1758757663.json', '/tmp/minio_downloads/1758757671.json', '/tmp/minio_downloads/1758414068.json', '/tmp/minio_downloads/1758414076.json', '/tmp/minio_downloads/1758414084.json', '/tmp/minio_downloads/1758414092.json', '/tmp/minio_downloads/1758414100.json', '/tmp/minio_downloads/1758414108.json', '/tmp/minio_downloads/1758414116.json', '/tmp/minio_downloads/1758414124.json', '/tmp/minio_downloads/1758414132.json', '/tmp/minio_downloads/1758414140.json', '/tmp/minio_downloads/1758414148.json', '/tmp/minio_downloads/1758414156.json', '/tmp/minio_downloads/1758414164.json', '/tmp/minio_downloads/1758414172.json', '/tmp/minio_downloads/1758414180.json', '/tmp/minio_downloads/1758414188.json', '/tmp/minio_downloads/1758414196.json', '/tmp/minio_downloads/1758414203.json', '/tmp/minio_downloads/1758414212.json', '/tmp/minio_downloads/1758414219.json', '/tmp/minio_downloads/1758414227.json', '/tmp/minio_downloads/1758414235.json', '/tmp/minio_downloads/1758414243.json', '/tmp/minio_downloads/1758414251.json', '/tmp/minio_downloads/1758757218.json', '/tmp/minio_downloads/1758757226.json', '/tmp/minio_downloads/1758757234.json', '/tmp/minio_downloads/1758757242.json', '/tmp/minio_downloads/1758757250.json', '/tmp/minio_downloads/1758757258.json', '/tmp/minio_downloads/1758757266.json', '/tmp/minio_downloads/1758757275.json', '/tmp/minio_downloads/1758757283.json', '/tmp/minio_downloads/1758757291.json', '/tmp/minio_downloads/1758757299.json', '/tmp/minio_downloads/1758757307.json', '/tmp/minio_downloads/1758757315.json', '/tmp/minio_downloads/1758757323.json', '/tmp/minio_downloads/1758757331.json', '/tmp/minio_downloads/1758757340.json', '/tmp/minio_downloads/1758757348.json', '/tmp/minio_downloads/1758757356.json', '/tmp/minio_downloads/1758757364.json', '/tmp/minio_downloads/1758757372.json', '/tmp/minio_downloads/1758757380.json', '/tmp/minio_downloads/1758757388.json', '/tmp/minio_downloads/1758757396.json', '/tmp/minio_downloads/1758757404.json', '/tmp/minio_downloads/1758757412.json', '/tmp/minio_downloads/1758757420.json', '/tmp/minio_downloads/1758757429.json', '/tmp/minio_downloads/1758757437.json', '/tmp/minio_downloads/1758757445.json', '/tmp/minio_downloads/1758757453.json', '/tmp/minio_downloads/1758757461.json', '/tmp/minio_downloads/1758757469.json', '/tmp/minio_downloads/1758757477.json', '/tmp/minio_downloads/1758757485.json', '/tmp/minio_downloads/1758757493.json', '/tmp/minio_downloads/1758757501.json', '/tmp/minio_downloads/1758757509.json', '/tmp/minio_downloads/1758757518.json', '/tmp/minio_downloads/1758757526.json', '/tmp/minio_downloads/1758757534.json', '/tmp/minio_downloads/1758757542.json', '/tmp/minio_downloads/1758757550.json', '/tmp/minio_downloads/1758757558.json', '/tmp/minio_downloads/1758757566.json', '/tmp/minio_downloads/1758757574.json', '/tmp/minio_downloads/1758757582.json', '/tmp/minio_downloads/1758757590.json', '/tmp/minio_downloads/1758757598.json', '/tmp/minio_downloads/1758757606.json', '/tmp/minio_downloads/1758757615.json', '/tmp/minio_downloads/1758757623.json', '/tmp/minio_downloads/1758757631.json', '/tmp/minio_downloads/1758757639.json', '/tmp/minio_downloads/1758757647.json', '/tmp/minio_downloads/1758757655.json', '/tmp/minio_downloads/1758757663.json', '/tmp/minio_downloads/1758757671.json']
[2025-09-28T23:48:33.318+0000] {taskinstance.py:441} INFO - ::group::Post task execution logs
[2025-09-28T23:48:33.334+0000] {taskinstance.py:1206} INFO - Marking task as SUCCESS. dag_id=minio_to_snowflake, task_id=download_minio, run_id=scheduled__2025-09-28T23:47:00+00:00, execution_date=20250928T234700, start_date=20250928T234831, end_date=20250928T234833
[2025-09-28T23:48:33.375+0000] {local_task_job_runner.py:243} INFO - Task exited with return code 0
[2025-09-28T23:48:33.388+0000] {taskinstance.py:3503} INFO - 1 downstream tasks scheduled from follow-on schedule check
[2025-09-28T23:48:33.390+0000] {local_task_job_runner.py:222} INFO - ::endgroup::
