[2025-09-28T23:10:33.401+0000] {local_task_job_runner.py:120} INFO - ::group::Pre task execution logs
[2025-09-28T23:10:33.421+0000] {taskinstance.py:2076} INFO - Dependencies all met for dep_context=non-requeueable deps ti=<TaskInstance: minio_to_snowflake.download_minio scheduled__2025-09-28T23:09:00+00:00 [queued]>
[2025-09-28T23:10:33.425+0000] {taskinstance.py:2076} INFO - Dependencies all met for dep_context=requeueable deps ti=<TaskInstance: minio_to_snowflake.download_minio scheduled__2025-09-28T23:09:00+00:00 [queued]>
[2025-09-28T23:10:33.426+0000] {taskinstance.py:2306} INFO - Starting attempt 1 of 2
[2025-09-28T23:10:33.435+0000] {taskinstance.py:2330} INFO - Executing <Task(PythonOperator): download_minio> on 2025-09-28 23:09:00+00:00
[2025-09-28T23:10:33.441+0000] {standard_task_runner.py:90} INFO - Running: ['***', 'tasks', 'run', 'minio_to_snowflake', 'download_minio', 'scheduled__2025-09-28T23:09:00+00:00', '--job-id', '148', '--raw', '--subdir', 'DAGS_FOLDER/minio_snowflake.py', '--cfg-path', '/tmp/tmp9hguym0z']
[2025-09-28T23:10:33.443+0000] {standard_task_runner.py:91} INFO - Job 148: Subtask download_minio
[2025-09-28T23:10:33.443+0000] {logging_mixin.py:188} WARNING - /home/***/.local/lib/python3.12/site-packages/***/task/task_runner/standard_task_runner.py:62 DeprecationWarning: This process (pid=93285) is multi-threaded, use of fork() may lead to deadlocks in the child.
[2025-09-28T23:10:33.444+0000] {standard_task_runner.py:64} INFO - Started process 93303 to run task
[2025-09-28T23:10:33.474+0000] {task_command.py:426} INFO - Running <TaskInstance: minio_to_snowflake.download_minio scheduled__2025-09-28T23:09:00+00:00 [running]> on host f6f7016991e5
[2025-09-28T23:10:33.532+0000] {taskinstance.py:2648} INFO - Exporting env vars: AIRFLOW_CTX_DAG_OWNER='***' AIRFLOW_CTX_DAG_ID='minio_to_snowflake' AIRFLOW_CTX_TASK_ID='download_minio' AIRFLOW_CTX_EXECUTION_DATE='2025-09-28T23:09:00+00:00' AIRFLOW_CTX_TRY_NUMBER='1' AIRFLOW_CTX_DAG_RUN_ID='scheduled__2025-09-28T23:09:00+00:00'
[2025-09-28T23:10:33.533+0000] {taskinstance.py:430} INFO - ::endgroup::
[2025-09-28T23:10:33.784+0000] {logging_mixin.py:188} INFO - Downloaded AAPL/1758414067.json -> /tmp/minio_downloads/1758414067.json
[2025-09-28T23:10:33.789+0000] {logging_mixin.py:188} INFO - Downloaded AAPL/1758414075.json -> /tmp/minio_downloads/1758414075.json
[2025-09-28T23:10:33.793+0000] {logging_mixin.py:188} INFO - Downloaded AAPL/1758414083.json -> /tmp/minio_downloads/1758414083.json
[2025-09-28T23:10:33.797+0000] {logging_mixin.py:188} INFO - Downloaded AAPL/1758414091.json -> /tmp/minio_downloads/1758414091.json
[2025-09-28T23:10:33.801+0000] {logging_mixin.py:188} INFO - Downloaded AAPL/1758414099.json -> /tmp/minio_downloads/1758414099.json
[2025-09-28T23:10:33.806+0000] {logging_mixin.py:188} INFO - Downloaded AAPL/1758414107.json -> /tmp/minio_downloads/1758414107.json
[2025-09-28T23:10:33.810+0000] {logging_mixin.py:188} INFO - Downloaded AAPL/1758414115.json -> /tmp/minio_downloads/1758414115.json
[2025-09-28T23:10:33.815+0000] {logging_mixin.py:188} INFO - Downloaded AAPL/1758414123.json -> /tmp/minio_downloads/1758414123.json
[2025-09-28T23:10:33.819+0000] {logging_mixin.py:188} INFO - Downloaded AAPL/1758414131.json -> /tmp/minio_downloads/1758414131.json
[2025-09-28T23:10:33.823+0000] {logging_mixin.py:188} INFO - Downloaded AAPL/1758414139.json -> /tmp/minio_downloads/1758414139.json
[2025-09-28T23:10:33.827+0000] {logging_mixin.py:188} INFO - Downloaded AAPL/1758414147.json -> /tmp/minio_downloads/1758414147.json
[2025-09-28T23:10:33.832+0000] {logging_mixin.py:188} INFO - Downloaded AAPL/1758414155.json -> /tmp/minio_downloads/1758414155.json
[2025-09-28T23:10:33.837+0000] {logging_mixin.py:188} INFO - Downloaded AAPL/1758414163.json -> /tmp/minio_downloads/1758414163.json
[2025-09-28T23:10:33.841+0000] {logging_mixin.py:188} INFO - Downloaded AAPL/1758414171.json -> /tmp/minio_downloads/1758414171.json
[2025-09-28T23:10:33.846+0000] {logging_mixin.py:188} INFO - Downloaded AAPL/1758414179.json -> /tmp/minio_downloads/1758414179.json
[2025-09-28T23:10:33.850+0000] {logging_mixin.py:188} INFO - Downloaded AAPL/1758414187.json -> /tmp/minio_downloads/1758414187.json
[2025-09-28T23:10:33.854+0000] {logging_mixin.py:188} INFO - Downloaded AAPL/1758414195.json -> /tmp/minio_downloads/1758414195.json
[2025-09-28T23:10:33.858+0000] {logging_mixin.py:188} INFO - Downloaded AAPL/1758414203.json -> /tmp/minio_downloads/1758414203.json
[2025-09-28T23:10:33.862+0000] {logging_mixin.py:188} INFO - Downloaded AAPL/1758414211.json -> /tmp/minio_downloads/1758414211.json
[2025-09-28T23:10:33.866+0000] {logging_mixin.py:188} INFO - Downloaded AAPL/1758414219.json -> /tmp/minio_downloads/1758414219.json
[2025-09-28T23:10:33.870+0000] {logging_mixin.py:188} INFO - Downloaded AAPL/1758414227.json -> /tmp/minio_downloads/1758414227.json
[2025-09-28T23:10:33.874+0000] {logging_mixin.py:188} INFO - Downloaded AAPL/1758414235.json -> /tmp/minio_downloads/1758414235.json
[2025-09-28T23:10:33.878+0000] {logging_mixin.py:188} INFO - Downloaded AAPL/1758414242.json -> /tmp/minio_downloads/1758414242.json
[2025-09-28T23:10:33.882+0000] {logging_mixin.py:188} INFO - Downloaded AAPL/1758414250.json -> /tmp/minio_downloads/1758414250.json
[2025-09-28T23:10:33.886+0000] {logging_mixin.py:188} INFO - Downloaded AAPL/1758757217.json -> /tmp/minio_downloads/1758757217.json
[2025-09-28T23:10:33.890+0000] {logging_mixin.py:188} INFO - Downloaded AAPL/1758757225.json -> /tmp/minio_downloads/1758757225.json
[2025-09-28T23:10:33.894+0000] {logging_mixin.py:188} INFO - Downloaded AAPL/1758757233.json -> /tmp/minio_downloads/1758757233.json
[2025-09-28T23:10:33.899+0000] {logging_mixin.py:188} INFO - Downloaded AAPL/1758757241.json -> /tmp/minio_downloads/1758757241.json
[2025-09-28T23:10:33.903+0000] {logging_mixin.py:188} INFO - Downloaded AAPL/1758757250.json -> /tmp/minio_downloads/1758757250.json
[2025-09-28T23:10:33.907+0000] {logging_mixin.py:188} INFO - Downloaded AAPL/1758757258.json -> /tmp/minio_downloads/1758757258.json
[2025-09-28T23:10:33.911+0000] {logging_mixin.py:188} INFO - Downloaded AAPL/1758757266.json -> /tmp/minio_downloads/1758757266.json
[2025-09-28T23:10:33.915+0000] {logging_mixin.py:188} INFO - Downloaded AAPL/1758757274.json -> /tmp/minio_downloads/1758757274.json
[2025-09-28T23:10:33.919+0000] {logging_mixin.py:188} INFO - Downloaded AAPL/1758757282.json -> /tmp/minio_downloads/1758757282.json
[2025-09-28T23:10:33.923+0000] {logging_mixin.py:188} INFO - Downloaded AAPL/1758757290.json -> /tmp/minio_downloads/1758757290.json
[2025-09-28T23:10:33.927+0000] {logging_mixin.py:188} INFO - Downloaded AAPL/1758757298.json -> /tmp/minio_downloads/1758757298.json
[2025-09-28T23:10:33.931+0000] {logging_mixin.py:188} INFO - Downloaded AAPL/1758757306.json -> /tmp/minio_downloads/1758757306.json
[2025-09-28T23:10:33.936+0000] {logging_mixin.py:188} INFO - Downloaded AAPL/1758757314.json -> /tmp/minio_downloads/1758757314.json
[2025-09-28T23:10:33.940+0000] {logging_mixin.py:188} INFO - Downloaded AAPL/1758757322.json -> /tmp/minio_downloads/1758757322.json
[2025-09-28T23:10:33.944+0000] {logging_mixin.py:188} INFO - Downloaded AAPL/1758757331.json -> /tmp/minio_downloads/1758757331.json
[2025-09-28T23:10:33.948+0000] {logging_mixin.py:188} INFO - Downloaded AAPL/1758757339.json -> /tmp/minio_downloads/1758757339.json
[2025-09-28T23:10:33.952+0000] {logging_mixin.py:188} INFO - Downloaded AAPL/1758757347.json -> /tmp/minio_downloads/1758757347.json
[2025-09-28T23:10:33.956+0000] {logging_mixin.py:188} INFO - Downloaded AAPL/1758757355.json -> /tmp/minio_downloads/1758757355.json
[2025-09-28T23:10:33.960+0000] {logging_mixin.py:188} INFO - Downloaded AAPL/1758757363.json -> /tmp/minio_downloads/1758757363.json
[2025-09-28T23:10:33.964+0000] {logging_mixin.py:188} INFO - Downloaded AAPL/1758757371.json -> /tmp/minio_downloads/1758757371.json
[2025-09-28T23:10:33.968+0000] {logging_mixin.py:188} INFO - Downloaded AAPL/1758757379.json -> /tmp/minio_downloads/1758757379.json
[2025-09-28T23:10:33.972+0000] {logging_mixin.py:188} INFO - Downloaded AAPL/1758757387.json -> /tmp/minio_downloads/1758757387.json
[2025-09-28T23:10:33.976+0000] {logging_mixin.py:188} INFO - Downloaded AAPL/1758757395.json -> /tmp/minio_downloads/1758757395.json
[2025-09-28T23:10:33.980+0000] {logging_mixin.py:188} INFO - Downloaded AAPL/1758757403.json -> /tmp/minio_downloads/1758757403.json
[2025-09-28T23:10:33.984+0000] {logging_mixin.py:188} INFO - Downloaded AAPL/1758757411.json -> /tmp/minio_downloads/1758757411.json
[2025-09-28T23:10:33.988+0000] {logging_mixin.py:188} INFO - Downloaded AAPL/1758757420.json -> /tmp/minio_downloads/1758757420.json
[2025-09-28T23:10:33.992+0000] {logging_mixin.py:188} INFO - Downloaded AAPL/1758757428.json -> /tmp/minio_downloads/1758757428.json
[2025-09-28T23:10:33.996+0000] {logging_mixin.py:188} INFO - Downloaded AAPL/1758757436.json -> /tmp/minio_downloads/1758757436.json
[2025-09-28T23:10:34.000+0000] {logging_mixin.py:188} INFO - Downloaded AAPL/1758757444.json -> /tmp/minio_downloads/1758757444.json
[2025-09-28T23:10:34.004+0000] {logging_mixin.py:188} INFO - Downloaded AAPL/1758757452.json -> /tmp/minio_downloads/1758757452.json
[2025-09-28T23:10:34.008+0000] {logging_mixin.py:188} INFO - Downloaded AAPL/1758757460.json -> /tmp/minio_downloads/1758757460.json
[2025-09-28T23:10:34.012+0000] {logging_mixin.py:188} INFO - Downloaded AAPL/1758757468.json -> /tmp/minio_downloads/1758757468.json
[2025-09-28T23:10:34.016+0000] {logging_mixin.py:188} INFO - Downloaded AAPL/1758757476.json -> /tmp/minio_downloads/1758757476.json
[2025-09-28T23:10:34.020+0000] {logging_mixin.py:188} INFO - Downloaded AAPL/1758757484.json -> /tmp/minio_downloads/1758757484.json
[2025-09-28T23:10:34.024+0000] {logging_mixin.py:188} INFO - Downloaded AAPL/1758757492.json -> /tmp/minio_downloads/1758757492.json
[2025-09-28T23:10:34.028+0000] {logging_mixin.py:188} INFO - Downloaded AAPL/1758757500.json -> /tmp/minio_downloads/1758757500.json
[2025-09-28T23:10:34.032+0000] {logging_mixin.py:188} INFO - Downloaded AAPL/1758757509.json -> /tmp/minio_downloads/1758757509.json
[2025-09-28T23:10:34.036+0000] {logging_mixin.py:188} INFO - Downloaded AAPL/1758757517.json -> /tmp/minio_downloads/1758757517.json
[2025-09-28T23:10:34.041+0000] {logging_mixin.py:188} INFO - Downloaded AAPL/1758757525.json -> /tmp/minio_downloads/1758757525.json
[2025-09-28T23:10:34.045+0000] {logging_mixin.py:188} INFO - Downloaded AAPL/1758757533.json -> /tmp/minio_downloads/1758757533.json
[2025-09-28T23:10:34.049+0000] {logging_mixin.py:188} INFO - Downloaded AAPL/1758757541.json -> /tmp/minio_downloads/1758757541.json
[2025-09-28T23:10:34.053+0000] {logging_mixin.py:188} INFO - Downloaded AAPL/1758757549.json -> /tmp/minio_downloads/1758757549.json
[2025-09-28T23:10:34.057+0000] {logging_mixin.py:188} INFO - Downloaded AAPL/1758757557.json -> /tmp/minio_downloads/1758757557.json
[2025-09-28T23:10:34.061+0000] {logging_mixin.py:188} INFO - Downloaded AAPL/1758757565.json -> /tmp/minio_downloads/1758757565.json
[2025-09-28T23:10:34.065+0000] {logging_mixin.py:188} INFO - Downloaded AAPL/1758757573.json -> /tmp/minio_downloads/1758757573.json
[2025-09-28T23:10:34.069+0000] {logging_mixin.py:188} INFO - Downloaded AAPL/1758757581.json -> /tmp/minio_downloads/1758757581.json
[2025-09-28T23:10:34.073+0000] {logging_mixin.py:188} INFO - Downloaded AAPL/1758757589.json -> /tmp/minio_downloads/1758757589.json
[2025-09-28T23:10:34.077+0000] {logging_mixin.py:188} INFO - Downloaded AAPL/1758757598.json -> /tmp/minio_downloads/1758757598.json
[2025-09-28T23:10:34.081+0000] {logging_mixin.py:188} INFO - Downloaded AAPL/1758757606.json -> /tmp/minio_downloads/1758757606.json
[2025-09-28T23:10:34.085+0000] {logging_mixin.py:188} INFO - Downloaded AAPL/1758757614.json -> /tmp/minio_downloads/1758757614.json
[2025-09-28T23:10:34.089+0000] {logging_mixin.py:188} INFO - Downloaded AAPL/1758757622.json -> /tmp/minio_downloads/1758757622.json
[2025-09-28T23:10:34.093+0000] {logging_mixin.py:188} INFO - Downloaded AAPL/1758757630.json -> /tmp/minio_downloads/1758757630.json
[2025-09-28T23:10:34.097+0000] {logging_mixin.py:188} INFO - Downloaded AAPL/1758757638.json -> /tmp/minio_downloads/1758757638.json
[2025-09-28T23:10:34.102+0000] {logging_mixin.py:188} INFO - Downloaded AAPL/1758757646.json -> /tmp/minio_downloads/1758757646.json
[2025-09-28T23:10:34.106+0000] {logging_mixin.py:188} INFO - Downloaded AAPL/1758757654.json -> /tmp/minio_downloads/1758757654.json
[2025-09-28T23:10:34.110+0000] {logging_mixin.py:188} INFO - Downloaded AAPL/1758757662.json -> /tmp/minio_downloads/1758757662.json
[2025-09-28T23:10:34.114+0000] {logging_mixin.py:188} INFO - Downloaded AAPL/1758757671.json -> /tmp/minio_downloads/1758757671.json
[2025-09-28T23:10:34.118+0000] {logging_mixin.py:188} INFO - Downloaded AMZN/1758414069.json -> /tmp/minio_downloads/1758414069.json
[2025-09-28T23:10:34.122+0000] {logging_mixin.py:188} INFO - Downloaded AMZN/1758414077.json -> /tmp/minio_downloads/1758414077.json
[2025-09-28T23:10:34.126+0000] {logging_mixin.py:188} INFO - Downloaded AMZN/1758414085.json -> /tmp/minio_downloads/1758414085.json
[2025-09-28T23:10:34.130+0000] {logging_mixin.py:188} INFO - Downloaded AMZN/1758414093.json -> /tmp/minio_downloads/1758414093.json
[2025-09-28T23:10:34.134+0000] {logging_mixin.py:188} INFO - Downloaded AMZN/1758414101.json -> /tmp/minio_downloads/1758414101.json
[2025-09-28T23:10:34.139+0000] {logging_mixin.py:188} INFO - Downloaded AMZN/1758414109.json -> /tmp/minio_downloads/1758414109.json
[2025-09-28T23:10:34.143+0000] {logging_mixin.py:188} INFO - Downloaded AMZN/1758414117.json -> /tmp/minio_downloads/1758414117.json
[2025-09-28T23:10:34.147+0000] {logging_mixin.py:188} INFO - Downloaded AMZN/1758414125.json -> /tmp/minio_downloads/1758414125.json
[2025-09-28T23:10:34.151+0000] {logging_mixin.py:188} INFO - Downloaded AMZN/1758414133.json -> /tmp/minio_downloads/1758414133.json
[2025-09-28T23:10:34.155+0000] {logging_mixin.py:188} INFO - Downloaded AMZN/1758414141.json -> /tmp/minio_downloads/1758414141.json
[2025-09-28T23:10:34.159+0000] {logging_mixin.py:188} INFO - Downloaded AMZN/1758414149.json -> /tmp/minio_downloads/1758414149.json
[2025-09-28T23:10:34.163+0000] {logging_mixin.py:188} INFO - Downloaded AMZN/1758414157.json -> /tmp/minio_downloads/1758414157.json
[2025-09-28T23:10:34.167+0000] {logging_mixin.py:188} INFO - Downloaded AMZN/1758414165.json -> /tmp/minio_downloads/1758414165.json
[2025-09-28T23:10:34.171+0000] {logging_mixin.py:188} INFO - Downloaded AMZN/1758414173.json -> /tmp/minio_downloads/1758414173.json
[2025-09-28T23:10:34.175+0000] {logging_mixin.py:188} INFO - Downloaded AMZN/1758414180.json -> /tmp/minio_downloads/1758414180.json
[2025-09-28T23:10:34.179+0000] {logging_mixin.py:188} INFO - Downloaded AMZN/1758414188.json -> /tmp/minio_downloads/1758414188.json
[2025-09-28T23:10:34.184+0000] {logging_mixin.py:188} INFO - Downloaded AMZN/1758414196.json -> /tmp/minio_downloads/1758414196.json
[2025-09-28T23:10:34.188+0000] {logging_mixin.py:188} INFO - Downloaded AMZN/1758414204.json -> /tmp/minio_downloads/1758414204.json
[2025-09-28T23:10:34.192+0000] {logging_mixin.py:188} INFO - Downloaded AMZN/1758414212.json -> /tmp/minio_downloads/1758414212.json
[2025-09-28T23:10:34.196+0000] {logging_mixin.py:188} INFO - Downloaded AMZN/1758414220.json -> /tmp/minio_downloads/1758414220.json
[2025-09-28T23:10:34.200+0000] {logging_mixin.py:188} INFO - Downloaded AMZN/1758414228.json -> /tmp/minio_downloads/1758414228.json
[2025-09-28T23:10:34.204+0000] {logging_mixin.py:188} INFO - Downloaded AMZN/1758414236.json -> /tmp/minio_downloads/1758414236.json
[2025-09-28T23:10:34.208+0000] {logging_mixin.py:188} INFO - Downloaded AMZN/1758414244.json -> /tmp/minio_downloads/1758414244.json
[2025-09-28T23:10:34.212+0000] {logging_mixin.py:188} INFO - Downloaded AMZN/1758414252.json -> /tmp/minio_downloads/1758414252.json
[2025-09-28T23:10:34.216+0000] {logging_mixin.py:188} INFO - Downloaded AMZN/1758757219.json -> /tmp/minio_downloads/1758757219.json
[2025-09-28T23:10:34.220+0000] {logging_mixin.py:188} INFO - Downloaded AMZN/1758757227.json -> /tmp/minio_downloads/1758757227.json
[2025-09-28T23:10:34.224+0000] {logging_mixin.py:188} INFO - Downloaded AMZN/1758757235.json -> /tmp/minio_downloads/1758757235.json
[2025-09-28T23:10:34.228+0000] {logging_mixin.py:188} INFO - Downloaded AMZN/1758757243.json -> /tmp/minio_downloads/1758757243.json
[2025-09-28T23:10:34.232+0000] {logging_mixin.py:188} INFO - Downloaded AMZN/1758757251.json -> /tmp/minio_downloads/1758757251.json
[2025-09-28T23:10:34.236+0000] {logging_mixin.py:188} INFO - Downloaded AMZN/1758757259.json -> /tmp/minio_downloads/1758757259.json
[2025-09-28T23:10:34.240+0000] {logging_mixin.py:188} INFO - Downloaded AMZN/1758757267.json -> /tmp/minio_downloads/1758757267.json
[2025-09-28T23:10:34.244+0000] {logging_mixin.py:188} INFO - Downloaded AMZN/1758757275.json -> /tmp/minio_downloads/1758757275.json
[2025-09-28T23:10:34.248+0000] {logging_mixin.py:188} INFO - Downloaded AMZN/1758757283.json -> /tmp/minio_downloads/1758757283.json
[2025-09-28T23:10:34.252+0000] {logging_mixin.py:188} INFO - Downloaded AMZN/1758757292.json -> /tmp/minio_downloads/1758757292.json
[2025-09-28T23:10:34.256+0000] {logging_mixin.py:188} INFO - Downloaded AMZN/1758757300.json -> /tmp/minio_downloads/1758757300.json
[2025-09-28T23:10:34.260+0000] {logging_mixin.py:188} INFO - Downloaded AMZN/1758757308.json -> /tmp/minio_downloads/1758757308.json
[2025-09-28T23:10:34.264+0000] {logging_mixin.py:188} INFO - Downloaded AMZN/1758757316.json -> /tmp/minio_downloads/1758757316.json
[2025-09-28T23:10:34.268+0000] {logging_mixin.py:188} INFO - Downloaded AMZN/1758757324.json -> /tmp/minio_downloads/1758757324.json
[2025-09-28T23:10:34.272+0000] {logging_mixin.py:188} INFO - Downloaded AMZN/1758757332.json -> /tmp/minio_downloads/1758757332.json
[2025-09-28T23:10:34.277+0000] {logging_mixin.py:188} INFO - Downloaded AMZN/1758757340.json -> /tmp/minio_downloads/1758757340.json
[2025-09-28T23:10:34.281+0000] {logging_mixin.py:188} INFO - Downloaded AMZN/1758757349.json -> /tmp/minio_downloads/1758757349.json
[2025-09-28T23:10:34.285+0000] {logging_mixin.py:188} INFO - Downloaded AMZN/1758757357.json -> /tmp/minio_downloads/1758757357.json
[2025-09-28T23:10:34.289+0000] {logging_mixin.py:188} INFO - Downloaded AMZN/1758757365.json -> /tmp/minio_downloads/1758757365.json
[2025-09-28T23:10:34.293+0000] {logging_mixin.py:188} INFO - Downloaded AMZN/1758757373.json -> /tmp/minio_downloads/1758757373.json
[2025-09-28T23:10:34.297+0000] {logging_mixin.py:188} INFO - Downloaded AMZN/1758757381.json -> /tmp/minio_downloads/1758757381.json
[2025-09-28T23:10:34.301+0000] {logging_mixin.py:188} INFO - Downloaded AMZN/1758757389.json -> /tmp/minio_downloads/1758757389.json
[2025-09-28T23:10:34.305+0000] {logging_mixin.py:188} INFO - Downloaded AMZN/1758757397.json -> /tmp/minio_downloads/1758757397.json
[2025-09-28T23:10:34.309+0000] {logging_mixin.py:188} INFO - Downloaded AMZN/1758757405.json -> /tmp/minio_downloads/1758757405.json
[2025-09-28T23:10:34.313+0000] {logging_mixin.py:188} INFO - Downloaded AMZN/1758757413.json -> /tmp/minio_downloads/1758757413.json
[2025-09-28T23:10:34.317+0000] {logging_mixin.py:188} INFO - Downloaded AMZN/1758757421.json -> /tmp/minio_downloads/1758757421.json
[2025-09-28T23:10:34.321+0000] {logging_mixin.py:188} INFO - Downloaded AMZN/1758757429.json -> /tmp/minio_downloads/1758757429.json
[2025-09-28T23:10:34.325+0000] {logging_mixin.py:188} INFO - Downloaded AMZN/1758757437.json -> /tmp/minio_downloads/1758757437.json
[2025-09-28T23:10:34.329+0000] {logging_mixin.py:188} INFO - Downloaded AMZN/1758757446.json -> /tmp/minio_downloads/1758757446.json
[2025-09-28T23:10:34.333+0000] {logging_mixin.py:188} INFO - Downloaded AMZN/1758757454.json -> /tmp/minio_downloads/1758757454.json
[2025-09-28T23:10:34.337+0000] {logging_mixin.py:188} INFO - Downloaded AMZN/1758757462.json -> /tmp/minio_downloads/1758757462.json
[2025-09-28T23:10:34.341+0000] {logging_mixin.py:188} INFO - Downloaded AMZN/1758757470.json -> /tmp/minio_downloads/1758757470.json
[2025-09-28T23:10:34.345+0000] {logging_mixin.py:188} INFO - Downloaded AMZN/1758757478.json -> /tmp/minio_downloads/1758757478.json
[2025-09-28T23:10:34.349+0000] {logging_mixin.py:188} INFO - Downloaded AMZN/1758757486.json -> /tmp/minio_downloads/1758757486.json
[2025-09-28T23:10:34.354+0000] {logging_mixin.py:188} INFO - Downloaded AMZN/1758757494.json -> /tmp/minio_downloads/1758757494.json
[2025-09-28T23:10:34.358+0000] {logging_mixin.py:188} INFO - Downloaded AMZN/1758757502.json -> /tmp/minio_downloads/1758757502.json
[2025-09-28T23:10:34.362+0000] {logging_mixin.py:188} INFO - Downloaded AMZN/1758757510.json -> /tmp/minio_downloads/1758757510.json
[2025-09-28T23:10:34.366+0000] {logging_mixin.py:188} INFO - Downloaded AMZN/1758757518.json -> /tmp/minio_downloads/1758757518.json
[2025-09-28T23:10:34.370+0000] {logging_mixin.py:188} INFO - Downloaded AMZN/1758757526.json -> /tmp/minio_downloads/1758757526.json
[2025-09-28T23:10:34.374+0000] {logging_mixin.py:188} INFO - Downloaded AMZN/1758757535.json -> /tmp/minio_downloads/1758757535.json
[2025-09-28T23:10:34.378+0000] {logging_mixin.py:188} INFO - Downloaded AMZN/1758757543.json -> /tmp/minio_downloads/1758757543.json
[2025-09-28T23:10:34.382+0000] {logging_mixin.py:188} INFO - Downloaded AMZN/1758757551.json -> /tmp/minio_downloads/1758757551.json
[2025-09-28T23:10:34.386+0000] {logging_mixin.py:188} INFO - Downloaded AMZN/1758757559.json -> /tmp/minio_downloads/1758757559.json
[2025-09-28T23:10:34.391+0000] {logging_mixin.py:188} INFO - Downloaded AMZN/1758757567.json -> /tmp/minio_downloads/1758757567.json
[2025-09-28T23:10:34.395+0000] {logging_mixin.py:188} INFO - Downloaded AMZN/1758757575.json -> /tmp/minio_downloads/1758757575.json
[2025-09-28T23:10:34.399+0000] {logging_mixin.py:188} INFO - Downloaded AMZN/1758757583.json -> /tmp/minio_downloads/1758757583.json
[2025-09-28T23:10:34.403+0000] {logging_mixin.py:188} INFO - Downloaded AMZN/1758757591.json -> /tmp/minio_downloads/1758757591.json
[2025-09-28T23:10:34.407+0000] {logging_mixin.py:188} INFO - Downloaded AMZN/1758757599.json -> /tmp/minio_downloads/1758757599.json
[2025-09-28T23:10:34.410+0000] {logging_mixin.py:188} INFO - Downloaded AMZN/1758757607.json -> /tmp/minio_downloads/1758757607.json
[2025-09-28T23:10:34.415+0000] {logging_mixin.py:188} INFO - Downloaded AMZN/1758757615.json -> /tmp/minio_downloads/1758757615.json
[2025-09-28T23:10:34.419+0000] {logging_mixin.py:188} INFO - Downloaded AMZN/1758757624.json -> /tmp/minio_downloads/1758757624.json
[2025-09-28T23:10:34.423+0000] {logging_mixin.py:188} INFO - Downloaded AMZN/1758757632.json -> /tmp/minio_downloads/1758757632.json
[2025-09-28T23:10:34.427+0000] {logging_mixin.py:188} INFO - Downloaded AMZN/1758757640.json -> /tmp/minio_downloads/1758757640.json
[2025-09-28T23:10:34.431+0000] {logging_mixin.py:188} INFO - Downloaded AMZN/1758757648.json -> /tmp/minio_downloads/1758757648.json
[2025-09-28T23:10:34.435+0000] {logging_mixin.py:188} INFO - Downloaded AMZN/1758757656.json -> /tmp/minio_downloads/1758757656.json
[2025-09-28T23:10:34.439+0000] {logging_mixin.py:188} INFO - Downloaded AMZN/1758757664.json -> /tmp/minio_downloads/1758757664.json
[2025-09-28T23:10:34.443+0000] {logging_mixin.py:188} INFO - Downloaded AMZN/1758757672.json -> /tmp/minio_downloads/1758757672.json
[2025-09-28T23:10:34.447+0000] {logging_mixin.py:188} INFO - Downloaded GOOGL/1758414068.json -> /tmp/minio_downloads/1758414068.json
[2025-09-28T23:10:34.451+0000] {logging_mixin.py:188} INFO - Downloaded GOOGL/1758414076.json -> /tmp/minio_downloads/1758414076.json
[2025-09-28T23:10:34.455+0000] {logging_mixin.py:188} INFO - Downloaded GOOGL/1758414084.json -> /tmp/minio_downloads/1758414084.json
[2025-09-28T23:10:34.459+0000] {logging_mixin.py:188} INFO - Downloaded GOOGL/1758414093.json -> /tmp/minio_downloads/1758414093.json
[2025-09-28T23:10:34.463+0000] {logging_mixin.py:188} INFO - Downloaded GOOGL/1758414101.json -> /tmp/minio_downloads/1758414101.json
[2025-09-28T23:10:34.467+0000] {logging_mixin.py:188} INFO - Downloaded GOOGL/1758414108.json -> /tmp/minio_downloads/1758414108.json
[2025-09-28T23:10:34.471+0000] {logging_mixin.py:188} INFO - Downloaded GOOGL/1758414116.json -> /tmp/minio_downloads/1758414116.json
[2025-09-28T23:10:34.475+0000] {logging_mixin.py:188} INFO - Downloaded GOOGL/1758414124.json -> /tmp/minio_downloads/1758414124.json
[2025-09-28T23:10:34.480+0000] {logging_mixin.py:188} INFO - Downloaded GOOGL/1758414132.json -> /tmp/minio_downloads/1758414132.json
[2025-09-28T23:10:34.485+0000] {logging_mixin.py:188} INFO - Downloaded GOOGL/1758414140.json -> /tmp/minio_downloads/1758414140.json
[2025-09-28T23:10:34.489+0000] {logging_mixin.py:188} INFO - Downloaded GOOGL/1758414148.json -> /tmp/minio_downloads/1758414148.json
[2025-09-28T23:10:34.493+0000] {logging_mixin.py:188} INFO - Downloaded GOOGL/1758414156.json -> /tmp/minio_downloads/1758414156.json
[2025-09-28T23:10:34.497+0000] {logging_mixin.py:188} INFO - Downloaded GOOGL/1758414164.json -> /tmp/minio_downloads/1758414164.json
[2025-09-28T23:10:34.501+0000] {logging_mixin.py:188} INFO - Downloaded GOOGL/1758414172.json -> /tmp/minio_downloads/1758414172.json
[2025-09-28T23:10:34.505+0000] {logging_mixin.py:188} INFO - Downloaded GOOGL/1758414180.json -> /tmp/minio_downloads/1758414180.json
[2025-09-28T23:10:34.510+0000] {logging_mixin.py:188} INFO - Downloaded GOOGL/1758414188.json -> /tmp/minio_downloads/1758414188.json
[2025-09-28T23:10:34.514+0000] {logging_mixin.py:188} INFO - Downloaded GOOGL/1758414196.json -> /tmp/minio_downloads/1758414196.json
[2025-09-28T23:10:34.518+0000] {logging_mixin.py:188} INFO - Downloaded GOOGL/1758414204.json -> /tmp/minio_downloads/1758414204.json
[2025-09-28T23:10:34.522+0000] {logging_mixin.py:188} INFO - Downloaded GOOGL/1758414212.json -> /tmp/minio_downloads/1758414212.json
[2025-09-28T23:10:34.526+0000] {logging_mixin.py:188} INFO - Downloaded GOOGL/1758414220.json -> /tmp/minio_downloads/1758414220.json
[2025-09-28T23:10:34.530+0000] {logging_mixin.py:188} INFO - Downloaded GOOGL/1758414228.json -> /tmp/minio_downloads/1758414228.json
[2025-09-28T23:10:34.534+0000] {logging_mixin.py:188} INFO - Downloaded GOOGL/1758414236.json -> /tmp/minio_downloads/1758414236.json
[2025-09-28T23:10:34.538+0000] {logging_mixin.py:188} INFO - Downloaded GOOGL/1758414244.json -> /tmp/minio_downloads/1758414244.json
[2025-09-28T23:10:34.542+0000] {logging_mixin.py:188} INFO - Downloaded GOOGL/1758414252.json -> /tmp/minio_downloads/1758414252.json
[2025-09-28T23:10:34.546+0000] {logging_mixin.py:188} INFO - Downloaded GOOGL/1758757218.json -> /tmp/minio_downloads/1758757218.json
[2025-09-28T23:10:34.550+0000] {logging_mixin.py:188} INFO - Downloaded GOOGL/1758757226.json -> /tmp/minio_downloads/1758757226.json
[2025-09-28T23:10:34.554+0000] {logging_mixin.py:188} INFO - Downloaded GOOGL/1758757235.json -> /tmp/minio_downloads/1758757235.json
[2025-09-28T23:10:34.558+0000] {logging_mixin.py:188} INFO - Downloaded GOOGL/1758757243.json -> /tmp/minio_downloads/1758757243.json
[2025-09-28T23:10:34.562+0000] {logging_mixin.py:188} INFO - Downloaded GOOGL/1758757251.json -> /tmp/minio_downloads/1758757251.json
[2025-09-28T23:10:34.566+0000] {logging_mixin.py:188} INFO - Downloaded GOOGL/1758757259.json -> /tmp/minio_downloads/1758757259.json
[2025-09-28T23:10:34.570+0000] {logging_mixin.py:188} INFO - Downloaded GOOGL/1758757267.json -> /tmp/minio_downloads/1758757267.json
[2025-09-28T23:10:34.574+0000] {logging_mixin.py:188} INFO - Downloaded GOOGL/1758757275.json -> /tmp/minio_downloads/1758757275.json
[2025-09-28T23:10:34.579+0000] {logging_mixin.py:188} INFO - Downloaded GOOGL/1758757283.json -> /tmp/minio_downloads/1758757283.json
[2025-09-28T23:10:34.583+0000] {logging_mixin.py:188} INFO - Downloaded GOOGL/1758757291.json -> /tmp/minio_downloads/1758757291.json
[2025-09-28T23:10:34.587+0000] {logging_mixin.py:188} INFO - Downloaded GOOGL/1758757299.json -> /tmp/minio_downloads/1758757299.json
[2025-09-28T23:10:34.591+0000] {logging_mixin.py:188} INFO - Downloaded GOOGL/1758757308.json -> /tmp/minio_downloads/1758757308.json
[2025-09-28T23:10:34.595+0000] {logging_mixin.py:188} INFO - Downloaded GOOGL/1758757316.json -> /tmp/minio_downloads/1758757316.json
[2025-09-28T23:10:34.599+0000] {logging_mixin.py:188} INFO - Downloaded GOOGL/1758757324.json -> /tmp/minio_downloads/1758757324.json
[2025-09-28T23:10:34.603+0000] {logging_mixin.py:188} INFO - Downloaded GOOGL/1758757332.json -> /tmp/minio_downloads/1758757332.json
[2025-09-28T23:10:34.607+0000] {logging_mixin.py:188} INFO - Downloaded GOOGL/1758757340.json -> /tmp/minio_downloads/1758757340.json
[2025-09-28T23:10:34.611+0000] {logging_mixin.py:188} INFO - Downloaded GOOGL/1758757348.json -> /tmp/minio_downloads/1758757348.json
[2025-09-28T23:10:34.615+0000] {logging_mixin.py:188} INFO - Downloaded GOOGL/1758757356.json -> /tmp/minio_downloads/1758757356.json
[2025-09-28T23:10:34.619+0000] {logging_mixin.py:188} INFO - Downloaded GOOGL/1758757364.json -> /tmp/minio_downloads/1758757364.json
[2025-09-28T23:10:34.623+0000] {logging_mixin.py:188} INFO - Downloaded GOOGL/1758757372.json -> /tmp/minio_downloads/1758757372.json
[2025-09-28T23:10:34.627+0000] {logging_mixin.py:188} INFO - Downloaded GOOGL/1758757380.json -> /tmp/minio_downloads/1758757380.json
[2025-09-28T23:10:34.632+0000] {logging_mixin.py:188} INFO - Downloaded GOOGL/1758757388.json -> /tmp/minio_downloads/1758757388.json
[2025-09-28T23:10:34.635+0000] {logging_mixin.py:188} INFO - Downloaded GOOGL/1758757397.json -> /tmp/minio_downloads/1758757397.json
[2025-09-28T23:10:34.640+0000] {logging_mixin.py:188} INFO - Downloaded GOOGL/1758757405.json -> /tmp/minio_downloads/1758757405.json
[2025-09-28T23:10:34.644+0000] {logging_mixin.py:188} INFO - Downloaded GOOGL/1758757413.json -> /tmp/minio_downloads/1758757413.json
[2025-09-28T23:10:34.648+0000] {logging_mixin.py:188} INFO - Downloaded GOOGL/1758757421.json -> /tmp/minio_downloads/1758757421.json
[2025-09-28T23:10:34.652+0000] {logging_mixin.py:188} INFO - Downloaded GOOGL/1758757429.json -> /tmp/minio_downloads/1758757429.json
[2025-09-28T23:10:34.656+0000] {logging_mixin.py:188} INFO - Downloaded GOOGL/1758757437.json -> /tmp/minio_downloads/1758757437.json
[2025-09-28T23:10:34.660+0000] {logging_mixin.py:188} INFO - Downloaded GOOGL/1758757445.json -> /tmp/minio_downloads/1758757445.json
[2025-09-28T23:10:34.664+0000] {logging_mixin.py:188} INFO - Downloaded GOOGL/1758757453.json -> /tmp/minio_downloads/1758757453.json
[2025-09-28T23:10:34.668+0000] {logging_mixin.py:188} INFO - Downloaded GOOGL/1758757461.json -> /tmp/minio_downloads/1758757461.json
[2025-09-28T23:10:34.672+0000] {logging_mixin.py:188} INFO - Downloaded GOOGL/1758757469.json -> /tmp/minio_downloads/1758757469.json
[2025-09-28T23:10:34.676+0000] {logging_mixin.py:188} INFO - Downloaded GOOGL/1758757478.json -> /tmp/minio_downloads/1758757478.json
[2025-09-28T23:10:34.680+0000] {logging_mixin.py:188} INFO - Downloaded GOOGL/1758757486.json -> /tmp/minio_downloads/1758757486.json
[2025-09-28T23:10:34.684+0000] {logging_mixin.py:188} INFO - Downloaded GOOGL/1758757494.json -> /tmp/minio_downloads/1758757494.json
[2025-09-28T23:10:34.688+0000] {logging_mixin.py:188} INFO - Downloaded GOOGL/1758757502.json -> /tmp/minio_downloads/1758757502.json
[2025-09-28T23:10:34.692+0000] {logging_mixin.py:188} INFO - Downloaded GOOGL/1758757510.json -> /tmp/minio_downloads/1758757510.json
[2025-09-28T23:10:34.696+0000] {logging_mixin.py:188} INFO - Downloaded GOOGL/1758757518.json -> /tmp/minio_downloads/1758757518.json
[2025-09-28T23:10:34.700+0000] {logging_mixin.py:188} INFO - Downloaded GOOGL/1758757526.json -> /tmp/minio_downloads/1758757526.json
[2025-09-28T23:10:34.704+0000] {logging_mixin.py:188} INFO - Downloaded GOOGL/1758757534.json -> /tmp/minio_downloads/1758757534.json
[2025-09-28T23:10:34.708+0000] {logging_mixin.py:188} INFO - Downloaded GOOGL/1758757542.json -> /tmp/minio_downloads/1758757542.json
[2025-09-28T23:10:34.712+0000] {logging_mixin.py:188} INFO - Downloaded GOOGL/1758757550.json -> /tmp/minio_downloads/1758757550.json
[2025-09-28T23:10:34.716+0000] {logging_mixin.py:188} INFO - Downloaded GOOGL/1758757558.json -> /tmp/minio_downloads/1758757558.json
[2025-09-28T23:10:34.720+0000] {logging_mixin.py:188} INFO - Downloaded GOOGL/1758757566.json -> /tmp/minio_downloads/1758757566.json
[2025-09-28T23:10:34.724+0000] {logging_mixin.py:188} INFO - Downloaded GOOGL/1758757575.json -> /tmp/minio_downloads/1758757575.json
[2025-09-28T23:10:34.728+0000] {logging_mixin.py:188} INFO - Downloaded GOOGL/1758757583.json -> /tmp/minio_downloads/1758757583.json
[2025-09-28T23:10:34.732+0000] {logging_mixin.py:188} INFO - Downloaded GOOGL/1758757591.json -> /tmp/minio_downloads/1758757591.json
[2025-09-28T23:10:34.736+0000] {logging_mixin.py:188} INFO - Downloaded GOOGL/1758757599.json -> /tmp/minio_downloads/1758757599.json
[2025-09-28T23:10:34.740+0000] {logging_mixin.py:188} INFO - Downloaded GOOGL/1758757607.json -> /tmp/minio_downloads/1758757607.json
[2025-09-28T23:10:34.744+0000] {logging_mixin.py:188} INFO - Downloaded GOOGL/1758757615.json -> /tmp/minio_downloads/1758757615.json
[2025-09-28T23:10:34.749+0000] {logging_mixin.py:188} INFO - Downloaded GOOGL/1758757623.json -> /tmp/minio_downloads/1758757623.json
[2025-09-28T23:10:34.753+0000] {logging_mixin.py:188} INFO - Downloaded GOOGL/1758757631.json -> /tmp/minio_downloads/1758757631.json
[2025-09-28T23:10:34.757+0000] {logging_mixin.py:188} INFO - Downloaded GOOGL/1758757639.json -> /tmp/minio_downloads/1758757639.json
[2025-09-28T23:10:34.761+0000] {logging_mixin.py:188} INFO - Downloaded GOOGL/1758757647.json -> /tmp/minio_downloads/1758757647.json
[2025-09-28T23:10:34.765+0000] {logging_mixin.py:188} INFO - Downloaded GOOGL/1758757656.json -> /tmp/minio_downloads/1758757656.json
[2025-09-28T23:10:34.769+0000] {logging_mixin.py:188} INFO - Downloaded GOOGL/1758757664.json -> /tmp/minio_downloads/1758757664.json
[2025-09-28T23:10:34.773+0000] {logging_mixin.py:188} INFO - Downloaded GOOGL/1758757672.json -> /tmp/minio_downloads/1758757672.json
[2025-09-28T23:10:34.777+0000] {logging_mixin.py:188} INFO - Downloaded MSFT/1758414068.json -> /tmp/minio_downloads/1758414068.json
[2025-09-28T23:10:34.781+0000] {logging_mixin.py:188} INFO - Downloaded MSFT/1758414076.json -> /tmp/minio_downloads/1758414076.json
[2025-09-28T23:10:34.785+0000] {logging_mixin.py:188} INFO - Downloaded MSFT/1758414084.json -> /tmp/minio_downloads/1758414084.json
[2025-09-28T23:10:34.789+0000] {logging_mixin.py:188} INFO - Downloaded MSFT/1758414092.json -> /tmp/minio_downloads/1758414092.json
[2025-09-28T23:10:34.793+0000] {logging_mixin.py:188} INFO - Downloaded MSFT/1758414100.json -> /tmp/minio_downloads/1758414100.json
[2025-09-28T23:10:34.797+0000] {logging_mixin.py:188} INFO - Downloaded MSFT/1758414108.json -> /tmp/minio_downloads/1758414108.json
[2025-09-28T23:10:34.802+0000] {logging_mixin.py:188} INFO - Downloaded MSFT/1758414116.json -> /tmp/minio_downloads/1758414116.json
[2025-09-28T23:10:34.806+0000] {logging_mixin.py:188} INFO - Downloaded MSFT/1758414124.json -> /tmp/minio_downloads/1758414124.json
[2025-09-28T23:10:34.810+0000] {logging_mixin.py:188} INFO - Downloaded MSFT/1758414132.json -> /tmp/minio_downloads/1758414132.json
[2025-09-28T23:10:34.814+0000] {logging_mixin.py:188} INFO - Downloaded MSFT/1758414139.json -> /tmp/minio_downloads/1758414139.json
[2025-09-28T23:10:34.818+0000] {logging_mixin.py:188} INFO - Downloaded MSFT/1758414147.json -> /tmp/minio_downloads/1758414147.json
[2025-09-28T23:10:34.822+0000] {logging_mixin.py:188} INFO - Downloaded MSFT/1758414155.json -> /tmp/minio_downloads/1758414155.json
[2025-09-28T23:10:34.826+0000] {logging_mixin.py:188} INFO - Downloaded MSFT/1758414163.json -> /tmp/minio_downloads/1758414163.json
[2025-09-28T23:10:34.830+0000] {logging_mixin.py:188} INFO - Downloaded MSFT/1758414171.json -> /tmp/minio_downloads/1758414171.json
[2025-09-28T23:10:34.834+0000] {logging_mixin.py:188} INFO - Downloaded MSFT/1758414179.json -> /tmp/minio_downloads/1758414179.json
[2025-09-28T23:10:34.838+0000] {logging_mixin.py:188} INFO - Downloaded MSFT/1758414187.json -> /tmp/minio_downloads/1758414187.json
[2025-09-28T23:10:34.842+0000] {logging_mixin.py:188} INFO - Downloaded MSFT/1758414195.json -> /tmp/minio_downloads/1758414195.json
[2025-09-28T23:10:34.846+0000] {logging_mixin.py:188} INFO - Downloaded MSFT/1758414203.json -> /tmp/minio_downloads/1758414203.json
[2025-09-28T23:10:34.850+0000] {logging_mixin.py:188} INFO - Downloaded MSFT/1758414211.json -> /tmp/minio_downloads/1758414211.json
[2025-09-28T23:10:34.854+0000] {logging_mixin.py:188} INFO - Downloaded MSFT/1758414219.json -> /tmp/minio_downloads/1758414219.json
[2025-09-28T23:10:34.858+0000] {logging_mixin.py:188} INFO - Downloaded MSFT/1758414227.json -> /tmp/minio_downloads/1758414227.json
[2025-09-28T23:10:34.862+0000] {logging_mixin.py:188} INFO - Downloaded MSFT/1758414235.json -> /tmp/minio_downloads/1758414235.json
[2025-09-28T23:10:34.866+0000] {logging_mixin.py:188} INFO - Downloaded MSFT/1758414243.json -> /tmp/minio_downloads/1758414243.json
[2025-09-28T23:10:34.871+0000] {logging_mixin.py:188} INFO - Downloaded MSFT/1758414251.json -> /tmp/minio_downloads/1758414251.json
[2025-09-28T23:10:34.875+0000] {logging_mixin.py:188} INFO - Downloaded MSFT/1758757217.json -> /tmp/minio_downloads/1758757217.json
[2025-09-28T23:10:34.878+0000] {logging_mixin.py:188} INFO - Downloaded MSFT/1758757225.json -> /tmp/minio_downloads/1758757225.json
[2025-09-28T23:10:34.883+0000] {logging_mixin.py:188} INFO - Downloaded MSFT/1758757234.json -> /tmp/minio_downloads/1758757234.json
[2025-09-28T23:10:34.887+0000] {logging_mixin.py:188} INFO - Downloaded MSFT/1758757242.json -> /tmp/minio_downloads/1758757242.json
[2025-09-28T23:10:34.890+0000] {logging_mixin.py:188} INFO - Downloaded MSFT/1758757250.json -> /tmp/minio_downloads/1758757250.json
[2025-09-28T23:10:34.894+0000] {logging_mixin.py:188} INFO - Downloaded MSFT/1758757258.json -> /tmp/minio_downloads/1758757258.json
[2025-09-28T23:10:34.898+0000] {logging_mixin.py:188} INFO - Downloaded MSFT/1758757266.json -> /tmp/minio_downloads/1758757266.json
[2025-09-28T23:10:34.903+0000] {logging_mixin.py:188} INFO - Downloaded MSFT/1758757274.json -> /tmp/minio_downloads/1758757274.json
[2025-09-28T23:10:34.907+0000] {logging_mixin.py:188} INFO - Downloaded MSFT/1758757282.json -> /tmp/minio_downloads/1758757282.json
[2025-09-28T23:10:34.911+0000] {logging_mixin.py:188} INFO - Downloaded MSFT/1758757290.json -> /tmp/minio_downloads/1758757290.json
[2025-09-28T23:10:34.915+0000] {logging_mixin.py:188} INFO - Downloaded MSFT/1758757299.json -> /tmp/minio_downloads/1758757299.json
[2025-09-28T23:10:34.919+0000] {logging_mixin.py:188} INFO - Downloaded MSFT/1758757307.json -> /tmp/minio_downloads/1758757307.json
[2025-09-28T23:10:34.923+0000] {logging_mixin.py:188} INFO - Downloaded MSFT/1758757315.json -> /tmp/minio_downloads/1758757315.json
[2025-09-28T23:10:34.927+0000] {logging_mixin.py:188} INFO - Downloaded MSFT/1758757323.json -> /tmp/minio_downloads/1758757323.json
[2025-09-28T23:10:34.931+0000] {logging_mixin.py:188} INFO - Downloaded MSFT/1758757331.json -> /tmp/minio_downloads/1758757331.json
[2025-09-28T23:10:34.935+0000] {logging_mixin.py:188} INFO - Downloaded MSFT/1758757339.json -> /tmp/minio_downloads/1758757339.json
[2025-09-28T23:10:34.939+0000] {logging_mixin.py:188} INFO - Downloaded MSFT/1758757347.json -> /tmp/minio_downloads/1758757347.json
[2025-09-28T23:10:34.943+0000] {logging_mixin.py:188} INFO - Downloaded MSFT/1758757355.json -> /tmp/minio_downloads/1758757355.json
[2025-09-28T23:10:34.947+0000] {logging_mixin.py:188} INFO - Downloaded MSFT/1758757363.json -> /tmp/minio_downloads/1758757363.json
[2025-09-28T23:10:34.951+0000] {logging_mixin.py:188} INFO - Downloaded MSFT/1758757371.json -> /tmp/minio_downloads/1758757371.json
[2025-09-28T23:10:34.956+0000] {logging_mixin.py:188} INFO - Downloaded MSFT/1758757379.json -> /tmp/minio_downloads/1758757379.json
[2025-09-28T23:10:34.959+0000] {logging_mixin.py:188} INFO - Downloaded MSFT/1758757387.json -> /tmp/minio_downloads/1758757387.json
[2025-09-28T23:10:34.964+0000] {logging_mixin.py:188} INFO - Downloaded MSFT/1758757396.json -> /tmp/minio_downloads/1758757396.json
[2025-09-28T23:10:34.968+0000] {logging_mixin.py:188} INFO - Downloaded MSFT/1758757404.json -> /tmp/minio_downloads/1758757404.json
[2025-09-28T23:10:34.972+0000] {logging_mixin.py:188} INFO - Downloaded MSFT/1758757412.json -> /tmp/minio_downloads/1758757412.json
[2025-09-28T23:10:34.976+0000] {logging_mixin.py:188} INFO - Downloaded MSFT/1758757420.json -> /tmp/minio_downloads/1758757420.json
[2025-09-28T23:10:34.980+0000] {logging_mixin.py:188} INFO - Downloaded MSFT/1758757428.json -> /tmp/minio_downloads/1758757428.json
[2025-09-28T23:10:34.984+0000] {logging_mixin.py:188} INFO - Downloaded MSFT/1758757436.json -> /tmp/minio_downloads/1758757436.json
[2025-09-28T23:10:34.988+0000] {logging_mixin.py:188} INFO - Downloaded MSFT/1758757444.json -> /tmp/minio_downloads/1758757444.json
[2025-09-28T23:10:34.992+0000] {logging_mixin.py:188} INFO - Downloaded MSFT/1758757452.json -> /tmp/minio_downloads/1758757452.json
[2025-09-28T23:10:34.996+0000] {logging_mixin.py:188} INFO - Downloaded MSFT/1758757460.json -> /tmp/minio_downloads/1758757460.json
[2025-09-28T23:10:35.001+0000] {logging_mixin.py:188} INFO - Downloaded MSFT/1758757469.json -> /tmp/minio_downloads/1758757469.json
[2025-09-28T23:10:35.005+0000] {logging_mixin.py:188} INFO - Downloaded MSFT/1758757477.json -> /tmp/minio_downloads/1758757477.json
[2025-09-28T23:10:35.009+0000] {logging_mixin.py:188} INFO - Downloaded MSFT/1758757485.json -> /tmp/minio_downloads/1758757485.json
[2025-09-28T23:10:35.013+0000] {logging_mixin.py:188} INFO - Downloaded MSFT/1758757493.json -> /tmp/minio_downloads/1758757493.json
[2025-09-28T23:10:35.017+0000] {logging_mixin.py:188} INFO - Downloaded MSFT/1758757501.json -> /tmp/minio_downloads/1758757501.json
[2025-09-28T23:10:35.021+0000] {logging_mixin.py:188} INFO - Downloaded MSFT/1758757509.json -> /tmp/minio_downloads/1758757509.json
[2025-09-28T23:10:35.025+0000] {logging_mixin.py:188} INFO - Downloaded MSFT/1758757517.json -> /tmp/minio_downloads/1758757517.json
[2025-09-28T23:10:35.029+0000] {logging_mixin.py:188} INFO - Downloaded MSFT/1758757525.json -> /tmp/minio_downloads/1758757525.json
[2025-09-28T23:10:35.033+0000] {logging_mixin.py:188} INFO - Downloaded MSFT/1758757533.json -> /tmp/minio_downloads/1758757533.json
[2025-09-28T23:10:35.037+0000] {logging_mixin.py:188} INFO - Downloaded MSFT/1758757541.json -> /tmp/minio_downloads/1758757541.json
[2025-09-28T23:10:35.042+0000] {logging_mixin.py:188} INFO - Downloaded MSFT/1758757549.json -> /tmp/minio_downloads/1758757549.json
[2025-09-28T23:10:35.046+0000] {logging_mixin.py:188} INFO - Downloaded MSFT/1758757558.json -> /tmp/minio_downloads/1758757558.json
[2025-09-28T23:10:35.050+0000] {logging_mixin.py:188} INFO - Downloaded MSFT/1758757566.json -> /tmp/minio_downloads/1758757566.json
[2025-09-28T23:10:35.054+0000] {logging_mixin.py:188} INFO - Downloaded MSFT/1758757574.json -> /tmp/minio_downloads/1758757574.json
[2025-09-28T23:10:35.058+0000] {logging_mixin.py:188} INFO - Downloaded MSFT/1758757582.json -> /tmp/minio_downloads/1758757582.json
[2025-09-28T23:10:35.062+0000] {logging_mixin.py:188} INFO - Downloaded MSFT/1758757590.json -> /tmp/minio_downloads/1758757590.json
[2025-09-28T23:10:35.066+0000] {logging_mixin.py:188} INFO - Downloaded MSFT/1758757598.json -> /tmp/minio_downloads/1758757598.json
[2025-09-28T23:10:35.070+0000] {logging_mixin.py:188} INFO - Downloaded MSFT/1758757606.json -> /tmp/minio_downloads/1758757606.json
[2025-09-28T23:10:35.074+0000] {logging_mixin.py:188} INFO - Downloaded MSFT/1758757614.json -> /tmp/minio_downloads/1758757614.json
[2025-09-28T23:10:35.078+0000] {logging_mixin.py:188} INFO - Downloaded MSFT/1758757622.json -> /tmp/minio_downloads/1758757622.json
[2025-09-28T23:10:35.082+0000] {logging_mixin.py:188} INFO - Downloaded MSFT/1758757630.json -> /tmp/minio_downloads/1758757630.json
[2025-09-28T23:10:35.087+0000] {logging_mixin.py:188} INFO - Downloaded MSFT/1758757638.json -> /tmp/minio_downloads/1758757638.json
[2025-09-28T23:10:35.091+0000] {logging_mixin.py:188} INFO - Downloaded MSFT/1758757647.json -> /tmp/minio_downloads/1758757647.json
[2025-09-28T23:10:35.095+0000] {logging_mixin.py:188} INFO - Downloaded MSFT/1758757655.json -> /tmp/minio_downloads/1758757655.json
[2025-09-28T23:10:35.099+0000] {logging_mixin.py:188} INFO - Downloaded MSFT/1758757663.json -> /tmp/minio_downloads/1758757663.json
[2025-09-28T23:10:35.103+0000] {logging_mixin.py:188} INFO - Downloaded MSFT/1758757671.json -> /tmp/minio_downloads/1758757671.json
[2025-09-28T23:10:35.107+0000] {logging_mixin.py:188} INFO - Downloaded TSLA/1758414068.json -> /tmp/minio_downloads/1758414068.json
[2025-09-28T23:10:35.111+0000] {logging_mixin.py:188} INFO - Downloaded TSLA/1758414076.json -> /tmp/minio_downloads/1758414076.json
[2025-09-28T23:10:35.115+0000] {logging_mixin.py:188} INFO - Downloaded TSLA/1758414084.json -> /tmp/minio_downloads/1758414084.json
[2025-09-28T23:10:35.120+0000] {logging_mixin.py:188} INFO - Downloaded TSLA/1758414092.json -> /tmp/minio_downloads/1758414092.json
[2025-09-28T23:10:35.123+0000] {logging_mixin.py:188} INFO - Downloaded TSLA/1758414100.json -> /tmp/minio_downloads/1758414100.json
[2025-09-28T23:10:35.127+0000] {logging_mixin.py:188} INFO - Downloaded TSLA/1758414108.json -> /tmp/minio_downloads/1758414108.json
[2025-09-28T23:10:35.132+0000] {logging_mixin.py:188} INFO - Downloaded TSLA/1758414116.json -> /tmp/minio_downloads/1758414116.json
[2025-09-28T23:10:35.136+0000] {logging_mixin.py:188} INFO - Downloaded TSLA/1758414124.json -> /tmp/minio_downloads/1758414124.json
[2025-09-28T23:10:35.140+0000] {logging_mixin.py:188} INFO - Downloaded TSLA/1758414132.json -> /tmp/minio_downloads/1758414132.json
[2025-09-28T23:10:35.145+0000] {logging_mixin.py:188} INFO - Downloaded TSLA/1758414140.json -> /tmp/minio_downloads/1758414140.json
[2025-09-28T23:10:35.149+0000] {logging_mixin.py:188} INFO - Downloaded TSLA/1758414148.json -> /tmp/minio_downloads/1758414148.json
[2025-09-28T23:10:35.153+0000] {logging_mixin.py:188} INFO - Downloaded TSLA/1758414156.json -> /tmp/minio_downloads/1758414156.json
[2025-09-28T23:10:35.157+0000] {logging_mixin.py:188} INFO - Downloaded TSLA/1758414164.json -> /tmp/minio_downloads/1758414164.json
[2025-09-28T23:10:35.161+0000] {logging_mixin.py:188} INFO - Downloaded TSLA/1758414172.json -> /tmp/minio_downloads/1758414172.json
[2025-09-28T23:10:35.165+0000] {logging_mixin.py:188} INFO - Downloaded TSLA/1758414180.json -> /tmp/minio_downloads/1758414180.json
[2025-09-28T23:10:35.170+0000] {logging_mixin.py:188} INFO - Downloaded TSLA/1758414188.json -> /tmp/minio_downloads/1758414188.json
[2025-09-28T23:10:35.174+0000] {logging_mixin.py:188} INFO - Downloaded TSLA/1758414196.json -> /tmp/minio_downloads/1758414196.json
[2025-09-28T23:10:35.178+0000] {logging_mixin.py:188} INFO - Downloaded TSLA/1758414203.json -> /tmp/minio_downloads/1758414203.json
[2025-09-28T23:10:35.182+0000] {logging_mixin.py:188} INFO - Downloaded TSLA/1758414212.json -> /tmp/minio_downloads/1758414212.json
[2025-09-28T23:10:35.186+0000] {logging_mixin.py:188} INFO - Downloaded TSLA/1758414219.json -> /tmp/minio_downloads/1758414219.json
[2025-09-28T23:10:35.190+0000] {logging_mixin.py:188} INFO - Downloaded TSLA/1758414227.json -> /tmp/minio_downloads/1758414227.json
[2025-09-28T23:10:35.195+0000] {logging_mixin.py:188} INFO - Downloaded TSLA/1758414235.json -> /tmp/minio_downloads/1758414235.json
[2025-09-28T23:10:35.199+0000] {logging_mixin.py:188} INFO - Downloaded TSLA/1758414243.json -> /tmp/minio_downloads/1758414243.json
[2025-09-28T23:10:35.203+0000] {logging_mixin.py:188} INFO - Downloaded TSLA/1758414251.json -> /tmp/minio_downloads/1758414251.json
[2025-09-28T23:10:35.207+0000] {logging_mixin.py:188} INFO - Downloaded TSLA/1758757218.json -> /tmp/minio_downloads/1758757218.json
[2025-09-28T23:10:35.212+0000] {logging_mixin.py:188} INFO - Downloaded TSLA/1758757226.json -> /tmp/minio_downloads/1758757226.json
[2025-09-28T23:10:35.216+0000] {logging_mixin.py:188} INFO - Downloaded TSLA/1758757234.json -> /tmp/minio_downloads/1758757234.json
[2025-09-28T23:10:35.221+0000] {logging_mixin.py:188} INFO - Downloaded TSLA/1758757242.json -> /tmp/minio_downloads/1758757242.json
[2025-09-28T23:10:35.225+0000] {logging_mixin.py:188} INFO - Downloaded TSLA/1758757250.json -> /tmp/minio_downloads/1758757250.json
[2025-09-28T23:10:35.229+0000] {logging_mixin.py:188} INFO - Downloaded TSLA/1758757258.json -> /tmp/minio_downloads/1758757258.json
[2025-09-28T23:10:35.233+0000] {logging_mixin.py:188} INFO - Downloaded TSLA/1758757266.json -> /tmp/minio_downloads/1758757266.json
[2025-09-28T23:10:35.237+0000] {logging_mixin.py:188} INFO - Downloaded TSLA/1758757275.json -> /tmp/minio_downloads/1758757275.json
[2025-09-28T23:10:35.241+0000] {logging_mixin.py:188} INFO - Downloaded TSLA/1758757283.json -> /tmp/minio_downloads/1758757283.json
[2025-09-28T23:10:35.246+0000] {logging_mixin.py:188} INFO - Downloaded TSLA/1758757291.json -> /tmp/minio_downloads/1758757291.json
[2025-09-28T23:10:35.250+0000] {logging_mixin.py:188} INFO - Downloaded TSLA/1758757299.json -> /tmp/minio_downloads/1758757299.json
[2025-09-28T23:10:35.254+0000] {logging_mixin.py:188} INFO - Downloaded TSLA/1758757307.json -> /tmp/minio_downloads/1758757307.json
[2025-09-28T23:10:35.258+0000] {logging_mixin.py:188} INFO - Downloaded TSLA/1758757315.json -> /tmp/minio_downloads/1758757315.json
[2025-09-28T23:10:35.262+0000] {logging_mixin.py:188} INFO - Downloaded TSLA/1758757323.json -> /tmp/minio_downloads/1758757323.json
[2025-09-28T23:10:35.267+0000] {logging_mixin.py:188} INFO - Downloaded TSLA/1758757331.json -> /tmp/minio_downloads/1758757331.json
[2025-09-28T23:10:35.271+0000] {logging_mixin.py:188} INFO - Downloaded TSLA/1758757340.json -> /tmp/minio_downloads/1758757340.json
[2025-09-28T23:10:35.275+0000] {logging_mixin.py:188} INFO - Downloaded TSLA/1758757348.json -> /tmp/minio_downloads/1758757348.json
[2025-09-28T23:10:35.279+0000] {logging_mixin.py:188} INFO - Downloaded TSLA/1758757356.json -> /tmp/minio_downloads/1758757356.json
[2025-09-28T23:10:35.284+0000] {logging_mixin.py:188} INFO - Downloaded TSLA/1758757364.json -> /tmp/minio_downloads/1758757364.json
[2025-09-28T23:10:35.288+0000] {logging_mixin.py:188} INFO - Downloaded TSLA/1758757372.json -> /tmp/minio_downloads/1758757372.json
[2025-09-28T23:10:35.292+0000] {logging_mixin.py:188} INFO - Downloaded TSLA/1758757380.json -> /tmp/minio_downloads/1758757380.json
[2025-09-28T23:10:35.296+0000] {logging_mixin.py:188} INFO - Downloaded TSLA/1758757388.json -> /tmp/minio_downloads/1758757388.json
[2025-09-28T23:10:35.301+0000] {logging_mixin.py:188} INFO - Downloaded TSLA/1758757396.json -> /tmp/minio_downloads/1758757396.json
[2025-09-28T23:10:35.305+0000] {logging_mixin.py:188} INFO - Downloaded TSLA/1758757404.json -> /tmp/minio_downloads/1758757404.json
[2025-09-28T23:10:35.309+0000] {logging_mixin.py:188} INFO - Downloaded TSLA/1758757412.json -> /tmp/minio_downloads/1758757412.json
[2025-09-28T23:10:35.313+0000] {logging_mixin.py:188} INFO - Downloaded TSLA/1758757420.json -> /tmp/minio_downloads/1758757420.json
[2025-09-28T23:10:35.317+0000] {logging_mixin.py:188} INFO - Downloaded TSLA/1758757429.json -> /tmp/minio_downloads/1758757429.json
[2025-09-28T23:10:35.321+0000] {logging_mixin.py:188} INFO - Downloaded TSLA/1758757437.json -> /tmp/minio_downloads/1758757437.json
[2025-09-28T23:10:35.326+0000] {logging_mixin.py:188} INFO - Downloaded TSLA/1758757445.json -> /tmp/minio_downloads/1758757445.json
[2025-09-28T23:10:35.330+0000] {logging_mixin.py:188} INFO - Downloaded TSLA/1758757453.json -> /tmp/minio_downloads/1758757453.json
[2025-09-28T23:10:35.334+0000] {logging_mixin.py:188} INFO - Downloaded TSLA/1758757461.json -> /tmp/minio_downloads/1758757461.json
[2025-09-28T23:10:35.338+0000] {logging_mixin.py:188} INFO - Downloaded TSLA/1758757469.json -> /tmp/minio_downloads/1758757469.json
[2025-09-28T23:10:35.343+0000] {logging_mixin.py:188} INFO - Downloaded TSLA/1758757477.json -> /tmp/minio_downloads/1758757477.json
[2025-09-28T23:10:35.348+0000] {logging_mixin.py:188} INFO - Downloaded TSLA/1758757485.json -> /tmp/minio_downloads/1758757485.json
[2025-09-28T23:10:35.352+0000] {logging_mixin.py:188} INFO - Downloaded TSLA/1758757493.json -> /tmp/minio_downloads/1758757493.json
[2025-09-28T23:10:35.356+0000] {logging_mixin.py:188} INFO - Downloaded TSLA/1758757501.json -> /tmp/minio_downloads/1758757501.json
[2025-09-28T23:10:35.360+0000] {logging_mixin.py:188} INFO - Downloaded TSLA/1758757509.json -> /tmp/minio_downloads/1758757509.json
[2025-09-28T23:10:35.364+0000] {logging_mixin.py:188} INFO - Downloaded TSLA/1758757518.json -> /tmp/minio_downloads/1758757518.json
[2025-09-28T23:10:35.368+0000] {logging_mixin.py:188} INFO - Downloaded TSLA/1758757526.json -> /tmp/minio_downloads/1758757526.json
[2025-09-28T23:10:35.373+0000] {logging_mixin.py:188} INFO - Downloaded TSLA/1758757534.json -> /tmp/minio_downloads/1758757534.json
[2025-09-28T23:10:35.377+0000] {logging_mixin.py:188} INFO - Downloaded TSLA/1758757542.json -> /tmp/minio_downloads/1758757542.json
[2025-09-28T23:10:35.382+0000] {logging_mixin.py:188} INFO - Downloaded TSLA/1758757550.json -> /tmp/minio_downloads/1758757550.json
[2025-09-28T23:10:35.386+0000] {logging_mixin.py:188} INFO - Downloaded TSLA/1758757558.json -> /tmp/minio_downloads/1758757558.json
[2025-09-28T23:10:35.390+0000] {logging_mixin.py:188} INFO - Downloaded TSLA/1758757566.json -> /tmp/minio_downloads/1758757566.json
[2025-09-28T23:10:35.394+0000] {logging_mixin.py:188} INFO - Downloaded TSLA/1758757574.json -> /tmp/minio_downloads/1758757574.json
[2025-09-28T23:10:35.398+0000] {logging_mixin.py:188} INFO - Downloaded TSLA/1758757582.json -> /tmp/minio_downloads/1758757582.json
[2025-09-28T23:10:35.402+0000] {logging_mixin.py:188} INFO - Downloaded TSLA/1758757590.json -> /tmp/minio_downloads/1758757590.json
[2025-09-28T23:10:35.406+0000] {logging_mixin.py:188} INFO - Downloaded TSLA/1758757598.json -> /tmp/minio_downloads/1758757598.json
[2025-09-28T23:10:35.410+0000] {logging_mixin.py:188} INFO - Downloaded TSLA/1758757606.json -> /tmp/minio_downloads/1758757606.json
[2025-09-28T23:10:35.414+0000] {logging_mixin.py:188} INFO - Downloaded TSLA/1758757615.json -> /tmp/minio_downloads/1758757615.json
[2025-09-28T23:10:35.418+0000] {logging_mixin.py:188} INFO - Downloaded TSLA/1758757623.json -> /tmp/minio_downloads/1758757623.json
[2025-09-28T23:10:35.422+0000] {logging_mixin.py:188} INFO - Downloaded TSLA/1758757631.json -> /tmp/minio_downloads/1758757631.json
[2025-09-28T23:10:35.426+0000] {logging_mixin.py:188} INFO - Downloaded TSLA/1758757639.json -> /tmp/minio_downloads/1758757639.json
[2025-09-28T23:10:35.430+0000] {logging_mixin.py:188} INFO - Downloaded TSLA/1758757647.json -> /tmp/minio_downloads/1758757647.json
[2025-09-28T23:10:35.435+0000] {logging_mixin.py:188} INFO - Downloaded TSLA/1758757655.json -> /tmp/minio_downloads/1758757655.json
[2025-09-28T23:10:35.439+0000] {logging_mixin.py:188} INFO - Downloaded TSLA/1758757663.json -> /tmp/minio_downloads/1758757663.json
[2025-09-28T23:10:35.443+0000] {logging_mixin.py:188} INFO - Downloaded TSLA/1758757671.json -> /tmp/minio_downloads/1758757671.json
[2025-09-28T23:10:35.443+0000] {python.py:237} INFO - Done. Returned value was: ['/tmp/minio_downloads/1758414067.json', '/tmp/minio_downloads/1758414075.json', '/tmp/minio_downloads/1758414083.json', '/tmp/minio_downloads/1758414091.json', '/tmp/minio_downloads/1758414099.json', '/tmp/minio_downloads/1758414107.json', '/tmp/minio_downloads/1758414115.json', '/tmp/minio_downloads/1758414123.json', '/tmp/minio_downloads/1758414131.json', '/tmp/minio_downloads/1758414139.json', '/tmp/minio_downloads/1758414147.json', '/tmp/minio_downloads/1758414155.json', '/tmp/minio_downloads/1758414163.json', '/tmp/minio_downloads/1758414171.json', '/tmp/minio_downloads/1758414179.json', '/tmp/minio_downloads/1758414187.json', '/tmp/minio_downloads/1758414195.json', '/tmp/minio_downloads/1758414203.json', '/tmp/minio_downloads/1758414211.json', '/tmp/minio_downloads/1758414219.json', '/tmp/minio_downloads/1758414227.json', '/tmp/minio_downloads/1758414235.json', '/tmp/minio_downloads/1758414242.json', '/tmp/minio_downloads/1758414250.json', '/tmp/minio_downloads/1758757217.json', '/tmp/minio_downloads/1758757225.json', '/tmp/minio_downloads/1758757233.json', '/tmp/minio_downloads/1758757241.json', '/tmp/minio_downloads/1758757250.json', '/tmp/minio_downloads/1758757258.json', '/tmp/minio_downloads/1758757266.json', '/tmp/minio_downloads/1758757274.json', '/tmp/minio_downloads/1758757282.json', '/tmp/minio_downloads/1758757290.json', '/tmp/minio_downloads/1758757298.json', '/tmp/minio_downloads/1758757306.json', '/tmp/minio_downloads/1758757314.json', '/tmp/minio_downloads/1758757322.json', '/tmp/minio_downloads/1758757331.json', '/tmp/minio_downloads/1758757339.json', '/tmp/minio_downloads/1758757347.json', '/tmp/minio_downloads/1758757355.json', '/tmp/minio_downloads/1758757363.json', '/tmp/minio_downloads/1758757371.json', '/tmp/minio_downloads/1758757379.json', '/tmp/minio_downloads/1758757387.json', '/tmp/minio_downloads/1758757395.json', '/tmp/minio_downloads/1758757403.json', '/tmp/minio_downloads/1758757411.json', '/tmp/minio_downloads/1758757420.json', '/tmp/minio_downloads/1758757428.json', '/tmp/minio_downloads/1758757436.json', '/tmp/minio_downloads/1758757444.json', '/tmp/minio_downloads/1758757452.json', '/tmp/minio_downloads/1758757460.json', '/tmp/minio_downloads/1758757468.json', '/tmp/minio_downloads/1758757476.json', '/tmp/minio_downloads/1758757484.json', '/tmp/minio_downloads/1758757492.json', '/tmp/minio_downloads/1758757500.json', '/tmp/minio_downloads/1758757509.json', '/tmp/minio_downloads/1758757517.json', '/tmp/minio_downloads/1758757525.json', '/tmp/minio_downloads/1758757533.json', '/tmp/minio_downloads/1758757541.json', '/tmp/minio_downloads/1758757549.json', '/tmp/minio_downloads/1758757557.json', '/tmp/minio_downloads/1758757565.json', '/tmp/minio_downloads/1758757573.json', '/tmp/minio_downloads/1758757581.json', '/tmp/minio_downloads/1758757589.json', '/tmp/minio_downloads/1758757598.json', '/tmp/minio_downloads/1758757606.json', '/tmp/minio_downloads/1758757614.json', '/tmp/minio_downloads/1758757622.json', '/tmp/minio_downloads/1758757630.json', '/tmp/minio_downloads/1758757638.json', '/tmp/minio_downloads/1758757646.json', '/tmp/minio_downloads/1758757654.json', '/tmp/minio_downloads/1758757662.json', '/tmp/minio_downloads/1758757671.json', '/tmp/minio_downloads/1758414069.json', '/tmp/minio_downloads/1758414077.json', '/tmp/minio_downloads/1758414085.json', '/tmp/minio_downloads/1758414093.json', '/tmp/minio_downloads/1758414101.json', '/tmp/minio_downloads/1758414109.json', '/tmp/minio_downloads/1758414117.json', '/tmp/minio_downloads/1758414125.json', '/tmp/minio_downloads/1758414133.json', '/tmp/minio_downloads/1758414141.json', '/tmp/minio_downloads/1758414149.json', '/tmp/minio_downloads/1758414157.json', '/tmp/minio_downloads/1758414165.json', '/tmp/minio_downloads/1758414173.json', '/tmp/minio_downloads/1758414180.json', '/tmp/minio_downloads/1758414188.json', '/tmp/minio_downloads/1758414196.json', '/tmp/minio_downloads/1758414204.json', '/tmp/minio_downloads/1758414212.json', '/tmp/minio_downloads/1758414220.json', '/tmp/minio_downloads/1758414228.json', '/tmp/minio_downloads/1758414236.json', '/tmp/minio_downloads/1758414244.json', '/tmp/minio_downloads/1758414252.json', '/tmp/minio_downloads/1758757219.json', '/tmp/minio_downloads/1758757227.json', '/tmp/minio_downloads/1758757235.json', '/tmp/minio_downloads/1758757243.json', '/tmp/minio_downloads/1758757251.json', '/tmp/minio_downloads/1758757259.json', '/tmp/minio_downloads/1758757267.json', '/tmp/minio_downloads/1758757275.json', '/tmp/minio_downloads/1758757283.json', '/tmp/minio_downloads/1758757292.json', '/tmp/minio_downloads/1758757300.json', '/tmp/minio_downloads/1758757308.json', '/tmp/minio_downloads/1758757316.json', '/tmp/minio_downloads/1758757324.json', '/tmp/minio_downloads/1758757332.json', '/tmp/minio_downloads/1758757340.json', '/tmp/minio_downloads/1758757349.json', '/tmp/minio_downloads/1758757357.json', '/tmp/minio_downloads/1758757365.json', '/tmp/minio_downloads/1758757373.json', '/tmp/minio_downloads/1758757381.json', '/tmp/minio_downloads/1758757389.json', '/tmp/minio_downloads/1758757397.json', '/tmp/minio_downloads/1758757405.json', '/tmp/minio_downloads/1758757413.json', '/tmp/minio_downloads/1758757421.json', '/tmp/minio_downloads/1758757429.json', '/tmp/minio_downloads/1758757437.json', '/tmp/minio_downloads/1758757446.json', '/tmp/minio_downloads/1758757454.json', '/tmp/minio_downloads/1758757462.json', '/tmp/minio_downloads/1758757470.json', '/tmp/minio_downloads/1758757478.json', '/tmp/minio_downloads/1758757486.json', '/tmp/minio_downloads/1758757494.json', '/tmp/minio_downloads/1758757502.json', '/tmp/minio_downloads/1758757510.json', '/tmp/minio_downloads/1758757518.json', '/tmp/minio_downloads/1758757526.json', '/tmp/minio_downloads/1758757535.json', '/tmp/minio_downloads/1758757543.json', '/tmp/minio_downloads/1758757551.json', '/tmp/minio_downloads/1758757559.json', '/tmp/minio_downloads/1758757567.json', '/tmp/minio_downloads/1758757575.json', '/tmp/minio_downloads/1758757583.json', '/tmp/minio_downloads/1758757591.json', '/tmp/minio_downloads/1758757599.json', '/tmp/minio_downloads/1758757607.json', '/tmp/minio_downloads/1758757615.json', '/tmp/minio_downloads/1758757624.json', '/tmp/minio_downloads/1758757632.json', '/tmp/minio_downloads/1758757640.json', '/tmp/minio_downloads/1758757648.json', '/tmp/minio_downloads/1758757656.json', '/tmp/minio_downloads/1758757664.json', '/tmp/minio_downloads/1758757672.json', '/tmp/minio_downloads/1758414068.json', '/tmp/minio_downloads/1758414076.json', '/tmp/minio_downloads/1758414084.json', '/tmp/minio_downloads/1758414093.json', '/tmp/minio_downloads/1758414101.json', '/tmp/minio_downloads/1758414108.json', '/tmp/minio_downloads/1758414116.json', '/tmp/minio_downloads/1758414124.json', '/tmp/minio_downloads/1758414132.json', '/tmp/minio_downloads/1758414140.json', '/tmp/minio_downloads/1758414148.json', '/tmp/minio_downloads/1758414156.json', '/tmp/minio_downloads/1758414164.json', '/tmp/minio_downloads/1758414172.json', '/tmp/minio_downloads/1758414180.json', '/tmp/minio_downloads/1758414188.json', '/tmp/minio_downloads/1758414196.json', '/tmp/minio_downloads/1758414204.json', '/tmp/minio_downloads/1758414212.json', '/tmp/minio_downloads/1758414220.json', '/tmp/minio_downloads/1758414228.json', '/tmp/minio_downloads/1758414236.json', '/tmp/minio_downloads/1758414244.json', '/tmp/minio_downloads/1758414252.json', '/tmp/minio_downloads/1758757218.json', '/tmp/minio_downloads/1758757226.json', '/tmp/minio_downloads/1758757235.json', '/tmp/minio_downloads/1758757243.json', '/tmp/minio_downloads/1758757251.json', '/tmp/minio_downloads/1758757259.json', '/tmp/minio_downloads/1758757267.json', '/tmp/minio_downloads/1758757275.json', '/tmp/minio_downloads/1758757283.json', '/tmp/minio_downloads/1758757291.json', '/tmp/minio_downloads/1758757299.json', '/tmp/minio_downloads/1758757308.json', '/tmp/minio_downloads/1758757316.json', '/tmp/minio_downloads/1758757324.json', '/tmp/minio_downloads/1758757332.json', '/tmp/minio_downloads/1758757340.json', '/tmp/minio_downloads/1758757348.json', '/tmp/minio_downloads/1758757356.json', '/tmp/minio_downloads/1758757364.json', '/tmp/minio_downloads/1758757372.json', '/tmp/minio_downloads/1758757380.json', '/tmp/minio_downloads/1758757388.json', '/tmp/minio_downloads/1758757397.json', '/tmp/minio_downloads/1758757405.json', '/tmp/minio_downloads/1758757413.json', '/tmp/minio_downloads/1758757421.json', '/tmp/minio_downloads/1758757429.json', '/tmp/minio_downloads/1758757437.json', '/tmp/minio_downloads/1758757445.json', '/tmp/minio_downloads/1758757453.json', '/tmp/minio_downloads/1758757461.json', '/tmp/minio_downloads/1758757469.json', '/tmp/minio_downloads/1758757478.json', '/tmp/minio_downloads/1758757486.json', '/tmp/minio_downloads/1758757494.json', '/tmp/minio_downloads/1758757502.json', '/tmp/minio_downloads/1758757510.json', '/tmp/minio_downloads/1758757518.json', '/tmp/minio_downloads/1758757526.json', '/tmp/minio_downloads/1758757534.json', '/tmp/minio_downloads/1758757542.json', '/tmp/minio_downloads/1758757550.json', '/tmp/minio_downloads/1758757558.json', '/tmp/minio_downloads/1758757566.json', '/tmp/minio_downloads/1758757575.json', '/tmp/minio_downloads/1758757583.json', '/tmp/minio_downloads/1758757591.json', '/tmp/minio_downloads/1758757599.json', '/tmp/minio_downloads/1758757607.json', '/tmp/minio_downloads/1758757615.json', '/tmp/minio_downloads/1758757623.json', '/tmp/minio_downloads/1758757631.json', '/tmp/minio_downloads/1758757639.json', '/tmp/minio_downloads/1758757647.json', '/tmp/minio_downloads/1758757656.json', '/tmp/minio_downloads/1758757664.json', '/tmp/minio_downloads/1758757672.json', '/tmp/minio_downloads/1758414068.json', '/tmp/minio_downloads/1758414076.json', '/tmp/minio_downloads/1758414084.json', '/tmp/minio_downloads/1758414092.json', '/tmp/minio_downloads/1758414100.json', '/tmp/minio_downloads/1758414108.json', '/tmp/minio_downloads/1758414116.json', '/tmp/minio_downloads/1758414124.json', '/tmp/minio_downloads/1758414132.json', '/tmp/minio_downloads/1758414139.json', '/tmp/minio_downloads/1758414147.json', '/tmp/minio_downloads/1758414155.json', '/tmp/minio_downloads/1758414163.json', '/tmp/minio_downloads/1758414171.json', '/tmp/minio_downloads/1758414179.json', '/tmp/minio_downloads/1758414187.json', '/tmp/minio_downloads/1758414195.json', '/tmp/minio_downloads/1758414203.json', '/tmp/minio_downloads/1758414211.json', '/tmp/minio_downloads/1758414219.json', '/tmp/minio_downloads/1758414227.json', '/tmp/minio_downloads/1758414235.json', '/tmp/minio_downloads/1758414243.json', '/tmp/minio_downloads/1758414251.json', '/tmp/minio_downloads/1758757217.json', '/tmp/minio_downloads/1758757225.json', '/tmp/minio_downloads/1758757234.json', '/tmp/minio_downloads/1758757242.json', '/tmp/minio_downloads/1758757250.json', '/tmp/minio_downloads/1758757258.json', '/tmp/minio_downloads/1758757266.json', '/tmp/minio_downloads/1758757274.json', '/tmp/minio_downloads/1758757282.json', '/tmp/minio_downloads/1758757290.json', '/tmp/minio_downloads/1758757299.json', '/tmp/minio_downloads/1758757307.json', '/tmp/minio_downloads/1758757315.json', '/tmp/minio_downloads/1758757323.json', '/tmp/minio_downloads/1758757331.json', '/tmp/minio_downloads/1758757339.json', '/tmp/minio_downloads/1758757347.json', '/tmp/minio_downloads/1758757355.json', '/tmp/minio_downloads/1758757363.json', '/tmp/minio_downloads/1758757371.json', '/tmp/minio_downloads/1758757379.json', '/tmp/minio_downloads/1758757387.json', '/tmp/minio_downloads/1758757396.json', '/tmp/minio_downloads/1758757404.json', '/tmp/minio_downloads/1758757412.json', '/tmp/minio_downloads/1758757420.json', '/tmp/minio_downloads/1758757428.json', '/tmp/minio_downloads/1758757436.json', '/tmp/minio_downloads/1758757444.json', '/tmp/minio_downloads/1758757452.json', '/tmp/minio_downloads/1758757460.json', '/tmp/minio_downloads/1758757469.json', '/tmp/minio_downloads/1758757477.json', '/tmp/minio_downloads/1758757485.json', '/tmp/minio_downloads/1758757493.json', '/tmp/minio_downloads/1758757501.json', '/tmp/minio_downloads/1758757509.json', '/tmp/minio_downloads/1758757517.json', '/tmp/minio_downloads/1758757525.json', '/tmp/minio_downloads/1758757533.json', '/tmp/minio_downloads/1758757541.json', '/tmp/minio_downloads/1758757549.json', '/tmp/minio_downloads/1758757558.json', '/tmp/minio_downloads/1758757566.json', '/tmp/minio_downloads/1758757574.json', '/tmp/minio_downloads/1758757582.json', '/tmp/minio_downloads/1758757590.json', '/tmp/minio_downloads/1758757598.json', '/tmp/minio_downloads/1758757606.json', '/tmp/minio_downloads/1758757614.json', '/tmp/minio_downloads/1758757622.json', '/tmp/minio_downloads/1758757630.json', '/tmp/minio_downloads/1758757638.json', '/tmp/minio_downloads/1758757647.json', '/tmp/minio_downloads/1758757655.json', '/tmp/minio_downloads/1758757663.json', '/tmp/minio_downloads/1758757671.json', '/tmp/minio_downloads/1758414068.json', '/tmp/minio_downloads/1758414076.json', '/tmp/minio_downloads/1758414084.json', '/tmp/minio_downloads/1758414092.json', '/tmp/minio_downloads/1758414100.json', '/tmp/minio_downloads/1758414108.json', '/tmp/minio_downloads/1758414116.json', '/tmp/minio_downloads/1758414124.json', '/tmp/minio_downloads/1758414132.json', '/tmp/minio_downloads/1758414140.json', '/tmp/minio_downloads/1758414148.json', '/tmp/minio_downloads/1758414156.json', '/tmp/minio_downloads/1758414164.json', '/tmp/minio_downloads/1758414172.json', '/tmp/minio_downloads/1758414180.json', '/tmp/minio_downloads/1758414188.json', '/tmp/minio_downloads/1758414196.json', '/tmp/minio_downloads/1758414203.json', '/tmp/minio_downloads/1758414212.json', '/tmp/minio_downloads/1758414219.json', '/tmp/minio_downloads/1758414227.json', '/tmp/minio_downloads/1758414235.json', '/tmp/minio_downloads/1758414243.json', '/tmp/minio_downloads/1758414251.json', '/tmp/minio_downloads/1758757218.json', '/tmp/minio_downloads/1758757226.json', '/tmp/minio_downloads/1758757234.json', '/tmp/minio_downloads/1758757242.json', '/tmp/minio_downloads/1758757250.json', '/tmp/minio_downloads/1758757258.json', '/tmp/minio_downloads/1758757266.json', '/tmp/minio_downloads/1758757275.json', '/tmp/minio_downloads/1758757283.json', '/tmp/minio_downloads/1758757291.json', '/tmp/minio_downloads/1758757299.json', '/tmp/minio_downloads/1758757307.json', '/tmp/minio_downloads/1758757315.json', '/tmp/minio_downloads/1758757323.json', '/tmp/minio_downloads/1758757331.json', '/tmp/minio_downloads/1758757340.json', '/tmp/minio_downloads/1758757348.json', '/tmp/minio_downloads/1758757356.json', '/tmp/minio_downloads/1758757364.json', '/tmp/minio_downloads/1758757372.json', '/tmp/minio_downloads/1758757380.json', '/tmp/minio_downloads/1758757388.json', '/tmp/minio_downloads/1758757396.json', '/tmp/minio_downloads/1758757404.json', '/tmp/minio_downloads/1758757412.json', '/tmp/minio_downloads/1758757420.json', '/tmp/minio_downloads/1758757429.json', '/tmp/minio_downloads/1758757437.json', '/tmp/minio_downloads/1758757445.json', '/tmp/minio_downloads/1758757453.json', '/tmp/minio_downloads/1758757461.json', '/tmp/minio_downloads/1758757469.json', '/tmp/minio_downloads/1758757477.json', '/tmp/minio_downloads/1758757485.json', '/tmp/minio_downloads/1758757493.json', '/tmp/minio_downloads/1758757501.json', '/tmp/minio_downloads/1758757509.json', '/tmp/minio_downloads/1758757518.json', '/tmp/minio_downloads/1758757526.json', '/tmp/minio_downloads/1758757534.json', '/tmp/minio_downloads/1758757542.json', '/tmp/minio_downloads/1758757550.json', '/tmp/minio_downloads/1758757558.json', '/tmp/minio_downloads/1758757566.json', '/tmp/minio_downloads/1758757574.json', '/tmp/minio_downloads/1758757582.json', '/tmp/minio_downloads/1758757590.json', '/tmp/minio_downloads/1758757598.json', '/tmp/minio_downloads/1758757606.json', '/tmp/minio_downloads/1758757615.json', '/tmp/minio_downloads/1758757623.json', '/tmp/minio_downloads/1758757631.json', '/tmp/minio_downloads/1758757639.json', '/tmp/minio_downloads/1758757647.json', '/tmp/minio_downloads/1758757655.json', '/tmp/minio_downloads/1758757663.json', '/tmp/minio_downloads/1758757671.json']
[2025-09-28T23:10:35.445+0000] {taskinstance.py:441} INFO - ::group::Post task execution logs
[2025-09-28T23:10:35.464+0000] {taskinstance.py:1206} INFO - Marking task as SUCCESS. dag_id=minio_to_snowflake, task_id=download_minio, run_id=scheduled__2025-09-28T23:09:00+00:00, execution_date=20250928T230900, start_date=20250928T231033, end_date=20250928T231035
[2025-09-28T23:10:35.501+0000] {local_task_job_runner.py:243} INFO - Task exited with return code 0
[2025-09-28T23:10:35.515+0000] {taskinstance.py:3503} INFO - 1 downstream tasks scheduled from follow-on schedule check
[2025-09-28T23:10:35.517+0000] {local_task_job_runner.py:222} INFO - ::endgroup::
